[ 2015-07-29T22:49:06+08:00 ] ::1 /yao/thinkphp/index.php/Admin/index/login/username/bigyao/password/bigyao
INFO: [ app_init ] --START--
INFO: Run Behavior\BuildLiteBehavior [ RunTime:0.000081s ]
INFO: [ app_init ] --END-- [ RunTime:0.001547s ]
INFO: [ app_begin ] --START--
INFO: Run Behavior\ReadHtmlCacheBehavior [ RunTime:0.002251s ]
INFO: [ app_begin ] --END-- [ RunTime:0.002711s ]
SQL: SHOW COLUMNS FROM `user` [ RunTime:0.0703s ]
SQL: SELECT * FROM `user` WHERE `username` = 'bigyao' AND `password` = 'bigyao' LIMIT 1   [ RunTime:0.0008s ]
INFO: [ app_end ] --START--
INFO: Run Behavior\ShowPageTraceBehavior [ RunTime:0.002253s ]
INFO: [ app_end ] --END-- [ RunTime:0.002742s ]

[ 2015-07-29T23:09:55+08:00 ] ::1 /yao/thinkphp/index.php//Admin/index/login/
INFO: [ app_init ] --START--
INFO: Run Behavior\BuildLiteBehavior [ RunTime:0.000082s ]
INFO: [ app_init ] --END-- [ RunTime:0.001525s ]
INFO: [ app_begin ] --START--
INFO: Run Behavior\ReadHtmlCacheBehavior [ RunTime:0.002815s ]
INFO: [ app_begin ] --END-- [ RunTime:0.003260s ]
SQL: SHOW COLUMNS FROM `user` [ RunTime:0.0268s ]
SQL: SELECT * FROM `user` WHERE `username` = 'bigyao' AND `password` = 'bigyao' LIMIT 1   [ RunTime:0.0011s ]
INFO: [ app_end ] --START--
INFO: Run Behavior\ShowPageTraceBehavior [ RunTime:0.002425s ]
INFO: [ app_end ] --END-- [ RunTime:0.002941s ]

