[ 2015-09-08T22:46:13+08:00 ] ::1 /yao/thinkphp/index.php/Admin/Index/getComment/commentId/3
INFO: [ app_init ] --START--
INFO: Run Behavior\BuildLiteBehavior [ RunTime:0.000083s ]
INFO: [ app_init ] --END-- [ RunTime:0.001472s ]
INFO: [ app_begin ] --START--
INFO: Run Behavior\ReadHtmlCacheBehavior [ RunTime:0.002313s ]
INFO: [ app_begin ] --END-- [ RunTime:0.002878s ]
SQL: SHOW COLUMNS FROM `comment` [ RunTime:0.0263s ]
SQL: SELECT * FROM `comment` WHERE `id` = 3 LIMIT 1   [ RunTime:0.0010s ]

[ 2015-09-08T22:48:21+08:00 ] ::1 /yao/thinkphp/index.php/Admin/Index/getComment/commentId/3
INFO: [ app_init ] --START--
INFO: Run Behavior\BuildLiteBehavior [ RunTime:0.000083s ]
INFO: [ app_init ] --END-- [ RunTime:0.001414s ]
INFO: [ app_begin ] --START--
INFO: Run Behavior\ReadHtmlCacheBehavior [ RunTime:0.002171s ]
INFO: [ app_begin ] --END-- [ RunTime:0.002738s ]
SQL: SHOW COLUMNS FROM `comment` [ RunTime:0.0258s ]
SQL: SELECT * FROM `comment` WHERE `id` = 3 LIMIT 1   [ RunTime:0.0009s ]

[ 2015-09-08T22:49:34+08:00 ] ::1 /yao/thinkphp/index.php/Admin/Index/getComment/commentId/3
INFO: [ app_init ] --START--
INFO: Run Behavior\BuildLiteBehavior [ RunTime:0.000087s ]
INFO: [ app_init ] --END-- [ RunTime:0.001568s ]
INFO: [ app_begin ] --START--
INFO: Run Behavior\ReadHtmlCacheBehavior [ RunTime:0.002039s ]
INFO: [ app_begin ] --END-- [ RunTime:0.002446s ]
SQL: SHOW COLUMNS FROM `comment` [ RunTime:0.0238s ]
SQL: SELECT * FROM `comment` WHERE `id` = 3  [ RunTime:0.0009s ]

