[ 2015-07-26T11:44:31+08:00 ] ::1 /yao/thinkphp/index.php/Admin/index/login/username/bigyao/password/bigyao
INFO: [ app_init ] --START--
INFO: Run Behavior\BuildLiteBehavior [ RunTime:0.000084s ]
INFO: [ app_init ] --END-- [ RunTime:0.019775s ]
INFO: [ app_begin ] --START--
INFO: Run Behavior\ReadHtmlCacheBehavior [ RunTime:0.009154s ]
INFO: [ app_begin ] --END-- [ RunTime:0.009501s ]
SQL: SHOW COLUMNS FROM `user` [ RunTime:0.0338s ]
SQL: SELECT * FROM `user` WHERE `username` = 'bigyao' AND `password` = 'bigyao' LIMIT 1   [ RunTime:0.0005s ]
INFO: [ app_end ] --START--
INFO: Run Behavior\ShowPageTraceBehavior [ RunTime:0.025791s ]
INFO: [ app_end ] --END-- [ RunTime:0.026017s ]

[ 2015-07-26T11:44:36+08:00 ] ::1 /yao/thinkphp/index.php/Admin/index/login/username/bigyao/password/1
INFO: [ app_init ] --START--
INFO: Run Behavior\BuildLiteBehavior [ RunTime:0.000084s ]
INFO: [ app_init ] --END-- [ RunTime:0.001424s ]
INFO: [ app_begin ] --START--
INFO: Run Behavior\ReadHtmlCacheBehavior [ RunTime:0.002755s ]
INFO: [ app_begin ] --END-- [ RunTime:0.003505s ]
SQL: SHOW COLUMNS FROM `user` [ RunTime:0.0112s ]
SQL: SELECT * FROM `user` WHERE `username` = 'bigyao' AND `password` = '1' LIMIT 1   [ RunTime:0.0004s ]
INFO: [ app_end ] --START--
INFO: Run Behavior\ShowPageTraceBehavior [ RunTime:0.001304s ]
INFO: [ app_end ] --END-- [ RunTime:0.001655s ]

[ 2015-07-26T11:44:40+08:00 ] ::1 /yao/thinkphp/index.php/Admin/index/login/username/bigyao/password/bigyao
INFO: [ app_init ] --START--
INFO: Run Behavior\BuildLiteBehavior [ RunTime:0.000104s ]
INFO: [ app_init ] --END-- [ RunTime:0.001626s ]
INFO: [ app_begin ] --START--
INFO: Run Behavior\ReadHtmlCacheBehavior [ RunTime:0.002062s ]
INFO: [ app_begin ] --END-- [ RunTime:0.002462s ]
SQL: SHOW COLUMNS FROM `user` [ RunTime:0.0263s ]
SQL: SELECT * FROM `user` WHERE `username` = 'bigyao' AND `password` = 'bigyao' LIMIT 1   [ RunTime:0.0007s ]
INFO: [ app_end ] --START--
INFO: Run Behavior\ShowPageTraceBehavior [ RunTime:0.001605s ]
INFO: [ app_end ] --END-- [ RunTime:0.001952s ]

[ 2015-07-26T14:54:36+08:00 ] ::1 /yao/thinkphp/index.php/Admin/index/login/username/bigyao/password/bigyao
INFO: [ app_init ] --START--
INFO: Run Behavior\BuildLiteBehavior [ RunTime:0.000045s ]
INFO: [ app_init ] --END-- [ RunTime:0.000826s ]
INFO: [ app_begin ] --START--
INFO: Run Behavior\ReadHtmlCacheBehavior [ RunTime:0.000979s ]
INFO: [ app_begin ] --END-- [ RunTime:0.001167s ]
SQL: SHOW COLUMNS FROM `user` [ RunTime:0.0231s ]
SQL: SELECT * FROM `user` WHERE `username` = 'bigyao' AND `password` = 'bigyao' LIMIT 1   [ RunTime:0.0004s ]
INFO: [ app_end ] --START--
INFO: Run Behavior\ShowPageTraceBehavior [ RunTime:0.000971s ]
INFO: [ app_end ] --END-- [ RunTime:0.001138s ]

