[ 2015-09-12T00:00:50+08:00 ] ::1 /yao/thinkphp/index.php//Home/index/getUserInfo
INFO: [ app_init ] --START--
INFO: Run Behavior\BuildLiteBehavior [ RunTime:0.000083s ]
INFO: [ app_init ] --END-- [ RunTime:0.001450s ]
INFO: [ app_begin ] --START--
INFO: Run Behavior\ReadHtmlCacheBehavior [ RunTime:0.002545s ]
INFO: [ app_begin ] --END-- [ RunTime:0.002993s ]
SQL: SHOW COLUMNS FROM `user` [ RunTime:0.0393s ]
SQL: SELECT `username`,`name`,`introduction`,`icon` FROM `user`  [ RunTime:0.0008s ]

[ 2015-09-12T00:01:29+08:00 ] ::1 /yao/thinkphp/index.php//Home/index/getUserInfo
INFO: [ app_init ] --START--
INFO: Run Behavior\BuildLiteBehavior [ RunTime:0.000083s ]
INFO: [ app_init ] --END-- [ RunTime:0.001552s ]
INFO: [ app_begin ] --START--
INFO: Run Behavior\ReadHtmlCacheBehavior [ RunTime:0.002323s ]
INFO: [ app_begin ] --END-- [ RunTime:0.002865s ]
SQL: SHOW COLUMNS FROM `user` [ RunTime:0.0272s ]
SQL: SELECT `username`,`name`,`introduction`,`icon` FROM `user`  [ RunTime:0.0007s ]

[ 2015-09-12T00:01:53+08:00 ] ::1 /yao/thinkphp/index.php//Home/index/getUserInfo
INFO: [ app_init ] --START--
INFO: Run Behavior\BuildLiteBehavior [ RunTime:0.000104s ]
INFO: [ app_init ] --END-- [ RunTime:0.001651s ]
INFO: [ app_begin ] --START--
INFO: Run Behavior\ReadHtmlCacheBehavior [ RunTime:0.003405s ]
INFO: [ app_begin ] --END-- [ RunTime:0.004129s ]
SQL: SHOW COLUMNS FROM `user` [ RunTime:0.0226s ]
SQL: SELECT `username`,`name`,`introduction`,`icon` FROM `user`  [ RunTime:0.1085s ]

[ 2015-09-12T11:47:38+08:00 ] ::1 /yao/thinkphp/index.php//Home/index/getUserInfo
INFO: [ app_init ] --START--
INFO: Run Behavior\BuildLiteBehavior [ RunTime:0.000082s ]
INFO: [ app_init ] --END-- [ RunTime:0.001469s ]
INFO: [ app_begin ] --START--
INFO: Run Behavior\ReadHtmlCacheBehavior [ RunTime:0.002300s ]
INFO: [ app_begin ] --END-- [ RunTime:0.002938s ]
SQL: SHOW COLUMNS FROM `user` [ RunTime:0.0292s ]
SQL: SELECT `username`,`name`,`introduction`,`icon` FROM `user`  [ RunTime:0.0008s ]

[ 2015-09-12T11:56:09+08:00 ] ::1 /yao/thinkphp/index.php//Home/index/getGlobalComment/page/1/number/5
INFO: [ app_init ] --START--
INFO: Run Behavior\BuildLiteBehavior [ RunTime:0.000105s ]
INFO: [ app_init ] --END-- [ RunTime:0.001597s ]
INFO: [ app_begin ] --START--
INFO: Run Behavior\ReadHtmlCacheBehavior [ RunTime:0.001423s ]
INFO: [ app_begin ] --END-- [ RunTime:0.001862s ]
SQL: SHOW COLUMNS FROM `comment` [ RunTime:0.0216s ]
SQL: SELECT * FROM `comment` WHERE ( `for_news` is NULL and `for_comment` is NULL ) ORDER BY id desc LIMIT 0,5   [ RunTime:0.0014s ]
SQL: SELECT * FROM `comment` WHERE ( `for_comment`=61 ) LIMIT 1   [ RunTime:0.0009s ]
SQL: SELECT * FROM `comment` WHERE ( `for_comment`=60 ) LIMIT 1   [ RunTime:0.0007s ]
SQL: SELECT * FROM `comment` WHERE ( `for_comment`=59 ) LIMIT 1   [ RunTime:0.0007s ]
SQL: SELECT * FROM `comment` WHERE ( `for_comment`=58 ) LIMIT 1   [ RunTime:0.0007s ]
SQL: SELECT * FROM `comment` WHERE ( `for_comment`=57 ) LIMIT 1   [ RunTime:0.0007s ]

[ 2015-09-12T11:56:17+08:00 ] ::1 /yao/thinkphp/index.php//Home/index/getUserInfo
INFO: [ app_init ] --START--
INFO: Run Behavior\BuildLiteBehavior [ RunTime:0.000048s ]
INFO: [ app_init ] --END-- [ RunTime:0.000758s ]
INFO: [ app_begin ] --START--
INFO: Run Behavior\ReadHtmlCacheBehavior [ RunTime:0.000856s ]
INFO: [ app_begin ] --END-- [ RunTime:0.001073s ]
SQL: SHOW COLUMNS FROM `user` [ RunTime:0.0088s ]
SQL: SELECT `username`,`name`,`introduction`,`icon` FROM `user`  [ RunTime:0.0004s ]

[ 2015-09-12T11:58:25+08:00 ] ::1 /yao/thinkphp/index.php//Home/index/getUserInfo
INFO: [ app_init ] --START--
INFO: Run Behavior\BuildLiteBehavior [ RunTime:0.000044s ]
INFO: [ app_init ] --END-- [ RunTime:0.000709s ]
INFO: [ app_begin ] --START--
INFO: Run Behavior\ReadHtmlCacheBehavior [ RunTime:0.000717s ]
INFO: [ app_begin ] --END-- [ RunTime:0.000913s ]
SQL: SHOW COLUMNS FROM `user` [ RunTime:0.0084s ]
SQL: SELECT `username`,`name`,`introduction`,`icon` FROM `user`  [ RunTime:0.0004s ]

[ 2015-09-12T11:58:44+08:00 ] ::1 /yao/thinkphp/index.php//Home/index/getUserInfo
INFO: [ app_init ] --START--
INFO: Run Behavior\BuildLiteBehavior [ RunTime:0.000084s ]
INFO: [ app_init ] --END-- [ RunTime:0.001538s ]
INFO: [ app_begin ] --START--
INFO: Run Behavior\ReadHtmlCacheBehavior [ RunTime:0.003569s ]
INFO: [ app_begin ] --END-- [ RunTime:0.004243s ]
SQL: SHOW COLUMNS FROM `user` [ RunTime:0.0248s ]
SQL: SELECT `username`,`name`,`introduction`,`icon` FROM `user`  [ RunTime:0.0005s ]

[ 2015-09-12T11:59:13+08:00 ] ::1 /yao/thinkphp/index.php//Home/index/getUserInfo
INFO: [ app_init ] --START--
INFO: Run Behavior\BuildLiteBehavior [ RunTime:0.000040s ]
INFO: [ app_init ] --END-- [ RunTime:0.000584s ]
INFO: [ app_begin ] --START--
INFO: Run Behavior\ReadHtmlCacheBehavior [ RunTime:0.000782s ]
INFO: [ app_begin ] --END-- [ RunTime:0.000975s ]
SQL: SHOW COLUMNS FROM `user` [ RunTime:0.0082s ]
SQL: SELECT `username`,`name`,`introduction`,`icon` FROM `user`  [ RunTime:0.0004s ]

[ 2015-09-12T12:31:29+08:00 ] ::1 /yao/thinkphp/index.php//Home/index/getNewsCollections/number/1
INFO: [ app_init ] --START--
INFO: Run Behavior\BuildLiteBehavior [ RunTime:0.000038s ]
INFO: [ app_init ] --END-- [ RunTime:0.000647s ]
INFO: [ app_begin ] --START--
INFO: Run Behavior\ReadHtmlCacheBehavior [ RunTime:0.002105s ]
INFO: [ app_begin ] --END-- [ RunTime:0.002570s ]
SQL: SHOW COLUMNS FROM `news` [ RunTime:0.0115s ]
SQL: SELECT `id`,`thumb`,`content`,`title` FROM `news` WHERE ( `type` = 'news' ) ORDER BY id desc LIMIT 1   [ RunTime:0.0004s ]

[ 2015-09-12T12:31:29+08:00 ] ::1 /yao/thinkphp/index.php//Home/index/getExplosionCollections/number/1
INFO: [ app_init ] --START--
INFO: Run Behavior\BuildLiteBehavior [ RunTime:0.000039s ]
INFO: [ app_init ] --END-- [ RunTime:0.000740s ]
INFO: [ app_begin ] --START--
INFO: Run Behavior\ReadHtmlCacheBehavior [ RunTime:0.000871s ]
INFO: [ app_begin ] --END-- [ RunTime:0.001047s ]
SQL: SHOW COLUMNS FROM `news` [ RunTime:0.0250s ]
SQL: SELECT `id`,`thumb`,`content`,`title` FROM `news` WHERE ( `type` = 'explosion' ) ORDER BY id desc LIMIT 1   [ RunTime:0.0005s ]

[ 2015-09-12T12:31:29+08:00 ] ::1 /yao/thinkphp/index.php//Home/index/getDirectionCollections/number/3/length/100
INFO: [ app_init ] --START--
INFO: Run Behavior\BuildLiteBehavior [ RunTime:0.000036s ]
INFO: [ app_init ] --END-- [ RunTime:0.000609s ]
INFO: [ app_begin ] --START--
INFO: Run Behavior\ReadHtmlCacheBehavior [ RunTime:0.000852s ]
INFO: [ app_begin ] --END-- [ RunTime:0.001021s ]
SQL: select news.content, news.date, news.id, news.title, news.thumb, user.name, user.icon from news, user where news.type='direction' and news.author=user.username order by id desc limit 3 [ RunTime:0.0456s ]

[ 2015-09-12T12:31:29+08:00 ] ::1 /yao/thinkphp/index.php//Home/index/getBriefCollections/number/5
INFO: [ app_init ] --START--
INFO: Run Behavior\BuildLiteBehavior [ RunTime:0.000040s ]
INFO: [ app_init ] --END-- [ RunTime:0.000675s ]
INFO: [ app_begin ] --START--
INFO: Run Behavior\ReadHtmlCacheBehavior [ RunTime:0.002776s ]
INFO: [ app_begin ] --END-- [ RunTime:0.003178s ]
SQL: SHOW COLUMNS FROM `news` [ RunTime:0.0051s ]
SQL: SELECT `id`,`title` FROM `news` WHERE ( `type` = 'brief' ) ORDER BY id desc LIMIT 5   [ RunTime:0.0004s ]

[ 2015-09-12T12:31:42+08:00 ] ::1 /yao/thinkphp/index.php//Home/index/getNews/newsId/25
INFO: [ app_init ] --START--
INFO: Run Behavior\BuildLiteBehavior [ RunTime:0.000087s ]
INFO: [ app_init ] --END-- [ RunTime:0.001719s ]
INFO: [ app_begin ] --START--
INFO: Run Behavior\ReadHtmlCacheBehavior [ RunTime:0.001789s ]
INFO: [ app_begin ] --END-- [ RunTime:0.002322s ]
SQL: SHOW COLUMNS FROM `news` [ RunTime:0.0137s ]
SQL: SELECT * FROM `news` WHERE `id` = 25  [ RunTime:0.0005s ]

[ 2015-09-12T12:31:42+08:00 ] ::1 /yao/thinkphp/index.php//Home/index/getRelatedLink/article/25
INFO: [ app_init ] --START--
INFO: Run Behavior\BuildLiteBehavior [ RunTime:0.000048s ]
INFO: [ app_init ] --END-- [ RunTime:0.000742s ]
INFO: [ app_begin ] --START--
INFO: Run Behavior\ReadHtmlCacheBehavior [ RunTime:0.001470s ]
INFO: [ app_begin ] --END-- [ RunTime:0.001843s ]
SQL: SHOW COLUMNS FROM `link` [ RunTime:0.0239s ]
SQL: SELECT `title`,`uri` FROM `link` WHERE ( `for_news` = 25 and `type` = 'reference' )  [ RunTime:0.0129s ]

[ 2015-09-12T12:31:42+08:00 ] ::1 /yao/thinkphp/index.php//Home/index/getFriendlyLink/article/25
INFO: [ app_init ] --START--
INFO: Run Behavior\BuildLiteBehavior [ RunTime:0.000035s ]
INFO: [ app_init ] --END-- [ RunTime:0.000534s ]
INFO: [ app_begin ] --START--
INFO: Run Behavior\ReadHtmlCacheBehavior [ RunTime:0.000595s ]
INFO: [ app_begin ] --END-- [ RunTime:0.000759s ]
SQL: SHOW COLUMNS FROM `link` [ RunTime:0.0057s ]
SQL: SELECT `title`,`uri` FROM `link` WHERE ( `for_news` = 25 and `type` = 'friendly' )  [ RunTime:0.0004s ]

[ 2015-09-12T19:26:33+08:00 ] ::1 /yao/thinkphp/index.php//Home/index/getNewsCollections/number/1
INFO: [ app_init ] --START--
INFO: Run Behavior\BuildLiteBehavior [ RunTime:0.000036s ]
INFO: [ app_init ] --END-- [ RunTime:0.000576s ]
INFO: [ app_begin ] --START--
INFO: Run Behavior\ReadHtmlCacheBehavior [ RunTime:0.000666s ]
INFO: [ app_begin ] --END-- [ RunTime:0.000860s ]
SQL: SHOW COLUMNS FROM `news` [ RunTime:0.0053s ]
SQL: SELECT `id`,`thumb`,`content`,`title` FROM `news` WHERE ( `type` = 'news' ) ORDER BY id desc LIMIT 1   [ RunTime:0.0004s ]

[ 2015-09-12T19:26:33+08:00 ] ::1 /yao/thinkphp/index.php//Home/index/getExplosionCollections/number/1
INFO: [ app_init ] --START--
INFO: Run Behavior\BuildLiteBehavior [ RunTime:0.000038s ]
INFO: [ app_init ] --END-- [ RunTime:0.000605s ]
INFO: [ app_begin ] --START--
INFO: Run Behavior\ReadHtmlCacheBehavior [ RunTime:0.000644s ]
INFO: [ app_begin ] --END-- [ RunTime:0.000826s ]
SQL: SHOW COLUMNS FROM `news` [ RunTime:0.0048s ]
SQL: SELECT `id`,`thumb`,`content`,`title` FROM `news` WHERE ( `type` = 'explosion' ) ORDER BY id desc LIMIT 1   [ RunTime:0.0004s ]

[ 2015-09-12T19:26:33+08:00 ] ::1 /yao/thinkphp/index.php//Home/index/getDirectionCollections/number/3/length/100
INFO: [ app_init ] --START--
INFO: Run Behavior\BuildLiteBehavior [ RunTime:0.000036s ]
INFO: [ app_init ] --END-- [ RunTime:0.000552s ]
INFO: [ app_begin ] --START--
INFO: Run Behavior\ReadHtmlCacheBehavior [ RunTime:0.000634s ]
INFO: [ app_begin ] --END-- [ RunTime:0.000803s ]
SQL: select news.content, news.date, news.id, news.title, news.thumb, user.name, user.icon from news, user where news.type='direction' and news.author=user.username order by id desc limit 3 [ RunTime:0.0123s ]

[ 2015-09-12T19:26:33+08:00 ] ::1 /yao/thinkphp/index.php//Home/index/getBriefCollections/number/5
INFO: [ app_init ] --START--
INFO: Run Behavior\BuildLiteBehavior [ RunTime:0.000037s ]
INFO: [ app_init ] --END-- [ RunTime:0.000569s ]
INFO: [ app_begin ] --START--
INFO: Run Behavior\ReadHtmlCacheBehavior [ RunTime:0.000627s ]
INFO: [ app_begin ] --END-- [ RunTime:0.000796s ]
SQL: SHOW COLUMNS FROM `news` [ RunTime:0.0048s ]
SQL: SELECT `id`,`title` FROM `news` WHERE ( `type` = 'brief' ) ORDER BY id desc LIMIT 5   [ RunTime:0.0004s ]

[ 2015-09-12T19:27:35+08:00 ] ::1 /yao/thinkphp/index.php//Home/index/getNewsCollections/number/1
INFO: [ app_init ] --START--
INFO: Run Behavior\BuildLiteBehavior [ RunTime:0.000044s ]
INFO: [ app_init ] --END-- [ RunTime:0.000731s ]
INFO: [ app_begin ] --START--
INFO: Run Behavior\ReadHtmlCacheBehavior [ RunTime:0.001009s ]
INFO: [ app_begin ] --END-- [ RunTime:0.001204s ]
SQL: SHOW COLUMNS FROM `news` [ RunTime:0.0069s ]
SQL: SELECT `id`,`thumb`,`content`,`title` FROM `news` WHERE ( `type` = 'news' ) ORDER BY id desc LIMIT 1   [ RunTime:0.0006s ]

[ 2015-09-12T19:27:35+08:00 ] ::1 /yao/thinkphp/index.php//Home/index/getExplosionCollections/number/1
INFO: [ app_init ] --START--
INFO: Run Behavior\BuildLiteBehavior [ RunTime:0.000061s ]
INFO: [ app_init ] --END-- [ RunTime:0.000877s ]
INFO: [ app_begin ] --START--
INFO: Run Behavior\ReadHtmlCacheBehavior [ RunTime:0.001024s ]
INFO: [ app_begin ] --END-- [ RunTime:0.001217s ]
SQL: SHOW COLUMNS FROM `news` [ RunTime:0.0078s ]
SQL: SELECT `id`,`thumb`,`content`,`title` FROM `news` WHERE ( `type` = 'explosion' ) ORDER BY id desc LIMIT 1   [ RunTime:0.0005s ]

[ 2015-09-12T19:27:35+08:00 ] ::1 /yao/thinkphp/index.php//Home/index/getDirectionCollections/number/3/length/100
INFO: [ app_init ] --START--
INFO: Run Behavior\BuildLiteBehavior [ RunTime:0.000043s ]
INFO: [ app_init ] --END-- [ RunTime:0.000920s ]
INFO: [ app_begin ] --START--
INFO: Run Behavior\ReadHtmlCacheBehavior [ RunTime:0.001016s ]
INFO: [ app_begin ] --END-- [ RunTime:0.001214s ]
SQL: select news.content, news.date, news.id, news.title, news.thumb, user.name, user.icon from news, user where news.type='direction' and news.author=user.username order by id desc limit 3 [ RunTime:0.0125s ]

[ 2015-09-12T19:27:35+08:00 ] ::1 /yao/thinkphp/index.php//Home/index/getBriefCollections/number/5
INFO: [ app_init ] --START--
INFO: Run Behavior\BuildLiteBehavior [ RunTime:0.000038s ]
INFO: [ app_init ] --END-- [ RunTime:0.000620s ]
INFO: [ app_begin ] --START--
INFO: Run Behavior\ReadHtmlCacheBehavior [ RunTime:0.000851s ]
INFO: [ app_begin ] --END-- [ RunTime:0.001013s ]
SQL: SHOW COLUMNS FROM `news` [ RunTime:0.0048s ]
SQL: SELECT `id`,`title` FROM `news` WHERE ( `type` = 'brief' ) ORDER BY id desc LIMIT 5   [ RunTime:0.0004s ]

