[ 2015-09-10T21:01:19+08:00 ] ::1 /yao/thinkphp/index.php//Home/index/getGlobalComment/page/0/number/5
INFO: [ app_init ] --START--
INFO: Run Behavior\BuildLiteBehavior [ RunTime:0.000065s ]
INFO: [ app_init ] --END-- [ RunTime:0.044895s ]
INFO: [ app_begin ] --START--
INFO: Run Behavior\ReadHtmlCacheBehavior [ RunTime:0.015640s ]
INFO: [ app_begin ] --END-- [ RunTime:0.015843s ]
SQL: SHOW COLUMNS FROM `comment` [ RunTime:0.0122s ]
SQL: SELECT * FROM `comment` WHERE ( `for_news` is NULL and `for_comment` is NULL ) ORDER BY id desc LIMIT 0,5   [ RunTime:0.0006s ]
SQL: SELECT * FROM `comment` WHERE ( `for_comment`=54 ) LIMIT 1   [ RunTime:0.0004s ]
SQL: SELECT * FROM `comment` WHERE ( `for_comment`=53 ) LIMIT 1   [ RunTime:0.0003s ]
SQL: SELECT * FROM `comment` WHERE ( `for_comment`=24 ) LIMIT 1   [ RunTime:0.0003s ]
SQL: SELECT * FROM `comment` WHERE ( `for_comment`=22 ) LIMIT 1   [ RunTime:0.0003s ]
SQL: SELECT * FROM `comment` WHERE ( `for_comment`=21 ) LIMIT 1   [ RunTime:0.0003s ]

[ 2015-09-10T21:01:31+08:00 ] ::1 /yao/thinkphp/index.php//Home/index/getGlobalComment/page/0/number/5
INFO: [ app_init ] --START--
INFO: Run Behavior\BuildLiteBehavior [ RunTime:0.000042s ]
INFO: [ app_init ] --END-- [ RunTime:0.001066s ]
INFO: [ app_begin ] --START--
INFO: Run Behavior\ReadHtmlCacheBehavior [ RunTime:0.000670s ]
INFO: [ app_begin ] --END-- [ RunTime:0.000859s ]
SQL: SHOW COLUMNS FROM `comment` [ RunTime:0.0102s ]
SQL: SELECT * FROM `comment` WHERE ( `for_news` is NULL and `for_comment` is NULL ) ORDER BY id desc LIMIT 0,5   [ RunTime:0.0009s ]
SQL: SELECT * FROM `comment` WHERE ( `for_comment`=54 ) LIMIT 1   [ RunTime:0.0007s ]
SQL: SELECT * FROM `comment` WHERE ( `for_comment`=53 ) LIMIT 1   [ RunTime:0.0004s ]
SQL: SELECT * FROM `comment` WHERE ( `for_comment`=24 ) LIMIT 1   [ RunTime:0.0003s ]
SQL: SELECT * FROM `comment` WHERE ( `for_comment`=22 ) LIMIT 1   [ RunTime:0.0003s ]
SQL: SELECT * FROM `comment` WHERE ( `for_comment`=21 ) LIMIT 1   [ RunTime:0.0003s ]

[ 2015-09-10T21:04:25+08:00 ] ::1 /yao/thinkphp/index.php//Home/index/getGlobalComment/page/0/number/3
INFO: [ app_init ] --START--
INFO: Run Behavior\BuildLiteBehavior [ RunTime:0.000052s ]
INFO: [ app_init ] --END-- [ RunTime:0.000995s ]
INFO: [ app_begin ] --START--
INFO: Run Behavior\ReadHtmlCacheBehavior [ RunTime:0.000978s ]
INFO: [ app_begin ] --END-- [ RunTime:0.001217s ]
SQL: SHOW COLUMNS FROM `comment` [ RunTime:0.0171s ]
SQL: SELECT * FROM `comment` WHERE ( `for_news` is NULL and `for_comment` is NULL ) ORDER BY id desc LIMIT 0,3   [ RunTime:0.0007s ]
SQL: SELECT * FROM `comment` WHERE ( `for_comment`=54 ) LIMIT 1   [ RunTime:0.0004s ]
SQL: SELECT * FROM `comment` WHERE ( `for_comment`=53 ) LIMIT 1   [ RunTime:0.0004s ]
SQL: SELECT * FROM `comment` WHERE ( `for_comment`=24 ) LIMIT 1   [ RunTime:0.0004s ]

[ 2015-09-10T21:17:16+08:00 ] ::1 /yao/thinkphp/index.php//Home/index/getGlobalComment/page/0/number/3
INFO: [ app_init ] --START--
INFO: Run Behavior\BuildLiteBehavior [ RunTime:0.000182s ]
INFO: [ app_init ] --END-- [ RunTime:0.003250s ]
INFO: [ app_begin ] --START--
INFO: Run Behavior\ReadHtmlCacheBehavior [ RunTime:0.001977s ]
INFO: [ app_begin ] --END-- [ RunTime:0.002798s ]
SQL: SHOW COLUMNS FROM `comment` [ RunTime:0.0180s ]
SQL: SELECT * FROM `comment` WHERE ( `for_news` is NULL and `for_comment` is NULL ) ORDER BY id desc LIMIT 0,3   [ RunTime:0.0006s ]
SQL: SELECT * FROM `comment` WHERE ( `for_comment`=54 ) LIMIT 1   [ RunTime:0.0004s ]
SQL: SELECT * FROM `comment` WHERE ( `for_comment`=53 ) LIMIT 1   [ RunTime:0.0004s ]
SQL: SELECT * FROM `comment` WHERE ( `for_comment`=24 ) LIMIT 1   [ RunTime:0.0004s ]

[ 2015-09-10T21:43:55+08:00 ] ::1 /yao/thinkphp/index.php//Home/index/postComment
INFO: [ app_init ] --START--
INFO: Run Behavior\BuildLiteBehavior [ RunTime:0.000048s ]
INFO: [ app_init ] --END-- [ RunTime:0.000605s ]
INFO: [ app_begin ] --START--
INFO: Run Behavior\ReadHtmlCacheBehavior [ RunTime:0.000963s ]
INFO: [ app_begin ] --END-- [ RunTime:0.001202s ]
SQL: SHOW COLUMNS FROM `comment` [ RunTime:0.0112s ]
ERR: SQLSTATE[23000]: Integrity constraint violation: 1062 Duplicate entry '11' for key 'PRIMARY'

[ 2015-09-10T21:45:37+08:00 ] ::1 /yao/thinkphp/index.php//Home/index/postComment
INFO: [ app_init ] --START--
INFO: Run Behavior\BuildLiteBehavior [ RunTime:0.000049s ]
INFO: [ app_init ] --END-- [ RunTime:0.000824s ]
INFO: [ app_begin ] --START--
INFO: Run Behavior\ReadHtmlCacheBehavior [ RunTime:0.001176s ]
INFO: [ app_begin ] --END-- [ RunTime:0.001467s ]
SQL: SHOW COLUMNS FROM `comment` [ RunTime:0.0155s ]
INFO: [ app_end ] --START--
INFO: Run Behavior\ShowPageTraceBehavior [ RunTime:0.101245s ]
INFO: [ app_end ] --END-- [ RunTime:0.101624s ]

[ 2015-09-10T21:46:19+08:00 ] ::1 /yao/thinkphp/index.php//Home/index/getGlobalComment/page/0/number/3
INFO: [ app_init ] --START--
INFO: Run Behavior\BuildLiteBehavior [ RunTime:0.000076s ]
INFO: [ app_init ] --END-- [ RunTime:0.001186s ]
INFO: [ app_begin ] --START--
INFO: Run Behavior\ReadHtmlCacheBehavior [ RunTime:0.000934s ]
INFO: [ app_begin ] --END-- [ RunTime:0.001158s ]
SQL: SHOW COLUMNS FROM `comment` [ RunTime:0.0130s ]
SQL: SELECT * FROM `comment` WHERE ( `for_news` is NULL and `for_comment` is NULL ) ORDER BY id desc LIMIT 0,3   [ RunTime:0.0006s ]
SQL: SELECT * FROM `comment` WHERE ( `for_comment`=54 ) LIMIT 1   [ RunTime:0.0004s ]
SQL: SELECT * FROM `comment` WHERE ( `for_comment`=53 ) LIMIT 1   [ RunTime:0.0004s ]
SQL: SELECT * FROM `comment` WHERE ( `for_comment`=24 ) LIMIT 1   [ RunTime:0.0005s ]

[ 2015-09-10T21:47:06+08:00 ] ::1 /yao/thinkphp/index.php//Home/index/getGlobalComment/page/0/number/3
INFO: [ app_init ] --START--
INFO: Run Behavior\BuildLiteBehavior [ RunTime:0.000038s ]
INFO: [ app_init ] --END-- [ RunTime:0.000556s ]
INFO: [ app_begin ] --START--
INFO: Run Behavior\ReadHtmlCacheBehavior [ RunTime:0.000615s ]
INFO: [ app_begin ] --END-- [ RunTime:0.000791s ]
SQL: SHOW COLUMNS FROM `comment` [ RunTime:0.0143s ]
SQL: SELECT * FROM `comment` WHERE ( `for_news` is NULL and `for_comment` is NULL ) ORDER BY id desc LIMIT 0,3   [ RunTime:0.0006s ]
SQL: SELECT * FROM `comment` WHERE ( `for_comment`=54 ) LIMIT 1   [ RunTime:0.0003s ]
SQL: SELECT * FROM `comment` WHERE ( `for_comment`=53 ) LIMIT 1   [ RunTime:0.0003s ]
SQL: SELECT * FROM `comment` WHERE ( `for_comment`=24 ) LIMIT 1   [ RunTime:0.0005s ]

[ 2015-09-10T21:47:13+08:00 ] ::1 /yao/thinkphp/index.php//Home/index/getGlobalComment/page/0/number/3
INFO: [ app_init ] --START--
INFO: Run Behavior\BuildLiteBehavior [ RunTime:0.000038s ]
INFO: [ app_init ] --END-- [ RunTime:0.000674s ]
INFO: [ app_begin ] --START--
INFO: Run Behavior\ReadHtmlCacheBehavior [ RunTime:0.000910s ]
INFO: [ app_begin ] --END-- [ RunTime:0.001165s ]
SQL: SHOW COLUMNS FROM `comment` [ RunTime:0.0101s ]
SQL: SELECT * FROM `comment` WHERE ( `for_news` is NULL and `for_comment` is NULL ) ORDER BY id desc LIMIT 0,3   [ RunTime:0.0005s ]
SQL: SELECT * FROM `comment` WHERE ( `for_comment`=54 ) LIMIT 1   [ RunTime:0.0004s ]
SQL: SELECT * FROM `comment` WHERE ( `for_comment`=53 ) LIMIT 1   [ RunTime:0.0004s ]
SQL: SELECT * FROM `comment` WHERE ( `for_comment`=24 ) LIMIT 1   [ RunTime:0.0003s ]

[ 2015-09-10T21:50:13+08:00 ] ::1 /yao/thinkphp/index.php//Home/index/getGlobalComment/page/0/number/3
INFO: [ app_init ] --START--
INFO: Run Behavior\BuildLiteBehavior [ RunTime:0.000039s ]
INFO: [ app_init ] --END-- [ RunTime:0.000657s ]
INFO: [ app_begin ] --START--
INFO: Run Behavior\ReadHtmlCacheBehavior [ RunTime:0.001760s ]
INFO: [ app_begin ] --END-- [ RunTime:0.002072s ]
SQL: SHOW COLUMNS FROM `comment` [ RunTime:0.0228s ]
SQL: SELECT * FROM `comment` WHERE ( `for_news` is NULL and `for_comment` is NULL ) ORDER BY id desc LIMIT 0,3   [ RunTime:0.0006s ]
SQL: SELECT * FROM `comment` WHERE ( `for_comment`=54 ) LIMIT 1   [ RunTime:0.0004s ]
SQL: SELECT * FROM `comment` WHERE ( `for_comment`=53 ) LIMIT 1   [ RunTime:0.0004s ]
SQL: SELECT * FROM `comment` WHERE ( `for_comment`=24 ) LIMIT 1   [ RunTime:0.0004s ]

[ 2015-09-10T21:50:17+08:00 ] ::1 /yao/thinkphp/index.php//Home/index/getGlobalComment/page/0/number/3
INFO: [ app_init ] --START--
INFO: Run Behavior\BuildLiteBehavior [ RunTime:0.000061s ]
INFO: [ app_init ] --END-- [ RunTime:0.000939s ]
INFO: [ app_begin ] --START--
INFO: Run Behavior\ReadHtmlCacheBehavior [ RunTime:0.001555s ]
INFO: [ app_begin ] --END-- [ RunTime:0.001933s ]
SQL: SHOW COLUMNS FROM `comment` [ RunTime:0.0122s ]
SQL: SELECT * FROM `comment` WHERE ( `for_news` is NULL and `for_comment` is NULL ) ORDER BY id desc LIMIT 0,3   [ RunTime:0.0015s ]
SQL: SELECT * FROM `comment` WHERE ( `for_comment`=54 ) LIMIT 1   [ RunTime:0.0005s ]
SQL: SELECT * FROM `comment` WHERE ( `for_comment`=53 ) LIMIT 1   [ RunTime:0.0004s ]
SQL: SELECT * FROM `comment` WHERE ( `for_comment`=24 ) LIMIT 1   [ RunTime:0.0004s ]

[ 2015-09-10T21:50:20+08:00 ] ::1 /yao/thinkphp/index.php//Home/index/getGlobalComment/page/0/number/3
INFO: [ app_init ] --START--
INFO: Run Behavior\BuildLiteBehavior [ RunTime:0.000123s ]
INFO: [ app_init ] --END-- [ RunTime:0.002309s ]
INFO: [ app_begin ] --START--
INFO: Run Behavior\ReadHtmlCacheBehavior [ RunTime:0.001062s ]
INFO: [ app_begin ] --END-- [ RunTime:0.001394s ]
SQL: SHOW COLUMNS FROM `comment` [ RunTime:0.0110s ]
SQL: SELECT * FROM `comment` WHERE ( `for_news` is NULL and `for_comment` is NULL ) ORDER BY id desc LIMIT 0,3   [ RunTime:0.0005s ]
SQL: SELECT * FROM `comment` WHERE ( `for_comment`=54 ) LIMIT 1   [ RunTime:0.0003s ]
SQL: SELECT * FROM `comment` WHERE ( `for_comment`=53 ) LIMIT 1   [ RunTime:0.0003s ]
SQL: SELECT * FROM `comment` WHERE ( `for_comment`=24 ) LIMIT 1   [ RunTime:0.0003s ]

[ 2015-09-10T21:54:00+08:00 ] ::1 /yao/thinkphp/index.php//Home/index/getGlobalComment/page/0/number/3
INFO: [ app_init ] --START--
INFO: Run Behavior\BuildLiteBehavior [ RunTime:0.000039s ]
INFO: [ app_init ] --END-- [ RunTime:0.000743s ]
INFO: [ app_begin ] --START--
INFO: Run Behavior\ReadHtmlCacheBehavior [ RunTime:0.000767s ]
INFO: [ app_begin ] --END-- [ RunTime:0.000948s ]
SQL: SHOW COLUMNS FROM `comment` [ RunTime:0.0112s ]
SQL: SELECT * FROM `comment` WHERE ( `for_news` is NULL and `for_comment` is NULL ) ORDER BY id desc LIMIT 0,3   [ RunTime:0.0006s ]
SQL: SELECT * FROM `comment` WHERE ( `for_comment`=54 ) LIMIT 1   [ RunTime:0.0003s ]
SQL: SELECT * FROM `comment` WHERE ( `for_comment`=53 ) LIMIT 1   [ RunTime:0.0003s ]
SQL: SELECT * FROM `comment` WHERE ( `for_comment`=24 ) LIMIT 1   [ RunTime:0.0003s ]

[ 2015-09-10T21:54:24+08:00 ] ::1 /yao/thinkphp/index.php//Home/index/getGlobalComment/page/0/number/3
INFO: [ app_init ] --START--
INFO: Run Behavior\BuildLiteBehavior [ RunTime:0.000036s ]
INFO: [ app_init ] --END-- [ RunTime:0.000557s ]
INFO: [ app_begin ] --START--
INFO: Run Behavior\ReadHtmlCacheBehavior [ RunTime:0.000796s ]
INFO: [ app_begin ] --END-- [ RunTime:0.001048s ]
SQL: SHOW COLUMNS FROM `comment` [ RunTime:0.0099s ]
SQL: SELECT * FROM `comment` WHERE ( `for_news` is NULL and `for_comment` is NULL ) ORDER BY id desc LIMIT 0,3   [ RunTime:0.0005s ]
SQL: SELECT * FROM `comment` WHERE ( `for_comment`=54 ) LIMIT 1   [ RunTime:0.0003s ]
SQL: SELECT * FROM `comment` WHERE ( `for_comment`=53 ) LIMIT 1   [ RunTime:0.0003s ]
SQL: SELECT * FROM `comment` WHERE ( `for_comment`=24 ) LIMIT 1   [ RunTime:0.0003s ]

[ 2015-09-10T21:54:26+08:00 ] ::1 /yao/thinkphp/index.php//Home/index/getGlobalComment/page/0/number/3
INFO: [ app_init ] --START--
INFO: Run Behavior\BuildLiteBehavior [ RunTime:0.000068s ]
INFO: [ app_init ] --END-- [ RunTime:0.000905s ]
INFO: [ app_begin ] --START--
INFO: Run Behavior\ReadHtmlCacheBehavior [ RunTime:0.000894s ]
INFO: [ app_begin ] --END-- [ RunTime:0.001180s ]
SQL: SHOW COLUMNS FROM `comment` [ RunTime:0.0119s ]
SQL: SELECT * FROM `comment` WHERE ( `for_news` is NULL and `for_comment` is NULL ) ORDER BY id desc LIMIT 0,3   [ RunTime:0.0004s ]
SQL: SELECT * FROM `comment` WHERE ( `for_comment`=54 ) LIMIT 1   [ RunTime:0.0007s ]
SQL: SELECT * FROM `comment` WHERE ( `for_comment`=53 ) LIMIT 1   [ RunTime:0.0004s ]
SQL: SELECT * FROM `comment` WHERE ( `for_comment`=24 ) LIMIT 1   [ RunTime:0.0003s ]

[ 2015-09-10T21:56:10+08:00 ] ::1 /yao/thinkphp/index.php//Home/index/getGlobalComment/page/0/number/3
INFO: [ app_init ] --START--
INFO: Run Behavior\BuildLiteBehavior [ RunTime:0.000063s ]
INFO: [ app_init ] --END-- [ RunTime:0.000982s ]
INFO: [ app_begin ] --START--
INFO: Run Behavior\ReadHtmlCacheBehavior [ RunTime:0.000900s ]
INFO: [ app_begin ] --END-- [ RunTime:0.001157s ]
SQL: SHOW COLUMNS FROM `comment` [ RunTime:0.0121s ]
SQL: SELECT * FROM `comment` WHERE ( `for_news` is NULL and `for_comment` is NULL ) ORDER BY id desc LIMIT 0,3   [ RunTime:0.0008s ]
SQL: SELECT * FROM `comment` WHERE ( `for_comment`=54 ) LIMIT 1   [ RunTime:0.0004s ]
SQL: SELECT * FROM `comment` WHERE ( `for_comment`=53 ) LIMIT 1   [ RunTime:0.0004s ]
SQL: SELECT * FROM `comment` WHERE ( `for_comment`=24 ) LIMIT 1   [ RunTime:0.0004s ]

[ 2015-09-10T21:56:12+08:00 ] ::1 /yao/thinkphp/index.php//Home/index/getGlobalComment/page/0/number/3
INFO: [ app_init ] --START--
INFO: Run Behavior\BuildLiteBehavior [ RunTime:0.000039s ]
INFO: [ app_init ] --END-- [ RunTime:0.000648s ]
INFO: [ app_begin ] --START--
INFO: Run Behavior\ReadHtmlCacheBehavior [ RunTime:0.000771s ]
INFO: [ app_begin ] --END-- [ RunTime:0.001043s ]
SQL: SHOW COLUMNS FROM `comment` [ RunTime:0.0099s ]
SQL: SELECT * FROM `comment` WHERE ( `for_news` is NULL and `for_comment` is NULL ) ORDER BY id desc LIMIT 0,3   [ RunTime:0.0006s ]
SQL: SELECT * FROM `comment` WHERE ( `for_comment`=54 ) LIMIT 1   [ RunTime:0.0004s ]
SQL: SELECT * FROM `comment` WHERE ( `for_comment`=53 ) LIMIT 1   [ RunTime:0.0003s ]
SQL: SELECT * FROM `comment` WHERE ( `for_comment`=24 ) LIMIT 1   [ RunTime:0.0004s ]

[ 2015-09-10T21:57:07+08:00 ] ::1 /yao/thinkphp/index.php//Home/index/getGlobalComment/page/0/number/3
INFO: [ app_init ] --START--
INFO: Run Behavior\BuildLiteBehavior [ RunTime:0.000063s ]
INFO: [ app_init ] --END-- [ RunTime:0.000901s ]
INFO: [ app_begin ] --START--
INFO: Run Behavior\ReadHtmlCacheBehavior [ RunTime:0.000970s ]
INFO: [ app_begin ] --END-- [ RunTime:0.001283s ]
SQL: SHOW COLUMNS FROM `comment` [ RunTime:0.0131s ]
SQL: SELECT * FROM `comment` WHERE ( `for_news` is NULL and `for_comment` is NULL ) ORDER BY id desc LIMIT 0,3   [ RunTime:0.0006s ]
SQL: SELECT * FROM `comment` WHERE ( `for_comment`=54 ) LIMIT 1   [ RunTime:0.0004s ]
SQL: SELECT * FROM `comment` WHERE ( `for_comment`=53 ) LIMIT 1   [ RunTime:0.0003s ]
SQL: SELECT * FROM `comment` WHERE ( `for_comment`=24 ) LIMIT 1   [ RunTime:0.0003s ]

[ 2015-09-10T21:57:21+08:00 ] ::1 /yao/thinkphp/index.php//Home/index/getGlobalComment/page/0/number/3
INFO: [ app_init ] --START--
INFO: Run Behavior\BuildLiteBehavior [ RunTime:0.000062s ]
INFO: [ app_init ] --END-- [ RunTime:0.000965s ]
INFO: [ app_begin ] --START--
INFO: Run Behavior\ReadHtmlCacheBehavior [ RunTime:0.000898s ]
INFO: [ app_begin ] --END-- [ RunTime:0.001164s ]
SQL: SHOW COLUMNS FROM `comment` [ RunTime:0.0129s ]
SQL: SELECT * FROM `comment` WHERE ( `for_news` is NULL and `for_comment` is NULL ) ORDER BY id desc LIMIT 0,3   [ RunTime:0.0006s ]
SQL: SELECT * FROM `comment` WHERE ( `for_comment`=54 ) LIMIT 1   [ RunTime:0.0004s ]
SQL: SELECT * FROM `comment` WHERE ( `for_comment`=53 ) LIMIT 1   [ RunTime:0.0004s ]
SQL: SELECT * FROM `comment` WHERE ( `for_comment`=24 ) LIMIT 1   [ RunTime:0.0004s ]

[ 2015-09-10T21:57:52+08:00 ] ::1 /yao/thinkphp/index.php//Home/index/getGlobalComment/page/0/number/3
INFO: [ app_init ] --START--
INFO: Run Behavior\BuildLiteBehavior [ RunTime:0.000038s ]
INFO: [ app_init ] --END-- [ RunTime:0.000620s ]
INFO: [ app_begin ] --START--
INFO: Run Behavior\ReadHtmlCacheBehavior [ RunTime:0.000960s ]
INFO: [ app_begin ] --END-- [ RunTime:0.001271s ]
SQL: SHOW COLUMNS FROM `comment` [ RunTime:0.0092s ]
SQL: SELECT * FROM `comment` WHERE ( `for_news` is NULL and `for_comment` is NULL ) ORDER BY id desc LIMIT 0,3   [ RunTime:0.0006s ]
SQL: SELECT * FROM `comment` WHERE ( `for_comment`=54 ) LIMIT 1   [ RunTime:0.0004s ]
SQL: SELECT * FROM `comment` WHERE ( `for_comment`=53 ) LIMIT 1   [ RunTime:0.0007s ]
SQL: SELECT * FROM `comment` WHERE ( `for_comment`=24 ) LIMIT 1   [ RunTime:0.0005s ]

[ 2015-09-10T21:57:54+08:00 ] ::1 /yao/thinkphp/index.php//Home/index/getGlobalComment/page/0/number/3
INFO: [ app_init ] --START--
INFO: Run Behavior\BuildLiteBehavior [ RunTime:0.000140s ]
INFO: [ app_init ] --END-- [ RunTime:0.001632s ]
INFO: [ app_begin ] --START--
INFO: Run Behavior\ReadHtmlCacheBehavior [ RunTime:0.001006s ]
INFO: [ app_begin ] --END-- [ RunTime:0.001327s ]
SQL: SHOW COLUMNS FROM `comment` [ RunTime:0.0143s ]
SQL: SELECT * FROM `comment` WHERE ( `for_news` is NULL and `for_comment` is NULL ) ORDER BY id desc LIMIT 0,3   [ RunTime:0.0006s ]
SQL: SELECT * FROM `comment` WHERE ( `for_comment`=54 ) LIMIT 1   [ RunTime:0.0004s ]
SQL: SELECT * FROM `comment` WHERE ( `for_comment`=53 ) LIMIT 1   [ RunTime:0.0004s ]
SQL: SELECT * FROM `comment` WHERE ( `for_comment`=24 ) LIMIT 1   [ RunTime:0.0003s ]

[ 2015-09-10T21:58:06+08:00 ] ::1 /yao/thinkphp/index.php//Home/index/getGlobalComment/page/0/number/3
INFO: [ app_init ] --START--
INFO: Run Behavior\BuildLiteBehavior [ RunTime:0.000036s ]
INFO: [ app_init ] --END-- [ RunTime:0.000543s ]
INFO: [ app_begin ] --START--
INFO: Run Behavior\ReadHtmlCacheBehavior [ RunTime:0.000887s ]
INFO: [ app_begin ] --END-- [ RunTime:0.001107s ]
SQL: SHOW COLUMNS FROM `comment` [ RunTime:0.0290s ]
SQL: SELECT * FROM `comment` WHERE ( `for_news` is NULL and `for_comment` is NULL ) ORDER BY id desc LIMIT 0,3   [ RunTime:0.0005s ]
SQL: SELECT * FROM `comment` WHERE ( `for_comment`=54 ) LIMIT 1   [ RunTime:0.0004s ]
SQL: SELECT * FROM `comment` WHERE ( `for_comment`=53 ) LIMIT 1   [ RunTime:0.0004s ]
SQL: SELECT * FROM `comment` WHERE ( `for_comment`=24 ) LIMIT 1   [ RunTime:0.0003s ]

[ 2015-09-10T21:58:54+08:00 ] ::1 /yao/thinkphp/index.php//Home/index/getGlobalComment/page/0/number/3
INFO: [ app_init ] --START--
INFO: Run Behavior\BuildLiteBehavior [ RunTime:0.000060s ]
INFO: [ app_init ] --END-- [ RunTime:0.000933s ]
INFO: [ app_begin ] --START--
INFO: Run Behavior\ReadHtmlCacheBehavior [ RunTime:0.000819s ]
INFO: [ app_begin ] --END-- [ RunTime:0.001045s ]
SQL: SHOW COLUMNS FROM `comment` [ RunTime:0.0925s ]
SQL: SELECT * FROM `comment` WHERE ( `for_news` is NULL and `for_comment` is NULL ) ORDER BY id desc LIMIT 0,3   [ RunTime:0.0006s ]
SQL: SELECT * FROM `comment` WHERE ( `for_comment`=54 ) LIMIT 1   [ RunTime:0.0004s ]
SQL: SELECT * FROM `comment` WHERE ( `for_comment`=53 ) LIMIT 1   [ RunTime:0.0004s ]
SQL: SELECT * FROM `comment` WHERE ( `for_comment`=24 ) LIMIT 1   [ RunTime:0.0003s ]

[ 2015-09-10T21:58:56+08:00 ] fe80::6066:d1e6:3265:c457 /yao/thinkphp/index.php//Home/index/postComment
INFO: [ app_init ] --START--
INFO: Run Behavior\BuildLiteBehavior [ RunTime:0.000037s ]
INFO: [ app_init ] --END-- [ RunTime:0.000578s ]
INFO: [ app_begin ] --START--
INFO: Run Behavior\ReadHtmlCacheBehavior [ RunTime:0.000937s ]
INFO: [ app_begin ] --END-- [ RunTime:0.001225s ]
SQL: SHOW COLUMNS FROM `comment` [ RunTime:0.0176s ]
SQL: INSERT INTO `comment` (`for_news`,`for_comment`,`author`,`mail`,`content`) VALUES (NULL,NULL,'周予维','y.w.zhou@hotmail.com','哈哈哈哈') [ RunTime:0.1182s ]
INFO: [ app_end ] --START--
INFO: Run Behavior\ShowPageTraceBehavior [ RunTime:0.001386s ]
INFO: [ app_end ] --END-- [ RunTime:0.001752s ]

[ 2015-09-10T21:59:50+08:00 ] ::1 /yao/thinkphp/index.php//Home/index/getGlobalComment/page/0/number/3
INFO: [ app_init ] --START--
INFO: Run Behavior\BuildLiteBehavior [ RunTime:0.000063s ]
INFO: [ app_init ] --END-- [ RunTime:0.000936s ]
INFO: [ app_begin ] --START--
INFO: Run Behavior\ReadHtmlCacheBehavior [ RunTime:0.001015s ]
INFO: [ app_begin ] --END-- [ RunTime:0.001303s ]
SQL: SHOW COLUMNS FROM `comment` [ RunTime:0.0119s ]
SQL: SELECT * FROM `comment` WHERE ( `for_news` is NULL and `for_comment` is NULL ) ORDER BY id desc LIMIT 0,3   [ RunTime:0.0004s ]
SQL: SELECT * FROM `comment` WHERE ( `for_comment`=56 ) LIMIT 1   [ RunTime:0.0003s ]
SQL: SELECT * FROM `comment` WHERE ( `for_comment`=54 ) LIMIT 1   [ RunTime:0.0003s ]
SQL: SELECT * FROM `comment` WHERE ( `for_comment`=53 ) LIMIT 1   [ RunTime:0.0003s ]

[ 2015-09-10T21:59:51+08:00 ] ::1 /yao/thinkphp/index.php//Home/index/getGlobalComment/page/0/number/3
INFO: [ app_init ] --START--
INFO: Run Behavior\BuildLiteBehavior [ RunTime:0.000059s ]
INFO: [ app_init ] --END-- [ RunTime:0.000822s ]
INFO: [ app_begin ] --START--
INFO: Run Behavior\ReadHtmlCacheBehavior [ RunTime:0.000961s ]
INFO: [ app_begin ] --END-- [ RunTime:0.001220s ]
SQL: SHOW COLUMNS FROM `comment` [ RunTime:0.0110s ]
SQL: SELECT * FROM `comment` WHERE ( `for_news` is NULL and `for_comment` is NULL ) ORDER BY id desc LIMIT 0,3   [ RunTime:0.0004s ]
SQL: SELECT * FROM `comment` WHERE ( `for_comment`=56 ) LIMIT 1   [ RunTime:0.0003s ]
SQL: SELECT * FROM `comment` WHERE ( `for_comment`=54 ) LIMIT 1   [ RunTime:0.0004s ]
SQL: SELECT * FROM `comment` WHERE ( `for_comment`=53 ) LIMIT 1   [ RunTime:0.0005s ]

[ 2015-09-10T22:00:24+08:00 ] fe80::6066:d1e6:3265:c457 /yao/thinkphp/index.php//Home/index/postComment
INFO: [ app_init ] --START--
INFO: Run Behavior\BuildLiteBehavior [ RunTime:0.000036s ]
INFO: [ app_init ] --END-- [ RunTime:0.000699s ]
INFO: [ app_begin ] --START--
INFO: Run Behavior\ReadHtmlCacheBehavior [ RunTime:0.001183s ]
INFO: [ app_begin ] --END-- [ RunTime:0.001441s ]
SQL: SHOW COLUMNS FROM `comment` [ RunTime:0.0141s ]
SQL: INSERT INTO `comment` (`for_news`,`for_comment`,`author`,`mail`,`content`) VALUES (NULL,NULL,'瞿佳庆','jiaqing_qu@yeah.net','你都没记录一下我是女子') [ RunTime:0.1520s ]
INFO: [ app_end ] --START--
INFO: Run Behavior\ShowPageTraceBehavior [ RunTime:0.001779s ]
INFO: [ app_end ] --END-- [ RunTime:0.002177s ]

[ 2015-09-10T22:04:31+08:00 ] ::1 /yao/thinkphp/index.php//Home/index/getGlobalComment/page/0/number/3
INFO: [ app_init ] --START--
INFO: Run Behavior\BuildLiteBehavior [ RunTime:0.000049s ]
INFO: [ app_init ] --END-- [ RunTime:0.000821s ]
INFO: [ app_begin ] --START--
INFO: Run Behavior\ReadHtmlCacheBehavior [ RunTime:0.001074s ]
INFO: [ app_begin ] --END-- [ RunTime:0.001319s ]
SQL: SHOW COLUMNS FROM `comment` [ RunTime:0.0147s ]
SQL: SELECT * FROM `comment` WHERE ( `for_news` is NULL and `for_comment` is NULL ) ORDER BY id desc LIMIT 0,3   [ RunTime:0.3259s ]
SQL: SELECT * FROM `comment` WHERE ( `for_comment`=57 ) LIMIT 1   [ RunTime:0.0010s ]
SQL: SELECT * FROM `comment` WHERE ( `for_comment`=56 ) LIMIT 1   [ RunTime:0.0008s ]
SQL: SELECT * FROM `comment` WHERE ( `for_comment`=54 ) LIMIT 1   [ RunTime:0.0007s ]

[ 2015-09-10T22:05:47+08:00 ] ::1 /yao/thinkphp/index.php//Home/index/getGlobalComment/page/0/number/3
INFO: [ app_init ] --START--
INFO: Run Behavior\BuildLiteBehavior [ RunTime:0.000054s ]
INFO: [ app_init ] --END-- [ RunTime:0.000984s ]
INFO: [ app_begin ] --START--
INFO: Run Behavior\ReadHtmlCacheBehavior [ RunTime:0.000915s ]
INFO: [ app_begin ] --END-- [ RunTime:0.001163s ]
SQL: SHOW COLUMNS FROM `comment` [ RunTime:0.0221s ]
SQL: SELECT * FROM `comment` WHERE ( `for_news` is NULL and `for_comment` is NULL ) ORDER BY id desc LIMIT 0,3   [ RunTime:0.0010s ]
SQL: SELECT * FROM `comment` WHERE ( `for_comment`=57 ) LIMIT 1   [ RunTime:0.0006s ]
SQL: SELECT * FROM `comment` WHERE ( `for_comment`=56 ) LIMIT 1   [ RunTime:0.0005s ]
SQL: SELECT * FROM `comment` WHERE ( `for_comment`=54 ) LIMIT 1   [ RunTime:0.0004s ]

[ 2015-09-10T22:06:06+08:00 ] fe80::6066:d1e6:3265:c457 /yao/thinkphp/index.php//Home/index/postComment
INFO: [ app_init ] --START--
INFO: Run Behavior\BuildLiteBehavior [ RunTime:0.000046s ]
INFO: [ app_init ] --END-- [ RunTime:0.000761s ]
INFO: [ app_begin ] --START--
INFO: Run Behavior\ReadHtmlCacheBehavior [ RunTime:0.001064s ]
INFO: [ app_begin ] --END-- [ RunTime:0.001306s ]
SQL: SHOW COLUMNS FROM `comment` [ RunTime:0.0127s ]
SQL: INSERT INTO `comment` (`for_news`,`for_comment`,`author`,`mail`,`content`) VALUES (NULL,NULL,'Zhou Yuwei','y.w.zhou@hotmail.com','我告诉你电话号码了哦') [ RunTime:0.0484s ]
INFO: [ app_end ] --START--
INFO: Run Behavior\ShowPageTraceBehavior [ RunTime:0.000993s ]
INFO: [ app_end ] --END-- [ RunTime:0.001161s ]

[ 2015-09-10T22:11:51+08:00 ] ::1 /yao/thinkphp/index.php//Home/index/getGlobalComment/page/0/number/3
INFO: [ app_init ] --START--
INFO: Run Behavior\BuildLiteBehavior [ RunTime:0.000053s ]
INFO: [ app_init ] --END-- [ RunTime:0.000864s ]
INFO: [ app_begin ] --START--
INFO: Run Behavior\ReadHtmlCacheBehavior [ RunTime:0.001025s ]
INFO: [ app_begin ] --END-- [ RunTime:0.001317s ]
SQL: SHOW COLUMNS FROM `comment` [ RunTime:0.1190s ]
SQL: SELECT * FROM `comment` WHERE ( `for_news` is NULL and `for_comment` is NULL ) ORDER BY id desc LIMIT 0,3   [ RunTime:0.0251s ]
SQL: SELECT * FROM `comment` WHERE ( `for_comment`=58 ) LIMIT 1   [ RunTime:0.0005s ]
SQL: SELECT * FROM `comment` WHERE ( `for_comment`=57 ) LIMIT 1   [ RunTime:0.0004s ]
SQL: SELECT * FROM `comment` WHERE ( `for_comment`=56 ) LIMIT 1   [ RunTime:0.0004s ]

[ 2015-09-10T22:11:52+08:00 ] ::1 /yao/thinkphp/index.php//Home/index/getGlobalComment/page/0/number/3
INFO: [ app_init ] --START--
INFO: Run Behavior\BuildLiteBehavior [ RunTime:0.000038s ]
INFO: [ app_init ] --END-- [ RunTime:0.000617s ]
INFO: [ app_begin ] --START--
INFO: Run Behavior\ReadHtmlCacheBehavior [ RunTime:0.000995s ]
INFO: [ app_begin ] --END-- [ RunTime:0.001275s ]
SQL: SHOW COLUMNS FROM `comment` [ RunTime:0.0151s ]
SQL: SELECT * FROM `comment` WHERE ( `for_news` is NULL and `for_comment` is NULL ) ORDER BY id desc LIMIT 0,3   [ RunTime:0.0009s ]
SQL: SELECT * FROM `comment` WHERE ( `for_comment`=58 ) LIMIT 1   [ RunTime:0.0008s ]
SQL: SELECT * FROM `comment` WHERE ( `for_comment`=57 ) LIMIT 1   [ RunTime:0.0003s ]
SQL: SELECT * FROM `comment` WHERE ( `for_comment`=56 ) LIMIT 1   [ RunTime:0.0003s ]

[ 2015-09-10T22:12:26+08:00 ] fe80::6066:d1e6:3265:c457 /yao/thinkphp/index.php//Home/index/postComment
INFO: [ app_init ] --START--
INFO: Run Behavior\BuildLiteBehavior [ RunTime:0.000058s ]
INFO: [ app_init ] --END-- [ RunTime:0.000901s ]
INFO: [ app_begin ] --START--
INFO: Run Behavior\ReadHtmlCacheBehavior [ RunTime:0.002251s ]
INFO: [ app_begin ] --END-- [ RunTime:0.002630s ]
SQL: SHOW COLUMNS FROM `comment` [ RunTime:0.0148s ]
SQL: INSERT INTO `comment` (`for_news`,`for_comment`,`author`,`mail`,`content`) VALUES (NULL,NULL,'长者','zhangzhe@jiang.com','今天我作为长者给你讲点人生的道理') [ RunTime:0.0723s ]
INFO: [ app_end ] --START--
INFO: Run Behavior\ShowPageTraceBehavior [ RunTime:0.001041s ]
INFO: [ app_end ] --END-- [ RunTime:0.001270s ]

[ 2015-09-10T22:13:37+08:00 ] ::1 /yao/thinkphp/index.php//Home/index/getGlobalComment/page/0/number/3
INFO: [ app_init ] --START--
INFO: Run Behavior\BuildLiteBehavior [ RunTime:0.000064s ]
INFO: [ app_init ] --END-- [ RunTime:0.000978s ]
INFO: [ app_begin ] --START--
INFO: Run Behavior\ReadHtmlCacheBehavior [ RunTime:0.001146s ]
INFO: [ app_begin ] --END-- [ RunTime:0.001505s ]
SQL: SHOW COLUMNS FROM `comment` [ RunTime:0.0147s ]
SQL: SELECT * FROM `comment` WHERE ( `for_news` is NULL and `for_comment` is NULL ) ORDER BY id desc LIMIT 0,3   [ RunTime:0.0006s ]
SQL: SELECT * FROM `comment` WHERE ( `for_comment`=59 ) LIMIT 1   [ RunTime:0.0004s ]
SQL: SELECT * FROM `comment` WHERE ( `for_comment`=58 ) LIMIT 1   [ RunTime:0.0004s ]
SQL: SELECT * FROM `comment` WHERE ( `for_comment`=57 ) LIMIT 1   [ RunTime:0.0004s ]

[ 2015-09-10T22:13:38+08:00 ] ::1 /yao/thinkphp/index.php//Home/index/getGlobalComment/page/0/number/3
INFO: [ app_init ] --START--
INFO: Run Behavior\BuildLiteBehavior [ RunTime:0.000036s ]
INFO: [ app_init ] --END-- [ RunTime:0.000587s ]
INFO: [ app_begin ] --START--
INFO: Run Behavior\ReadHtmlCacheBehavior [ RunTime:0.001957s ]
INFO: [ app_begin ] --END-- [ RunTime:0.002631s ]
SQL: SHOW COLUMNS FROM `comment` [ RunTime:0.0155s ]
SQL: SELECT * FROM `comment` WHERE ( `for_news` is NULL and `for_comment` is NULL ) ORDER BY id desc LIMIT 0,3   [ RunTime:0.0005s ]
SQL: SELECT * FROM `comment` WHERE ( `for_comment`=59 ) LIMIT 1   [ RunTime:0.0003s ]
SQL: SELECT * FROM `comment` WHERE ( `for_comment`=58 ) LIMIT 1   [ RunTime:0.0004s ]
SQL: SELECT * FROM `comment` WHERE ( `for_comment`=57 ) LIMIT 1   [ RunTime:0.0003s ]

[ 2015-09-10T22:13:56+08:00 ] fe80::6066:d1e6:3265:c457 /yao/thinkphp/index.php//Home/index/postComment
INFO: [ app_init ] --START--
INFO: Run Behavior\BuildLiteBehavior [ RunTime:0.000062s ]
INFO: [ app_init ] --END-- [ RunTime:0.001597s ]
INFO: [ app_begin ] --START--
INFO: Run Behavior\ReadHtmlCacheBehavior [ RunTime:0.001217s ]
INFO: [ app_begin ] --END-- [ RunTime:0.001484s ]
SQL: SHOW COLUMNS FROM `comment` [ RunTime:0.0156s ]
SQL: INSERT INTO `comment` (`for_news`,`for_comment`,`author`,`mail`,`content`) VALUES (NULL,NULL,'大大','dada@xi.com','我要月饼') [ RunTime:0.0887s ]
INFO: [ app_end ] --START--
INFO: Run Behavior\ShowPageTraceBehavior [ RunTime:0.001332s ]
INFO: [ app_end ] --END-- [ RunTime:0.001582s ]

[ 2015-09-10T22:14:03+08:00 ] ::1 /yao/thinkphp/index.php//Home/index/getGlobalComment/page/0/number/3
INFO: [ app_init ] --START--
INFO: Run Behavior\BuildLiteBehavior [ RunTime:0.000098s ]
INFO: [ app_init ] --END-- [ RunTime:0.001994s ]
INFO: [ app_begin ] --START--
INFO: Run Behavior\ReadHtmlCacheBehavior [ RunTime:0.003415s ]
INFO: [ app_begin ] --END-- [ RunTime:0.003972s ]
SQL: SHOW COLUMNS FROM `comment` [ RunTime:0.0186s ]
SQL: SELECT * FROM `comment` WHERE ( `for_news` is NULL and `for_comment` is NULL ) ORDER BY id desc LIMIT 0,3   [ RunTime:0.0005s ]
SQL: SELECT * FROM `comment` WHERE ( `for_comment`=60 ) LIMIT 1   [ RunTime:0.0004s ]
SQL: SELECT * FROM `comment` WHERE ( `for_comment`=59 ) LIMIT 1   [ RunTime:0.0003s ]
SQL: SELECT * FROM `comment` WHERE ( `for_comment`=58 ) LIMIT 1   [ RunTime:0.0003s ]

