[ 2015-07-30T21:16:28+08:00 ] ::1 /yao/thinkphp/index.php//Home/index/getDirectionCollections/number/3/length/100
INFO: [ app_init ] --START--
INFO: Run Behavior\BuildLiteBehavior [ RunTime:0.000036s ]
INFO: [ app_init ] --END-- [ RunTime:0.000584s ]
INFO: [ app_begin ] --START--
INFO: Run Behavior\ReadHtmlCacheBehavior [ RunTime:0.000871s ]
INFO: [ app_begin ] --END-- [ RunTime:0.001065s ]
SQL: select news.content, news.date, news.id, news.title, news.thumb, user.name, user.icon from news, user where news.type='direction' and news.author=user.username order by id desc limit 3 [ RunTime:0.0128s ]

[ 2015-07-30T22:30:32+08:00 ] ::1 /yao/thinkphp/index.php//Home/index/getGlobalComment/number/4
INFO: [ app_init ] --START--
INFO: Run Behavior\BuildLiteBehavior [ RunTime:0.000049s ]
INFO: [ app_init ] --END-- [ RunTime:0.000822s ]
INFO: [ app_begin ] --START--
INFO: Run Behavior\ReadHtmlCacheBehavior [ RunTime:0.001161s ]
INFO: [ app_begin ] --END-- [ RunTime:0.001398s ]
SQL: SHOW COLUMNS FROM `comment` [ RunTime:0.0160s ]
SQL: SELECT `id`,`date`,`content` FROM `comment` WHERE ( `for_news` is NULL ) ORDER BY id desc LIMIT 4   [ RunTime:0.0006s ]

[ 2015-07-30T22:34:02+08:00 ] ::1 /yao/thinkphp/index.php//Home/index/getNews/newsId/2
INFO: [ app_init ] --START--
INFO: Run Behavior\BuildLiteBehavior [ RunTime:0.000045s ]
INFO: [ app_init ] --END-- [ RunTime:0.000768s ]
INFO: [ app_begin ] --START--
INFO: Run Behavior\ReadHtmlCacheBehavior [ RunTime:0.001670s ]
INFO: [ app_begin ] --END-- [ RunTime:0.002087s ]
SQL: SHOW COLUMNS FROM `news` [ RunTime:0.0151s ]
SQL: SELECT * FROM `news` WHERE `id` = 2  [ RunTime:0.0005s ]

[ 2015-07-30T22:34:02+08:00 ] ::1 /yao/thinkphp/index.php//Home/index/getRelatedLink/article/2
INFO: [ app_init ] --START--
INFO: Run Behavior\BuildLiteBehavior [ RunTime:0.000036s ]
INFO: [ app_init ] --END-- [ RunTime:0.000629s ]
INFO: [ app_begin ] --START--
INFO: Run Behavior\ReadHtmlCacheBehavior [ RunTime:0.000853s ]
INFO: [ app_begin ] --END-- [ RunTime:0.001027s ]
SQL: SHOW COLUMNS FROM `link` [ RunTime:0.0114s ]
SQL: SELECT `title`,`uri` FROM `link` WHERE ( `for_news` = 2 and `type` = 'reference' )  [ RunTime:0.0004s ]

[ 2015-07-30T22:34:02+08:00 ] ::1 /yao/thinkphp/index.php//Home/index/getFriendlyLink/article/2
INFO: [ app_init ] --START--
INFO: Run Behavior\BuildLiteBehavior [ RunTime:0.000051s ]
INFO: [ app_init ] --END-- [ RunTime:0.000697s ]
INFO: [ app_begin ] --START--
INFO: Run Behavior\ReadHtmlCacheBehavior [ RunTime:0.000857s ]
INFO: [ app_begin ] --END-- [ RunTime:0.001034s ]
SQL: SHOW COLUMNS FROM `link` [ RunTime:0.0068s ]
SQL: SELECT `title`,`uri` FROM `link` WHERE ( `for_news` = 2 and `type` = 'friendly' )  [ RunTime:0.0004s ]

[ 2015-07-30T22:34:12+08:00 ] ::1 /yao/thinkphp/index.php//Home/index/getNews/newsId/1
INFO: [ app_init ] --START--
INFO: Run Behavior\BuildLiteBehavior [ RunTime:0.000061s ]
INFO: [ app_init ] --END-- [ RunTime:0.000991s ]
INFO: [ app_begin ] --START--
INFO: Run Behavior\ReadHtmlCacheBehavior [ RunTime:0.001385s ]
INFO: [ app_begin ] --END-- [ RunTime:0.001701s ]
SQL: SHOW COLUMNS FROM `news` [ RunTime:0.0097s ]
SQL: SELECT * FROM `news` WHERE `id` = 1  [ RunTime:0.0003s ]

[ 2015-07-30T22:34:12+08:00 ] ::1 /yao/thinkphp/index.php//Home/index/getRelatedLink/article/1
INFO: [ app_init ] --START--
INFO: Run Behavior\BuildLiteBehavior [ RunTime:0.000056s ]
INFO: [ app_init ] --END-- [ RunTime:0.000908s ]
INFO: [ app_begin ] --START--
INFO: Run Behavior\ReadHtmlCacheBehavior [ RunTime:0.000954s ]
INFO: [ app_begin ] --END-- [ RunTime:0.001126s ]
SQL: SHOW COLUMNS FROM `link` [ RunTime:0.0083s ]
SQL: SELECT `title`,`uri` FROM `link` WHERE ( `for_news` = 1 and `type` = 'reference' )  [ RunTime:0.0003s ]

[ 2015-07-30T22:34:12+08:00 ] ::1 /yao/thinkphp/index.php//Home/index/getFriendlyLink/article/1
INFO: [ app_init ] --START--
INFO: Run Behavior\BuildLiteBehavior [ RunTime:0.000037s ]
INFO: [ app_init ] --END-- [ RunTime:0.000601s ]
INFO: [ app_begin ] --START--
INFO: Run Behavior\ReadHtmlCacheBehavior [ RunTime:0.001059s ]
INFO: [ app_begin ] --END-- [ RunTime:0.001238s ]
SQL: SHOW COLUMNS FROM `link` [ RunTime:0.0051s ]
SQL: SELECT `title`,`uri` FROM `link` WHERE ( `for_news` = 1 and `type` = 'friendly' )  [ RunTime:0.0003s ]

[ 2015-07-30T22:34:24+08:00 ] ::1 /yao/thinkphp/index.php//Home/index/getNews/newsId/2
INFO: [ app_init ] --START--
INFO: Run Behavior\BuildLiteBehavior [ RunTime:0.000061s ]
INFO: [ app_init ] --END-- [ RunTime:0.001221s ]
INFO: [ app_begin ] --START--
INFO: Run Behavior\ReadHtmlCacheBehavior [ RunTime:0.000819s ]
INFO: [ app_begin ] --END-- [ RunTime:0.000990s ]
SQL: SHOW COLUMNS FROM `news` [ RunTime:0.0092s ]
SQL: SELECT * FROM `news` WHERE `id` = 2  [ RunTime:0.0004s ]

[ 2015-07-30T22:34:24+08:00 ] ::1 /yao/thinkphp/index.php//Home/index/getRelatedLink/article/2
INFO: [ app_init ] --START--
INFO: Run Behavior\BuildLiteBehavior [ RunTime:0.000037s ]
INFO: [ app_init ] --END-- [ RunTime:0.000619s ]
INFO: [ app_begin ] --START--
INFO: Run Behavior\ReadHtmlCacheBehavior [ RunTime:0.000950s ]
INFO: [ app_begin ] --END-- [ RunTime:0.001190s ]
SQL: SHOW COLUMNS FROM `link` [ RunTime:0.0088s ]
SQL: SELECT `title`,`uri` FROM `link` WHERE ( `for_news` = 2 and `type` = 'reference' )  [ RunTime:0.0004s ]

[ 2015-07-30T22:34:24+08:00 ] ::1 /yao/thinkphp/index.php//Home/index/getFriendlyLink/article/2
INFO: [ app_init ] --START--
INFO: Run Behavior\BuildLiteBehavior [ RunTime:0.000081s ]
INFO: [ app_init ] --END-- [ RunTime:0.000958s ]
INFO: [ app_begin ] --START--
INFO: Run Behavior\ReadHtmlCacheBehavior [ RunTime:0.001446s ]
INFO: [ app_begin ] --END-- [ RunTime:0.001666s ]
SQL: SHOW COLUMNS FROM `link` [ RunTime:0.0068s ]
SQL: SELECT `title`,`uri` FROM `link` WHERE ( `for_news` = 2 and `type` = 'friendly' )  [ RunTime:0.0003s ]

[ 2015-07-30T22:38:09+08:00 ] ::1 /yao/thinkphp/index.php//Home/index/getNews/newsId/1
INFO: [ app_init ] --START--
INFO: Run Behavior\BuildLiteBehavior [ RunTime:0.000048s ]
INFO: [ app_init ] --END-- [ RunTime:0.000788s ]
INFO: [ app_begin ] --START--
INFO: Run Behavior\ReadHtmlCacheBehavior [ RunTime:0.001188s ]
INFO: [ app_begin ] --END-- [ RunTime:0.001424s ]
SQL: SHOW COLUMNS FROM `news` [ RunTime:0.0109s ]
SQL: SELECT * FROM `news` WHERE `id` = 1  [ RunTime:0.0008s ]

[ 2015-07-30T22:38:09+08:00 ] ::1 /yao/thinkphp/index.php//Home/index/getRelatedLink/article/1
INFO: [ app_init ] --START--
INFO: Run Behavior\BuildLiteBehavior [ RunTime:0.000078s ]
INFO: [ app_init ] --END-- [ RunTime:0.001214s ]
INFO: [ app_begin ] --START--
INFO: Run Behavior\ReadHtmlCacheBehavior [ RunTime:0.001224s ]
INFO: [ app_begin ] --END-- [ RunTime:0.001533s ]
SQL: SHOW COLUMNS FROM `link` [ RunTime:0.0105s ]
SQL: SELECT `title`,`uri` FROM `link` WHERE ( `for_news` = 1 and `type` = 'reference' )  [ RunTime:0.0006s ]

[ 2015-07-30T22:38:09+08:00 ] ::1 /yao/thinkphp/index.php//Home/index/getFriendlyLink/article/1
INFO: [ app_init ] --START--
INFO: Run Behavior\BuildLiteBehavior [ RunTime:0.000036s ]
INFO: [ app_init ] --END-- [ RunTime:0.000596s ]
INFO: [ app_begin ] --START--
INFO: Run Behavior\ReadHtmlCacheBehavior [ RunTime:0.000868s ]
INFO: [ app_begin ] --END-- [ RunTime:0.001034s ]
SQL: SHOW COLUMNS FROM `link` [ RunTime:0.0047s ]
SQL: SELECT `title`,`uri` FROM `link` WHERE ( `for_news` = 1 and `type` = 'friendly' )  [ RunTime:0.0004s ]

[ 2015-07-30T22:40:34+08:00 ] ::1 /yao/thinkphp/index.php//Home/index/getGlobalComment/number/4
INFO: [ app_init ] --START--
INFO: Run Behavior\BuildLiteBehavior [ RunTime:0.000038s ]
INFO: [ app_init ] --END-- [ RunTime:0.000677s ]
INFO: [ app_begin ] --START--
INFO: Run Behavior\ReadHtmlCacheBehavior [ RunTime:0.000857s ]
INFO: [ app_begin ] --END-- [ RunTime:0.001208s ]
SQL: SHOW COLUMNS FROM `comment` [ RunTime:0.0117s ]
SQL: SELECT `id`,`date`,`content` FROM `comment` WHERE ( `for_news` is NULL ) ORDER BY id desc LIMIT 4   [ RunTime:0.0005s ]

[ 2015-07-30T22:41:11+08:00 ] ::1 /yao/thinkphp/index.php//Home/index/getGlobalComment/number/4
INFO: [ app_init ] --START--
INFO: Run Behavior\BuildLiteBehavior [ RunTime:0.000082s ]
INFO: [ app_init ] --END-- [ RunTime:0.001497s ]
INFO: [ app_begin ] --START--
INFO: Run Behavior\ReadHtmlCacheBehavior [ RunTime:0.002473s ]
INFO: [ app_begin ] --END-- [ RunTime:0.003209s ]
SQL: SHOW COLUMNS FROM `comment` [ RunTime:0.0234s ]
SQL: SELECT `author`,`id`,`date`,`content` FROM `comment` WHERE ( `for_news` is NULL ) ORDER BY id desc LIMIT 4   [ RunTime:0.0012s ]

[ 2015-07-30T22:41:33+08:00 ] ::1 /yao/thinkphp/index.php//Home/index/getGlobalComment/number/4
INFO: [ app_init ] --START--
INFO: Run Behavior\BuildLiteBehavior [ RunTime:0.000094s ]
INFO: [ app_init ] --END-- [ RunTime:0.002040s ]
INFO: [ app_begin ] --START--
INFO: Run Behavior\ReadHtmlCacheBehavior [ RunTime:0.002933s ]
INFO: [ app_begin ] --END-- [ RunTime:0.003579s ]
SQL: SHOW COLUMNS FROM `comment` [ RunTime:0.0143s ]
SQL: SELECT `author`,`id`,`date`,`content` FROM `comment` WHERE ( `for_news` is NULL ) ORDER BY id desc LIMIT 4   [ RunTime:0.0006s ]

[ 2015-07-30T22:42:08+08:00 ] ::1 /yao/thinkphp/index.php//Home/index/getGlobalComment/number/4
INFO: [ app_init ] --START--
INFO: Run Behavior\BuildLiteBehavior [ RunTime:0.000046s ]
INFO: [ app_init ] --END-- [ RunTime:0.000767s ]
INFO: [ app_begin ] --START--
INFO: Run Behavior\ReadHtmlCacheBehavior [ RunTime:0.001095s ]
INFO: [ app_begin ] --END-- [ RunTime:0.001318s ]
SQL: SHOW COLUMNS FROM `comment` [ RunTime:0.0151s ]
SQL: SELECT `author`,`id`,`date`,`content` FROM `comment` WHERE ( `for_news` is NULL ) ORDER BY id desc LIMIT 4   [ RunTime:0.0005s ]

[ 2015-07-30T22:42:40+08:00 ] ::1 /yao/thinkphp/index.php//Home/index/postComment
INFO: [ app_init ] --START--
INFO: Run Behavior\BuildLiteBehavior [ RunTime:0.000046s ]
INFO: [ app_init ] --END-- [ RunTime:0.000925s ]
INFO: [ app_begin ] --START--
INFO: Run Behavior\ReadHtmlCacheBehavior [ RunTime:0.001119s ]
INFO: [ app_begin ] --END-- [ RunTime:0.001366s ]
SQL: SHOW COLUMNS FROM `comment` [ RunTime:0.0153s ]
SQL: INSERT INTO `comment` (`for_news`,`for_comment`,`author`,`mail`,`content`) VALUES (NULL,NULL,'喵喵','miao@miao.com','或发送卡') [ RunTime:0.0741s ]
INFO: [ app_end ] --START--
INFO: Run Behavior\ShowPageTraceBehavior [ RunTime:0.002225s ]
INFO: [ app_end ] --END-- [ RunTime:0.002572s ]

[ 2015-07-30T22:42:40+08:00 ] ::1 /yao/thinkphp/index.php//Home/index/getGlobalComment/number/4
INFO: [ app_init ] --START--
INFO: Run Behavior\BuildLiteBehavior [ RunTime:0.000036s ]
INFO: [ app_init ] --END-- [ RunTime:0.000642s ]
INFO: [ app_begin ] --START--
INFO: Run Behavior\ReadHtmlCacheBehavior [ RunTime:0.000935s ]
INFO: [ app_begin ] --END-- [ RunTime:0.001101s ]
SQL: SHOW COLUMNS FROM `comment` [ RunTime:0.0055s ]
SQL: SELECT `author`,`id`,`date`,`content` FROM `comment` WHERE ( `for_news` is NULL ) ORDER BY id desc LIMIT 4   [ RunTime:0.0012s ]

[ 2015-07-30T22:44:17+08:00 ] ::1 /yao/thinkphp/index.php//Home/index/getGlobalComment/number/4
INFO: [ app_init ] --START--
INFO: Run Behavior\BuildLiteBehavior [ RunTime:0.000116s ]
INFO: [ app_init ] --END-- [ RunTime:0.002682s ]
INFO: [ app_begin ] --START--
INFO: Run Behavior\ReadHtmlCacheBehavior [ RunTime:0.003989s ]
INFO: [ app_begin ] --END-- [ RunTime:0.005267s ]
SQL: SHOW COLUMNS FROM `comment` [ RunTime:0.0133s ]
SQL: SELECT `author`,`id`,`date`,`content` FROM `comment` WHERE ( `for_news` is NULL ) ORDER BY id desc LIMIT 4   [ RunTime:0.0006s ]

[ 2015-07-30T22:57:35+08:00 ] ::1 /yao/thinkphp/index.php//Home/index/getGlobalComment/number/4
INFO: [ app_init ] --START--
INFO: Run Behavior\BuildLiteBehavior [ RunTime:0.000085s ]
INFO: [ app_init ] --END-- [ RunTime:0.001634s ]
INFO: [ app_begin ] --START--
INFO: Run Behavior\ReadHtmlCacheBehavior [ RunTime:0.003076s ]
INFO: [ app_begin ] --END-- [ RunTime:0.004073s ]
SQL: SHOW COLUMNS FROM `comment` [ RunTime:0.0117s ]
SQL: SELECT `author`,`id`,`date`,`content` FROM `comment` WHERE ( `for_news` is NULL ) ORDER BY id desc LIMIT 4   [ RunTime:0.0006s ]

[ 2015-07-30T22:58:06+08:00 ] ::1 /yao/thinkphp/index.php//Home/index/getNews/newsId/2
INFO: [ app_init ] --START--
INFO: Run Behavior\BuildLiteBehavior [ RunTime:0.000048s ]
INFO: [ app_init ] --END-- [ RunTime:0.000716s ]
INFO: [ app_begin ] --START--
INFO: Run Behavior\ReadHtmlCacheBehavior [ RunTime:0.000831s ]
INFO: [ app_begin ] --END-- [ RunTime:0.001069s ]
SQL: SHOW COLUMNS FROM `news` [ RunTime:0.0104s ]
SQL: SELECT * FROM `news` WHERE `id` = 2  [ RunTime:0.0005s ]

[ 2015-07-30T22:58:06+08:00 ] ::1 /yao/thinkphp/index.php//Home/index/getRelatedLink/article/2
INFO: [ app_init ] --START--
INFO: Run Behavior\BuildLiteBehavior [ RunTime:0.000047s ]
INFO: [ app_init ] --END-- [ RunTime:0.000737s ]
INFO: [ app_begin ] --START--
INFO: Run Behavior\ReadHtmlCacheBehavior [ RunTime:0.000796s ]
INFO: [ app_begin ] --END-- [ RunTime:0.001035s ]
SQL: SHOW COLUMNS FROM `link` [ RunTime:0.0100s ]
SQL: SELECT `title`,`uri` FROM `link` WHERE ( `for_news` = 2 and `type` = 'reference' )  [ RunTime:0.0007s ]

[ 2015-07-30T22:58:06+08:00 ] ::1 /yao/thinkphp/index.php//Home/index/getFriendlyLink/article/2
INFO: [ app_init ] --START--
INFO: Run Behavior\BuildLiteBehavior [ RunTime:0.000048s ]
INFO: [ app_init ] --END-- [ RunTime:0.000727s ]
INFO: [ app_begin ] --START--
INFO: Run Behavior\ReadHtmlCacheBehavior [ RunTime:0.000804s ]
INFO: [ app_begin ] --END-- [ RunTime:0.001031s ]
SQL: SHOW COLUMNS FROM `link` [ RunTime:0.0070s ]
SQL: SELECT `title`,`uri` FROM `link` WHERE ( `for_news` = 2 and `type` = 'friendly' )  [ RunTime:0.0005s ]

[ 2015-07-30T23:21:49+08:00 ] ::1 /yao/thinkphp/index.php//Home/index/search/key/%E5%98%BF
INFO: [ app_init ] --START--
INFO: Run Behavior\BuildLiteBehavior [ RunTime:0.000148s ]
INFO: [ app_init ] --END-- [ RunTime:0.002811s ]
INFO: [ app_begin ] --START--
INFO: Run Behavior\ReadHtmlCacheBehavior [ RunTime:0.002877s ]
INFO: [ app_begin ] --END-- [ RunTime:0.003579s ]
SQL: SHOW COLUMNS FROM `news` [ RunTime:0.0124s ]
NOTIC: [8] Undefined variable: res C:\wamp\www\yao\thinkphp\Application\Home\Controller\IndexController.class.php 第 133 行.
NOTIC: [8] Trying to get property of non-object C:\wamp\www\yao\thinkphp\Application\Home\Controller\IndexController.class.php 第 133 行.

[ 2015-07-30T23:22:18+08:00 ] ::1 /yao/thinkphp/index.php//Home/index/search/key/%E5%98%BF
INFO: [ app_init ] --START--
INFO: Run Behavior\BuildLiteBehavior [ RunTime:0.000101s ]
INFO: [ app_init ] --END-- [ RunTime:0.002213s ]
INFO: [ app_begin ] --START--
INFO: Run Behavior\ReadHtmlCacheBehavior [ RunTime:0.002084s ]
INFO: [ app_begin ] --END-- [ RunTime:0.002525s ]
SQL: SHOW COLUMNS FROM `news` [ RunTime:0.0228s ]
NOTIC: [8] Undefined variable: res C:\wamp\www\yao\thinkphp\Application\Home\Controller\IndexController.class.php 第 134 行.
NOTIC: [8] Trying to get property of non-object C:\wamp\www\yao\thinkphp\Application\Home\Controller\IndexController.class.php 第 134 行.

[ 2015-07-30T23:22:21+08:00 ] ::1 /yao/thinkphp/index.php//Home/index/search/key/%E5%98%BF
INFO: [ app_init ] --START--
INFO: Run Behavior\BuildLiteBehavior [ RunTime:0.000098s ]
INFO: [ app_init ] --END-- [ RunTime:0.001451s ]
INFO: [ app_begin ] --START--
INFO: Run Behavior\ReadHtmlCacheBehavior [ RunTime:0.001983s ]
INFO: [ app_begin ] --END-- [ RunTime:0.002384s ]
SQL: SHOW COLUMNS FROM `news` [ RunTime:0.0269s ]
NOTIC: [8] Undefined variable: res C:\wamp\www\yao\thinkphp\Application\Home\Controller\IndexController.class.php 第 134 行.
NOTIC: [8] Trying to get property of non-object C:\wamp\www\yao\thinkphp\Application\Home\Controller\IndexController.class.php 第 134 行.

[ 2015-07-30T23:22:33+08:00 ] ::1 /yao/thinkphp/index.php//Home/index/search/key/%E5%98%BF
INFO: [ app_init ] --START--
INFO: Run Behavior\BuildLiteBehavior [ RunTime:0.000088s ]
INFO: [ app_init ] --END-- [ RunTime:0.002068s ]
INFO: [ app_begin ] --START--
INFO: Run Behavior\ReadHtmlCacheBehavior [ RunTime:0.001314s ]
INFO: [ app_begin ] --END-- [ RunTime:0.001629s ]
SQL: SHOW COLUMNS FROM `news` [ RunTime:0.0170s ]
SQL: SELECT id, title  FROM `news` WHERE `content` LIKE '%嘿%' or `title` LIKE '%嘿%' [ RunTime:0.0006s ]

[ 2015-07-30T23:30:36+08:00 ] ::1 /yao/thinkphp/index.php//Home/index/search/key/%E5%98%BF%20%E4%BA%BA%E6%BD%AE
INFO: [ app_init ] --START--
INFO: Run Behavior\BuildLiteBehavior [ RunTime:0.000098s ]
INFO: [ app_init ] --END-- [ RunTime:0.001494s ]
INFO: [ app_begin ] --START--
INFO: Run Behavior\ReadHtmlCacheBehavior [ RunTime:0.002870s ]
INFO: [ app_begin ] --END-- [ RunTime:0.003446s ]
NOTIC: [8192] Function split() is deprecated C:\wamp\www\yao\thinkphp\Application\Home\Controller\IndexController.class.php 第 131 行.
SQL: SHOW COLUMNS FROM `news` [ RunTime:0.0121s ]
SQL: SELECT id, title  FROM `news` WHERE `content` LIKE '%嘿%' or `title` LIKE '%嘿%' [ RunTime:0.0007s ]
SQL: SELECT id, title  FROM `news` WHERE `content` LIKE '%人潮%' or `title` LIKE '%人潮%' [ RunTime:0.0003s ]
NOTIC: [8] Array to string conversion C:\wamp\www\yao\thinkphp\Application\Home\Controller\IndexController.class.php 第 140 行.
NOTIC: [8] Array to string conversion C:\wamp\www\yao\thinkphp\Application\Home\Controller\IndexController.class.php 第 140 行.
NOTIC: [8] Array to string conversion C:\wamp\www\yao\thinkphp\Application\Home\Controller\IndexController.class.php 第 140 行.
NOTIC: [8] Array to string conversion C:\wamp\www\yao\thinkphp\Application\Home\Controller\IndexController.class.php 第 140 行.
NOTIC: [8] Array to string conversion C:\wamp\www\yao\thinkphp\Application\Home\Controller\IndexController.class.php 第 140 行.
NOTIC: [8] Array to string conversion C:\wamp\www\yao\thinkphp\Application\Home\Controller\IndexController.class.php 第 140 行.
NOTIC: [8] Array to string conversion C:\wamp\www\yao\thinkphp\Application\Home\Controller\IndexController.class.php 第 140 行.
NOTIC: [8] Array to string conversion C:\wamp\www\yao\thinkphp\Application\Home\Controller\IndexController.class.php 第 140 行.
NOTIC: [8] Array to string conversion C:\wamp\www\yao\thinkphp\Application\Home\Controller\IndexController.class.php 第 140 行.
NOTIC: [8] Array to string conversion C:\wamp\www\yao\thinkphp\Application\Home\Controller\IndexController.class.php 第 140 行.
NOTIC: [8] Array to string conversion C:\wamp\www\yao\thinkphp\Application\Home\Controller\IndexController.class.php 第 140 行.
NOTIC: [8] Array to string conversion C:\wamp\www\yao\thinkphp\Application\Home\Controller\IndexController.class.php 第 140 行.
NOTIC: [8] Array to string conversion C:\wamp\www\yao\thinkphp\Application\Home\Controller\IndexController.class.php 第 140 行.
NOTIC: [8] Array to string conversion C:\wamp\www\yao\thinkphp\Application\Home\Controller\IndexController.class.php 第 140 行.

[ 2015-07-30T23:31:35+08:00 ] ::1 /yao/thinkphp/index.php//Home/index/search/key/%E5%98%BF%20%E4%BA%BA%E6%BD%AE
INFO: [ app_init ] --START--
INFO: Run Behavior\BuildLiteBehavior [ RunTime:0.000082s ]
INFO: [ app_init ] --END-- [ RunTime:0.001536s ]
INFO: [ app_begin ] --START--
INFO: Run Behavior\ReadHtmlCacheBehavior [ RunTime:0.002423s ]
INFO: [ app_begin ] --END-- [ RunTime:0.002936s ]
NOTIC: [8192] Function split() is deprecated C:\wamp\www\yao\thinkphp\Application\Home\Controller\IndexController.class.php 第 131 行.
SQL: SHOW COLUMNS FROM `news` [ RunTime:0.0220s ]
SQL: SELECT id, title  FROM `news` WHERE `content` LIKE '%嘿%' or `title` LIKE '%嘿%' [ RunTime:0.0007s ]
SQL: SELECT id, title  FROM `news` WHERE `content` LIKE '%人潮%' or `title` LIKE '%人潮%' [ RunTime:0.0006s ]
NOTIC: [8] Array to string conversion C:\wamp\www\yao\thinkphp\Application\Home\Controller\IndexController.class.php 第 140 行.
NOTIC: [8] Array to string conversion C:\wamp\www\yao\thinkphp\Application\Home\Controller\IndexController.class.php 第 140 行.
NOTIC: [8] Array to string conversion C:\wamp\www\yao\thinkphp\Application\Home\Controller\IndexController.class.php 第 140 行.
NOTIC: [8] Array to string conversion C:\wamp\www\yao\thinkphp\Application\Home\Controller\IndexController.class.php 第 140 行.
NOTIC: [8] Array to string conversion C:\wamp\www\yao\thinkphp\Application\Home\Controller\IndexController.class.php 第 140 行.
NOTIC: [8] Array to string conversion C:\wamp\www\yao\thinkphp\Application\Home\Controller\IndexController.class.php 第 140 行.
NOTIC: [8] Array to string conversion C:\wamp\www\yao\thinkphp\Application\Home\Controller\IndexController.class.php 第 140 行.
NOTIC: [8] Array to string conversion C:\wamp\www\yao\thinkphp\Application\Home\Controller\IndexController.class.php 第 140 行.
NOTIC: [8] Array to string conversion C:\wamp\www\yao\thinkphp\Application\Home\Controller\IndexController.class.php 第 140 行.
NOTIC: [8] Array to string conversion C:\wamp\www\yao\thinkphp\Application\Home\Controller\IndexController.class.php 第 140 行.
NOTIC: [8] Array to string conversion C:\wamp\www\yao\thinkphp\Application\Home\Controller\IndexController.class.php 第 140 行.
NOTIC: [8] Array to string conversion C:\wamp\www\yao\thinkphp\Application\Home\Controller\IndexController.class.php 第 140 行.
NOTIC: [8] Array to string conversion C:\wamp\www\yao\thinkphp\Application\Home\Controller\IndexController.class.php 第 140 行.
NOTIC: [8] Array to string conversion C:\wamp\www\yao\thinkphp\Application\Home\Controller\IndexController.class.php 第 140 行.

[ 2015-07-30T23:31:40+08:00 ] ::1 /yao/thinkphp/index.php//Home/index/search/key/%E5%98%BF%20%E4%BA%BA%E6%BD%AE%20%E5%85%B9%E7%93%B7
INFO: [ app_init ] --START--
INFO: Run Behavior\BuildLiteBehavior [ RunTime:0.000087s ]
INFO: [ app_init ] --END-- [ RunTime:0.002227s ]
INFO: [ app_begin ] --START--
INFO: Run Behavior\ReadHtmlCacheBehavior [ RunTime:0.003772s ]
INFO: [ app_begin ] --END-- [ RunTime:0.004480s ]
NOTIC: [8192] Function split() is deprecated C:\wamp\www\yao\thinkphp\Application\Home\Controller\IndexController.class.php 第 131 行.
SQL: SHOW COLUMNS FROM `news` [ RunTime:0.0134s ]
SQL: SELECT id, title  FROM `news` WHERE `content` LIKE '%嘿%' or `title` LIKE '%嘿%' [ RunTime:0.0005s ]
SQL: SELECT id, title  FROM `news` WHERE `content` LIKE '%人潮%' or `title` LIKE '%人潮%' [ RunTime:0.0004s ]
SQL: SELECT id, title  FROM `news` WHERE `content` LIKE '%兹瓷%' or `title` LIKE '%兹瓷%' [ RunTime:0.0004s ]
NOTIC: [8] Array to string conversion C:\wamp\www\yao\thinkphp\Application\Home\Controller\IndexController.class.php 第 140 行.
NOTIC: [8] Array to string conversion C:\wamp\www\yao\thinkphp\Application\Home\Controller\IndexController.class.php 第 140 行.
NOTIC: [8] Array to string conversion C:\wamp\www\yao\thinkphp\Application\Home\Controller\IndexController.class.php 第 140 行.
NOTIC: [8] Array to string conversion C:\wamp\www\yao\thinkphp\Application\Home\Controller\IndexController.class.php 第 140 行.
NOTIC: [8] Array to string conversion C:\wamp\www\yao\thinkphp\Application\Home\Controller\IndexController.class.php 第 140 行.
NOTIC: [8] Array to string conversion C:\wamp\www\yao\thinkphp\Application\Home\Controller\IndexController.class.php 第 140 行.
NOTIC: [8] Array to string conversion C:\wamp\www\yao\thinkphp\Application\Home\Controller\IndexController.class.php 第 140 行.
NOTIC: [8] Array to string conversion C:\wamp\www\yao\thinkphp\Application\Home\Controller\IndexController.class.php 第 140 行.
NOTIC: [8] Array to string conversion C:\wamp\www\yao\thinkphp\Application\Home\Controller\IndexController.class.php 第 140 行.
NOTIC: [8] Array to string conversion C:\wamp\www\yao\thinkphp\Application\Home\Controller\IndexController.class.php 第 140 行.
NOTIC: [8] Array to string conversion C:\wamp\www\yao\thinkphp\Application\Home\Controller\IndexController.class.php 第 140 行.
NOTIC: [8] Array to string conversion C:\wamp\www\yao\thinkphp\Application\Home\Controller\IndexController.class.php 第 140 行.
NOTIC: [8] Array to string conversion C:\wamp\www\yao\thinkphp\Application\Home\Controller\IndexController.class.php 第 140 行.
NOTIC: [8] Array to string conversion C:\wamp\www\yao\thinkphp\Application\Home\Controller\IndexController.class.php 第 140 行.
NOTIC: [8] Array to string conversion C:\wamp\www\yao\thinkphp\Application\Home\Controller\IndexController.class.php 第 140 行.
NOTIC: [8] Array to string conversion C:\wamp\www\yao\thinkphp\Application\Home\Controller\IndexController.class.php 第 140 行.
NOTIC: [8] Array to string conversion C:\wamp\www\yao\thinkphp\Application\Home\Controller\IndexController.class.php 第 140 行.
NOTIC: [8] Array to string conversion C:\wamp\www\yao\thinkphp\Application\Home\Controller\IndexController.class.php 第 140 行.
NOTIC: [8] Array to string conversion C:\wamp\www\yao\thinkphp\Application\Home\Controller\IndexController.class.php 第 140 行.
NOTIC: [8] Array to string conversion C:\wamp\www\yao\thinkphp\Application\Home\Controller\IndexController.class.php 第 140 行.

[ 2015-07-30T23:31:44+08:00 ] ::1 /yao/thinkphp/index.php//Home/index/search/key/%E5%98%BF%20%E4%BA%BA%E6%BD%AE%20%E5%85%B9%E7%93%B7
INFO: [ app_init ] --START--
INFO: Run Behavior\BuildLiteBehavior [ RunTime:0.000109s ]
INFO: [ app_init ] --END-- [ RunTime:0.001666s ]
INFO: [ app_begin ] --START--
INFO: Run Behavior\ReadHtmlCacheBehavior [ RunTime:0.002594s ]
INFO: [ app_begin ] --END-- [ RunTime:0.003109s ]
NOTIC: [8192] Function split() is deprecated C:\wamp\www\yao\thinkphp\Application\Home\Controller\IndexController.class.php 第 131 行.
SQL: SHOW COLUMNS FROM `news` [ RunTime:0.0277s ]
SQL: SELECT id, title  FROM `news` WHERE `content` LIKE '%嘿%' or `title` LIKE '%嘿%' [ RunTime:0.0009s ]
SQL: SELECT id, title  FROM `news` WHERE `content` LIKE '%人潮%' or `title` LIKE '%人潮%' [ RunTime:0.0007s ]
SQL: SELECT id, title  FROM `news` WHERE `content` LIKE '%兹瓷%' or `title` LIKE '%兹瓷%' [ RunTime:0.0007s ]
NOTIC: [8] Array to string conversion C:\wamp\www\yao\thinkphp\Application\Home\Controller\IndexController.class.php 第 140 行.
NOTIC: [8] Array to string conversion C:\wamp\www\yao\thinkphp\Application\Home\Controller\IndexController.class.php 第 140 行.
NOTIC: [8] Array to string conversion C:\wamp\www\yao\thinkphp\Application\Home\Controller\IndexController.class.php 第 140 行.
NOTIC: [8] Array to string conversion C:\wamp\www\yao\thinkphp\Application\Home\Controller\IndexController.class.php 第 140 行.
NOTIC: [8] Array to string conversion C:\wamp\www\yao\thinkphp\Application\Home\Controller\IndexController.class.php 第 140 行.
NOTIC: [8] Array to string conversion C:\wamp\www\yao\thinkphp\Application\Home\Controller\IndexController.class.php 第 140 行.
NOTIC: [8] Array to string conversion C:\wamp\www\yao\thinkphp\Application\Home\Controller\IndexController.class.php 第 140 行.
NOTIC: [8] Array to string conversion C:\wamp\www\yao\thinkphp\Application\Home\Controller\IndexController.class.php 第 140 行.
NOTIC: [8] Array to string conversion C:\wamp\www\yao\thinkphp\Application\Home\Controller\IndexController.class.php 第 140 行.
NOTIC: [8] Array to string conversion C:\wamp\www\yao\thinkphp\Application\Home\Controller\IndexController.class.php 第 140 行.
NOTIC: [8] Array to string conversion C:\wamp\www\yao\thinkphp\Application\Home\Controller\IndexController.class.php 第 140 行.
NOTIC: [8] Array to string conversion C:\wamp\www\yao\thinkphp\Application\Home\Controller\IndexController.class.php 第 140 行.
NOTIC: [8] Array to string conversion C:\wamp\www\yao\thinkphp\Application\Home\Controller\IndexController.class.php 第 140 行.
NOTIC: [8] Array to string conversion C:\wamp\www\yao\thinkphp\Application\Home\Controller\IndexController.class.php 第 140 行.
NOTIC: [8] Array to string conversion C:\wamp\www\yao\thinkphp\Application\Home\Controller\IndexController.class.php 第 140 行.
NOTIC: [8] Array to string conversion C:\wamp\www\yao\thinkphp\Application\Home\Controller\IndexController.class.php 第 140 行.
NOTIC: [8] Array to string conversion C:\wamp\www\yao\thinkphp\Application\Home\Controller\IndexController.class.php 第 140 行.
NOTIC: [8] Array to string conversion C:\wamp\www\yao\thinkphp\Application\Home\Controller\IndexController.class.php 第 140 行.
NOTIC: [8] Array to string conversion C:\wamp\www\yao\thinkphp\Application\Home\Controller\IndexController.class.php 第 140 行.
NOTIC: [8] Array to string conversion C:\wamp\www\yao\thinkphp\Application\Home\Controller\IndexController.class.php 第 140 行.

[ 2015-07-30T23:31:48+08:00 ] ::1 /yao/thinkphp/index.php//Home/index/search/key/%E5%98%BF
INFO: [ app_init ] --START--
INFO: Run Behavior\BuildLiteBehavior [ RunTime:0.000083s ]
INFO: [ app_init ] --END-- [ RunTime:0.001679s ]
INFO: [ app_begin ] --START--
INFO: Run Behavior\ReadHtmlCacheBehavior [ RunTime:0.002145s ]
INFO: [ app_begin ] --END-- [ RunTime:0.002590s ]
NOTIC: [8192] Function split() is deprecated C:\wamp\www\yao\thinkphp\Application\Home\Controller\IndexController.class.php 第 131 行.
SQL: SHOW COLUMNS FROM `news` [ RunTime:0.0120s ]
SQL: SELECT id, title  FROM `news` WHERE `content` LIKE '%嘿%' or `title` LIKE '%嘿%' [ RunTime:0.0004s ]
NOTIC: [8] Array to string conversion C:\wamp\www\yao\thinkphp\Application\Home\Controller\IndexController.class.php 第 140 行.
NOTIC: [8] Array to string conversion C:\wamp\www\yao\thinkphp\Application\Home\Controller\IndexController.class.php 第 140 行.
NOTIC: [8] Array to string conversion C:\wamp\www\yao\thinkphp\Application\Home\Controller\IndexController.class.php 第 140 行.
NOTIC: [8] Array to string conversion C:\wamp\www\yao\thinkphp\Application\Home\Controller\IndexController.class.php 第 140 行.
NOTIC: [8] Array to string conversion C:\wamp\www\yao\thinkphp\Application\Home\Controller\IndexController.class.php 第 140 行.
NOTIC: [8] Array to string conversion C:\wamp\www\yao\thinkphp\Application\Home\Controller\IndexController.class.php 第 140 行.
NOTIC: [8] Array to string conversion C:\wamp\www\yao\thinkphp\Application\Home\Controller\IndexController.class.php 第 140 行.
NOTIC: [8] Array to string conversion C:\wamp\www\yao\thinkphp\Application\Home\Controller\IndexController.class.php 第 140 行.

[ 2015-07-30T23:32:48+08:00 ] ::1 /yao/thinkphp/index.php//Home/index/search/key/%E5%98%BF
INFO: [ app_init ] --START--
INFO: Run Behavior\BuildLiteBehavior [ RunTime:0.000082s ]
INFO: [ app_init ] --END-- [ RunTime:0.001578s ]
INFO: [ app_begin ] --START--
INFO: Run Behavior\ReadHtmlCacheBehavior [ RunTime:0.003442s ]
INFO: [ app_begin ] --END-- [ RunTime:0.004448s ]

[ 2015-07-30T23:32:58+08:00 ] ::1 /yao/thinkphp/index.php//Home/index/search/key/%E5%98%BF
INFO: [ app_init ] --START--
INFO: Run Behavior\BuildLiteBehavior [ RunTime:0.000109s ]
INFO: [ app_init ] --END-- [ RunTime:0.001956s ]
INFO: [ app_begin ] --START--
INFO: Run Behavior\ReadHtmlCacheBehavior [ RunTime:0.002312s ]
INFO: [ app_begin ] --END-- [ RunTime:0.002767s ]
NOTIC: [8192] Function split() is deprecated C:\wamp\www\yao\thinkphp\Application\Home\Controller\IndexController.class.php 第 131 行.
SQL: SHOW COLUMNS FROM `news` [ RunTime:0.0238s ]
SQL: SELECT id, title  FROM `news` WHERE `content` LIKE '%嘿%' or `title` LIKE '%嘿%' [ RunTime:0.0011s ]
NOTIC: [8] Array to string conversion C:\wamp\www\yao\thinkphp\Application\Home\Controller\IndexController.class.php 第 139 行.
NOTIC: [8] Array to string conversion C:\wamp\www\yao\thinkphp\Application\Home\Controller\IndexController.class.php 第 142 行.
NOTIC: [8] Array to string conversion C:\wamp\www\yao\thinkphp\Application\Home\Controller\IndexController.class.php 第 142 行.
NOTIC: [8] Array to string conversion C:\wamp\www\yao\thinkphp\Application\Home\Controller\IndexController.class.php 第 142 行.
NOTIC: [8] Array to string conversion C:\wamp\www\yao\thinkphp\Application\Home\Controller\IndexController.class.php 第 142 行.
NOTIC: [8] Array to string conversion C:\wamp\www\yao\thinkphp\Application\Home\Controller\IndexController.class.php 第 142 行.
NOTIC: [8] Array to string conversion C:\wamp\www\yao\thinkphp\Application\Home\Controller\IndexController.class.php 第 142 行.
NOTIC: [8] Array to string conversion C:\wamp\www\yao\thinkphp\Application\Home\Controller\IndexController.class.php 第 142 行.
NOTIC: [8] Array to string conversion C:\wamp\www\yao\thinkphp\Application\Home\Controller\IndexController.class.php 第 142 行.

[ 2015-07-30T23:33:24+08:00 ] ::1 /yao/thinkphp/index.php//Home/index/search/key/%E5%98%BF%20%E4%BA%BA%E6%BD%AE%20%E5%85%B9%E7%93%B7
INFO: [ app_init ] --START--
INFO: Run Behavior\BuildLiteBehavior [ RunTime:0.000050s ]
INFO: [ app_init ] --END-- [ RunTime:0.000887s ]
INFO: [ app_begin ] --START--
INFO: Run Behavior\ReadHtmlCacheBehavior [ RunTime:0.001183s ]
INFO: [ app_begin ] --END-- [ RunTime:0.001427s ]
NOTIC: [8192] Function split() is deprecated C:\wamp\www\yao\thinkphp\Application\Home\Controller\IndexController.class.php 第 131 行.
SQL: SHOW COLUMNS FROM `news` [ RunTime:0.0174s ]
SQL: SELECT id, title  FROM `news` WHERE `content` LIKE '%嘿%' or `title` LIKE '%嘿%' [ RunTime:0.0006s ]
NOTIC: [8] Array to string conversion C:\wamp\www\yao\thinkphp\Application\Home\Controller\IndexController.class.php 第 139 行.
SQL: SELECT id, title  FROM `news` WHERE `content` LIKE '%人潮%' or `title` LIKE '%人潮%' [ RunTime:0.0007s ]
NOTIC: [8] Array to string conversion C:\wamp\www\yao\thinkphp\Application\Home\Controller\IndexController.class.php 第 139 行.
SQL: SELECT id, title  FROM `news` WHERE `content` LIKE '%兹瓷%' or `title` LIKE '%兹瓷%' [ RunTime:0.0006s ]
NOTIC: [8] Array to string conversion C:\wamp\www\yao\thinkphp\Application\Home\Controller\IndexController.class.php 第 139 行.
NOTIC: [8] Array to string conversion C:\wamp\www\yao\thinkphp\Application\Home\Controller\IndexController.class.php 第 142 行.
NOTIC: [8] Array to string conversion C:\wamp\www\yao\thinkphp\Application\Home\Controller\IndexController.class.php 第 142 行.
NOTIC: [8] Array to string conversion C:\wamp\www\yao\thinkphp\Application\Home\Controller\IndexController.class.php 第 142 行.
NOTIC: [8] Array to string conversion C:\wamp\www\yao\thinkphp\Application\Home\Controller\IndexController.class.php 第 142 行.
NOTIC: [8] Array to string conversion C:\wamp\www\yao\thinkphp\Application\Home\Controller\IndexController.class.php 第 142 行.
NOTIC: [8] Array to string conversion C:\wamp\www\yao\thinkphp\Application\Home\Controller\IndexController.class.php 第 142 行.
NOTIC: [8] Array to string conversion C:\wamp\www\yao\thinkphp\Application\Home\Controller\IndexController.class.php 第 142 行.
NOTIC: [8] Array to string conversion C:\wamp\www\yao\thinkphp\Application\Home\Controller\IndexController.class.php 第 142 行.
NOTIC: [8] Array to string conversion C:\wamp\www\yao\thinkphp\Application\Home\Controller\IndexController.class.php 第 142 行.
NOTIC: [8] Array to string conversion C:\wamp\www\yao\thinkphp\Application\Home\Controller\IndexController.class.php 第 142 行.
NOTIC: [8] Array to string conversion C:\wamp\www\yao\thinkphp\Application\Home\Controller\IndexController.class.php 第 142 行.
NOTIC: [8] Array to string conversion C:\wamp\www\yao\thinkphp\Application\Home\Controller\IndexController.class.php 第 142 行.
NOTIC: [8] Array to string conversion C:\wamp\www\yao\thinkphp\Application\Home\Controller\IndexController.class.php 第 142 行.
NOTIC: [8] Array to string conversion C:\wamp\www\yao\thinkphp\Application\Home\Controller\IndexController.class.php 第 142 行.
NOTIC: [8] Array to string conversion C:\wamp\www\yao\thinkphp\Application\Home\Controller\IndexController.class.php 第 142 行.
NOTIC: [8] Array to string conversion C:\wamp\www\yao\thinkphp\Application\Home\Controller\IndexController.class.php 第 142 行.
NOTIC: [8] Array to string conversion C:\wamp\www\yao\thinkphp\Application\Home\Controller\IndexController.class.php 第 142 行.
NOTIC: [8] Array to string conversion C:\wamp\www\yao\thinkphp\Application\Home\Controller\IndexController.class.php 第 142 行.
NOTIC: [8] Array to string conversion C:\wamp\www\yao\thinkphp\Application\Home\Controller\IndexController.class.php 第 142 行.
NOTIC: [8] Array to string conversion C:\wamp\www\yao\thinkphp\Application\Home\Controller\IndexController.class.php 第 142 行.

[ 2015-07-30T23:34:02+08:00 ] ::1 /yao/thinkphp/index.php//Home/index/search/key/%E5%98%BF%20%E4%BA%BA%E6%BD%AE%20%E5%85%B9%E7%93%B7
INFO: [ app_init ] --START--
INFO: Run Behavior\BuildLiteBehavior [ RunTime:0.000128s ]
INFO: [ app_init ] --END-- [ RunTime:0.002234s ]
INFO: [ app_begin ] --START--
INFO: Run Behavior\ReadHtmlCacheBehavior [ RunTime:0.004994s ]
INFO: [ app_begin ] --END-- [ RunTime:0.005801s ]
NOTIC: [8192] Function split() is deprecated C:\wamp\www\yao\thinkphp\Application\Home\Controller\IndexController.class.php 第 131 行.
SQL: SHOW COLUMNS FROM `news` [ RunTime:0.0158s ]
SQL: SELECT id, title  FROM `news` WHERE `content` LIKE '%嘿%' or `title` LIKE '%嘿%' [ RunTime:0.0005s ]
SQL: SELECT id, title  FROM `news` WHERE `content` LIKE '%人潮%' or `title` LIKE '%人潮%' [ RunTime:0.0004s ]
SQL: SELECT id, title  FROM `news` WHERE `content` LIKE '%兹瓷%' or `title` LIKE '%兹瓷%' [ RunTime:0.0004s ]
NOTIC: [8] Array to string conversion C:\wamp\www\yao\thinkphp\Application\Home\Controller\IndexController.class.php 第 142 行.
NOTIC: [8] Array to string conversion C:\wamp\www\yao\thinkphp\Application\Home\Controller\IndexController.class.php 第 142 行.
NOTIC: [8] Array to string conversion C:\wamp\www\yao\thinkphp\Application\Home\Controller\IndexController.class.php 第 142 行.
NOTIC: [8] Array to string conversion C:\wamp\www\yao\thinkphp\Application\Home\Controller\IndexController.class.php 第 142 行.
NOTIC: [8] Array to string conversion C:\wamp\www\yao\thinkphp\Application\Home\Controller\IndexController.class.php 第 142 行.
NOTIC: [8] Array to string conversion C:\wamp\www\yao\thinkphp\Application\Home\Controller\IndexController.class.php 第 142 行.
NOTIC: [8] Array to string conversion C:\wamp\www\yao\thinkphp\Application\Home\Controller\IndexController.class.php 第 142 行.
NOTIC: [8] Array to string conversion C:\wamp\www\yao\thinkphp\Application\Home\Controller\IndexController.class.php 第 142 行.
NOTIC: [8] Array to string conversion C:\wamp\www\yao\thinkphp\Application\Home\Controller\IndexController.class.php 第 142 行.
NOTIC: [8] Array to string conversion C:\wamp\www\yao\thinkphp\Application\Home\Controller\IndexController.class.php 第 142 行.
NOTIC: [8] Array to string conversion C:\wamp\www\yao\thinkphp\Application\Home\Controller\IndexController.class.php 第 142 行.
NOTIC: [8] Array to string conversion C:\wamp\www\yao\thinkphp\Application\Home\Controller\IndexController.class.php 第 142 行.
NOTIC: [8] Array to string conversion C:\wamp\www\yao\thinkphp\Application\Home\Controller\IndexController.class.php 第 142 行.
NOTIC: [8] Array to string conversion C:\wamp\www\yao\thinkphp\Application\Home\Controller\IndexController.class.php 第 142 行.
NOTIC: [8] Array to string conversion C:\wamp\www\yao\thinkphp\Application\Home\Controller\IndexController.class.php 第 142 行.
NOTIC: [8] Array to string conversion C:\wamp\www\yao\thinkphp\Application\Home\Controller\IndexController.class.php 第 142 行.
NOTIC: [8] Array to string conversion C:\wamp\www\yao\thinkphp\Application\Home\Controller\IndexController.class.php 第 142 行.
NOTIC: [8] Array to string conversion C:\wamp\www\yao\thinkphp\Application\Home\Controller\IndexController.class.php 第 142 行.
NOTIC: [8] Array to string conversion C:\wamp\www\yao\thinkphp\Application\Home\Controller\IndexController.class.php 第 142 行.
NOTIC: [8] Array to string conversion C:\wamp\www\yao\thinkphp\Application\Home\Controller\IndexController.class.php 第 142 行.
NOTIC: [2] Cannot modify header information - headers already sent by (output started at C:\wamp\www\yao\thinkphp\Application\Home\Controller\IndexController.class.php:139) C:\wamp\www\yao\thinkphp\ThinkPHP\Library\Think\Controller.class.php 第 215 行.

[ 2015-07-30T23:39:51+08:00 ] ::1 /yao/thinkphp/index.php//Home/index/search/key/%E5%98%BF%20%E4%BA%BA%E6%BD%AE%20%E5%85%B9%E7%93%B7
INFO: [ app_init ] --START--
INFO: Run Behavior\BuildLiteBehavior [ RunTime:0.000083s ]
INFO: [ app_init ] --END-- [ RunTime:0.001547s ]
INFO: [ app_begin ] --START--
INFO: Run Behavior\ReadHtmlCacheBehavior [ RunTime:0.002206s ]
INFO: [ app_begin ] --END-- [ RunTime:0.002649s ]
NOTIC: [8192] Function split() is deprecated C:\wamp\www\yao\thinkphp\Application\Home\Controller\IndexController.class.php 第 138 行.
SQL: SHOW COLUMNS FROM `news` [ RunTime:0.0768s ]
SQL: SELECT id, title  FROM `news` WHERE `content` LIKE '%嘿%' or `title` LIKE '%嘿%' [ RunTime:0.0014s ]
SQL: SELECT id, title  FROM `news` WHERE `content` LIKE '%人潮%' or `title` LIKE '%人潮%' [ RunTime:0.0010s ]
SQL: SELECT id, title  FROM `news` WHERE `content` LIKE '%兹瓷%' or `title` LIKE '%兹瓷%' [ RunTime:0.0011s ]
NOTIC: [8] Array to string conversion C:\wamp\www\yao\thinkphp\Application\Home\Controller\IndexController.class.php 第 150 行.
NOTIC: [8] Array to string conversion C:\wamp\www\yao\thinkphp\Application\Home\Controller\IndexController.class.php 第 150 行.
NOTIC: [8] Array to string conversion C:\wamp\www\yao\thinkphp\Application\Home\Controller\IndexController.class.php 第 150 行.
NOTIC: [8] Array to string conversion C:\wamp\www\yao\thinkphp\Application\Home\Controller\IndexController.class.php 第 150 行.
NOTIC: [8] Array to string conversion C:\wamp\www\yao\thinkphp\Application\Home\Controller\IndexController.class.php 第 150 行.
NOTIC: [8] Array to string conversion C:\wamp\www\yao\thinkphp\Application\Home\Controller\IndexController.class.php 第 150 行.
NOTIC: [8] Array to string conversion C:\wamp\www\yao\thinkphp\Application\Home\Controller\IndexController.class.php 第 150 行.
NOTIC: [8] Array to string conversion C:\wamp\www\yao\thinkphp\Application\Home\Controller\IndexController.class.php 第 150 行.
NOTIC: [8] Array to string conversion C:\wamp\www\yao\thinkphp\Application\Home\Controller\IndexController.class.php 第 150 行.
NOTIC: [8] Array to string conversion C:\wamp\www\yao\thinkphp\Application\Home\Controller\IndexController.class.php 第 150 行.
NOTIC: [8] Array to string conversion C:\wamp\www\yao\thinkphp\Application\Home\Controller\IndexController.class.php 第 150 行.
NOTIC: [8] Array to string conversion C:\wamp\www\yao\thinkphp\Application\Home\Controller\IndexController.class.php 第 150 行.
NOTIC: [8] Array to string conversion C:\wamp\www\yao\thinkphp\Application\Home\Controller\IndexController.class.php 第 150 行.
NOTIC: [8] Array to string conversion C:\wamp\www\yao\thinkphp\Application\Home\Controller\IndexController.class.php 第 150 行.
NOTIC: [8] Array to string conversion C:\wamp\www\yao\thinkphp\Application\Home\Controller\IndexController.class.php 第 150 行.
NOTIC: [8] Array to string conversion C:\wamp\www\yao\thinkphp\Application\Home\Controller\IndexController.class.php 第 150 行.
NOTIC: [8] Array to string conversion C:\wamp\www\yao\thinkphp\Application\Home\Controller\IndexController.class.php 第 150 行.
NOTIC: [8] Array to string conversion C:\wamp\www\yao\thinkphp\Application\Home\Controller\IndexController.class.php 第 150 行.
NOTIC: [8] Array to string conversion C:\wamp\www\yao\thinkphp\Application\Home\Controller\IndexController.class.php 第 150 行.
NOTIC: [8] Array to string conversion C:\wamp\www\yao\thinkphp\Application\Home\Controller\IndexController.class.php 第 150 行.

[ 2015-07-30T23:40:52+08:00 ] ::1 /yao/thinkphp/index.php//Home/index/search/key/%E5%98%BF%20%E4%BA%BA%E6%BD%AE%20%E5%85%B9%E7%93%B7
INFO: [ app_init ] --START--
INFO: Run Behavior\BuildLiteBehavior [ RunTime:0.000083s ]
INFO: [ app_init ] --END-- [ RunTime:0.001580s ]
INFO: [ app_begin ] --START--
INFO: Run Behavior\ReadHtmlCacheBehavior [ RunTime:0.002403s ]
INFO: [ app_begin ] --END-- [ RunTime:0.002943s ]
NOTIC: [8192] Function split() is deprecated C:\wamp\www\yao\thinkphp\Application\Home\Controller\IndexController.class.php 第 138 行.
SQL: SHOW COLUMNS FROM `news` [ RunTime:0.0329s ]
SQL: SELECT id, title  FROM `news` WHERE `content` LIKE '%嘿%' or `title` LIKE '%嘿%' [ RunTime:0.0014s ]
SQL: SELECT id, title  FROM `news` WHERE `content` LIKE '%人潮%' or `title` LIKE '%人潮%' [ RunTime:0.0012s ]
SQL: SELECT id, title  FROM `news` WHERE `content` LIKE '%兹瓷%' or `title` LIKE '%兹瓷%' [ RunTime:0.0010s ]
NOTIC: [2] array_flip(): Can only flip STRING and INTEGER values! C:\wamp\www\yao\thinkphp\Application\Home\Controller\IndexController.class.php 第 150 行.
NOTIC: [2] array_flip(): Can only flip STRING and INTEGER values! C:\wamp\www\yao\thinkphp\Application\Home\Controller\IndexController.class.php 第 150 行.
NOTIC: [2] array_flip(): Can only flip STRING and INTEGER values! C:\wamp\www\yao\thinkphp\Application\Home\Controller\IndexController.class.php 第 150 行.
NOTIC: [2] array_flip(): Can only flip STRING and INTEGER values! C:\wamp\www\yao\thinkphp\Application\Home\Controller\IndexController.class.php 第 150 行.
NOTIC: [2] array_flip(): Can only flip STRING and INTEGER values! C:\wamp\www\yao\thinkphp\Application\Home\Controller\IndexController.class.php 第 150 行.

[ 2015-07-30T23:49:45+08:00 ] ::1 /yao/thinkphp/index.php//Home/index/search/key/%E5%98%BF%20%E4%BA%BA%E6%BD%AE%20%E5%85%B9%E7%93%B7
INFO: [ app_init ] --START--
INFO: Run Behavior\BuildLiteBehavior [ RunTime:0.000143s ]
INFO: [ app_init ] --END-- [ RunTime:0.003778s ]
INFO: [ app_begin ] --START--
INFO: Run Behavior\ReadHtmlCacheBehavior [ RunTime:0.002068s ]
INFO: [ app_begin ] --END-- [ RunTime:0.002563s ]
NOTIC: [8192] Function split() is deprecated C:\wamp\www\yao\thinkphp\Application\Home\Controller\IndexController.class.php 第 138 行.
SQL: SHOW COLUMNS FROM `news` [ RunTime:0.1916s ]
SQL: SELECT id, title  FROM `news` WHERE `content` LIKE '%嘿%' or `title` LIKE '%嘿%' [ RunTime:0.0007s ]
SQL: SELECT id, title  FROM `news` WHERE `content` LIKE '%人潮%' or `title` LIKE '%人潮%' [ RunTime:0.0004s ]
SQL: SELECT id, title  FROM `news` WHERE `content` LIKE '%兹瓷%' or `title` LIKE '%兹瓷%' [ RunTime:0.0006s ]

[ 2015-07-30T23:52:50+08:00 ] ::1 /yao/thinkphp/index.php//Home/Index/getType/type/
INFO: [ app_init ] --START--
INFO: Run Behavior\BuildLiteBehavior [ RunTime:0.000082s ]
INFO: [ app_init ] --END-- [ RunTime:0.001677s ]
INFO: [ app_begin ] --START--
INFO: Run Behavior\ReadHtmlCacheBehavior [ RunTime:0.002181s ]
INFO: [ app_begin ] --END-- [ RunTime:0.002657s ]
ERR: 参数错误或者未定义:type

[ 2015-07-30T23:52:55+08:00 ] ::1 /yao/thinkphp/index.php//Home/index/getNewsCollections/number/1
INFO: [ app_init ] --START--
INFO: Run Behavior\BuildLiteBehavior [ RunTime:0.000073s ]
INFO: [ app_init ] --END-- [ RunTime:0.001225s ]
INFO: [ app_begin ] --START--
INFO: Run Behavior\ReadHtmlCacheBehavior [ RunTime:0.001972s ]
INFO: [ app_begin ] --END-- [ RunTime:0.002482s ]
SQL: SHOW COLUMNS FROM `news` [ RunTime:0.0892s ]
SQL: SELECT `id`,`thumb`,`content`,`title` FROM `news` WHERE ( `type` = 'news' ) ORDER BY id desc LIMIT 1   [ RunTime:0.0007s ]

[ 2015-07-30T23:52:55+08:00 ] ::1 /yao/thinkphp/index.php//Home/index/getExplosionCollections/number/1
INFO: [ app_init ] --START--
INFO: Run Behavior\BuildLiteBehavior [ RunTime:0.000067s ]
INFO: [ app_init ] --END-- [ RunTime:0.001057s ]
INFO: [ app_begin ] --START--
INFO: Run Behavior\ReadHtmlCacheBehavior [ RunTime:0.000841s ]
INFO: [ app_begin ] --END-- [ RunTime:0.001009s ]
SQL: SHOW COLUMNS FROM `news` [ RunTime:0.0054s ]
SQL: SELECT `id`,`thumb`,`content`,`title` FROM `news` WHERE ( `type` = 'explosion' ) ORDER BY id desc LIMIT 1   [ RunTime:0.0005s ]

[ 2015-07-30T23:52:55+08:00 ] ::1 /yao/thinkphp/index.php//Home/index/getDirectionCollections/number/3/length/100
INFO: [ app_init ] --START--
INFO: Run Behavior\BuildLiteBehavior [ RunTime:0.000035s ]
INFO: [ app_init ] --END-- [ RunTime:0.000599s ]
INFO: [ app_begin ] --START--
INFO: Run Behavior\ReadHtmlCacheBehavior [ RunTime:0.002248s ]
INFO: [ app_begin ] --END-- [ RunTime:0.002643s ]
SQL: select news.content, news.date, news.id, news.title, news.thumb, user.name, user.icon from news, user where news.type='direction' and news.author=user.username order by id desc limit 3 [ RunTime:0.0151s ]

[ 2015-07-30T23:52:55+08:00 ] ::1 /yao/thinkphp/index.php//Home/index/getBriefCollections/number/5
INFO: [ app_init ] --START--
INFO: Run Behavior\BuildLiteBehavior [ RunTime:0.000052s ]
INFO: [ app_init ] --END-- [ RunTime:0.000783s ]
INFO: [ app_begin ] --START--
INFO: Run Behavior\ReadHtmlCacheBehavior [ RunTime:0.001492s ]
INFO: [ app_begin ] --END-- [ RunTime:0.001891s ]
SQL: SHOW COLUMNS FROM `news` [ RunTime:0.0063s ]
SQL: SELECT `id`,`title` FROM `news` WHERE ( `type` = 'brief' ) ORDER BY id desc LIMIT 5   [ RunTime:0.0003s ]

[ 2015-07-30T23:57:12+08:00 ] ::1 /yao/thinkphp/index.php//Home/Index/getType/type/direction
INFO: [ app_init ] --START--
INFO: Run Behavior\BuildLiteBehavior [ RunTime:0.000072s ]
INFO: [ app_init ] --END-- [ RunTime:0.001171s ]
INFO: [ app_begin ] --START--
INFO: Run Behavior\ReadHtmlCacheBehavior [ RunTime:0.001605s ]
INFO: [ app_begin ] --END-- [ RunTime:0.001974s ]
SQL: SHOW COLUMNS FROM `news` [ RunTime:0.0485s ]
ERR: SQLSTATE[42S22]: Column not found: 1054 Unknown column 'direction' in 'where clause'

[ 2015-07-30T23:57:52+08:00 ] ::1 /yao/thinkphp/index.php//Home/Index/getType/type/direction
INFO: [ app_init ] --START--
INFO: Run Behavior\BuildLiteBehavior [ RunTime:0.000085s ]
INFO: [ app_init ] --END-- [ RunTime:0.001493s ]
INFO: [ app_begin ] --START--
INFO: Run Behavior\ReadHtmlCacheBehavior [ RunTime:0.001329s ]
INFO: [ app_begin ] --END-- [ RunTime:0.001697s ]
SQL: SHOW COLUMNS FROM `news` [ RunTime:0.0118s ]
ERR: SQLSTATE[42S22]: Column not found: 1054 Unknown column 'direction' in 'where clause'

[ 2015-07-30T23:58:37+08:00 ] ::1 /yao/thinkphp/index.php//Home/Index/getType/type/direction
INFO: [ app_init ] --START--
INFO: Run Behavior\BuildLiteBehavior [ RunTime:0.000147s ]
INFO: [ app_init ] --END-- [ RunTime:0.001899s ]
INFO: [ app_begin ] --START--
INFO: Run Behavior\ReadHtmlCacheBehavior [ RunTime:0.002667s ]
INFO: [ app_begin ] --END-- [ RunTime:0.003422s ]
SQL: SHOW COLUMNS FROM `news` [ RunTime:0.1015s ]
ERR: SQLSTATE[42S22]: Column not found: 1054 Unknown column 'direction' in 'where clause'

[ 2015-07-30T23:59:24+08:00 ] ::1 /yao/thinkphp/index.php//Home/Index/getType/type/direction
INFO: [ app_init ] --START--
INFO: Run Behavior\BuildLiteBehavior [ RunTime:0.000086s ]
INFO: [ app_init ] --END-- [ RunTime:0.001665s ]
INFO: [ app_begin ] --START--
INFO: Run Behavior\ReadHtmlCacheBehavior [ RunTime:0.003484s ]
INFO: [ app_begin ] --END-- [ RunTime:0.004114s ]
SQL: SHOW COLUMNS FROM `news` [ RunTime:0.0179s ]
SQL: SELECT `id`,`date`,`title` FROM `news` WHERE ( type='direction' ) LIMIT 60   [ RunTime:0.0006s ]

