[ 2015-09-09T20:16:20+08:00 ] ::1 /yao/thinkphp/index.php//Home/index/getGlobalComment/page/0/number/5
INFO: [ app_init ] --START--
INFO: Run Behavior\BuildLiteBehavior [ RunTime:0.000088s ]
INFO: [ app_init ] --END-- [ RunTime:0.012350s ]
INFO: [ app_begin ] --START--
INFO: Run Behavior\ReadHtmlCacheBehavior [ RunTime:0.014756s ]
INFO: [ app_begin ] --END-- [ RunTime:0.015199s ]
SQL: SHOW COLUMNS FROM `comment` [ RunTime:0.0262s ]
SQL: SELECT * FROM `comment` WHERE ( `for_news` is NULL and `for_comment` is NULL ) ORDER BY id desc LIMIT 0,5   [ RunTime:0.0012s ]

[ 2015-09-09T20:17:17+08:00 ] ::1 /yao/thinkphp/index.php//Home/index/getGlobalComment/page/0/number/5
INFO: [ app_init ] --START--
INFO: Run Behavior\BuildLiteBehavior [ RunTime:0.000162s ]
INFO: [ app_init ] --END-- [ RunTime:0.002396s ]
INFO: [ app_begin ] --START--
INFO: Run Behavior\ReadHtmlCacheBehavior [ RunTime:0.002175s ]
INFO: [ app_begin ] --END-- [ RunTime:0.002865s ]
SQL: SHOW COLUMNS FROM `comment` [ RunTime:0.0308s ]
SQL: SELECT * FROM `comment` WHERE ( `for_news` is NULL and `for_comment` is NULL ) ORDER BY id desc LIMIT 0,5   [ RunTime:0.0013s ]

[ 2015-09-09T20:17:45+08:00 ] ::1 /yao/thinkphp/index.php//Home/index/getGlobalComment/page/0/number/5
INFO: [ app_init ] --START--
INFO: Run Behavior\BuildLiteBehavior [ RunTime:0.000084s ]
INFO: [ app_init ] --END-- [ RunTime:0.002140s ]
INFO: [ app_begin ] --START--
INFO: Run Behavior\ReadHtmlCacheBehavior [ RunTime:0.001108s ]
INFO: [ app_begin ] --END-- [ RunTime:0.001460s ]
SQL: SHOW COLUMNS FROM `comment` [ RunTime:0.0181s ]
SQL: SELECT * FROM `comment` WHERE ( `for_news` is NULL and `for_comment` is NULL ) ORDER BY id desc LIMIT 0,5   [ RunTime:0.0008s ]

[ 2015-09-09T20:18:20+08:00 ] ::1 /yao/thinkphp/index.php//Home/index/getGlobalComment/page/0/number/5
INFO: [ app_init ] --START--
INFO: Run Behavior\BuildLiteBehavior [ RunTime:0.000085s ]
INFO: [ app_init ] --END-- [ RunTime:0.001414s ]
INFO: [ app_begin ] --START--
INFO: Run Behavior\ReadHtmlCacheBehavior [ RunTime:0.001940s ]
INFO: [ app_begin ] --END-- [ RunTime:0.002463s ]
SQL: SHOW COLUMNS FROM `comment` [ RunTime:0.0344s ]
SQL: SELECT * FROM `comment` WHERE ( `for_news` is NULL and `for_comment` is NULL ) ORDER BY id desc LIMIT 0,5   [ RunTime:0.0009s ]

[ 2015-09-09T20:26:52+08:00 ] ::1 /yao/thinkphp/index.php//Home/index/getGlobalComment/page/0/number/5
INFO: [ app_init ] --START--
INFO: Run Behavior\BuildLiteBehavior [ RunTime:0.000371s ]
INFO: [ app_init ] --END-- [ RunTime:0.012959s ]
INFO: [ app_begin ] --START--
INFO: Run Behavior\ReadHtmlCacheBehavior [ RunTime:0.006417s ]
INFO: [ app_begin ] --END-- [ RunTime:0.006871s ]
SQL: SHOW COLUMNS FROM `comment` [ RunTime:0.0168s ]
SQL: SELECT * FROM `comment` WHERE ( `for_news` is NULL and `for_comment` is NULL ) ORDER BY id desc LIMIT 0,5   [ RunTime:0.0006s ]

[ 2015-09-09T20:27:11+08:00 ] ::1 /yao/thinkphp/index.php//Home/index/getGlobalComment/page/0/number/5
INFO: [ app_init ] --START--
INFO: Run Behavior\BuildLiteBehavior [ RunTime:0.000145s ]
INFO: [ app_init ] --END-- [ RunTime:0.002927s ]
INFO: [ app_begin ] --START--
INFO: Run Behavior\ReadHtmlCacheBehavior [ RunTime:0.004418s ]
INFO: [ app_begin ] --END-- [ RunTime:0.006830s ]
SQL: SHOW COLUMNS FROM `comment` [ RunTime:0.0244s ]
SQL: SELECT * FROM `comment` WHERE ( `for_news` is NULL and `for_comment` is NULL ) ORDER BY id desc LIMIT 0,5   [ RunTime:0.0009s ]

[ 2015-09-09T20:28:01+08:00 ] ::1 /yao/thinkphp/index.php//Home/index/getGlobalComment/page/0/number/5
INFO: [ app_init ] --START--
INFO: Run Behavior\BuildLiteBehavior [ RunTime:0.000089s ]
INFO: [ app_init ] --END-- [ RunTime:0.001827s ]
INFO: [ app_begin ] --START--
INFO: Run Behavior\ReadHtmlCacheBehavior [ RunTime:0.001472s ]
INFO: [ app_begin ] --END-- [ RunTime:0.001969s ]
SQL: SHOW COLUMNS FROM `comment` [ RunTime:0.0226s ]
SQL: SELECT * FROM `comment` WHERE ( `for_news` is NULL and `for_comment` is NULL ) ORDER BY id desc LIMIT 0,5   [ RunTime:0.0006s ]

[ 2015-09-09T20:28:59+08:00 ] ::1 /yao/thinkphp/index.php//Home/index/getGlobalComment/page/0/number/5
INFO: [ app_init ] --START--
INFO: Run Behavior\BuildLiteBehavior [ RunTime:0.000084s ]
INFO: [ app_init ] --END-- [ RunTime:0.001862s ]
INFO: [ app_begin ] --START--
INFO: Run Behavior\ReadHtmlCacheBehavior [ RunTime:0.002254s ]
INFO: [ app_begin ] --END-- [ RunTime:0.002919s ]
SQL: SHOW COLUMNS FROM `comment` [ RunTime:0.0180s ]
SQL: SELECT * FROM `comment` WHERE ( `for_news` is NULL and `for_comment` is NULL ) ORDER BY id desc LIMIT 0,5   [ RunTime:0.0007s ]

[ 2015-09-09T20:32:03+08:00 ] ::1 /yao/thinkphp/index.php//Home/index/getGlobalComment/page/0/number/5
INFO: [ app_init ] --START--
INFO: Run Behavior\BuildLiteBehavior [ RunTime:0.000123s ]
INFO: [ app_init ] --END-- [ RunTime:0.009067s ]
INFO: [ app_begin ] --START--
INFO: Run Behavior\ReadHtmlCacheBehavior [ RunTime:0.002484s ]
INFO: [ app_begin ] --END-- [ RunTime:0.003938s ]
SQL: SHOW COLUMNS FROM `comment` [ RunTime:0.0312s ]
SQL: SELECT * FROM `comment` WHERE ( `for_news` is NULL and `for_comment` is NULL ) ORDER BY id desc LIMIT 0,5   [ RunTime:0.0006s ]

[ 2015-09-09T20:36:31+08:00 ] ::1 /yao/thinkphp/index.php//Home/index/getGlobalComment/page/0/number/5
INFO: [ app_init ] --START--
INFO: Run Behavior\BuildLiteBehavior [ RunTime:0.000089s ]
INFO: [ app_init ] --END-- [ RunTime:0.028870s ]
INFO: [ app_begin ] --START--
INFO: Run Behavior\ReadHtmlCacheBehavior [ RunTime:0.002041s ]
INFO: [ app_begin ] --END-- [ RunTime:0.002905s ]
SQL: SHOW COLUMNS FROM `comment` [ RunTime:0.0391s ]
SQL: SELECT * FROM `comment` WHERE ( `for_news` is NULL and `for_comment` is NULL ) ORDER BY id desc LIMIT 0,5   [ RunTime:0.0006s ]

[ 2015-09-09T20:37:12+08:00 ] ::1 /yao/thinkphp/index.php//Home/index/getGlobalComment/page/0/number/5
INFO: [ app_init ] --START--
INFO: Run Behavior\BuildLiteBehavior [ RunTime:0.000204s ]
INFO: [ app_init ] --END-- [ RunTime:0.002953s ]
INFO: [ app_begin ] --START--
INFO: Run Behavior\ReadHtmlCacheBehavior [ RunTime:0.002586s ]
INFO: [ app_begin ] --END-- [ RunTime:0.005804s ]
SQL: SHOW COLUMNS FROM `comment` [ RunTime:0.0422s ]
SQL: SELECT * FROM `comment` WHERE ( `for_news` is NULL and `for_comment` is NULL ) ORDER BY id desc LIMIT 0,5   [ RunTime:0.0009s ]

[ 2015-09-09T20:42:51+08:00 ] ::1 /yao/thinkphp/index.php//Home/index/getGlobalComment/page/0/number/5
INFO: [ app_init ] --START--
INFO: Run Behavior\BuildLiteBehavior [ RunTime:0.000097s ]
INFO: [ app_init ] --END-- [ RunTime:0.002643s ]
INFO: [ app_begin ] --START--
INFO: Run Behavior\ReadHtmlCacheBehavior [ RunTime:0.001770s ]
INFO: [ app_begin ] --END-- [ RunTime:0.002242s ]
SQL: SHOW COLUMNS FROM `comment` [ RunTime:0.0725s ]
SQL: SELECT * FROM `comment` WHERE ( `for_news` is NULL and `for_comment` is NULL ) ORDER BY id desc LIMIT 0,5   [ RunTime:0.0005s ]

[ 2015-09-09T20:46:28+08:00 ] ::1 /yao/thinkphp/index.php//Home/index/getGlobalComment/page/0/number/5
INFO: [ app_init ] --START--
INFO: Run Behavior\BuildLiteBehavior [ RunTime:0.000138s ]
INFO: [ app_init ] --END-- [ RunTime:0.005959s ]
INFO: [ app_begin ] --START--
INFO: Run Behavior\ReadHtmlCacheBehavior [ RunTime:0.001695s ]
INFO: [ app_begin ] --END-- [ RunTime:0.002132s ]
SQL: SHOW COLUMNS FROM `comment` [ RunTime:0.0496s ]
SQL: SELECT * FROM `comment` WHERE ( `for_news` is NULL and `for_comment` is NULL ) ORDER BY id desc LIMIT 0,5   [ RunTime:0.0007s ]

[ 2015-09-09T21:06:51+08:00 ] ::1 /yao/thinkphp/index.php//Home/index/getGlobalComment/page/0/number/5
INFO: [ app_init ] --START--
INFO: Run Behavior\BuildLiteBehavior [ RunTime:0.000142s ]
INFO: [ app_init ] --END-- [ RunTime:0.001258s ]
INFO: [ app_begin ] --START--
INFO: Run Behavior\ReadHtmlCacheBehavior [ RunTime:0.001267s ]
INFO: [ app_begin ] --END-- [ RunTime:0.001547s ]
SQL: SHOW COLUMNS FROM `comment` [ RunTime:0.0160s ]
SQL: SELECT * FROM `comment` WHERE ( `for_news` is NULL and `for_comment` is NULL ) ORDER BY id desc LIMIT 0,5   [ RunTime:0.0006s ]

[ 2015-09-09T21:25:47+08:00 ] ::1 /yao/thinkphp/index.php//Home/index/getGlobalComment/page/0/number/5
INFO: [ app_init ] --START--
INFO: Run Behavior\BuildLiteBehavior [ RunTime:0.000049s ]
INFO: [ app_init ] --END-- [ RunTime:0.000876s ]
INFO: [ app_begin ] --START--
INFO: Run Behavior\ReadHtmlCacheBehavior [ RunTime:0.001047s ]
INFO: [ app_begin ] --END-- [ RunTime:0.001392s ]
SQL: SHOW COLUMNS FROM `comment` [ RunTime:0.0169s ]
SQL: SELECT * FROM `comment` WHERE ( `for_news` is NULL and `for_comment` is NULL ) ORDER BY id desc LIMIT 0,5   [ RunTime:0.0022s ]

[ 2015-09-09T21:51:14+08:00 ] ::1 /yao/thinkphp/index.php//Home/index/getGlobalComment/page/0/number/5
INFO: [ app_init ] --START--
INFO: Run Behavior\BuildLiteBehavior [ RunTime:0.000086s ]
INFO: [ app_init ] --END-- [ RunTime:0.001016s ]
INFO: [ app_begin ] --START--
INFO: Run Behavior\ReadHtmlCacheBehavior [ RunTime:0.000849s ]
INFO: [ app_begin ] --END-- [ RunTime:0.001070s ]
SQL: SHOW COLUMNS FROM `comment` [ RunTime:0.0117s ]
SQL: SELECT * FROM `comment` WHERE ( `for_news` is NULL and `for_comment` is NULL ) ORDER BY id desc LIMIT 0,5   [ RunTime:0.0007s ]

[ 2015-09-09T21:51:53+08:00 ] ::1 /yao/thinkphp/index.php//Home/index/getGlobalComment/page/0/number/3
INFO: [ app_init ] --START--
INFO: Run Behavior\BuildLiteBehavior [ RunTime:0.000085s ]
INFO: [ app_init ] --END-- [ RunTime:0.001259s ]
INFO: [ app_begin ] --START--
INFO: Run Behavior\ReadHtmlCacheBehavior [ RunTime:0.002061s ]
INFO: [ app_begin ] --END-- [ RunTime:0.002623s ]
SQL: SHOW COLUMNS FROM `comment` [ RunTime:0.0103s ]
SQL: SELECT * FROM `comment` WHERE ( `for_news` is NULL and `for_comment` is NULL ) ORDER BY id desc LIMIT 0,3   [ RunTime:0.0005s ]

[ 2015-09-09T22:19:45+08:00 ] ::1 /yao/thinkphp/index.php//Home/index/getGlobalComment/number/4
INFO: [ app_init ] --START--
INFO: Run Behavior\BuildLiteBehavior [ RunTime:0.000047s ]
INFO: [ app_init ] --END-- [ RunTime:0.001013s ]
INFO: [ app_begin ] --START--
INFO: Run Behavior\ReadHtmlCacheBehavior [ RunTime:0.001026s ]
INFO: [ app_begin ] --END-- [ RunTime:0.001274s ]
SQL: SHOW COLUMNS FROM `comment` [ RunTime:0.0120s ]
SQL: SELECT * FROM `comment` WHERE ( `for_news` is NULL and `for_comment` is NULL ) ORDER BY id desc LIMIT 0,4   [ RunTime:0.0006s ]

[ 2015-09-09T22:20:55+08:00 ] ::1 /yao/thinkphp/index.php//Home/index/getGlobalComment/number/4
INFO: [ app_init ] --START--
INFO: Run Behavior\BuildLiteBehavior [ RunTime:0.000042s ]
INFO: [ app_init ] --END-- [ RunTime:0.000640s ]
INFO: [ app_begin ] --START--
INFO: Run Behavior\ReadHtmlCacheBehavior [ RunTime:0.000718s ]
INFO: [ app_begin ] --END-- [ RunTime:0.000926s ]
SQL: SHOW COLUMNS FROM `comment` [ RunTime:0.0143s ]
SQL: SELECT * FROM `comment` WHERE ( `for_news` is NULL and `for_comment` is NULL ) ORDER BY id desc LIMIT 0,4   [ RunTime:0.0006s ]

[ 2015-09-09T22:22:05+08:00 ] ::1 /yao/thinkphp/index.php//Home/index/getGlobalComment/number/4
INFO: [ app_init ] --START--
INFO: Run Behavior\BuildLiteBehavior [ RunTime:0.000086s ]
INFO: [ app_init ] --END-- [ RunTime:0.001475s ]
INFO: [ app_begin ] --START--
INFO: Run Behavior\ReadHtmlCacheBehavior [ RunTime:0.002080s ]
INFO: [ app_begin ] --END-- [ RunTime:0.002652s ]
SQL: SHOW COLUMNS FROM `comment` [ RunTime:0.0152s ]
SQL: SELECT * FROM `comment` WHERE ( `for_news` is NULL and `for_comment` is NULL ) ORDER BY id desc LIMIT 0,4   [ RunTime:0.0006s ]

[ 2015-09-09T22:30:52+08:00 ] ::1 /yao/thinkphp/index.php//Home/index/getGlobalComment/page/0/number/5
INFO: [ app_init ] --START--
INFO: Run Behavior\BuildLiteBehavior [ RunTime:0.000087s ]
INFO: [ app_init ] --END-- [ RunTime:0.001706s ]
INFO: [ app_begin ] --START--
INFO: Run Behavior\ReadHtmlCacheBehavior [ RunTime:0.002099s ]
INFO: [ app_begin ] --END-- [ RunTime:0.002506s ]
SQL: SHOW COLUMNS FROM `comment` [ RunTime:0.0119s ]
SQL: SELECT * FROM `comment` WHERE ( `for_news` is NULL and `for_comment` is NULL ) ORDER BY id desc LIMIT 0,5   [ RunTime:0.0006s ]

[ 2015-09-09T22:31:12+08:00 ] ::1 /yao/thinkphp/index.php//Home/index/getGlobalComment/page/0/number/5
INFO: [ app_init ] --START--
INFO: Run Behavior\BuildLiteBehavior [ RunTime:0.000083s ]
INFO: [ app_init ] --END-- [ RunTime:0.001438s ]
INFO: [ app_begin ] --START--
INFO: Run Behavior\ReadHtmlCacheBehavior [ RunTime:0.001459s ]
INFO: [ app_begin ] --END-- [ RunTime:0.001912s ]
SQL: SHOW COLUMNS FROM `comment` [ RunTime:0.0096s ]
SQL: SELECT * FROM `comment` WHERE ( `for_news` is NULL and `for_comment` is NULL ) ORDER BY id desc LIMIT 0,5   [ RunTime:0.0005s ]

[ 2015-09-09T22:31:18+08:00 ] ::1 /yao/thinkphp/index.php//Home/index/getGlobalComment/page/0/number/5
INFO: [ app_init ] --START--
INFO: Run Behavior\BuildLiteBehavior [ RunTime:0.000049s ]
INFO: [ app_init ] --END-- [ RunTime:0.000843s ]
INFO: [ app_begin ] --START--
INFO: Run Behavior\ReadHtmlCacheBehavior [ RunTime:0.000909s ]
INFO: [ app_begin ] --END-- [ RunTime:0.001212s ]
SQL: SHOW COLUMNS FROM `comment` [ RunTime:0.0134s ]
SQL: SELECT * FROM `comment` WHERE ( `for_news` is NULL and `for_comment` is NULL ) ORDER BY id desc LIMIT 0,5   [ RunTime:0.0006s ]

[ 2015-09-09T22:37:29+08:00 ] ::1 /yao/thinkphp/index.php//Home/index/postComment
INFO: [ app_init ] --START--
INFO: Run Behavior\BuildLiteBehavior [ RunTime:0.000037s ]
INFO: [ app_init ] --END-- [ RunTime:0.000654s ]
INFO: [ app_begin ] --START--
INFO: Run Behavior\ReadHtmlCacheBehavior [ RunTime:0.002353s ]
INFO: [ app_begin ] --END-- [ RunTime:0.002931s ]
SQL: SHOW COLUMNS FROM `comment` [ RunTime:0.0137s ]
SQL: INSERT INTO `comment` (`for_news`,`for_comment`,`author`,`mail`,`content`) VALUES (NULL,NULL,'','','') [ RunTime:0.1658s ]
INFO: [ app_end ] --START--
INFO: Run Behavior\ShowPageTraceBehavior [ RunTime:0.036181s ]
INFO: [ app_end ] --END-- [ RunTime:0.036416s ]

[ 2015-09-09T22:37:29+08:00 ] ::1 /yao/thinkphp/index.php//Home/index/getGlobalComment/number/4
INFO: [ app_init ] --START--
INFO: Run Behavior\BuildLiteBehavior [ RunTime:0.000063s ]
INFO: [ app_init ] --END-- [ RunTime:0.001156s ]
INFO: [ app_begin ] --START--
INFO: Run Behavior\ReadHtmlCacheBehavior [ RunTime:0.002151s ]
INFO: [ app_begin ] --END-- [ RunTime:0.002493s ]
SQL: SHOW COLUMNS FROM `comment` [ RunTime:0.0089s ]
SQL: SELECT * FROM `comment` WHERE ( `for_news` is NULL and `for_comment` is NULL ) ORDER BY id desc LIMIT 0,4   [ RunTime:0.0006s ]
SQL: SELECT * FROM `comment` WHERE ( `for_comment`=54 ) LIMIT 1   [ RunTime:0.0007s ]
SQL: SELECT * FROM `comment` WHERE ( `for_comment`=53 ) LIMIT 1   [ RunTime:0.0008s ]
SQL: SELECT * FROM `comment` WHERE ( `for_comment`=24 ) LIMIT 1   [ RunTime:0.0004s ]
SQL: SELECT * FROM `comment` WHERE ( `for_comment`=22 ) LIMIT 1   [ RunTime:0.0004s ]
INFO: [ app_end ] --START--
INFO: Run Behavior\ShowPageTraceBehavior [ RunTime:0.001291s ]
INFO: [ app_end ] --END-- [ RunTime:0.001614s ]

[ 2015-09-09T22:37:45+08:00 ] ::1 /yao/thinkphp/index.php//Home/index/getGlobalComment
INFO: [ app_init ] --START--
INFO: Run Behavior\BuildLiteBehavior [ RunTime:0.000038s ]
INFO: [ app_init ] --END-- [ RunTime:0.000582s ]
INFO: [ app_begin ] --START--
INFO: Run Behavior\ReadHtmlCacheBehavior [ RunTime:0.000841s ]
INFO: [ app_begin ] --END-- [ RunTime:0.001017s ]
SQL: SHOW COLUMNS FROM `comment` [ RunTime:0.1219s ]
SQL: SELECT * FROM `comment` WHERE ( `for_news` is NULL and `for_comment` is NULL ) ORDER BY id desc LIMIT 0,3   [ RunTime:0.0006s ]
SQL: SELECT * FROM `comment` WHERE ( `for_comment`=54 ) LIMIT 1   [ RunTime:0.0011s ]
SQL: SELECT * FROM `comment` WHERE ( `for_comment`=53 ) LIMIT 1   [ RunTime:0.0005s ]
SQL: SELECT * FROM `comment` WHERE ( `for_comment`=24 ) LIMIT 1   [ RunTime:0.0004s ]
INFO: [ app_end ] --START--
INFO: Run Behavior\ShowPageTraceBehavior [ RunTime:0.001002s ]
INFO: [ app_end ] --END-- [ RunTime:0.001167s ]

[ 2015-09-09T22:38:53+08:00 ] ::1 /yao/thinkphp/index.php//Home/index/getGlobalComment
INFO: [ app_init ] --START--
INFO: Run Behavior\BuildLiteBehavior [ RunTime:0.000082s ]
INFO: [ app_init ] --END-- [ RunTime:0.001332s ]
INFO: [ app_begin ] --START--
INFO: Run Behavior\ReadHtmlCacheBehavior [ RunTime:0.001894s ]
INFO: [ app_begin ] --END-- [ RunTime:0.002323s ]
SQL: SHOW COLUMNS FROM `comment` [ RunTime:0.0234s ]
SQL: SELECT * FROM `comment` WHERE ( `for_news` is NULL and `for_comment` is NULL ) ORDER BY id desc LIMIT 0,3   [ RunTime:0.0011s ]
SQL: SELECT * FROM `comment` WHERE ( `for_comment`=54 ) LIMIT 1   [ RunTime:0.0007s ]
SQL: SELECT * FROM `comment` WHERE ( `for_comment`=53 ) LIMIT 1   [ RunTime:0.0010s ]
SQL: SELECT * FROM `comment` WHERE ( `for_comment`=24 ) LIMIT 1   [ RunTime:0.0004s ]

[ 2015-09-09T22:39:56+08:00 ] ::1 /yao/thinkphp/index.php//Home/index/getGlobalComment
INFO: [ app_init ] --START--
INFO: Run Behavior\BuildLiteBehavior [ RunTime:0.000085s ]
INFO: [ app_init ] --END-- [ RunTime:0.001393s ]
INFO: [ app_begin ] --START--
INFO: Run Behavior\ReadHtmlCacheBehavior [ RunTime:0.002081s ]
INFO: [ app_begin ] --END-- [ RunTime:0.002510s ]
SQL: SHOW COLUMNS FROM `comment` [ RunTime:0.0770s ]
SQL: SELECT * FROM `comment` WHERE ( `for_news` is NULL and `for_comment` is NULL ) ORDER BY id desc LIMIT 0,3   [ RunTime:0.0007s ]
SQL: SELECT * FROM `comment` WHERE ( `for_comment`=54 ) LIMIT 1   [ RunTime:0.0004s ]
SQL: SELECT * FROM `comment` WHERE ( `for_comment`=53 ) LIMIT 1   [ RunTime:0.0004s ]
SQL: SELECT * FROM `comment` WHERE ( `for_comment`=24 ) LIMIT 1   [ RunTime:0.0004s ]

[ 2015-09-09T22:40:02+08:00 ] ::1 /yao/thinkphp/index.php//Home/index/getGlobalComment/page/0/number/5
INFO: [ app_init ] --START--
INFO: Run Behavior\BuildLiteBehavior [ RunTime:0.000085s ]
INFO: [ app_init ] --END-- [ RunTime:0.001443s ]
INFO: [ app_begin ] --START--
INFO: Run Behavior\ReadHtmlCacheBehavior [ RunTime:0.002614s ]
INFO: [ app_begin ] --END-- [ RunTime:0.003097s ]
SQL: SHOW COLUMNS FROM `comment` [ RunTime:0.0228s ]
SQL: SELECT * FROM `comment` WHERE ( `for_news` is NULL and `for_comment` is NULL ) ORDER BY id desc LIMIT 0,5   [ RunTime:0.0006s ]
SQL: SELECT * FROM `comment` WHERE ( `for_comment`=54 ) LIMIT 1   [ RunTime:0.0004s ]
SQL: SELECT * FROM `comment` WHERE ( `for_comment`=53 ) LIMIT 1   [ RunTime:0.0005s ]
SQL: SELECT * FROM `comment` WHERE ( `for_comment`=24 ) LIMIT 1   [ RunTime:0.0007s ]
SQL: SELECT * FROM `comment` WHERE ( `for_comment`=22 ) LIMIT 1   [ RunTime:0.0022s ]
SQL: SELECT * FROM `comment` WHERE ( `for_comment`=21 ) LIMIT 1   [ RunTime:0.0022s ]

[ 2015-09-09T22:48:28+08:00 ] ::1 /yao/thinkphp/index.php//Home/index/getGlobalComment/page/0/number/5
INFO: [ app_init ] --START--
INFO: Run Behavior\BuildLiteBehavior [ RunTime:0.000044s ]
INFO: [ app_init ] --END-- [ RunTime:0.001033s ]
INFO: [ app_begin ] --START--
INFO: Run Behavior\ReadHtmlCacheBehavior [ RunTime:0.000951s ]
INFO: [ app_begin ] --END-- [ RunTime:0.001176s ]
SQL: SHOW COLUMNS FROM `comment` [ RunTime:0.0120s ]
SQL: SELECT * FROM `comment` WHERE ( `for_news` is NULL and `for_comment` is NULL ) ORDER BY id desc LIMIT 0,5   [ RunTime:0.0006s ]
SQL: SELECT * FROM `comment` WHERE ( `for_comment`=54 ) LIMIT 1   [ RunTime:0.0004s ]
SQL: SELECT * FROM `comment` WHERE ( `for_comment`=53 ) LIMIT 1   [ RunTime:0.0004s ]
SQL: SELECT * FROM `comment` WHERE ( `for_comment`=24 ) LIMIT 1   [ RunTime:0.0003s ]
SQL: SELECT * FROM `comment` WHERE ( `for_comment`=22 ) LIMIT 1   [ RunTime:0.0003s ]
SQL: SELECT * FROM `comment` WHERE ( `for_comment`=21 ) LIMIT 1   [ RunTime:0.0004s ]

[ 2015-09-09T22:56:43+08:00 ] ::1 /yao/thinkphp/index.php//Home/index/getGlobalComment/page/0/number/5
INFO: [ app_init ] --START--
INFO: Run Behavior\BuildLiteBehavior [ RunTime:0.000089s ]
INFO: [ app_init ] --END-- [ RunTime:0.001558s ]
INFO: [ app_begin ] --START--
INFO: Run Behavior\ReadHtmlCacheBehavior [ RunTime:0.002217s ]
INFO: [ app_begin ] --END-- [ RunTime:0.002653s ]
SQL: SHOW COLUMNS FROM `comment` [ RunTime:0.0151s ]
SQL: SELECT * FROM `comment` WHERE ( `for_news` is NULL and `for_comment` is NULL ) ORDER BY id desc LIMIT 0,5   [ RunTime:0.0010s ]
SQL: SELECT * FROM `comment` WHERE ( `for_comment`=54 ) LIMIT 1   [ RunTime:0.0007s ]
SQL: SELECT * FROM `comment` WHERE ( `for_comment`=53 ) LIMIT 1   [ RunTime:0.0006s ]
SQL: SELECT * FROM `comment` WHERE ( `for_comment`=24 ) LIMIT 1   [ RunTime:0.0008s ]
SQL: SELECT * FROM `comment` WHERE ( `for_comment`=22 ) LIMIT 1   [ RunTime:0.0010s ]
SQL: SELECT * FROM `comment` WHERE ( `for_comment`=21 ) LIMIT 1   [ RunTime:0.0007s ]

[ 2015-09-09T22:56:52+08:00 ] ::1 /yao/thinkphp/index.php//Home/index/getGlobalComment
INFO: [ app_init ] --START--
INFO: Run Behavior\BuildLiteBehavior [ RunTime:0.000104s ]
INFO: [ app_init ] --END-- [ RunTime:0.002118s ]
INFO: [ app_begin ] --START--
INFO: Run Behavior\ReadHtmlCacheBehavior [ RunTime:0.003227s ]
INFO: [ app_begin ] --END-- [ RunTime:0.003927s ]
SQL: SHOW COLUMNS FROM `comment` [ RunTime:0.0110s ]
SQL: SELECT * FROM `comment` WHERE ( `for_news` is NULL and `for_comment` is NULL ) ORDER BY id desc LIMIT 0,3   [ RunTime:0.0005s ]
SQL: SELECT * FROM `comment` WHERE ( `for_comment`=54 ) LIMIT 1   [ RunTime:0.0004s ]
SQL: SELECT * FROM `comment` WHERE ( `for_comment`=53 ) LIMIT 1   [ RunTime:0.0004s ]
SQL: SELECT * FROM `comment` WHERE ( `for_comment`=24 ) LIMIT 1   [ RunTime:0.0004s ]

[ 2015-09-09T22:57:28+08:00 ] ::1 /yao/thinkphp/index.php//Home/index/getGlobalComment/page/0/number/5
INFO: [ app_init ] --START--
INFO: Run Behavior\BuildLiteBehavior [ RunTime:0.000056s ]
INFO: [ app_init ] --END-- [ RunTime:0.000920s ]
INFO: [ app_begin ] --START--
INFO: Run Behavior\ReadHtmlCacheBehavior [ RunTime:0.001104s ]
INFO: [ app_begin ] --END-- [ RunTime:0.001372s ]
SQL: SHOW COLUMNS FROM `comment` [ RunTime:0.0148s ]
SQL: SELECT * FROM `comment` WHERE ( `for_news` is NULL and `for_comment` is NULL ) ORDER BY id desc LIMIT 0,5   [ RunTime:0.0007s ]
SQL: SELECT * FROM `comment` WHERE ( `for_comment`=54 ) LIMIT 1   [ RunTime:0.0006s ]
SQL: SELECT * FROM `comment` WHERE ( `for_comment`=53 ) LIMIT 1   [ RunTime:0.0006s ]
SQL: SELECT * FROM `comment` WHERE ( `for_comment`=24 ) LIMIT 1   [ RunTime:0.0004s ]
SQL: SELECT * FROM `comment` WHERE ( `for_comment`=22 ) LIMIT 1   [ RunTime:0.0005s ]
SQL: SELECT * FROM `comment` WHERE ( `for_comment`=21 ) LIMIT 1   [ RunTime:0.0008s ]

