[ 2015-07-29T20:45:03+08:00 ] ::1 /yao/thinkphp/index.php/Home/index/getFriendlyLink/article/5
INFO: [ app_init ] --START--
INFO: Run Behavior\BuildLiteBehavior [ RunTime:0.000041s ]
INFO: [ app_init ] --END-- [ RunTime:0.006731s ]
INFO: [ app_begin ] --START--
INFO: Run Behavior\ReadHtmlCacheBehavior [ RunTime:0.007823s ]
INFO: [ app_begin ] --END-- [ RunTime:0.008015s ]
SQL: SHOW COLUMNS FROM `link` [ RunTime:0.0120s ]
ERR: SQLSTATE[42S22]: Column not found: 1054 Unknown column '5' in 'where clause'

[ 2015-07-29T20:45:25+08:00 ] ::1 /yao/thinkphp/index.php/Home/index/getFriendlyLink/article/5
INFO: [ app_init ] --START--
INFO: Run Behavior\BuildLiteBehavior [ RunTime:0.000082s ]
INFO: [ app_init ] --END-- [ RunTime:0.001464s ]
INFO: [ app_begin ] --START--
INFO: Run Behavior\ReadHtmlCacheBehavior [ RunTime:0.002115s ]
INFO: [ app_begin ] --END-- [ RunTime:0.002522s ]
SQL: SHOW COLUMNS FROM `link` [ RunTime:0.0238s ]
ERR: SQLSTATE[42S22]: Column not found: 1054 Unknown column 'friendly' in 'where clause'

[ 2015-07-29T20:45:52+08:00 ] ::1 /yao/thinkphp/index.php/Home/index/getFriendlyLink/article/5
INFO: [ app_init ] --START--
INFO: Run Behavior\BuildLiteBehavior [ RunTime:0.000081s ]
INFO: [ app_init ] --END-- [ RunTime:0.001434s ]
INFO: [ app_begin ] --START--
INFO: Run Behavior\ReadHtmlCacheBehavior [ RunTime:0.002001s ]
INFO: [ app_begin ] --END-- [ RunTime:0.002395s ]
SQL: SHOW COLUMNS FROM `link` [ RunTime:0.0234s ]
ERR: SQLSTATE[42S22]: Column not found: 1054 Unknown column 'friendly' in 'where clause'

[ 2015-07-29T20:46:50+08:00 ] ::1 /yao/thinkphp/index.php/Home/index/getFriendlyLink/article/5
INFO: [ app_init ] --START--
INFO: Run Behavior\BuildLiteBehavior [ RunTime:0.000051s ]
INFO: [ app_init ] --END-- [ RunTime:0.000901s ]
INFO: [ app_begin ] --START--
INFO: Run Behavior\ReadHtmlCacheBehavior [ RunTime:0.002073s ]
INFO: [ app_begin ] --END-- [ RunTime:0.002487s ]
SQL: SHOW COLUMNS FROM `link` [ RunTime:0.0127s ]
SQL: SELECT `title`,`uri` FROM `link` WHERE ( `for_news` = 5 and `type` = 'friendly' )  [ RunTime:0.0092s ]

[ 2015-07-29T20:47:29+08:00 ] ::1 /yao/thinkphp/index.php/Home/index/getRelatedLink/article/5
INFO: [ app_init ] --START--
INFO: Run Behavior\BuildLiteBehavior [ RunTime:0.000083s ]
INFO: [ app_init ] --END-- [ RunTime:0.001566s ]
INFO: [ app_begin ] --START--
INFO: Run Behavior\ReadHtmlCacheBehavior [ RunTime:0.002714s ]
INFO: [ app_begin ] --END-- [ RunTime:0.003220s ]
SQL: SHOW COLUMNS FROM `link` [ RunTime:0.0340s ]
SQL: SELECT `title`,`uri` FROM `link` WHERE ( `for_news` = 5 and `type` = 'reference' )  [ RunTime:0.0009s ]

[ 2015-07-29T20:55:57+08:00 ] ::1 /yao/thinkphp/index.php//Home/index/getDirectionCollections/number/1/length/500
INFO: [ app_init ] --START--
INFO: Run Behavior\BuildLiteBehavior [ RunTime:0.000081s ]
INFO: [ app_init ] --END-- [ RunTime:0.001546s ]
INFO: [ app_begin ] --START--
INFO: Run Behavior\ReadHtmlCacheBehavior [ RunTime:0.002084s ]
INFO: [ app_begin ] --END-- [ RunTime:0.002518s ]
SQL: SHOW COLUMNS FROM `news` [ RunTime:0.0800s ]
SQL: SELECT `thumb`,`date`,`content`,`title` FROM `news` WHERE ( `type` = 'direction' ) ORDER BY id desc LIMIT 1   [ RunTime:0.0006s ]

[ 2015-07-29T20:57:11+08:00 ] ::1 /yao/thinkphp/index.php/Home/index/getRelatedLink/article/5
INFO: [ app_init ] --START--
INFO: Run Behavior\BuildLiteBehavior [ RunTime:0.000082s ]
INFO: [ app_init ] --END-- [ RunTime:0.001687s ]
INFO: [ app_begin ] --START--
INFO: Run Behavior\ReadHtmlCacheBehavior [ RunTime:0.002157s ]
INFO: [ app_begin ] --END-- [ RunTime:0.002652s ]
SQL: SHOW COLUMNS FROM `link` [ RunTime:0.0511s ]
SQL: SELECT `title`,`uri` FROM `link` WHERE ( `for_news` = 5 and `type` = 'reference' )  [ RunTime:0.0010s ]

[ 2015-07-29T20:58:25+08:00 ] ::1 /yao/thinkphp/index.php//Home/index/getDirectionCollections/number/1/length/500
INFO: [ app_init ] --START--
INFO: Run Behavior\BuildLiteBehavior [ RunTime:0.000080s ]
INFO: [ app_init ] --END-- [ RunTime:0.001484s ]
INFO: [ app_begin ] --START--
INFO: Run Behavior\ReadHtmlCacheBehavior [ RunTime:0.003284s ]
INFO: [ app_begin ] --END-- [ RunTime:0.003784s ]
SQL: SHOW COLUMNS FROM `news` [ RunTime:0.0366s ]
SQL: SELECT `thumb`,`date`,`content`,`title` FROM `news` WHERE ( `type` = 'direction' ) ORDER BY id desc LIMIT 1   [ RunTime:0.0011s ]

[ 2015-07-29T20:59:16+08:00 ] ::1 /yao/thinkphp/index.php//Home/index/getDirectionCollections/number/1/length/500
INFO: [ app_init ] --START--
INFO: Run Behavior\BuildLiteBehavior [ RunTime:0.000122s ]
INFO: [ app_init ] --END-- [ RunTime:0.001562s ]
INFO: [ app_begin ] --START--
INFO: Run Behavior\ReadHtmlCacheBehavior [ RunTime:0.003270s ]
INFO: [ app_begin ] --END-- [ RunTime:0.004220s ]
SQL: SHOW COLUMNS FROM `news` [ RunTime:0.0294s ]
SQL: SELECT `thumb`,`date`,`content`,`title`,`id` FROM `news` WHERE ( `type` = 'direction' ) ORDER BY id desc LIMIT 1   [ RunTime:0.0010s ]

[ 2015-07-29T20:59:24+08:00 ] ::1 /yao/thinkphp/index.php//Home/index/getDirectionCollections/number/1/length/500
INFO: [ app_init ] --START--
INFO: Run Behavior\BuildLiteBehavior [ RunTime:0.000081s ]
INFO: [ app_init ] --END-- [ RunTime:0.001424s ]
INFO: [ app_begin ] --START--
INFO: Run Behavior\ReadHtmlCacheBehavior [ RunTime:0.002144s ]
INFO: [ app_begin ] --END-- [ RunTime:0.002543s ]
SQL: SHOW COLUMNS FROM `news` [ RunTime:0.0282s ]
SQL: SELECT `thumb`,`date`,`content`,`title`,`id` FROM `news` WHERE ( `type` = 'direction' ) ORDER BY id desc LIMIT 1   [ RunTime:0.0012s ]

[ 2015-07-29T20:59:27+08:00 ] ::1 /yao/thinkphp/index.php/Home/index/getRelatedLink/article/5
INFO: [ app_init ] --START--
INFO: Run Behavior\BuildLiteBehavior [ RunTime:0.000086s ]
INFO: [ app_init ] --END-- [ RunTime:0.002127s ]
INFO: [ app_begin ] --START--
INFO: Run Behavior\ReadHtmlCacheBehavior [ RunTime:0.002000s ]
INFO: [ app_begin ] --END-- [ RunTime:0.002395s ]
SQL: SHOW COLUMNS FROM `link` [ RunTime:0.0282s ]
SQL: SELECT `title`,`uri` FROM `link` WHERE ( `for_news` = 5 and `type` = 'reference' )  [ RunTime:0.0015s ]

[ 2015-07-29T21:02:27+08:00 ] ::1 /yao/thinkphp/index.php//Home/index/getDirectionCollections/number/1/length/500
INFO: [ app_init ] --START--
INFO: Run Behavior\BuildLiteBehavior [ RunTime:0.000083s ]
INFO: [ app_init ] --END-- [ RunTime:0.001444s ]
INFO: [ app_begin ] --START--
INFO: Run Behavior\ReadHtmlCacheBehavior [ RunTime:0.002011s ]
INFO: [ app_begin ] --END-- [ RunTime:0.002409s ]
SQL: SHOW COLUMNS FROM `news` [ RunTime:0.0441s ]
SQL: SELECT `thumb`,`date`,`content`,`title`,`id` FROM `news` WHERE ( `type` = 'direction' ) ORDER BY id desc LIMIT 1   [ RunTime:0.0013s ]

[ 2015-07-29T21:03:12+08:00 ] ::1 /yao/thinkphp/index.php//Home/index/getDirectionCollections/number/1/length/500
INFO: [ app_init ] --START--
INFO: Run Behavior\BuildLiteBehavior [ RunTime:0.000084s ]
INFO: [ app_init ] --END-- [ RunTime:0.001439s ]
INFO: [ app_begin ] --START--
INFO: Run Behavior\ReadHtmlCacheBehavior [ RunTime:0.002001s ]
INFO: [ app_begin ] --END-- [ RunTime:0.002368s ]
SQL: SHOW COLUMNS FROM `news` [ RunTime:0.0111s ]
SQL: SELECT `thumb`,`date`,`content`,`title`,`id` FROM `news` WHERE ( `type` = 'direction' ) ORDER BY id desc LIMIT 1   [ RunTime:0.0005s ]

[ 2015-07-29T21:06:55+08:00 ] ::1 /yao/thinkphp/index.php//Home/index/getDirectionCollections/number/1/length/500
INFO: [ app_init ] --START--
INFO: Run Behavior\BuildLiteBehavior [ RunTime:0.000082s ]
INFO: [ app_init ] --END-- [ RunTime:0.001434s ]
INFO: [ app_begin ] --START--
INFO: Run Behavior\ReadHtmlCacheBehavior [ RunTime:0.002078s ]
INFO: [ app_begin ] --END-- [ RunTime:0.002508s ]
SQL: SHOW COLUMNS FROM `news` [ RunTime:0.0480s ]
SQL: SELECT `thumb`,`date`,`content`,`title`,`id` FROM `news` WHERE ( `type` = 'direction' ) ORDER BY id desc LIMIT 1   [ RunTime:0.0011s ]

[ 2015-07-29T21:06:55+08:00 ] ::1 /yao/thinkphp/index.php//Home/index/getRelatedLink/article/6
INFO: [ app_init ] --START--
INFO: Run Behavior\BuildLiteBehavior [ RunTime:0.000043s ]
INFO: [ app_init ] --END-- [ RunTime:0.000737s ]
INFO: [ app_begin ] --START--
INFO: Run Behavior\ReadHtmlCacheBehavior [ RunTime:0.001949s ]
INFO: [ app_begin ] --END-- [ RunTime:0.002308s ]
SQL: SHOW COLUMNS FROM `link` [ RunTime:0.0221s ]
SQL: SELECT `title`,`uri` FROM `link` WHERE ( `for_news` = 6 and `type` = 'reference' )  [ RunTime:0.0005s ]

[ 2015-07-29T21:06:56+08:00 ] ::1 /yao/thinkphp/index.php//Home/index/getFriendlyLink/article/6
INFO: [ app_init ] --START--
INFO: Run Behavior\BuildLiteBehavior [ RunTime:0.000036s ]
INFO: [ app_init ] --END-- [ RunTime:0.000665s ]
INFO: [ app_begin ] --START--
INFO: Run Behavior\ReadHtmlCacheBehavior [ RunTime:0.000874s ]
INFO: [ app_begin ] --END-- [ RunTime:0.001058s ]
SQL: SHOW COLUMNS FROM `link` [ RunTime:0.0110s ]
SQL: SELECT `title`,`uri` FROM `link` WHERE ( `for_news` = 6 and `type` = 'friendly' )  [ RunTime:0.0004s ]

[ 2015-07-29T21:08:55+08:00 ] ::1 /yao/thinkphp/index.php//Home/index/getDirectionCollections/number/1/length/500
INFO: [ app_init ] --START--
INFO: Run Behavior\BuildLiteBehavior [ RunTime:0.000084s ]
INFO: [ app_init ] --END-- [ RunTime:0.001483s ]
INFO: [ app_begin ] --START--
INFO: Run Behavior\ReadHtmlCacheBehavior [ RunTime:0.002397s ]
INFO: [ app_begin ] --END-- [ RunTime:0.002944s ]
SQL: SHOW COLUMNS FROM `news` [ RunTime:0.0971s ]
SQL: SELECT `thumb`,`date`,`content`,`title`,`id` FROM `news` WHERE ( `type` = 'direction' ) ORDER BY id desc LIMIT 1   [ RunTime:0.0006s ]

[ 2015-07-29T21:08:55+08:00 ] ::1 /yao/thinkphp/index.php//Home/index/getRelatedLink/article/6
INFO: [ app_init ] --START--
INFO: Run Behavior\BuildLiteBehavior [ RunTime:0.000078s ]
INFO: [ app_init ] --END-- [ RunTime:0.001217s ]
INFO: [ app_begin ] --START--
INFO: Run Behavior\ReadHtmlCacheBehavior [ RunTime:0.001328s ]
INFO: [ app_begin ] --END-- [ RunTime:0.001763s ]
SQL: SHOW COLUMNS FROM `link` [ RunTime:0.0140s ]
SQL: SELECT `title`,`uri` FROM `link` WHERE ( `for_news` = 6 and `type` = 'reference' )  [ RunTime:0.0010s ]

[ 2015-07-29T21:08:55+08:00 ] ::1 /yao/thinkphp/index.php//Home/index/getFriendlyLink/article/6
INFO: [ app_init ] --START--
INFO: Run Behavior\BuildLiteBehavior [ RunTime:0.000035s ]
INFO: [ app_init ] --END-- [ RunTime:0.000562s ]
INFO: [ app_begin ] --START--
INFO: Run Behavior\ReadHtmlCacheBehavior [ RunTime:0.000607s ]
INFO: [ app_begin ] --END-- [ RunTime:0.000782s ]
SQL: SHOW COLUMNS FROM `link` [ RunTime:0.0065s ]
SQL: SELECT `title`,`uri` FROM `link` WHERE ( `for_news` = 6 and `type` = 'friendly' )  [ RunTime:0.0005s ]

[ 2015-07-29T21:10:38+08:00 ] ::1 /yao/thinkphp/index.php//Home/index/getDirectionCollections/number/1/length/500
INFO: [ app_init ] --START--
INFO: Run Behavior\BuildLiteBehavior [ RunTime:0.000040s ]
INFO: [ app_init ] --END-- [ RunTime:0.000708s ]
INFO: [ app_begin ] --START--
INFO: Run Behavior\ReadHtmlCacheBehavior [ RunTime:0.001245s ]
INFO: [ app_begin ] --END-- [ RunTime:0.001515s ]
SQL: SHOW COLUMNS FROM `news` [ RunTime:0.0114s ]
SQL: SELECT `thumb`,`date`,`content`,`title`,`id` FROM `news` WHERE ( `type` = 'direction' ) ORDER BY id desc LIMIT 1   [ RunTime:0.0006s ]

[ 2015-07-29T21:10:38+08:00 ] ::1 /yao/thinkphp/index.php//Home/index/getRelatedLink/article/6
INFO: [ app_init ] --START--
INFO: Run Behavior\BuildLiteBehavior [ RunTime:0.000039s ]
INFO: [ app_init ] --END-- [ RunTime:0.000666s ]
INFO: [ app_begin ] --START--
INFO: Run Behavior\ReadHtmlCacheBehavior [ RunTime:0.000924s ]
INFO: [ app_begin ] --END-- [ RunTime:0.001110s ]
SQL: SHOW COLUMNS FROM `link` [ RunTime:0.0098s ]
SQL: SELECT `title`,`uri` FROM `link` WHERE ( `for_news` = 6 and `type` = 'reference' )  [ RunTime:0.0007s ]

[ 2015-07-29T21:10:38+08:00 ] ::1 /yao/thinkphp/index.php//Home/index/getFriendlyLink/article/6
INFO: [ app_init ] --START--
INFO: Run Behavior\BuildLiteBehavior [ RunTime:0.000076s ]
INFO: [ app_init ] --END-- [ RunTime:0.001265s ]
INFO: [ app_begin ] --START--
INFO: Run Behavior\ReadHtmlCacheBehavior [ RunTime:0.001003s ]
INFO: [ app_begin ] --END-- [ RunTime:0.001222s ]
SQL: SHOW COLUMNS FROM `link` [ RunTime:0.0051s ]
SQL: SELECT `title`,`uri` FROM `link` WHERE ( `for_news` = 6 and `type` = 'friendly' )  [ RunTime:0.0004s ]

[ 2015-07-29T21:12:15+08:00 ] ::1 /yao/thinkphp/index.php//Home/index/getDirectionCollections/number/1/length/500
INFO: [ app_init ] --START--
INFO: Run Behavior\BuildLiteBehavior [ RunTime:0.000081s ]
INFO: [ app_init ] --END-- [ RunTime:0.001423s ]
INFO: [ app_begin ] --START--
INFO: Run Behavior\ReadHtmlCacheBehavior [ RunTime:0.002918s ]
INFO: [ app_begin ] --END-- [ RunTime:0.003442s ]
SQL: SHOW COLUMNS FROM `news` [ RunTime:0.0396s ]
SQL: SELECT `thumb`,`date`,`content`,`title`,`id` FROM `news` WHERE ( `type` = 'direction' ) ORDER BY id desc LIMIT 1   [ RunTime:0.0017s ]

[ 2015-07-29T21:12:15+08:00 ] ::1 /yao/thinkphp/index.php//Home/index/getRelatedLink/article/6
INFO: [ app_init ] --START--
INFO: Run Behavior\BuildLiteBehavior [ RunTime:0.000083s ]
INFO: [ app_init ] --END-- [ RunTime:0.001619s ]
INFO: [ app_begin ] --START--
INFO: Run Behavior\ReadHtmlCacheBehavior [ RunTime:0.002144s ]
INFO: [ app_begin ] --END-- [ RunTime:0.002637s ]
SQL: SHOW COLUMNS FROM `link` [ RunTime:0.0110s ]
SQL: SELECT `title`,`uri` FROM `link` WHERE ( `for_news` = 6 and `type` = 'reference' )  [ RunTime:0.0005s ]

[ 2015-07-29T21:12:15+08:00 ] ::1 /yao/thinkphp/index.php//Home/index/getFriendlyLink/article/6
INFO: [ app_init ] --START--
INFO: Run Behavior\BuildLiteBehavior [ RunTime:0.000049s ]
INFO: [ app_init ] --END-- [ RunTime:0.000971s ]
INFO: [ app_begin ] --START--
INFO: Run Behavior\ReadHtmlCacheBehavior [ RunTime:0.001194s ]
INFO: [ app_begin ] --END-- [ RunTime:0.001422s ]
SQL: SHOW COLUMNS FROM `link` [ RunTime:0.0076s ]
SQL: SELECT `title`,`uri` FROM `link` WHERE ( `for_news` = 6 and `type` = 'friendly' )  [ RunTime:0.0005s ]

[ 2015-07-29T21:13:25+08:00 ] ::1 /yao/thinkphp/index.php//Home/index/getDirectionCollections/number/1/length/500
INFO: [ app_init ] --START--
INFO: Run Behavior\BuildLiteBehavior [ RunTime:0.000085s ]
INFO: [ app_init ] --END-- [ RunTime:0.001879s ]
INFO: [ app_begin ] --START--
INFO: Run Behavior\ReadHtmlCacheBehavior [ RunTime:0.001744s ]
INFO: [ app_begin ] --END-- [ RunTime:0.002190s ]
SQL: SHOW COLUMNS FROM `news` [ RunTime:0.0390s ]
SQL: SELECT `thumb`,`date`,`content`,`title`,`id` FROM `news` WHERE ( `type` = 'direction' ) ORDER BY id desc LIMIT 1   [ RunTime:0.0011s ]

[ 2015-07-29T21:13:26+08:00 ] ::1 /yao/thinkphp/index.php//Home/index/getRelatedLink/article/6
INFO: [ app_init ] --START--
INFO: Run Behavior\BuildLiteBehavior [ RunTime:0.000139s ]
INFO: [ app_init ] --END-- [ RunTime:0.003456s ]
INFO: [ app_begin ] --START--
INFO: Run Behavior\ReadHtmlCacheBehavior [ RunTime:0.000961s ]
INFO: [ app_begin ] --END-- [ RunTime:0.001273s ]
SQL: SHOW COLUMNS FROM `link` [ RunTime:0.0129s ]
SQL: SELECT `title`,`uri` FROM `link` WHERE ( `for_news` = 6 and `type` = 'reference' )  [ RunTime:0.0004s ]

[ 2015-07-29T21:13:26+08:00 ] ::1 /yao/thinkphp/index.php//Home/index/getFriendlyLink/article/6
INFO: [ app_init ] --START--
INFO: Run Behavior\BuildLiteBehavior [ RunTime:0.000060s ]
INFO: [ app_init ] --END-- [ RunTime:0.000892s ]
INFO: [ app_begin ] --START--
INFO: Run Behavior\ReadHtmlCacheBehavior [ RunTime:0.000866s ]
INFO: [ app_begin ] --END-- [ RunTime:0.001117s ]
SQL: SHOW COLUMNS FROM `link` [ RunTime:0.0055s ]
SQL: SELECT `title`,`uri` FROM `link` WHERE ( `for_news` = 6 and `type` = 'friendly' )  [ RunTime:0.0005s ]

[ 2015-07-29T21:13:44+08:00 ] ::1 /yao/thinkphp/index.php//Home/index/getGlobalComment/number/4
INFO: [ app_init ] --START--
INFO: Run Behavior\BuildLiteBehavior [ RunTime:0.000082s ]
INFO: [ app_init ] --END-- [ RunTime:0.001933s ]
INFO: [ app_begin ] --START--
INFO: Run Behavior\ReadHtmlCacheBehavior [ RunTime:0.001357s ]
INFO: [ app_begin ] --END-- [ RunTime:0.001786s ]
SQL: SHOW COLUMNS FROM `comment` [ RunTime:0.0725s ]
SQL: SELECT `date`,`content` FROM `comment` WHERE ( `for_news` is NULL ) ORDER BY id desc LIMIT 4   [ RunTime:0.0005s ]

[ 2015-07-29T21:18:51+08:00 ] ::1 /yao/thinkphp/index.php//Home/index/getGlobalComment/number/4
INFO: [ app_init ] --START--
INFO: Run Behavior\BuildLiteBehavior [ RunTime:0.000048s ]
INFO: [ app_init ] --END-- [ RunTime:0.000925s ]
INFO: [ app_begin ] --START--
INFO: Run Behavior\ReadHtmlCacheBehavior [ RunTime:0.001620s ]
INFO: [ app_begin ] --END-- [ RunTime:0.002054s ]
SQL: SHOW COLUMNS FROM `comment` [ RunTime:0.0130s ]
SQL: SELECT `date`,`content` FROM `comment` WHERE ( `for_news` is NULL ) ORDER BY id desc LIMIT 4   [ RunTime:0.0005s ]

[ 2015-07-29T21:22:08+08:00 ] ::1 /yao/thinkphp/index.php//Home/index/getGlobalComment/number/4
INFO: [ app_init ] --START--
INFO: Run Behavior\BuildLiteBehavior [ RunTime:0.000056s ]
INFO: [ app_init ] --END-- [ RunTime:0.000848s ]
INFO: [ app_begin ] --START--
INFO: Run Behavior\ReadHtmlCacheBehavior [ RunTime:0.001112s ]
INFO: [ app_begin ] --END-- [ RunTime:0.001394s ]
SQL: SHOW COLUMNS FROM `comment` [ RunTime:0.0201s ]
SQL: SELECT `date`,`content` FROM `comment` WHERE ( `for_news` is NULL ) ORDER BY id desc LIMIT 4   [ RunTime:0.0006s ]

[ 2015-07-29T21:22:14+08:00 ] ::1 /yao/thinkphp/index.php//Home/index/postComment
INFO: [ app_init ] --START--
INFO: Run Behavior\BuildLiteBehavior [ RunTime:0.000091s ]
INFO: [ app_init ] --END-- [ RunTime:0.001649s ]
INFO: [ app_begin ] --START--
INFO: Run Behavior\ReadHtmlCacheBehavior [ RunTime:0.003231s ]
INFO: [ app_begin ] --END-- [ RunTime:0.004244s ]
SQL: SHOW COLUMNS FROM `comment` [ RunTime:0.1000s ]
SQL: INSERT INTO `comment` (`for_news`,`for_comment`,`author`,`mail`,`content`) VALUES (NULL,NULL,' ',' ',' ') [ RunTime:0.0370s ]
INFO: [ app_end ] --START--
INFO: Run Behavior\ShowPageTraceBehavior [ RunTime:0.029579s ]
INFO: [ app_end ] --END-- [ RunTime:0.029804s ]

[ 2015-07-29T21:22:15+08:00 ] ::1 /yao/thinkphp/index.php//Home/index/getGlobalComment/number/4
INFO: [ app_init ] --START--
INFO: Run Behavior\BuildLiteBehavior [ RunTime:0.000126s ]
INFO: [ app_init ] --END-- [ RunTime:0.002054s ]
INFO: [ app_begin ] --START--
INFO: Run Behavior\ReadHtmlCacheBehavior [ RunTime:0.001073s ]
INFO: [ app_begin ] --END-- [ RunTime:0.001306s ]
SQL: SHOW COLUMNS FROM `comment` [ RunTime:0.0141s ]
SQL: SELECT `date`,`content` FROM `comment` WHERE ( `for_news` is NULL ) ORDER BY id desc LIMIT 4   [ RunTime:0.0005s ]

[ 2015-07-29T21:22:40+08:00 ] ::1 /yao/thinkphp/index.php//Home/index/postComment
INFO: [ app_init ] --START--
INFO: Run Behavior\BuildLiteBehavior [ RunTime:0.000206s ]
INFO: [ app_init ] --END-- [ RunTime:0.001616s ]
INFO: [ app_begin ] --START--
INFO: Run Behavior\ReadHtmlCacheBehavior [ RunTime:0.000864s ]
INFO: [ app_begin ] --END-- [ RunTime:0.001076s ]
SQL: SHOW COLUMNS FROM `comment` [ RunTime:0.0206s ]
SQL: INSERT INTO `comment` (`for_news`,`for_comment`,`author`,`mail`,`content`) VALUES (NULL,NULL,' ',' ',' ') [ RunTime:0.0616s ]
INFO: [ app_end ] --START--
INFO: Run Behavior\ShowPageTraceBehavior [ RunTime:0.001527s ]
INFO: [ app_end ] --END-- [ RunTime:0.001840s ]

[ 2015-07-29T21:22:40+08:00 ] ::1 /yao/thinkphp/index.php//Home/index/getGlobalComment/number/4
INFO: [ app_init ] --START--
INFO: Run Behavior\BuildLiteBehavior [ RunTime:0.000038s ]
INFO: [ app_init ] --END-- [ RunTime:0.000648s ]
INFO: [ app_begin ] --START--
INFO: Run Behavior\ReadHtmlCacheBehavior [ RunTime:0.001832s ]
INFO: [ app_begin ] --END-- [ RunTime:0.002207s ]
SQL: SHOW COLUMNS FROM `comment` [ RunTime:0.0076s ]
SQL: SELECT `date`,`content` FROM `comment` WHERE ( `for_news` is NULL ) ORDER BY id desc LIMIT 4   [ RunTime:0.0005s ]

[ 2015-07-29T21:23:10+08:00 ] ::1 /yao/thinkphp/index.php//Home/index/getGlobalComment/number/4
INFO: [ app_init ] --START--
INFO: Run Behavior\BuildLiteBehavior [ RunTime:0.000085s ]
INFO: [ app_init ] --END-- [ RunTime:0.001620s ]
INFO: [ app_begin ] --START--
INFO: Run Behavior\ReadHtmlCacheBehavior [ RunTime:0.001603s ]
INFO: [ app_begin ] --END-- [ RunTime:0.002091s ]
SQL: SHOW COLUMNS FROM `comment` [ RunTime:0.0322s ]
SQL: SELECT `date`,`content` FROM `comment` WHERE ( `for_news` is NULL ) ORDER BY id desc LIMIT 4   [ RunTime:0.0011s ]

[ 2015-07-29T21:23:53+08:00 ] ::1 /yao/thinkphp/index.php//Home/index/getGlobalComment/number/4
INFO: [ app_init ] --START--
INFO: Run Behavior\BuildLiteBehavior [ RunTime:0.000105s ]
INFO: [ app_init ] --END-- [ RunTime:0.001795s ]
INFO: [ app_begin ] --START--
INFO: Run Behavior\ReadHtmlCacheBehavior [ RunTime:0.001411s ]
INFO: [ app_begin ] --END-- [ RunTime:0.001812s ]
SQL: SHOW COLUMNS FROM `comment` [ RunTime:0.0224s ]
SQL: SELECT `date`,`content` FROM `comment` WHERE ( `for_news` is NULL ) ORDER BY id desc LIMIT 4   [ RunTime:0.0012s ]

[ 2015-07-29T21:25:15+08:00 ] ::1 /yao/thinkphp/index.php//Home/index/getGlobalComment/number/4
INFO: [ app_init ] --START--
INFO: Run Behavior\BuildLiteBehavior [ RunTime:0.000086s ]
INFO: [ app_init ] --END-- [ RunTime:0.001851s ]
INFO: [ app_begin ] --START--
INFO: Run Behavior\ReadHtmlCacheBehavior [ RunTime:0.002387s ]
INFO: [ app_begin ] --END-- [ RunTime:0.003060s ]
SQL: SHOW COLUMNS FROM `comment` [ RunTime:0.0524s ]
SQL: SELECT `date`,`content` FROM `comment` WHERE ( `for_news` is NULL ) ORDER BY id desc LIMIT 4   [ RunTime:0.0010s ]

[ 2015-07-29T21:25:40+08:00 ] ::1 /yao/thinkphp/index.php//Home/index/getGlobalComment/number/4
INFO: [ app_init ] --START--
INFO: Run Behavior\BuildLiteBehavior [ RunTime:0.000082s ]
INFO: [ app_init ] --END-- [ RunTime:0.001333s ]
INFO: [ app_begin ] --START--
INFO: Run Behavior\ReadHtmlCacheBehavior [ RunTime:0.001492s ]
INFO: [ app_begin ] --END-- [ RunTime:0.001907s ]
SQL: SHOW COLUMNS FROM `comment` [ RunTime:0.0687s ]
SQL: SELECT `date`,`content` FROM `comment` WHERE ( `for_news` is NULL ) ORDER BY id desc LIMIT 4   [ RunTime:0.0010s ]

[ 2015-07-29T21:26:00+08:00 ] ::1 /yao/thinkphp/index.php//Home/index/getGlobalComment/number/4
INFO: [ app_init ] --START--
INFO: Run Behavior\BuildLiteBehavior [ RunTime:0.000083s ]
INFO: [ app_init ] --END-- [ RunTime:0.002095s ]
INFO: [ app_begin ] --START--
INFO: Run Behavior\ReadHtmlCacheBehavior [ RunTime:0.002594s ]
INFO: [ app_begin ] --END-- [ RunTime:0.003574s ]
SQL: SHOW COLUMNS FROM `comment` [ RunTime:0.0418s ]
SQL: SELECT `date`,`content` FROM `comment` WHERE ( `for_news` is NULL ) ORDER BY id desc LIMIT 4   [ RunTime:0.0009s ]

[ 2015-07-29T21:26:52+08:00 ] ::1 /yao/thinkphp/index.php//Home/index/getGlobalComment/number/4
INFO: [ app_init ] --START--
INFO: Run Behavior\BuildLiteBehavior [ RunTime:0.000107s ]
INFO: [ app_init ] --END-- [ RunTime:0.001587s ]
INFO: [ app_begin ] --START--
INFO: Run Behavior\ReadHtmlCacheBehavior [ RunTime:0.002095s ]
INFO: [ app_begin ] --END-- [ RunTime:0.002568s ]
SQL: SHOW COLUMNS FROM `comment` [ RunTime:0.0251s ]
SQL: SELECT `date`,`content` FROM `comment` WHERE ( `for_news` is NULL ) ORDER BY id desc LIMIT 4   [ RunTime:0.0009s ]

[ 2015-07-29T21:29:24+08:00 ] ::1 /yao/thinkphp/index.php//Home/index/getGlobalComment/number/4
INFO: [ app_init ] --START--
INFO: Run Behavior\BuildLiteBehavior [ RunTime:0.000134s ]
INFO: [ app_init ] --END-- [ RunTime:0.002276s ]
INFO: [ app_begin ] --START--
INFO: Run Behavior\ReadHtmlCacheBehavior [ RunTime:0.002331s ]
INFO: [ app_begin ] --END-- [ RunTime:0.002835s ]
SQL: SHOW COLUMNS FROM `comment` [ RunTime:0.0163s ]
SQL: SELECT `date`,`content` FROM `comment` WHERE ( `for_news` is NULL ) ORDER BY id desc LIMIT 4   [ RunTime:0.0005s ]

[ 2015-07-29T21:29:36+08:00 ] ::1 /yao/thinkphp/index.php//Home/index/postComment
INFO: [ app_init ] --START--
INFO: Run Behavior\BuildLiteBehavior [ RunTime:0.000074s ]
INFO: [ app_init ] --END-- [ RunTime:0.000969s ]
INFO: [ app_begin ] --START--
INFO: Run Behavior\ReadHtmlCacheBehavior [ RunTime:0.003181s ]
INFO: [ app_begin ] --END-- [ RunTime:0.003458s ]
SQL: SHOW COLUMNS FROM `comment` [ RunTime:0.0295s ]
SQL: INSERT INTO `comment` (`for_news`,`for_comment`,`author`,`mail`,`content`) VALUES (NULL,NULL,'啊','啊','啊') [ RunTime:0.0446s ]
INFO: [ app_end ] --START--
INFO: Run Behavior\ShowPageTraceBehavior [ RunTime:0.001343s ]
INFO: [ app_end ] --END-- [ RunTime:0.001575s ]

[ 2015-07-29T21:29:36+08:00 ] ::1 /yao/thinkphp/index.php//Home/index/getGlobalComment/number/4
INFO: [ app_init ] --START--
INFO: Run Behavior\BuildLiteBehavior [ RunTime:0.000036s ]
INFO: [ app_init ] --END-- [ RunTime:0.000611s ]
INFO: [ app_begin ] --START--
INFO: Run Behavior\ReadHtmlCacheBehavior [ RunTime:0.000847s ]
INFO: [ app_begin ] --END-- [ RunTime:0.001014s ]
SQL: SHOW COLUMNS FROM `comment` [ RunTime:0.0141s ]
SQL: SELECT `date`,`content` FROM `comment` WHERE ( `for_news` is NULL ) ORDER BY id desc LIMIT 4   [ RunTime:0.0004s ]

[ 2015-07-29T21:30:04+08:00 ] ::1 /yao/thinkphp/index.php//Home/index/getGlobalComment/number/4
INFO: [ app_init ] --START--
INFO: Run Behavior\BuildLiteBehavior [ RunTime:0.000042s ]
INFO: [ app_init ] --END-- [ RunTime:0.000675s ]
INFO: [ app_begin ] --START--
INFO: Run Behavior\ReadHtmlCacheBehavior [ RunTime:0.000933s ]
INFO: [ app_begin ] --END-- [ RunTime:0.001126s ]
SQL: SHOW COLUMNS FROM `comment` [ RunTime:0.0238s ]
SQL: SELECT `date`,`content` FROM `comment` WHERE ( `for_news` is NULL ) ORDER BY id desc LIMIT 4   [ RunTime:0.0005s ]

[ 2015-07-29T21:30:22+08:00 ] ::1 /yao/thinkphp/index.php//Home/index/postComment
INFO: [ app_init ] --START--
INFO: Run Behavior\BuildLiteBehavior [ RunTime:0.000148s ]
INFO: [ app_init ] --END-- [ RunTime:0.004193s ]
INFO: [ app_begin ] --START--
INFO: Run Behavior\ReadHtmlCacheBehavior [ RunTime:0.006071s ]
INFO: [ app_begin ] --END-- [ RunTime:0.006855s ]
SQL: SHOW COLUMNS FROM `comment` [ RunTime:0.0226s ]
SQL: INSERT INTO `comment` (`for_news`,`for_comment`,`author`,`mail`,`content`) VALUES (NULL,NULL,'啊','啊','a ') [ RunTime:0.0587s ]
INFO: [ app_end ] --START--
INFO: Run Behavior\ShowPageTraceBehavior [ RunTime:0.001208s ]
INFO: [ app_end ] --END-- [ RunTime:0.001490s ]

[ 2015-07-29T21:30:22+08:00 ] ::1 /yao/thinkphp/index.php//Home/index/getGlobalComment/number/4
INFO: [ app_init ] --START--
INFO: Run Behavior\BuildLiteBehavior [ RunTime:0.000036s ]
INFO: [ app_init ] --END-- [ RunTime:0.000619s ]
INFO: [ app_begin ] --START--
INFO: Run Behavior\ReadHtmlCacheBehavior [ RunTime:0.000839s ]
INFO: [ app_begin ] --END-- [ RunTime:0.001009s ]
SQL: SHOW COLUMNS FROM `comment` [ RunTime:0.0048s ]
SQL: SELECT `date`,`content` FROM `comment` WHERE ( `for_news` is NULL ) ORDER BY id desc LIMIT 4   [ RunTime:0.0004s ]

[ 2015-07-29T21:31:16+08:00 ] ::1 /yao/thinkphp/index.php//Home/index/getGlobalComment/number/4
INFO: [ app_init ] --START--
INFO: Run Behavior\BuildLiteBehavior [ RunTime:0.000082s ]
INFO: [ app_init ] --END-- [ RunTime:0.001437s ]
INFO: [ app_begin ] --START--
INFO: Run Behavior\ReadHtmlCacheBehavior [ RunTime:0.002894s ]
INFO: [ app_begin ] --END-- [ RunTime:0.003493s ]
SQL: SHOW COLUMNS FROM `comment` [ RunTime:0.0138s ]
SQL: SELECT `date`,`content` FROM `comment` WHERE ( `for_news` is NULL ) ORDER BY id desc LIMIT 4   [ RunTime:0.0006s ]

[ 2015-07-29T21:32:40+08:00 ] ::1 /yao/thinkphp/index.php//Home/index/getGlobalComment/number/4
INFO: [ app_init ] --START--
INFO: Run Behavior\BuildLiteBehavior [ RunTime:0.000082s ]
INFO: [ app_init ] --END-- [ RunTime:0.001417s ]
INFO: [ app_begin ] --START--
INFO: Run Behavior\ReadHtmlCacheBehavior [ RunTime:0.002706s ]
INFO: [ app_begin ] --END-- [ RunTime:0.003234s ]
SQL: SHOW COLUMNS FROM `comment` [ RunTime:0.0147s ]
SQL: SELECT `date`,`content` FROM `comment` WHERE ( `for_news` is NULL ) ORDER BY id desc LIMIT 4   [ RunTime:0.0006s ]

[ 2015-07-29T21:32:50+08:00 ] ::1 /yao/thinkphp/index.php//Home/index/postComment
INFO: [ app_init ] --START--
INFO: Run Behavior\BuildLiteBehavior [ RunTime:0.000139s ]
INFO: [ app_init ] --END-- [ RunTime:0.003755s ]
INFO: [ app_begin ] --START--
INFO: Run Behavior\ReadHtmlCacheBehavior [ RunTime:0.002394s ]
INFO: [ app_begin ] --END-- [ RunTime:0.003042s ]
SQL: SHOW COLUMNS FROM `comment` [ RunTime:0.0113s ]
SQL: INSERT INTO `comment` (`for_news`,`for_comment`,`author`,`mail`,`content`) VALUES (NULL,NULL,'周予维','y.w.zhou@foxmail.com','a ') [ RunTime:0.1119s ]
INFO: [ app_end ] --START--
INFO: Run Behavior\ShowPageTraceBehavior [ RunTime:0.001350s ]
INFO: [ app_end ] --END-- [ RunTime:0.001655s ]

[ 2015-07-29T21:32:50+08:00 ] ::1 /yao/thinkphp/index.php//Home/index/getGlobalComment/number/4
INFO: [ app_init ] --START--
INFO: Run Behavior\BuildLiteBehavior [ RunTime:0.000061s ]
INFO: [ app_init ] --END-- [ RunTime:0.001181s ]
INFO: [ app_begin ] --START--
INFO: Run Behavior\ReadHtmlCacheBehavior [ RunTime:0.000785s ]
INFO: [ app_begin ] --END-- [ RunTime:0.000956s ]
SQL: SHOW COLUMNS FROM `comment` [ RunTime:0.0092s ]
SQL: SELECT `date`,`content` FROM `comment` WHERE ( `for_news` is NULL ) ORDER BY id desc LIMIT 4   [ RunTime:0.0004s ]

[ 2015-07-29T21:33:02+08:00 ] ::1 /yao/thinkphp/index.php//Home/index/postComment
INFO: [ app_init ] --START--
INFO: Run Behavior\BuildLiteBehavior [ RunTime:0.000146s ]
INFO: [ app_init ] --END-- [ RunTime:0.002793s ]
INFO: [ app_begin ] --START--
INFO: Run Behavior\ReadHtmlCacheBehavior [ RunTime:0.004758s ]
INFO: [ app_begin ] --END-- [ RunTime:0.006016s ]
SQL: SHOW COLUMNS FROM `comment` [ RunTime:0.0241s ]
SQL: INSERT INTO `comment` (`for_news`,`for_comment`,`author`,`mail`,`content`) VALUES (NULL,NULL,'周予维','11302010067@fudan.edu.cn','d ') [ RunTime:0.0483s ]
INFO: [ app_end ] --START--
INFO: Run Behavior\ShowPageTraceBehavior [ RunTime:0.001637s ]
INFO: [ app_end ] --END-- [ RunTime:0.002081s ]

[ 2015-07-29T21:33:02+08:00 ] ::1 /yao/thinkphp/index.php//Home/index/getGlobalComment/number/4
INFO: [ app_init ] --START--
INFO: Run Behavior\BuildLiteBehavior [ RunTime:0.000127s ]
INFO: [ app_init ] --END-- [ RunTime:0.001728s ]
INFO: [ app_begin ] --START--
INFO: Run Behavior\ReadHtmlCacheBehavior [ RunTime:0.001017s ]
INFO: [ app_begin ] --END-- [ RunTime:0.001233s ]
SQL: SHOW COLUMNS FROM `comment` [ RunTime:0.0085s ]
SQL: SELECT `date`,`content` FROM `comment` WHERE ( `for_news` is NULL ) ORDER BY id desc LIMIT 4   [ RunTime:0.0012s ]

[ 2015-07-29T21:33:31+08:00 ] ::1 /yao/thinkphp/index.php//Home/index/getNewsCollections/number/1
INFO: [ app_init ] --START--
INFO: Run Behavior\BuildLiteBehavior [ RunTime:0.000044s ]
INFO: [ app_init ] --END-- [ RunTime:0.000957s ]
INFO: [ app_begin ] --START--
INFO: Run Behavior\ReadHtmlCacheBehavior [ RunTime:0.001035s ]
INFO: [ app_begin ] --END-- [ RunTime:0.001252s ]
SQL: SHOW COLUMNS FROM `news` [ RunTime:0.0209s ]
SQL: SELECT `id`,`thumb`,`content`,`title` FROM `news` WHERE ( `type` = 'news' ) ORDER BY id desc LIMIT 1   [ RunTime:0.0005s ]

[ 2015-07-29T21:33:31+08:00 ] ::1 /yao/thinkphp/index.php//Home/index/getExplosionCollections/number/1
INFO: [ app_init ] --START--
INFO: Run Behavior\BuildLiteBehavior [ RunTime:0.000041s ]
INFO: [ app_init ] --END-- [ RunTime:0.000719s ]
INFO: [ app_begin ] --START--
INFO: Run Behavior\ReadHtmlCacheBehavior [ RunTime:0.001002s ]
INFO: [ app_begin ] --END-- [ RunTime:0.001202s ]
SQL: SHOW COLUMNS FROM `news` [ RunTime:0.0068s ]
SQL: SELECT `id`,`thumb`,`content`,`title` FROM `news` WHERE ( `type` = 'explosion' ) ORDER BY id desc LIMIT 1   [ RunTime:0.0010s ]

[ 2015-07-29T21:33:31+08:00 ] ::1 /yao/thinkphp/index.php//Home/index/getDirectionCollections/number/3/length/100
INFO: [ app_init ] --START--
INFO: Run Behavior\BuildLiteBehavior [ RunTime:0.000069s ]
INFO: [ app_init ] --END-- [ RunTime:0.000822s ]
INFO: [ app_begin ] --START--
INFO: Run Behavior\ReadHtmlCacheBehavior [ RunTime:0.001025s ]
INFO: [ app_begin ] --END-- [ RunTime:0.001250s ]
SQL: SHOW COLUMNS FROM `news` [ RunTime:0.0078s ]
SQL: SELECT `thumb`,`date`,`content`,`title`,`id` FROM `news` WHERE ( `type` = 'direction' ) ORDER BY id desc LIMIT 3   [ RunTime:0.0005s ]

[ 2015-07-29T21:33:32+08:00 ] ::1 /yao/thinkphp/index.php//Home/index/getBriefCollections/number/5
INFO: [ app_init ] --START--
INFO: Run Behavior\BuildLiteBehavior [ RunTime:0.000044s ]
INFO: [ app_init ] --END-- [ RunTime:0.001105s ]
INFO: [ app_begin ] --START--
INFO: Run Behavior\ReadHtmlCacheBehavior [ RunTime:0.001645s ]
INFO: [ app_begin ] --END-- [ RunTime:0.002010s ]
SQL: SHOW COLUMNS FROM `news` [ RunTime:0.0092s ]
SQL: SELECT `id`,`title` FROM `news` WHERE ( `type` = 'brief' ) ORDER BY id desc LIMIT 5   [ RunTime:0.0008s ]

[ 2015-07-29T21:50:57+08:00 ] ::1 /yao/thinkphp/index.php//Home/index/getNewsCollections/number/1
INFO: [ app_init ] --START--
INFO: Run Behavior\BuildLiteBehavior [ RunTime:0.000089s ]
INFO: [ app_init ] --END-- [ RunTime:0.001644s ]
INFO: [ app_begin ] --START--
INFO: Run Behavior\ReadHtmlCacheBehavior [ RunTime:0.002628s ]
INFO: [ app_begin ] --END-- [ RunTime:0.003402s ]
SQL: SHOW COLUMNS FROM `news` [ RunTime:0.0592s ]
SQL: SELECT `id`,`thumb`,`content`,`title` FROM `news` WHERE ( `type` = 'news' ) ORDER BY id desc LIMIT 1   [ RunTime:0.0005s ]

[ 2015-07-29T21:50:57+08:00 ] ::1 /yao/thinkphp/index.php//Home/index/getExplosionCollections/number/1
INFO: [ app_init ] --START--
INFO: Run Behavior\BuildLiteBehavior [ RunTime:0.000067s ]
INFO: [ app_init ] --END-- [ RunTime:0.001172s ]
INFO: [ app_begin ] --START--
INFO: Run Behavior\ReadHtmlCacheBehavior [ RunTime:0.001050s ]
INFO: [ app_begin ] --END-- [ RunTime:0.001239s ]
SQL: SHOW COLUMNS FROM `news` [ RunTime:0.0223s ]
SQL: SELECT `id`,`thumb`,`content`,`title` FROM `news` WHERE ( `type` = 'explosion' ) ORDER BY id desc LIMIT 1   [ RunTime:0.0004s ]

[ 2015-07-29T21:50:57+08:00 ] ::1 /yao/thinkphp/index.php//Home/index/getDirectionCollections/number/3/length/100
INFO: [ app_init ] --START--
INFO: Run Behavior\BuildLiteBehavior [ RunTime:0.000035s ]
INFO: [ app_init ] --END-- [ RunTime:0.000640s ]
INFO: [ app_begin ] --START--
INFO: Run Behavior\ReadHtmlCacheBehavior [ RunTime:0.001787s ]
INFO: [ app_begin ] --END-- [ RunTime:0.002141s ]
SQL: SHOW COLUMNS FROM `news` [ RunTime:0.0056s ]
SQL: SELECT `thumb`,`date`,`content`,`title`,`id` FROM `news` WHERE ( `type` = 'direction' ) ORDER BY id desc LIMIT 3   [ RunTime:0.0005s ]

[ 2015-07-29T21:50:57+08:00 ] ::1 /yao/thinkphp/index.php//Home/index/getBriefCollections/number/5
INFO: [ app_init ] --START--
INFO: Run Behavior\BuildLiteBehavior [ RunTime:0.000064s ]
INFO: [ app_init ] --END-- [ RunTime:0.001102s ]
INFO: [ app_begin ] --START--
INFO: Run Behavior\ReadHtmlCacheBehavior [ RunTime:0.000857s ]
INFO: [ app_begin ] --END-- [ RunTime:0.001026s ]
SQL: SHOW COLUMNS FROM `news` [ RunTime:0.0072s ]
SQL: SELECT `id`,`title` FROM `news` WHERE ( `type` = 'brief' ) ORDER BY id desc LIMIT 5   [ RunTime:0.0004s ]

[ 2015-07-29T22:00:45+08:00 ] ::1 /yao/thinkphp/index.php//Home/index/getNewsCollections/number/1
INFO: [ app_init ] --START--
INFO: Run Behavior\BuildLiteBehavior [ RunTime:0.000087s ]
INFO: [ app_init ] --END-- [ RunTime:0.002192s ]
INFO: [ app_begin ] --START--
INFO: Run Behavior\ReadHtmlCacheBehavior [ RunTime:0.002207s ]
INFO: [ app_begin ] --END-- [ RunTime:0.002758s ]
SQL: SHOW COLUMNS FROM `news` [ RunTime:0.0409s ]
SQL: SELECT `id`,`thumb`,`content`,`title` FROM `news` WHERE ( `type` = 'news' ) ORDER BY id desc LIMIT 1   [ RunTime:0.0010s ]

[ 2015-07-29T22:00:45+08:00 ] ::1 /yao/thinkphp/index.php//Home/index/getExplosionCollections/number/1
INFO: [ app_init ] --START--
INFO: Run Behavior\BuildLiteBehavior [ RunTime:0.000154s ]
INFO: [ app_init ] --END-- [ RunTime:0.002746s ]
INFO: [ app_begin ] --START--
INFO: Run Behavior\ReadHtmlCacheBehavior [ RunTime:0.002066s ]
INFO: [ app_begin ] --END-- [ RunTime:0.002473s ]
SQL: SHOW COLUMNS FROM `news` [ RunTime:0.0119s ]
SQL: SELECT `id`,`thumb`,`content`,`title` FROM `news` WHERE ( `type` = 'explosion' ) ORDER BY id desc LIMIT 1   [ RunTime:0.0011s ]

[ 2015-07-29T22:00:45+08:00 ] ::1 /yao/thinkphp/index.php//Home/index/getDirectionCollections/number/3/length/100
INFO: [ app_init ] --START--
INFO: Run Behavior\BuildLiteBehavior [ RunTime:0.000083s ]
INFO: [ app_init ] --END-- [ RunTime:0.001546s ]
INFO: [ app_begin ] --START--
INFO: Run Behavior\ReadHtmlCacheBehavior [ RunTime:0.001955s ]
INFO: [ app_begin ] --END-- [ RunTime:0.002355s ]
ERR: SQLSTATE[42S02]: Base table or view not found: 1146 Table 'yao.news,' doesn't exist

[ 2015-07-29T22:00:50+08:00 ] ::1 /yao/thinkphp/index.php//Home/index/getBriefCollections/number/5
INFO: [ app_init ] --START--
INFO: Run Behavior\BuildLiteBehavior [ RunTime:0.000082s ]
INFO: [ app_init ] --END-- [ RunTime:0.001549s ]
INFO: [ app_begin ] --START--
INFO: Run Behavior\ReadHtmlCacheBehavior [ RunTime:0.002489s ]
INFO: [ app_begin ] --END-- [ RunTime:0.002957s ]
SQL: SHOW COLUMNS FROM `news` [ RunTime:0.0701s ]
SQL: SELECT `id`,`title` FROM `news` WHERE ( `type` = 'brief' ) ORDER BY id desc LIMIT 5   [ RunTime:0.0008s ]

[ 2015-07-29T22:02:01+08:00 ] ::1 /yao/thinkphp/index.php//Home/index/getDirectionCollections/number/3/length/100
INFO: [ app_init ] --START--
INFO: Run Behavior\BuildLiteBehavior [ RunTime:0.000080s ]
INFO: [ app_init ] --END-- [ RunTime:0.001437s ]
INFO: [ app_begin ] --START--
INFO: Run Behavior\ReadHtmlCacheBehavior [ RunTime:0.002040s ]
INFO: [ app_begin ] --END-- [ RunTime:0.002501s ]
ERR: SQLSTATE[42S02]: Base table or view not found: 1146 Table 'yao.news,' doesn't exist

[ 2015-07-29T22:02:47+08:00 ] ::1 /yao/thinkphp/index.php//Home/index/getDirectionCollections/number/3/length/100
INFO: [ app_init ] --START--
INFO: Run Behavior\BuildLiteBehavior [ RunTime:0.000134s ]
INFO: [ app_init ] --END-- [ RunTime:0.002227s ]
INFO: [ app_begin ] --START--
INFO: Run Behavior\ReadHtmlCacheBehavior [ RunTime:0.002563s ]
INFO: [ app_begin ] --END-- [ RunTime:0.003064s ]
ERR: SQLSTATE[42000]: Syntax error or access violation: 1103 Incorrect table name ''

[ 2015-07-29T22:05:25+08:00 ] ::1 /yao/thinkphp/index.php//Home/index/getDirectionCollections/number/3/length/100
INFO: [ app_init ] --START--
INFO: Run Behavior\BuildLiteBehavior [ RunTime:0.000105s ]
INFO: [ app_init ] --END-- [ RunTime:0.001665s ]
INFO: [ app_begin ] --START--
INFO: Run Behavior\ReadHtmlCacheBehavior [ RunTime:0.003277s ]
INFO: [ app_begin ] --END-- [ RunTime:0.003832s ]
SQL: select news.content, news.date, news.id, user.name, user.icon from news, user where news.type='direction' and news.author=user.username order by id desc limit 3 [ RunTime:0.0700s ]

[ 2015-07-29T22:05:29+08:00 ] ::1 /yao/thinkphp/index.php//Home/index/getNewsCollections/number/1
INFO: [ app_init ] --START--
INFO: Run Behavior\BuildLiteBehavior [ RunTime:0.000082s ]
INFO: [ app_init ] --END-- [ RunTime:0.001568s ]
INFO: [ app_begin ] --START--
INFO: Run Behavior\ReadHtmlCacheBehavior [ RunTime:0.002805s ]
INFO: [ app_begin ] --END-- [ RunTime:0.003325s ]
SQL: SHOW COLUMNS FROM `news` [ RunTime:0.0629s ]
SQL: SELECT `id`,`thumb`,`content`,`title` FROM `news` WHERE ( `type` = 'news' ) ORDER BY id desc LIMIT 1   [ RunTime:0.0014s ]

[ 2015-07-29T22:05:29+08:00 ] ::1 /yao/thinkphp/index.php//Home/index/getExplosionCollections/number/1
INFO: [ app_init ] --START--
INFO: Run Behavior\BuildLiteBehavior [ RunTime:0.000049s ]
INFO: [ app_init ] --END-- [ RunTime:0.000991s ]
INFO: [ app_begin ] --START--
INFO: Run Behavior\ReadHtmlCacheBehavior [ RunTime:0.001262s ]
INFO: [ app_begin ] --END-- [ RunTime:0.001521s ]
SQL: SHOW COLUMNS FROM `news` [ RunTime:0.0080s ]
SQL: SELECT `id`,`thumb`,`content`,`title` FROM `news` WHERE ( `type` = 'explosion' ) ORDER BY id desc LIMIT 1   [ RunTime:0.0007s ]

[ 2015-07-29T22:05:29+08:00 ] ::1 /yao/thinkphp/index.php//Home/index/getDirectionCollections/number/3/length/100
INFO: [ app_init ] --START--
INFO: Run Behavior\BuildLiteBehavior [ RunTime:0.000049s ]
INFO: [ app_init ] --END-- [ RunTime:0.000920s ]
INFO: [ app_begin ] --START--
INFO: Run Behavior\ReadHtmlCacheBehavior [ RunTime:0.001250s ]
INFO: [ app_begin ] --END-- [ RunTime:0.001650s ]
SQL: select news.content, news.date, news.id, user.name, user.icon from news, user where news.type='direction' and news.author=user.username order by id desc limit 3 [ RunTime:0.0237s ]

[ 2015-07-29T22:05:29+08:00 ] ::1 /yao/thinkphp/index.php//Home/index/getBriefCollections/number/5
INFO: [ app_init ] --START--
INFO: Run Behavior\BuildLiteBehavior [ RunTime:0.000047s ]
INFO: [ app_init ] --END-- [ RunTime:0.000721s ]
INFO: [ app_begin ] --START--
INFO: Run Behavior\ReadHtmlCacheBehavior [ RunTime:0.000792s ]
INFO: [ app_begin ] --END-- [ RunTime:0.001018s ]
SQL: SHOW COLUMNS FROM `news` [ RunTime:0.0071s ]
SQL: SELECT `id`,`title` FROM `news` WHERE ( `type` = 'brief' ) ORDER BY id desc LIMIT 5   [ RunTime:0.0005s ]

[ 2015-07-29T22:06:48+08:00 ] ::1 /yao/thinkphp/index.php//Home/index/getNewsCollections/number/1
INFO: [ app_init ] --START--
INFO: Run Behavior\BuildLiteBehavior [ RunTime:0.000083s ]
INFO: [ app_init ] --END-- [ RunTime:0.001474s ]
INFO: [ app_begin ] --START--
INFO: Run Behavior\ReadHtmlCacheBehavior [ RunTime:0.002045s ]
INFO: [ app_begin ] --END-- [ RunTime:0.002453s ]
SQL: SHOW COLUMNS FROM `news` [ RunTime:0.0388s ]
SQL: SELECT `id`,`thumb`,`content`,`title` FROM `news` WHERE ( `type` = 'news' ) ORDER BY id desc LIMIT 1   [ RunTime:0.0032s ]

[ 2015-07-29T22:06:48+08:00 ] ::1 /yao/thinkphp/index.php//Home/index/getExplosionCollections/number/1
INFO: [ app_init ] --START--
INFO: Run Behavior\BuildLiteBehavior [ RunTime:0.000138s ]
INFO: [ app_init ] --END-- [ RunTime:0.001964s ]
INFO: [ app_begin ] --START--
INFO: Run Behavior\ReadHtmlCacheBehavior [ RunTime:0.002131s ]
INFO: [ app_begin ] --END-- [ RunTime:0.002601s ]
SQL: SHOW COLUMNS FROM `news` [ RunTime:0.0138s ]
SQL: SELECT `id`,`thumb`,`content`,`title` FROM `news` WHERE ( `type` = 'explosion' ) ORDER BY id desc LIMIT 1   [ RunTime:0.0010s ]

[ 2015-07-29T22:06:48+08:00 ] ::1 /yao/thinkphp/index.php//Home/index/getDirectionCollections/number/3/length/100
INFO: [ app_init ] --START--
INFO: Run Behavior\BuildLiteBehavior [ RunTime:0.000082s ]
INFO: [ app_init ] --END-- [ RunTime:0.001436s ]
INFO: [ app_begin ] --START--
INFO: Run Behavior\ReadHtmlCacheBehavior [ RunTime:0.002125s ]
INFO: [ app_begin ] --END-- [ RunTime:0.002539s ]
SQL: select news.content, news.date, news.id, user.name, user.icon from news, user where news.type='direction' and news.author=user.username order by id desc limit 3 [ RunTime:0.0541s ]

[ 2015-07-29T22:06:49+08:00 ] ::1 /yao/thinkphp/index.php//Home/index/getBriefCollections/number/5
INFO: [ app_init ] --START--
INFO: Run Behavior\BuildLiteBehavior [ RunTime:0.000086s ]
INFO: [ app_init ] --END-- [ RunTime:0.001926s ]
INFO: [ app_begin ] --START--
INFO: Run Behavior\ReadHtmlCacheBehavior [ RunTime:0.003881s ]
INFO: [ app_begin ] --END-- [ RunTime:0.004312s ]
SQL: SHOW COLUMNS FROM `news` [ RunTime:0.0182s ]
SQL: SELECT `id`,`title` FROM `news` WHERE ( `type` = 'brief' ) ORDER BY id desc LIMIT 5   [ RunTime:0.0007s ]

[ 2015-07-29T22:10:33+08:00 ] ::1 /yao/thinkphp/index.php//Home/index/getNewsCollections/number/1
INFO: [ app_init ] --START--
INFO: Run Behavior\BuildLiteBehavior [ RunTime:0.000084s ]
INFO: [ app_init ] --END-- [ RunTime:0.001543s ]
INFO: [ app_begin ] --START--
INFO: Run Behavior\ReadHtmlCacheBehavior [ RunTime:0.003177s ]
INFO: [ app_begin ] --END-- [ RunTime:0.003833s ]
SQL: SHOW COLUMNS FROM `news` [ RunTime:0.0337s ]
SQL: SELECT `id`,`thumb`,`content`,`title` FROM `news` WHERE ( `type` = 'news' ) ORDER BY id desc LIMIT 1   [ RunTime:0.0013s ]

[ 2015-07-29T22:10:33+08:00 ] ::1 /yao/thinkphp/index.php//Home/index/getExplosionCollections/number/1
INFO: [ app_init ] --START--
INFO: Run Behavior\BuildLiteBehavior [ RunTime:0.000088s ]
INFO: [ app_init ] --END-- [ RunTime:0.001816s ]
INFO: [ app_begin ] --START--
INFO: Run Behavior\ReadHtmlCacheBehavior [ RunTime:0.003455s ]
INFO: [ app_begin ] --END-- [ RunTime:0.004015s ]
SQL: SHOW COLUMNS FROM `news` [ RunTime:0.0247s ]
SQL: SELECT `id`,`thumb`,`content`,`title` FROM `news` WHERE ( `type` = 'explosion' ) ORDER BY id desc LIMIT 1   [ RunTime:0.0010s ]

[ 2015-07-29T22:10:33+08:00 ] ::1 /yao/thinkphp/index.php//Home/index/getDirectionCollections/number/3/length/100
INFO: [ app_init ] --START--
INFO: Run Behavior\BuildLiteBehavior [ RunTime:0.000175s ]
INFO: [ app_init ] --END-- [ RunTime:0.001818s ]
INFO: [ app_begin ] --START--
INFO: Run Behavior\ReadHtmlCacheBehavior [ RunTime:0.002042s ]
INFO: [ app_begin ] --END-- [ RunTime:0.002457s ]
SQL: select news.content, news.date, news.id, user.name, user.icon from news, user where news.type='direction' and news.author=user.username order by id desc limit 3 [ RunTime:0.0233s ]

[ 2015-07-29T22:10:33+08:00 ] ::1 /yao/thinkphp/index.php//Home/index/getBriefCollections/number/5
INFO: [ app_init ] --START--
INFO: Run Behavior\BuildLiteBehavior [ RunTime:0.000084s ]
INFO: [ app_init ] --END-- [ RunTime:0.001446s ]
INFO: [ app_begin ] --START--
INFO: Run Behavior\ReadHtmlCacheBehavior [ RunTime:0.002158s ]
INFO: [ app_begin ] --END-- [ RunTime:0.002574s ]
SQL: SHOW COLUMNS FROM `news` [ RunTime:0.0119s ]
SQL: SELECT `id`,`title` FROM `news` WHERE ( `type` = 'brief' ) ORDER BY id desc LIMIT 5   [ RunTime:0.0008s ]

[ 2015-07-29T22:11:43+08:00 ] ::1 /yao/thinkphp/index.php//Home/index/getNewsCollections/number/1
INFO: [ app_init ] --START--
INFO: Run Behavior\BuildLiteBehavior [ RunTime:0.000160s ]
INFO: [ app_init ] --END-- [ RunTime:0.002875s ]
INFO: [ app_begin ] --START--
INFO: Run Behavior\ReadHtmlCacheBehavior [ RunTime:0.003752s ]
INFO: [ app_begin ] --END-- [ RunTime:0.004472s ]
SQL: SHOW COLUMNS FROM `news` [ RunTime:0.0355s ]
SQL: SELECT `id`,`thumb`,`content`,`title` FROM `news` WHERE ( `type` = 'news' ) ORDER BY id desc LIMIT 1   [ RunTime:0.0013s ]

[ 2015-07-29T22:11:44+08:00 ] ::1 /yao/thinkphp/index.php//Home/index/getExplosionCollections/number/1
INFO: [ app_init ] --START--
INFO: Run Behavior\BuildLiteBehavior [ RunTime:0.000158s ]
INFO: [ app_init ] --END-- [ RunTime:0.002497s ]
INFO: [ app_begin ] --START--
INFO: Run Behavior\ReadHtmlCacheBehavior [ RunTime:0.004321s ]
INFO: [ app_begin ] --END-- [ RunTime:0.005300s ]
SQL: SHOW COLUMNS FROM `news` [ RunTime:0.0368s ]
SQL: SELECT `id`,`thumb`,`content`,`title` FROM `news` WHERE ( `type` = 'explosion' ) ORDER BY id desc LIMIT 1   [ RunTime:0.0009s ]

[ 2015-07-29T22:11:44+08:00 ] ::1 /yao/thinkphp/index.php//Home/index/getDirectionCollections/number/3/length/100
INFO: [ app_init ] --START--
INFO: Run Behavior\BuildLiteBehavior [ RunTime:0.000084s ]
INFO: [ app_init ] --END-- [ RunTime:0.001455s ]
INFO: [ app_begin ] --START--
INFO: Run Behavior\ReadHtmlCacheBehavior [ RunTime:0.002163s ]
INFO: [ app_begin ] --END-- [ RunTime:0.002595s ]
SQL: select news.content, news.date, news.id, user.name, user.icon from news, user where news.type='direction' and news.author=user.username order by id desc limit 3 [ RunTime:0.0238s ]

[ 2015-07-29T22:11:44+08:00 ] ::1 /yao/thinkphp/index.php//Home/index/getBriefCollections/number/5
INFO: [ app_init ] --START--
INFO: Run Behavior\BuildLiteBehavior [ RunTime:0.000098s ]
INFO: [ app_init ] --END-- [ RunTime:0.001673s ]
INFO: [ app_begin ] --START--
INFO: Run Behavior\ReadHtmlCacheBehavior [ RunTime:0.002142s ]
INFO: [ app_begin ] --END-- [ RunTime:0.002631s ]
SQL: SHOW COLUMNS FROM `news` [ RunTime:0.0126s ]
SQL: SELECT `id`,`title` FROM `news` WHERE ( `type` = 'brief' ) ORDER BY id desc LIMIT 5   [ RunTime:0.0008s ]

[ 2015-07-29T22:13:00+08:00 ] ::1 /yao/thinkphp/index.php//Home/index/getNewsCollections/number/1
INFO: [ app_init ] --START--
INFO: Run Behavior\BuildLiteBehavior [ RunTime:0.000083s ]
INFO: [ app_init ] --END-- [ RunTime:0.001455s ]
INFO: [ app_begin ] --START--
INFO: Run Behavior\ReadHtmlCacheBehavior [ RunTime:0.001967s ]
INFO: [ app_begin ] --END-- [ RunTime:0.002363s ]
SQL: SHOW COLUMNS FROM `news` [ RunTime:0.0738s ]
SQL: SELECT `id`,`thumb`,`content`,`title` FROM `news` WHERE ( `type` = 'news' ) ORDER BY id desc LIMIT 1   [ RunTime:0.0011s ]

[ 2015-07-29T22:13:00+08:00 ] ::1 /yao/thinkphp/index.php//Home/index/getExplosionCollections/number/1
INFO: [ app_init ] --START--
INFO: Run Behavior\BuildLiteBehavior [ RunTime:0.000142s ]
INFO: [ app_init ] --END-- [ RunTime:0.002298s ]
INFO: [ app_begin ] --START--
INFO: Run Behavior\ReadHtmlCacheBehavior [ RunTime:0.002617s ]
INFO: [ app_begin ] --END-- [ RunTime:0.003161s ]
SQL: SHOW COLUMNS FROM `news` [ RunTime:0.0132s ]
SQL: SELECT `id`,`thumb`,`content`,`title` FROM `news` WHERE ( `type` = 'explosion' ) ORDER BY id desc LIMIT 1   [ RunTime:0.0010s ]

[ 2015-07-29T22:13:01+08:00 ] ::1 /yao/thinkphp/index.php//Home/index/getDirectionCollections/number/3/length/100
INFO: [ app_init ] --START--
INFO: Run Behavior\BuildLiteBehavior [ RunTime:0.000086s ]
INFO: [ app_init ] --END-- [ RunTime:0.001842s ]
INFO: [ app_begin ] --START--
INFO: Run Behavior\ReadHtmlCacheBehavior [ RunTime:0.002821s ]
INFO: [ app_begin ] --END-- [ RunTime:0.003313s ]
SQL: select news.content, news.date, news.id, user.name, user.icon from news, user where news.type='direction' and news.author=user.username order by id desc limit 3 [ RunTime:0.0298s ]

[ 2015-07-29T22:13:01+08:00 ] ::1 /yao/thinkphp/index.php//Home/index/getBriefCollections/number/5
INFO: [ app_init ] --START--
INFO: Run Behavior\BuildLiteBehavior [ RunTime:0.000055s ]
INFO: [ app_init ] --END-- [ RunTime:0.000981s ]
INFO: [ app_begin ] --START--
INFO: Run Behavior\ReadHtmlCacheBehavior [ RunTime:0.001319s ]
INFO: [ app_begin ] --END-- [ RunTime:0.001905s ]
SQL: SHOW COLUMNS FROM `news` [ RunTime:0.0167s ]
SQL: SELECT `id`,`title` FROM `news` WHERE ( `type` = 'brief' ) ORDER BY id desc LIMIT 5   [ RunTime:0.0006s ]

[ 2015-07-29T22:13:25+08:00 ] ::1 /yao/thinkphp/index.php//Home/index/getDirectionCollections/number/1/length/500
INFO: [ app_init ] --START--
INFO: Run Behavior\BuildLiteBehavior [ RunTime:0.000082s ]
INFO: [ app_init ] --END-- [ RunTime:0.001453s ]
INFO: [ app_begin ] --START--
INFO: Run Behavior\ReadHtmlCacheBehavior [ RunTime:0.002072s ]
INFO: [ app_begin ] --END-- [ RunTime:0.002556s ]
SQL: select news.content, news.date, news.id, user.name, user.icon from news, user where news.type='direction' and news.author=user.username order by id desc limit 1 [ RunTime:0.0249s ]

[ 2015-07-29T22:13:25+08:00 ] ::1 /yao/thinkphp/index.php//Home/index/getRelatedLink/article/6
INFO: [ app_init ] --START--
INFO: Run Behavior\BuildLiteBehavior [ RunTime:0.000083s ]
INFO: [ app_init ] --END-- [ RunTime:0.001413s ]
INFO: [ app_begin ] --START--
INFO: Run Behavior\ReadHtmlCacheBehavior [ RunTime:0.002267s ]
INFO: [ app_begin ] --END-- [ RunTime:0.002891s ]
SQL: SHOW COLUMNS FROM `link` [ RunTime:0.0342s ]
SQL: SELECT `title`,`uri` FROM `link` WHERE ( `for_news` = 6 and `type` = 'reference' )  [ RunTime:0.0011s ]

[ 2015-07-29T22:13:25+08:00 ] ::1 /yao/thinkphp/index.php//Home/index/getFriendlyLink/article/6
INFO: [ app_init ] --START--
INFO: Run Behavior\BuildLiteBehavior [ RunTime:0.000082s ]
INFO: [ app_init ] --END-- [ RunTime:0.001424s ]
INFO: [ app_begin ] --START--
INFO: Run Behavior\ReadHtmlCacheBehavior [ RunTime:0.002242s ]
INFO: [ app_begin ] --END-- [ RunTime:0.002791s ]
SQL: SHOW COLUMNS FROM `link` [ RunTime:0.0211s ]
SQL: SELECT `title`,`uri` FROM `link` WHERE ( `for_news` = 6 and `type` = 'friendly' )  [ RunTime:0.0011s ]

[ 2015-07-29T22:14:02+08:00 ] ::1 /yao/thinkphp/index.php//Home/index/getDirectionCollections/number/1/length/500
INFO: [ app_init ] --START--
INFO: Run Behavior\BuildLiteBehavior [ RunTime:0.000144s ]
INFO: [ app_init ] --END-- [ RunTime:0.004380s ]
INFO: [ app_begin ] --START--
INFO: Run Behavior\ReadHtmlCacheBehavior [ RunTime:0.002136s ]
INFO: [ app_begin ] --END-- [ RunTime:0.002588s ]
SQL: select news.content, news.date, news.id, news.title, news.thumb, user.name, user.icon from news, user where news.type='direction' and news.author=user.username order by id desc limit 1 [ RunTime:0.0531s ]

[ 2015-07-29T22:14:02+08:00 ] ::1 /yao/thinkphp/index.php//Home/index/getRelatedLink/article/6
INFO: [ app_init ] --START--
INFO: Run Behavior\BuildLiteBehavior [ RunTime:0.000082s ]
INFO: [ app_init ] --END-- [ RunTime:0.001371s ]
INFO: [ app_begin ] --START--
INFO: Run Behavior\ReadHtmlCacheBehavior [ RunTime:0.002026s ]
INFO: [ app_begin ] --END-- [ RunTime:0.002436s ]
SQL: SHOW COLUMNS FROM `link` [ RunTime:0.0261s ]
SQL: SELECT `title`,`uri` FROM `link` WHERE ( `for_news` = 6 and `type` = 'reference' )  [ RunTime:0.0009s ]

[ 2015-07-29T22:14:02+08:00 ] ::1 /yao/thinkphp/index.php//Home/index/getFriendlyLink/article/6
INFO: [ app_init ] --START--
INFO: Run Behavior\BuildLiteBehavior [ RunTime:0.000083s ]
INFO: [ app_init ] --END-- [ RunTime:0.001387s ]
INFO: [ app_begin ] --START--
INFO: Run Behavior\ReadHtmlCacheBehavior [ RunTime:0.002062s ]
INFO: [ app_begin ] --END-- [ RunTime:0.002476s ]
SQL: SHOW COLUMNS FROM `link` [ RunTime:0.0142s ]
SQL: SELECT `title`,`uri` FROM `link` WHERE ( `for_news` = 6 and `type` = 'friendly' )  [ RunTime:0.0010s ]

[ 2015-07-29T22:43:24+08:00 ] ::1 /yao/thinkphp/index.php//Home/index/getGlobalComment/number/4
INFO: [ app_init ] --START--
INFO: Run Behavior\BuildLiteBehavior [ RunTime:0.000120s ]
INFO: [ app_init ] --END-- [ RunTime:0.001612s ]
INFO: [ app_begin ] --START--
INFO: Run Behavior\ReadHtmlCacheBehavior [ RunTime:0.002187s ]
INFO: [ app_begin ] --END-- [ RunTime:0.002648s ]
SQL: SHOW COLUMNS FROM `comment` [ RunTime:0.0438s ]
SQL: SELECT `id`,`date`,`content` FROM `comment` WHERE ( `for_news` is NULL ) ORDER BY id desc LIMIT 4   [ RunTime:0.0014s ]

[ 2015-07-29T22:46:10+08:00 ] ::1 /yao/thinkphp/index.php//Home/index/getGlobalComment/number/4
INFO: [ app_init ] --START--
INFO: Run Behavior\BuildLiteBehavior [ RunTime:0.000094s ]
INFO: [ app_init ] --END-- [ RunTime:0.001574s ]
INFO: [ app_begin ] --START--
INFO: Run Behavior\ReadHtmlCacheBehavior [ RunTime:0.002247s ]
INFO: [ app_begin ] --END-- [ RunTime:0.002725s ]
SQL: SHOW COLUMNS FROM `comment` [ RunTime:0.0528s ]
SQL: SELECT `id`,`date`,`content` FROM `comment` WHERE ( `for_news` is NULL ) ORDER BY id desc LIMIT 4   [ RunTime:0.0017s ]

[ 2015-07-29T22:54:32+08:00 ] ::1 /yao/thinkphp/index.php//Home/index/getGlobalComment/number/4
INFO: [ app_init ] --START--
INFO: Run Behavior\BuildLiteBehavior [ RunTime:0.000084s ]
INFO: [ app_init ] --END-- [ RunTime:0.002024s ]
INFO: [ app_begin ] --START--
INFO: Run Behavior\ReadHtmlCacheBehavior [ RunTime:0.002155s ]
INFO: [ app_begin ] --END-- [ RunTime:0.002603s ]
SQL: SHOW COLUMNS FROM `comment` [ RunTime:0.0423s ]
SQL: SELECT `id`,`date`,`content` FROM `comment` WHERE ( `for_news` is NULL ) ORDER BY id desc LIMIT 4   [ RunTime:0.0011s ]

[ 2015-07-29T22:57:27+08:00 ] ::1 /yao/thinkphp/index.php//Home/index/getGlobalComment/number/4
INFO: [ app_init ] --START--
INFO: Run Behavior\BuildLiteBehavior [ RunTime:0.000080s ]
INFO: [ app_init ] --END-- [ RunTime:0.001337s ]
INFO: [ app_begin ] --START--
INFO: Run Behavior\ReadHtmlCacheBehavior [ RunTime:0.002961s ]
INFO: [ app_begin ] --END-- [ RunTime:0.003557s ]
SQL: SHOW COLUMNS FROM `comment` [ RunTime:0.0283s ]
SQL: SELECT `id`,`date`,`content` FROM `comment` WHERE ( `for_news` is NULL ) ORDER BY id desc LIMIT 4   [ RunTime:0.0010s ]

[ 2015-07-29T23:37:25+08:00 ] ::1 /yao/thinkphp/index.php//Home/index/getDirectionCollections/number/1/length/500
INFO: [ app_init ] --START--
INFO: Run Behavior\BuildLiteBehavior [ RunTime:0.000084s ]
INFO: [ app_init ] --END-- [ RunTime:0.001714s ]
INFO: [ app_begin ] --START--
INFO: Run Behavior\ReadHtmlCacheBehavior [ RunTime:0.002301s ]
INFO: [ app_begin ] --END-- [ RunTime:0.002875s ]
SQL: select news.content, news.date, news.id, news.title, news.thumb, user.name, user.icon from news, user where news.type='direction' and news.author=user.username order by id desc limit 1 [ RunTime:0.0440s ]

[ 2015-07-29T23:37:25+08:00 ] ::1 /yao/thinkphp/index.php//Home/index/getRelatedLink/article/6
INFO: [ app_init ] --START--
INFO: Run Behavior\BuildLiteBehavior [ RunTime:0.000145s ]
INFO: [ app_init ] --END-- [ RunTime:0.002368s ]
INFO: [ app_begin ] --START--
INFO: Run Behavior\ReadHtmlCacheBehavior [ RunTime:0.002012s ]
INFO: [ app_begin ] --END-- [ RunTime:0.002994s ]
SQL: SHOW COLUMNS FROM `link` [ RunTime:0.0563s ]
SQL: SELECT `title`,`uri` FROM `link` WHERE ( `for_news` = 6 and `type` = 'reference' )  [ RunTime:0.0010s ]

[ 2015-07-29T23:37:25+08:00 ] ::1 /yao/thinkphp/index.php//Home/index/getFriendlyLink/article/6
INFO: [ app_init ] --START--
INFO: Run Behavior\BuildLiteBehavior [ RunTime:0.000153s ]
INFO: [ app_init ] --END-- [ RunTime:0.002447s ]
INFO: [ app_begin ] --START--
INFO: Run Behavior\ReadHtmlCacheBehavior [ RunTime:0.003275s ]
INFO: [ app_begin ] --END-- [ RunTime:0.004068s ]
SQL: SHOW COLUMNS FROM `link` [ RunTime:0.0114s ]
SQL: SELECT `title`,`uri` FROM `link` WHERE ( `for_news` = 6 and `type` = 'friendly' )  [ RunTime:0.0014s ]

[ 2015-07-29T23:38:04+08:00 ] ::1 /yao/thinkphp/index.php//Home/index/getNews/id/1
INFO: [ app_init ] --START--
INFO: Run Behavior\BuildLiteBehavior [ RunTime:0.000086s ]
INFO: [ app_init ] --END-- [ RunTime:0.002007s ]
INFO: [ app_begin ] --START--
INFO: Run Behavior\ReadHtmlCacheBehavior [ RunTime:0.002284s ]
INFO: [ app_begin ] --END-- [ RunTime:0.002878s ]
ERR: 参数错误或者未定义:newsId

[ 2015-07-29T23:38:09+08:00 ] ::1 /yao/thinkphp/index.php//Home/index/getRelatedLink/article/1
INFO: [ app_init ] --START--
INFO: Run Behavior\BuildLiteBehavior [ RunTime:0.000097s ]
INFO: [ app_init ] --END-- [ RunTime:0.001800s ]
INFO: [ app_begin ] --START--
INFO: Run Behavior\ReadHtmlCacheBehavior [ RunTime:0.002023s ]
INFO: [ app_begin ] --END-- [ RunTime:0.002460s ]
SQL: SHOW COLUMNS FROM `link` [ RunTime:0.0302s ]
SQL: SELECT `title`,`uri` FROM `link` WHERE ( `for_news` = 1 and `type` = 'reference' )  [ RunTime:0.0010s ]

[ 2015-07-29T23:38:09+08:00 ] ::1 /yao/thinkphp/index.php//Home/index/getFriendlyLink/article/1
INFO: [ app_init ] --START--
INFO: Run Behavior\BuildLiteBehavior [ RunTime:0.000143s ]
INFO: [ app_init ] --END-- [ RunTime:0.002789s ]
INFO: [ app_begin ] --START--
INFO: Run Behavior\ReadHtmlCacheBehavior [ RunTime:0.004094s ]
INFO: [ app_begin ] --END-- [ RunTime:0.004930s ]
SQL: SHOW COLUMNS FROM `link` [ RunTime:0.0088s ]
SQL: SELECT `title`,`uri` FROM `link` WHERE ( `for_news` = 1 and `type` = 'friendly' )  [ RunTime:0.0007s ]

[ 2015-07-29T23:38:40+08:00 ] ::1 /yao/thinkphp/index.php//Home/index/getNews/id/1
INFO: [ app_init ] --START--
INFO: Run Behavior\BuildLiteBehavior [ RunTime:0.000192s ]
INFO: [ app_init ] --END-- [ RunTime:0.002888s ]
INFO: [ app_begin ] --START--
INFO: Run Behavior\ReadHtmlCacheBehavior [ RunTime:0.010526s ]
INFO: [ app_begin ] --END-- [ RunTime:0.012158s ]
ERR: 参数错误或者未定义:newsId

[ 2015-07-29T23:38:45+08:00 ] ::1 /yao/thinkphp/index.php//Home/index/getRelatedLink/article/1
INFO: [ app_init ] --START--
INFO: Run Behavior\BuildLiteBehavior [ RunTime:0.000083s ]
INFO: [ app_init ] --END-- [ RunTime:0.001615s ]
INFO: [ app_begin ] --START--
INFO: Run Behavior\ReadHtmlCacheBehavior [ RunTime:0.002471s ]
INFO: [ app_begin ] --END-- [ RunTime:0.002933s ]
SQL: SHOW COLUMNS FROM `link` [ RunTime:0.0426s ]
SQL: SELECT `title`,`uri` FROM `link` WHERE ( `for_news` = 1 and `type` = 'reference' )  [ RunTime:0.0009s ]

[ 2015-07-29T23:38:45+08:00 ] ::1 /yao/thinkphp/index.php//Home/index/getFriendlyLink/article/1
INFO: [ app_init ] --START--
INFO: Run Behavior\BuildLiteBehavior [ RunTime:0.000097s ]
INFO: [ app_init ] --END-- [ RunTime:0.001527s ]
INFO: [ app_begin ] --START--
INFO: Run Behavior\ReadHtmlCacheBehavior [ RunTime:0.002032s ]
INFO: [ app_begin ] --END-- [ RunTime:0.002475s ]
SQL: SHOW COLUMNS FROM `link` [ RunTime:0.0177s ]
SQL: SELECT `title`,`uri` FROM `link` WHERE ( `for_news` = 1 and `type` = 'friendly' )  [ RunTime:0.0016s ]

[ 2015-07-29T23:39:21+08:00 ] ::1 /yao/thinkphp/index.php//Home/index/getNews/id/1
INFO: [ app_init ] --START--
INFO: Run Behavior\BuildLiteBehavior [ RunTime:0.000110s ]
INFO: [ app_init ] --END-- [ RunTime:0.001809s ]
INFO: [ app_begin ] --START--
INFO: Run Behavior\ReadHtmlCacheBehavior [ RunTime:0.003036s ]
INFO: [ app_begin ] --END-- [ RunTime:0.003523s ]
ERR: 参数错误或者未定义:newsId

[ 2015-07-29T23:40:09+08:00 ] ::1 /yao/thinkphp/index.php//Home/index/getNews/id/1
INFO: [ app_init ] --START--
INFO: Run Behavior\BuildLiteBehavior [ RunTime:0.000087s ]
INFO: [ app_init ] --END-- [ RunTime:0.001711s ]
INFO: [ app_begin ] --START--
INFO: Run Behavior\ReadHtmlCacheBehavior [ RunTime:0.002382s ]
INFO: [ app_begin ] --END-- [ RunTime:0.002851s ]
ERR: 参数错误或者未定义:newsId

[ 2015-07-29T23:40:13+08:00 ] ::1 /yao/thinkphp/index.php//Home/index/getNews/newsId/1
INFO: [ app_init ] --START--
INFO: Run Behavior\BuildLiteBehavior [ RunTime:0.000083s ]
INFO: [ app_init ] --END-- [ RunTime:0.001475s ]
INFO: [ app_begin ] --START--
INFO: Run Behavior\ReadHtmlCacheBehavior [ RunTime:0.001978s ]
INFO: [ app_begin ] --END-- [ RunTime:0.002377s ]
SQL: SHOW COLUMNS FROM `news` [ RunTime:0.0336s ]
SQL: SELECT * FROM `news` WHERE `id` = 1  [ RunTime:0.0010s ]

[ 2015-07-29T23:40:13+08:00 ] ::1 /yao/thinkphp/index.php//Home/index/getRelatedLink/article/1
INFO: [ app_init ] --START--
INFO: Run Behavior\BuildLiteBehavior [ RunTime:0.000138s ]
INFO: [ app_init ] --END-- [ RunTime:0.002438s ]
INFO: [ app_begin ] --START--
INFO: Run Behavior\ReadHtmlCacheBehavior [ RunTime:0.002609s ]
INFO: [ app_begin ] --END-- [ RunTime:0.002943s ]
SQL: SHOW COLUMNS FROM `link` [ RunTime:0.0126s ]
SQL: SELECT `title`,`uri` FROM `link` WHERE ( `for_news` = 1 and `type` = 'reference' )  [ RunTime:0.0005s ]

[ 2015-07-29T23:40:14+08:00 ] ::1 /yao/thinkphp/index.php//Home/index/getFriendlyLink/article/1
INFO: [ app_init ] --START--
INFO: Run Behavior\BuildLiteBehavior [ RunTime:0.000051s ]
INFO: [ app_init ] --END-- [ RunTime:0.001003s ]
INFO: [ app_begin ] --START--
INFO: Run Behavior\ReadHtmlCacheBehavior [ RunTime:0.001941s ]
INFO: [ app_begin ] --END-- [ RunTime:0.002338s ]
SQL: SHOW COLUMNS FROM `link` [ RunTime:0.0075s ]
SQL: SELECT `title`,`uri` FROM `link` WHERE ( `for_news` = 1 and `type` = 'friendly' )  [ RunTime:0.0005s ]

[ 2015-07-29T23:40:53+08:00 ] ::1 /yao/thinkphp/index.php//Home/index/getDirectionCollections/number/1/length/500
INFO: [ app_init ] --START--
INFO: Run Behavior\BuildLiteBehavior [ RunTime:0.000081s ]
INFO: [ app_init ] --END-- [ RunTime:0.001644s ]
INFO: [ app_begin ] --START--
INFO: Run Behavior\ReadHtmlCacheBehavior [ RunTime:0.002068s ]
INFO: [ app_begin ] --END-- [ RunTime:0.002498s ]
SQL: select news.content, news.date, news.id, news.title, news.thumb, user.name, user.icon from news, user where news.type='direction' and news.author=user.username order by id desc limit 1 [ RunTime:0.0419s ]

[ 2015-07-29T23:40:53+08:00 ] ::1 /yao/thinkphp/index.php//Home/index/getRelatedLink/article/6
INFO: [ app_init ] --START--
INFO: Run Behavior\BuildLiteBehavior [ RunTime:0.000144s ]
INFO: [ app_init ] --END-- [ RunTime:0.002735s ]
INFO: [ app_begin ] --START--
INFO: Run Behavior\ReadHtmlCacheBehavior [ RunTime:0.002230s ]
INFO: [ app_begin ] --END-- [ RunTime:0.002794s ]
SQL: SHOW COLUMNS FROM `link` [ RunTime:0.0358s ]
SQL: SELECT `title`,`uri` FROM `link` WHERE ( `for_news` = 6 and `type` = 'reference' )  [ RunTime:0.0009s ]

[ 2015-07-29T23:40:53+08:00 ] ::1 /yao/thinkphp/index.php//Home/index/getFriendlyLink/article/6
INFO: [ app_init ] --START--
INFO: Run Behavior\BuildLiteBehavior [ RunTime:0.000085s ]
INFO: [ app_init ] --END-- [ RunTime:0.001420s ]
INFO: [ app_begin ] --START--
INFO: Run Behavior\ReadHtmlCacheBehavior [ RunTime:0.002091s ]
INFO: [ app_begin ] --END-- [ RunTime:0.002501s ]
SQL: SHOW COLUMNS FROM `link` [ RunTime:0.0213s ]
SQL: SELECT `title`,`uri` FROM `link` WHERE ( `for_news` = 6 and `type` = 'friendly' )  [ RunTime:0.0010s ]

[ 2015-07-29T23:43:23+08:00 ] ::1 /yao/thinkphp/index.php//Home/index/getDirectionCollections/number/1/length/500
INFO: [ app_init ] --START--
INFO: Run Behavior\BuildLiteBehavior [ RunTime:0.000083s ]
INFO: [ app_init ] --END-- [ RunTime:0.001376s ]
INFO: [ app_begin ] --START--
INFO: Run Behavior\ReadHtmlCacheBehavior [ RunTime:0.004017s ]
INFO: [ app_begin ] --END-- [ RunTime:0.004887s ]
SQL: select news.content, news.date, news.id, news.title, news.thumb, user.name, user.icon from news, user where news.type='direction' and news.author=user.username order by id desc limit 1 [ RunTime:0.0905s ]

[ 2015-07-29T23:43:23+08:00 ] ::1 /yao/thinkphp/index.php//Home/index/getRelatedLink/article/6
INFO: [ app_init ] --START--
INFO: Run Behavior\BuildLiteBehavior [ RunTime:0.000056s ]
INFO: [ app_init ] --END-- [ RunTime:0.001244s ]
INFO: [ app_begin ] --START--
INFO: Run Behavior\ReadHtmlCacheBehavior [ RunTime:0.002121s ]
INFO: [ app_begin ] --END-- [ RunTime:0.002576s ]
SQL: SHOW COLUMNS FROM `link` [ RunTime:0.0120s ]
SQL: SELECT `title`,`uri` FROM `link` WHERE ( `for_news` = 6 and `type` = 'reference' )  [ RunTime:0.0005s ]

[ 2015-07-29T23:43:23+08:00 ] ::1 /yao/thinkphp/index.php//Home/index/getFriendlyLink/article/6
INFO: [ app_init ] --START--
INFO: Run Behavior\BuildLiteBehavior [ RunTime:0.000037s ]
INFO: [ app_init ] --END-- [ RunTime:0.000610s ]
INFO: [ app_begin ] --START--
INFO: Run Behavior\ReadHtmlCacheBehavior [ RunTime:0.000856s ]
INFO: [ app_begin ] --END-- [ RunTime:0.001029s ]
SQL: SHOW COLUMNS FROM `link` [ RunTime:0.0053s ]
SQL: SELECT `title`,`uri` FROM `link` WHERE ( `for_news` = 6 and `type` = 'friendly' )  [ RunTime:0.0003s ]

[ 2015-07-29T23:44:06+08:00 ] ::1 /yao/thinkphp/index.php//Home/index/getDirectionCollections/number/1/length/500
INFO: [ app_init ] --START--
INFO: Run Behavior\BuildLiteBehavior [ RunTime:0.000095s ]
INFO: [ app_init ] --END-- [ RunTime:0.001567s ]
INFO: [ app_begin ] --START--
INFO: Run Behavior\ReadHtmlCacheBehavior [ RunTime:0.002091s ]
INFO: [ app_begin ] --END-- [ RunTime:0.002526s ]
SQL: select news.content, news.date, news.id, news.title, news.thumb, user.name, user.icon from news, user where news.type='direction' and news.author=user.username order by id desc limit 1 [ RunTime:0.0470s ]

[ 2015-07-29T23:44:06+08:00 ] ::1 /yao/thinkphp/index.php//Home/index/getRelatedLink/article/6
INFO: [ app_init ] --START--
INFO: Run Behavior\BuildLiteBehavior [ RunTime:0.000135s ]
INFO: [ app_init ] --END-- [ RunTime:0.002992s ]
INFO: [ app_begin ] --START--
INFO: Run Behavior\ReadHtmlCacheBehavior [ RunTime:0.002601s ]
INFO: [ app_begin ] --END-- [ RunTime:0.003126s ]
SQL: SHOW COLUMNS FROM `link` [ RunTime:0.0352s ]
SQL: SELECT `title`,`uri` FROM `link` WHERE ( `for_news` = 6 and `type` = 'reference' )  [ RunTime:0.0008s ]

[ 2015-07-29T23:44:06+08:00 ] ::1 /yao/thinkphp/index.php//Home/index/getFriendlyLink/article/6
INFO: [ app_init ] --START--
INFO: Run Behavior\BuildLiteBehavior [ RunTime:0.000104s ]
INFO: [ app_init ] --END-- [ RunTime:0.001730s ]
INFO: [ app_begin ] --START--
INFO: Run Behavior\ReadHtmlCacheBehavior [ RunTime:0.002867s ]
INFO: [ app_begin ] --END-- [ RunTime:0.003444s ]
SQL: SHOW COLUMNS FROM `link` [ RunTime:0.0132s ]
SQL: SELECT `title`,`uri` FROM `link` WHERE ( `for_news` = 6 and `type` = 'friendly' )  [ RunTime:0.0008s ]

[ 2015-07-29T23:45:34+08:00 ] ::1 /yao/thinkphp/index.php/Home/index/getBriefCollections/number/5
INFO: [ app_init ] --START--
INFO: Run Behavior\BuildLiteBehavior [ RunTime:0.000202s ]
INFO: [ app_init ] --END-- [ RunTime:0.003121s ]
INFO: [ app_begin ] --START--
INFO: Run Behavior\ReadHtmlCacheBehavior [ RunTime:0.001745s ]
INFO: [ app_begin ] --END-- [ RunTime:0.002151s ]
SQL: SHOW COLUMNS FROM `news` [ RunTime:0.0808s ]
SQL: SELECT `id`,`title` FROM `news` WHERE ( `type` = 'brief' ) ORDER BY id desc LIMIT 5   [ RunTime:0.0012s ]

[ 2015-07-29T23:46:40+08:00 ] ::1 /yao/thinkphp/index.php//Home/index/getDirectionCollections/number/1/length/500
INFO: [ app_init ] --START--
INFO: Run Behavior\BuildLiteBehavior [ RunTime:0.000166s ]
INFO: [ app_init ] --END-- [ RunTime:0.004141s ]
INFO: [ app_begin ] --START--
INFO: Run Behavior\ReadHtmlCacheBehavior [ RunTime:0.002414s ]
INFO: [ app_begin ] --END-- [ RunTime:0.003001s ]
SQL: select news.content, news.date, news.id, news.title, news.thumb, user.name, user.icon from news, user where news.type='direction' and news.author=user.username order by id desc limit 1 [ RunTime:0.0488s ]

[ 2015-07-29T23:46:40+08:00 ] ::1 /yao/thinkphp/index.php//Home/index/getRelatedLink/article/6
INFO: [ app_init ] --START--
INFO: Run Behavior\BuildLiteBehavior [ RunTime:0.000050s ]
INFO: [ app_init ] --END-- [ RunTime:0.000833s ]
INFO: [ app_begin ] --START--
INFO: Run Behavior\ReadHtmlCacheBehavior [ RunTime:0.001547s ]
INFO: [ app_begin ] --END-- [ RunTime:0.002029s ]
SQL: SHOW COLUMNS FROM `link` [ RunTime:0.0181s ]
SQL: SELECT `title`,`uri` FROM `link` WHERE ( `for_news` = 6 and `type` = 'reference' )  [ RunTime:0.0006s ]

[ 2015-07-29T23:46:40+08:00 ] ::1 /yao/thinkphp/index.php//Home/index/getFriendlyLink/article/6
INFO: [ app_init ] --START--
INFO: Run Behavior\BuildLiteBehavior [ RunTime:0.000051s ]
INFO: [ app_init ] --END-- [ RunTime:0.000827s ]
INFO: [ app_begin ] --START--
INFO: Run Behavior\ReadHtmlCacheBehavior [ RunTime:0.001265s ]
INFO: [ app_begin ] --END-- [ RunTime:0.001524s ]
SQL: SHOW COLUMNS FROM `link` [ RunTime:0.0074s ]
SQL: SELECT `title`,`uri` FROM `link` WHERE ( `for_news` = 6 and `type` = 'friendly' )  [ RunTime:0.0006s ]

[ 2015-07-29T23:46:48+08:00 ] ::1 /yao/thinkphp/index.php//Home/index/getNewsCollections/number/1
INFO: [ app_init ] --START--
INFO: Run Behavior\BuildLiteBehavior [ RunTime:0.000083s ]
INFO: [ app_init ] --END-- [ RunTime:0.001681s ]
INFO: [ app_begin ] --START--
INFO: Run Behavior\ReadHtmlCacheBehavior [ RunTime:0.002604s ]
INFO: [ app_begin ] --END-- [ RunTime:0.003104s ]
SQL: SHOW COLUMNS FROM `news` [ RunTime:0.1220s ]
SQL: SELECT `id`,`thumb`,`content`,`title` FROM `news` WHERE ( `type` = 'news' ) ORDER BY id desc LIMIT 1   [ RunTime:0.0025s ]

[ 2015-07-29T23:46:48+08:00 ] ::1 /yao/thinkphp/index.php//Home/index/getExplosionCollections/number/1
INFO: [ app_init ] --START--
INFO: Run Behavior\BuildLiteBehavior [ RunTime:0.000052s ]
INFO: [ app_init ] --END-- [ RunTime:0.000912s ]
INFO: [ app_begin ] --START--
INFO: Run Behavior\ReadHtmlCacheBehavior [ RunTime:0.001328s ]
INFO: [ app_begin ] --END-- [ RunTime:0.001582s ]
SQL: SHOW COLUMNS FROM `news` [ RunTime:0.0083s ]
SQL: SELECT `id`,`thumb`,`content`,`title` FROM `news` WHERE ( `type` = 'explosion' ) ORDER BY id desc LIMIT 1   [ RunTime:0.0005s ]

[ 2015-07-29T23:46:48+08:00 ] ::1 /yao/thinkphp/index.php//Home/index/getDirectionCollections/number/3/length/100
INFO: [ app_init ] --START--
INFO: Run Behavior\BuildLiteBehavior [ RunTime:0.000050s ]
INFO: [ app_init ] --END-- [ RunTime:0.000868s ]
INFO: [ app_begin ] --START--
INFO: Run Behavior\ReadHtmlCacheBehavior [ RunTime:0.001396s ]
INFO: [ app_begin ] --END-- [ RunTime:0.001698s ]
SQL: select news.content, news.date, news.id, news.title, news.thumb, user.name, user.icon from news, user where news.type='direction' and news.author=user.username order by id desc limit 3 [ RunTime:0.0147s ]

[ 2015-07-29T23:46:48+08:00 ] ::1 /yao/thinkphp/index.php//Home/index/getBriefCollections/number/5
INFO: [ app_init ] --START--
INFO: Run Behavior\BuildLiteBehavior [ RunTime:0.000050s ]
INFO: [ app_init ] --END-- [ RunTime:0.000895s ]
INFO: [ app_begin ] --START--
INFO: Run Behavior\ReadHtmlCacheBehavior [ RunTime:0.001721s ]
INFO: [ app_begin ] --END-- [ RunTime:0.001972s ]
SQL: SHOW COLUMNS FROM `news` [ RunTime:0.0066s ]
SQL: SELECT `id`,`title` FROM `news` WHERE ( `type` = 'brief' ) ORDER BY id desc LIMIT 5   [ RunTime:0.0005s ]

[ 2015-07-29T23:46:54+08:00 ] ::1 /yao/thinkphp/index.php//Home/index/getNews/newsId/8
INFO: [ app_init ] --START--
INFO: Run Behavior\BuildLiteBehavior [ RunTime:0.000084s ]
INFO: [ app_init ] --END-- [ RunTime:0.001749s ]
INFO: [ app_begin ] --START--
INFO: Run Behavior\ReadHtmlCacheBehavior [ RunTime:0.002173s ]
INFO: [ app_begin ] --END-- [ RunTime:0.002641s ]
SQL: SHOW COLUMNS FROM `news` [ RunTime:0.0287s ]
SQL: SELECT * FROM `news` WHERE `id` = 8  [ RunTime:0.0009s ]

[ 2015-07-29T23:46:54+08:00 ] ::1 /yao/thinkphp/index.php//Home/index/getRelatedLink/article/8
INFO: [ app_init ] --START--
INFO: Run Behavior\BuildLiteBehavior [ RunTime:0.000083s ]
INFO: [ app_init ] --END-- [ RunTime:0.001515s ]
INFO: [ app_begin ] --START--
INFO: Run Behavior\ReadHtmlCacheBehavior [ RunTime:0.002418s ]
INFO: [ app_begin ] --END-- [ RunTime:0.002885s ]
SQL: SHOW COLUMNS FROM `link` [ RunTime:0.0431s ]
SQL: SELECT `title`,`uri` FROM `link` WHERE ( `for_news` = 8 and `type` = 'reference' )  [ RunTime:0.0008s ]

[ 2015-07-29T23:46:54+08:00 ] ::1 /yao/thinkphp/index.php//Home/index/getFriendlyLink/article/8
INFO: [ app_init ] --START--
INFO: Run Behavior\BuildLiteBehavior [ RunTime:0.000084s ]
INFO: [ app_init ] --END-- [ RunTime:0.001687s ]
INFO: [ app_begin ] --START--
INFO: Run Behavior\ReadHtmlCacheBehavior [ RunTime:0.001961s ]
INFO: [ app_begin ] --END-- [ RunTime:0.002358s ]
SQL: SHOW COLUMNS FROM `link` [ RunTime:0.0147s ]
SQL: SELECT `title`,`uri` FROM `link` WHERE ( `for_news` = 8 and `type` = 'friendly' )  [ RunTime:0.0008s ]

[ 2015-07-29T23:47:00+08:00 ] ::1 /yao/thinkphp/index.php//Home/index/getNewsCollections/number/1
INFO: [ app_init ] --START--
INFO: Run Behavior\BuildLiteBehavior [ RunTime:0.000135s ]
INFO: [ app_init ] --END-- [ RunTime:0.002489s ]
INFO: [ app_begin ] --START--
INFO: Run Behavior\ReadHtmlCacheBehavior [ RunTime:0.003670s ]
INFO: [ app_begin ] --END-- [ RunTime:0.004469s ]
SQL: SHOW COLUMNS FROM `news` [ RunTime:0.1129s ]
SQL: SELECT `id`,`thumb`,`content`,`title` FROM `news` WHERE ( `type` = 'news' ) ORDER BY id desc LIMIT 1   [ RunTime:0.0006s ]

[ 2015-07-29T23:47:00+08:00 ] ::1 /yao/thinkphp/index.php//Home/index/getExplosionCollections/number/1
INFO: [ app_init ] --START--
INFO: Run Behavior\BuildLiteBehavior [ RunTime:0.000050s ]
INFO: [ app_init ] --END-- [ RunTime:0.000770s ]
INFO: [ app_begin ] --START--
INFO: Run Behavior\ReadHtmlCacheBehavior [ RunTime:0.000945s ]
INFO: [ app_begin ] --END-- [ RunTime:0.001218s ]
SQL: SHOW COLUMNS FROM `news` [ RunTime:0.0088s ]
SQL: SELECT `id`,`thumb`,`content`,`title` FROM `news` WHERE ( `type` = 'explosion' ) ORDER BY id desc LIMIT 1   [ RunTime:0.0006s ]

[ 2015-07-29T23:47:01+08:00 ] ::1 /yao/thinkphp/index.php//Home/index/getDirectionCollections/number/3/length/100
INFO: [ app_init ] --START--
INFO: Run Behavior\BuildLiteBehavior [ RunTime:0.000087s ]
INFO: [ app_init ] --END-- [ RunTime:0.000941s ]
INFO: [ app_begin ] --START--
INFO: Run Behavior\ReadHtmlCacheBehavior [ RunTime:0.001361s ]
INFO: [ app_begin ] --END-- [ RunTime:0.001661s ]
SQL: select news.content, news.date, news.id, news.title, news.thumb, user.name, user.icon from news, user where news.type='direction' and news.author=user.username order by id desc limit 3 [ RunTime:0.0153s ]

[ 2015-07-29T23:47:01+08:00 ] ::1 /yao/thinkphp/index.php//Home/index/getBriefCollections/number/5
INFO: [ app_init ] --START--
INFO: Run Behavior\BuildLiteBehavior [ RunTime:0.000050s ]
INFO: [ app_init ] --END-- [ RunTime:0.000818s ]
INFO: [ app_begin ] --START--
INFO: Run Behavior\ReadHtmlCacheBehavior [ RunTime:0.001269s ]
INFO: [ app_begin ] --END-- [ RunTime:0.001519s ]
SQL: SHOW COLUMNS FROM `news` [ RunTime:0.0152s ]
SQL: SELECT `id`,`title` FROM `news` WHERE ( `type` = 'brief' ) ORDER BY id desc LIMIT 5   [ RunTime:0.0008s ]

[ 2015-07-29T23:47:22+08:00 ] ::1 /yao/thinkphp/index.php//Home/index/getNews/newsId/7
INFO: [ app_init ] --START--
INFO: Run Behavior\BuildLiteBehavior [ RunTime:0.000082s ]
INFO: [ app_init ] --END-- [ RunTime:0.001852s ]
INFO: [ app_begin ] --START--
INFO: Run Behavior\ReadHtmlCacheBehavior [ RunTime:0.002300s ]
INFO: [ app_begin ] --END-- [ RunTime:0.002776s ]
SQL: SHOW COLUMNS FROM `news` [ RunTime:0.0264s ]
SQL: SELECT * FROM `news` WHERE `id` = 7  [ RunTime:0.0008s ]

[ 2015-07-29T23:47:22+08:00 ] ::1 /yao/thinkphp/index.php//Home/index/getRelatedLink/article/7
INFO: [ app_init ] --START--
INFO: Run Behavior\BuildLiteBehavior [ RunTime:0.000082s ]
INFO: [ app_init ] --END-- [ RunTime:0.001240s ]
INFO: [ app_begin ] --START--
INFO: Run Behavior\ReadHtmlCacheBehavior [ RunTime:0.001616s ]
INFO: [ app_begin ] --END-- [ RunTime:0.002033s ]
SQL: SHOW COLUMNS FROM `link` [ RunTime:0.0192s ]
SQL: SELECT `title`,`uri` FROM `link` WHERE ( `for_news` = 7 and `type` = 'reference' )  [ RunTime:0.0009s ]

[ 2015-07-29T23:47:23+08:00 ] ::1 /yao/thinkphp/index.php//Home/index/getFriendlyLink/article/7
INFO: [ app_init ] --START--
INFO: Run Behavior\BuildLiteBehavior [ RunTime:0.000082s ]
INFO: [ app_init ] --END-- [ RunTime:0.001327s ]
INFO: [ app_begin ] --START--
INFO: Run Behavior\ReadHtmlCacheBehavior [ RunTime:0.001511s ]
INFO: [ app_begin ] --END-- [ RunTime:0.001911s ]
SQL: SHOW COLUMNS FROM `link` [ RunTime:0.0333s ]
SQL: SELECT `title`,`uri` FROM `link` WHERE ( `for_news` = 7 and `type` = 'friendly' )  [ RunTime:0.0009s ]

[ 2015-07-29T23:51:55+08:00 ] ::1 /yao/thinkphp/index.php//Home/index/getNewsCollections/number/1
INFO: [ app_init ] --START--
INFO: Run Behavior\BuildLiteBehavior [ RunTime:0.000102s ]
INFO: [ app_init ] --END-- [ RunTime:0.002163s ]
INFO: [ app_begin ] --START--
INFO: Run Behavior\ReadHtmlCacheBehavior [ RunTime:0.002489s ]
INFO: [ app_begin ] --END-- [ RunTime:0.002928s ]
SQL: SHOW COLUMNS FROM `news` [ RunTime:0.0258s ]
SQL: SELECT `id`,`thumb`,`content`,`title` FROM `news` WHERE ( `type` = 'news' ) ORDER BY id desc LIMIT 1   [ RunTime:0.0007s ]

[ 2015-07-29T23:51:55+08:00 ] ::1 /yao/thinkphp/index.php//Home/index/getExplosionCollections/number/1
INFO: [ app_init ] --START--
INFO: Run Behavior\BuildLiteBehavior [ RunTime:0.000054s ]
INFO: [ app_init ] --END-- [ RunTime:0.000935s ]
INFO: [ app_begin ] --START--
INFO: Run Behavior\ReadHtmlCacheBehavior [ RunTime:0.001448s ]
INFO: [ app_begin ] --END-- [ RunTime:0.001789s ]
SQL: SHOW COLUMNS FROM `news` [ RunTime:0.0088s ]
SQL: SELECT `id`,`thumb`,`content`,`title` FROM `news` WHERE ( `type` = 'explosion' ) ORDER BY id desc LIMIT 1   [ RunTime:0.0006s ]

[ 2015-07-29T23:51:55+08:00 ] ::1 /yao/thinkphp/index.php//Home/index/getDirectionCollections/number/3/length/100
INFO: [ app_init ] --START--
INFO: Run Behavior\BuildLiteBehavior [ RunTime:0.000051s ]
INFO: [ app_init ] --END-- [ RunTime:0.000827s ]
INFO: [ app_begin ] --START--
INFO: Run Behavior\ReadHtmlCacheBehavior [ RunTime:0.001235s ]
INFO: [ app_begin ] --END-- [ RunTime:0.001479s ]
SQL: select news.content, news.date, news.id, news.title, news.thumb, user.name, user.icon from news, user where news.type='direction' and news.author=user.username order by id desc limit 3 [ RunTime:0.0253s ]

[ 2015-07-29T23:51:55+08:00 ] ::1 /yao/thinkphp/index.php//Home/index/getBriefCollections/number/5
INFO: [ app_init ] --START--
INFO: Run Behavior\BuildLiteBehavior [ RunTime:0.000051s ]
INFO: [ app_init ] --END-- [ RunTime:0.000850s ]
INFO: [ app_begin ] --START--
INFO: Run Behavior\ReadHtmlCacheBehavior [ RunTime:0.001234s ]
INFO: [ app_begin ] --END-- [ RunTime:0.001485s ]
SQL: SHOW COLUMNS FROM `news` [ RunTime:0.0083s ]
SQL: SELECT `id`,`title` FROM `news` WHERE ( `type` = 'brief' ) ORDER BY id desc LIMIT 5   [ RunTime:0.0005s ]

[ 2015-07-29T23:53:32+08:00 ] ::1 /yao/thinkphp/index.php//Home/index/getNewsCollections/number/1
INFO: [ app_init ] --START--
INFO: Run Behavior\BuildLiteBehavior [ RunTime:0.000087s ]
INFO: [ app_init ] --END-- [ RunTime:0.001372s ]
INFO: [ app_begin ] --START--
INFO: Run Behavior\ReadHtmlCacheBehavior [ RunTime:0.002415s ]
INFO: [ app_begin ] --END-- [ RunTime:0.003533s ]
SQL: SHOW COLUMNS FROM `news` [ RunTime:0.0456s ]
SQL: SELECT `id`,`thumb`,`content`,`title` FROM `news` WHERE ( `type` = 'news' ) ORDER BY id desc LIMIT 1   [ RunTime:0.0007s ]

[ 2015-07-29T23:53:32+08:00 ] ::1 /yao/thinkphp/index.php//Home/index/getExplosionCollections/number/1
INFO: [ app_init ] --START--
INFO: Run Behavior\BuildLiteBehavior [ RunTime:0.000259s ]
INFO: [ app_init ] --END-- [ RunTime:0.003172s ]
INFO: [ app_begin ] --START--
INFO: Run Behavior\ReadHtmlCacheBehavior [ RunTime:0.001419s ]
INFO: [ app_begin ] --END-- [ RunTime:0.001842s ]
SQL: SHOW COLUMNS FROM `news` [ RunTime:0.0090s ]
SQL: SELECT `id`,`thumb`,`content`,`title` FROM `news` WHERE ( `type` = 'explosion' ) ORDER BY id desc LIMIT 1   [ RunTime:0.0005s ]

[ 2015-07-29T23:53:32+08:00 ] ::1 /yao/thinkphp/index.php//Home/index/getDirectionCollections/number/3/length/100
INFO: [ app_init ] --START--
INFO: Run Behavior\BuildLiteBehavior [ RunTime:0.000207s ]
INFO: [ app_init ] --END-- [ RunTime:0.001347s ]
INFO: [ app_begin ] --START--
INFO: Run Behavior\ReadHtmlCacheBehavior [ RunTime:0.002451s ]
INFO: [ app_begin ] --END-- [ RunTime:0.002835s ]
SQL: select news.content, news.date, news.id, news.title, news.thumb, user.name, user.icon from news, user where news.type='direction' and news.author=user.username order by id desc limit 3 [ RunTime:0.0134s ]

[ 2015-07-29T23:53:32+08:00 ] ::1 /yao/thinkphp/index.php//Home/index/getBriefCollections/number/5
INFO: [ app_init ] --START--
INFO: Run Behavior\BuildLiteBehavior [ RunTime:0.000045s ]
INFO: [ app_init ] --END-- [ RunTime:0.000702s ]
INFO: [ app_begin ] --START--
INFO: Run Behavior\ReadHtmlCacheBehavior [ RunTime:0.000953s ]
INFO: [ app_begin ] --END-- [ RunTime:0.001134s ]
SQL: SHOW COLUMNS FROM `news` [ RunTime:0.0050s ]
SQL: SELECT `id`,`title` FROM `news` WHERE ( `type` = 'brief' ) ORDER BY id desc LIMIT 5   [ RunTime:0.0004s ]

[ 2015-07-29T23:54:16+08:00 ] ::1 /yao/thinkphp/index.php//Home/index/getDirectionCollections/number/1/length/500
INFO: [ app_init ] --START--
INFO: Run Behavior\BuildLiteBehavior [ RunTime:0.000086s ]
INFO: [ app_init ] --END-- [ RunTime:0.001885s ]
INFO: [ app_begin ] --START--
INFO: Run Behavior\ReadHtmlCacheBehavior [ RunTime:0.002005s ]
INFO: [ app_begin ] --END-- [ RunTime:0.002483s ]
SQL: select news.content, news.date, news.id, news.title, news.thumb, user.name, user.icon from news, user where news.type='direction' and news.author=user.username order by id desc limit 1 [ RunTime:0.0642s ]

[ 2015-07-29T23:54:16+08:00 ] ::1 /yao/thinkphp/index.php//Home/index/getRelatedLink/article/6
INFO: [ app_init ] --START--
INFO: Run Behavior\BuildLiteBehavior [ RunTime:0.000207s ]
INFO: [ app_init ] --END-- [ RunTime:0.002360s ]
INFO: [ app_begin ] --START--
INFO: Run Behavior\ReadHtmlCacheBehavior [ RunTime:0.002149s ]
INFO: [ app_begin ] --END-- [ RunTime:0.002604s ]
SQL: SHOW COLUMNS FROM `link` [ RunTime:0.0356s ]
SQL: SELECT `title`,`uri` FROM `link` WHERE ( `for_news` = 6 and `type` = 'reference' )  [ RunTime:0.0009s ]

[ 2015-07-29T23:54:17+08:00 ] ::1 /yao/thinkphp/index.php//Home/index/getFriendlyLink/article/6
INFO: [ app_init ] --START--
INFO: Run Behavior\BuildLiteBehavior [ RunTime:0.000126s ]
INFO: [ app_init ] --END-- [ RunTime:0.001958s ]
INFO: [ app_begin ] --START--
INFO: Run Behavior\ReadHtmlCacheBehavior [ RunTime:0.002442s ]
INFO: [ app_begin ] --END-- [ RunTime:0.002973s ]
SQL: SHOW COLUMNS FROM `link` [ RunTime:0.0232s ]
SQL: SELECT `title`,`uri` FROM `link` WHERE ( `for_news` = 6 and `type` = 'friendly' )  [ RunTime:0.0008s ]

[ 2015-07-29T23:54:25+08:00 ] ::1 /yao/thinkphp/index.php//Home/index/getDirectionCollections/number/1/length/500
INFO: [ app_init ] --START--
INFO: Run Behavior\BuildLiteBehavior [ RunTime:0.000235s ]
INFO: [ app_init ] --END-- [ RunTime:0.004965s ]
INFO: [ app_begin ] --START--
INFO: Run Behavior\ReadHtmlCacheBehavior [ RunTime:0.002832s ]
INFO: [ app_begin ] --END-- [ RunTime:0.003307s ]
SQL: select news.content, news.date, news.id, news.title, news.thumb, user.name, user.icon from news, user where news.type='direction' and news.author=user.username order by id desc limit 1 [ RunTime:0.0252s ]

[ 2015-07-29T23:54:25+08:00 ] ::1 /yao/thinkphp/index.php//Home/index/getRelatedLink/article/6
INFO: [ app_init ] --START--
INFO: Run Behavior\BuildLiteBehavior [ RunTime:0.000084s ]
INFO: [ app_init ] --END-- [ RunTime:0.001544s ]
INFO: [ app_begin ] --START--
INFO: Run Behavior\ReadHtmlCacheBehavior [ RunTime:0.002152s ]
INFO: [ app_begin ] --END-- [ RunTime:0.002644s ]
SQL: SHOW COLUMNS FROM `link` [ RunTime:0.0583s ]
SQL: SELECT `title`,`uri` FROM `link` WHERE ( `for_news` = 6 and `type` = 'reference' )  [ RunTime:0.0010s ]

[ 2015-07-29T23:54:25+08:00 ] ::1 /yao/thinkphp/index.php//Home/index/getFriendlyLink/article/6
INFO: [ app_init ] --START--
INFO: Run Behavior\BuildLiteBehavior [ RunTime:0.000084s ]
INFO: [ app_init ] --END-- [ RunTime:0.001853s ]
INFO: [ app_begin ] --START--
INFO: Run Behavior\ReadHtmlCacheBehavior [ RunTime:0.002029s ]
INFO: [ app_begin ] --END-- [ RunTime:0.002436s ]
SQL: SHOW COLUMNS FROM `link` [ RunTime:0.0123s ]
SQL: SELECT `title`,`uri` FROM `link` WHERE ( `for_news` = 6 and `type` = 'friendly' )  [ RunTime:0.0008s ]

[ 2015-07-29T23:54:37+08:00 ] ::1 /yao/thinkphp/index.php//Home/index/getNews/newsId/8
INFO: [ app_init ] --START--
INFO: Run Behavior\BuildLiteBehavior [ RunTime:0.000089s ]
INFO: [ app_init ] --END-- [ RunTime:0.001922s ]
INFO: [ app_begin ] --START--
INFO: Run Behavior\ReadHtmlCacheBehavior [ RunTime:0.002736s ]
INFO: [ app_begin ] --END-- [ RunTime:0.003209s ]
SQL: SHOW COLUMNS FROM `news` [ RunTime:0.0236s ]
SQL: SELECT * FROM `news` WHERE `id` = 8  [ RunTime:0.0008s ]

[ 2015-07-29T23:54:37+08:00 ] ::1 /yao/thinkphp/index.php//Home/index/getRelatedLink/article/8
INFO: [ app_init ] --START--
INFO: Run Behavior\BuildLiteBehavior [ RunTime:0.000089s ]
INFO: [ app_init ] --END-- [ RunTime:0.001561s ]
INFO: [ app_begin ] --START--
INFO: Run Behavior\ReadHtmlCacheBehavior [ RunTime:0.005284s ]
INFO: [ app_begin ] --END-- [ RunTime:0.005857s ]
SQL: SHOW COLUMNS FROM `link` [ RunTime:0.0180s ]
SQL: SELECT `title`,`uri` FROM `link` WHERE ( `for_news` = 8 and `type` = 'reference' )  [ RunTime:0.0006s ]

[ 2015-07-29T23:54:37+08:00 ] ::1 /yao/thinkphp/index.php//Home/index/getFriendlyLink/article/8
INFO: [ app_init ] --START--
INFO: Run Behavior\BuildLiteBehavior [ RunTime:0.000057s ]
INFO: [ app_init ] --END-- [ RunTime:0.000973s ]
INFO: [ app_begin ] --START--
INFO: Run Behavior\ReadHtmlCacheBehavior [ RunTime:0.001337s ]
INFO: [ app_begin ] --END-- [ RunTime:0.001600s ]
SQL: SHOW COLUMNS FROM `link` [ RunTime:0.0071s ]
SQL: SELECT `title`,`uri` FROM `link` WHERE ( `for_news` = 8 and `type` = 'friendly' )  [ RunTime:0.0006s ]

[ 2015-07-29T23:55:17+08:00 ] ::1 /yao/thinkphp/index.php//Home/index/getNewsCollections/number/1
INFO: [ app_init ] --START--
INFO: Run Behavior\BuildLiteBehavior [ RunTime:0.000105s ]
INFO: [ app_init ] --END-- [ RunTime:0.001604s ]
INFO: [ app_begin ] --START--
INFO: Run Behavior\ReadHtmlCacheBehavior [ RunTime:0.002090s ]
INFO: [ app_begin ] --END-- [ RunTime:0.002526s ]
SQL: SHOW COLUMNS FROM `news` [ RunTime:0.0394s ]
SQL: SELECT `id`,`thumb`,`content`,`title` FROM `news` WHERE ( `type` = 'news' ) ORDER BY id desc LIMIT 1   [ RunTime:0.0012s ]

[ 2015-07-29T23:55:17+08:00 ] ::1 /yao/thinkphp/index.php//Home/index/getExplosionCollections/number/1
INFO: [ app_init ] --START--
INFO: Run Behavior\BuildLiteBehavior [ RunTime:0.000135s ]
INFO: [ app_init ] --END-- [ RunTime:0.001860s ]
INFO: [ app_begin ] --START--
INFO: Run Behavior\ReadHtmlCacheBehavior [ RunTime:0.002116s ]
INFO: [ app_begin ] --END-- [ RunTime:0.002526s ]
SQL: SHOW COLUMNS FROM `news` [ RunTime:0.0131s ]
SQL: SELECT `id`,`thumb`,`content`,`title` FROM `news` WHERE ( `type` = 'explosion' ) ORDER BY id desc LIMIT 1   [ RunTime:0.0009s ]

[ 2015-07-29T23:55:17+08:00 ] ::1 /yao/thinkphp/index.php//Home/index/getDirectionCollections/number/3/length/100
INFO: [ app_init ] --START--
INFO: Run Behavior\BuildLiteBehavior [ RunTime:0.000084s ]
INFO: [ app_init ] --END-- [ RunTime:0.001520s ]
INFO: [ app_begin ] --START--
INFO: Run Behavior\ReadHtmlCacheBehavior [ RunTime:0.002744s ]
INFO: [ app_begin ] --END-- [ RunTime:0.003295s ]
SQL: select news.content, news.date, news.id, news.title, news.thumb, user.name, user.icon from news, user where news.type='direction' and news.author=user.username order by id desc limit 3 [ RunTime:0.0256s ]

[ 2015-07-29T23:55:17+08:00 ] ::1 /yao/thinkphp/index.php//Home/index/getBriefCollections/number/5
INFO: [ app_init ] --START--
INFO: Run Behavior\BuildLiteBehavior [ RunTime:0.000148s ]
INFO: [ app_init ] --END-- [ RunTime:0.002027s ]
INFO: [ app_begin ] --START--
INFO: Run Behavior\ReadHtmlCacheBehavior [ RunTime:0.002231s ]
INFO: [ app_begin ] --END-- [ RunTime:0.002740s ]
SQL: SHOW COLUMNS FROM `news` [ RunTime:0.0142s ]
SQL: SELECT `id`,`title` FROM `news` WHERE ( `type` = 'brief' ) ORDER BY id desc LIMIT 5   [ RunTime:0.0011s ]

[ 2015-07-29T23:55:26+08:00 ] ::1 /yao/thinkphp/index.php//Home/index/getNews/newsId/2
INFO: [ app_init ] --START--
INFO: Run Behavior\BuildLiteBehavior [ RunTime:0.000053s ]
INFO: [ app_init ] --END-- [ RunTime:0.000985s ]
INFO: [ app_begin ] --START--
INFO: Run Behavior\ReadHtmlCacheBehavior [ RunTime:0.001227s ]
INFO: [ app_begin ] --END-- [ RunTime:0.001488s ]
SQL: SHOW COLUMNS FROM `news` [ RunTime:0.0215s ]
SQL: SELECT * FROM `news` WHERE `id` = 2  [ RunTime:0.0006s ]

[ 2015-07-29T23:55:26+08:00 ] ::1 /yao/thinkphp/index.php//Home/index/getRelatedLink/article/2
INFO: [ app_init ] --START--
INFO: Run Behavior\BuildLiteBehavior [ RunTime:0.000054s ]
INFO: [ app_init ] --END-- [ RunTime:0.000880s ]
INFO: [ app_begin ] --START--
INFO: Run Behavior\ReadHtmlCacheBehavior [ RunTime:0.001298s ]
INFO: [ app_begin ] --END-- [ RunTime:0.001654s ]
SQL: SHOW COLUMNS FROM `link` [ RunTime:0.0274s ]
SQL: SELECT `title`,`uri` FROM `link` WHERE ( `for_news` = 2 and `type` = 'reference' )  [ RunTime:0.0005s ]

[ 2015-07-29T23:55:26+08:00 ] ::1 /yao/thinkphp/index.php//Home/index/getFriendlyLink/article/2
INFO: [ app_init ] --START--
INFO: Run Behavior\BuildLiteBehavior [ RunTime:0.000051s ]
INFO: [ app_init ] --END-- [ RunTime:0.000901s ]
INFO: [ app_begin ] --START--
INFO: Run Behavior\ReadHtmlCacheBehavior [ RunTime:0.002521s ]
INFO: [ app_begin ] --END-- [ RunTime:0.002975s ]
SQL: SHOW COLUMNS FROM `link` [ RunTime:0.0073s ]
SQL: SELECT `title`,`uri` FROM `link` WHERE ( `for_news` = 2 and `type` = 'friendly' )  [ RunTime:0.0006s ]

[ 2015-07-29T23:55:46+08:00 ] ::1 /yao/thinkphp/index.php//Home/index/getNewsCollections/number/1
INFO: [ app_init ] --START--
INFO: Run Behavior\BuildLiteBehavior [ RunTime:0.000082s ]
INFO: [ app_init ] --END-- [ RunTime:0.001742s ]
INFO: [ app_begin ] --START--
INFO: Run Behavior\ReadHtmlCacheBehavior [ RunTime:0.002126s ]
INFO: [ app_begin ] --END-- [ RunTime:0.002590s ]
SQL: SHOW COLUMNS FROM `news` [ RunTime:0.0261s ]
SQL: SELECT `id`,`thumb`,`content`,`title` FROM `news` WHERE ( `type` = 'news' ) ORDER BY id desc LIMIT 1   [ RunTime:0.0010s ]

[ 2015-07-29T23:55:46+08:00 ] ::1 /yao/thinkphp/index.php//Home/index/getExplosionCollections/number/1
INFO: [ app_init ] --START--
INFO: Run Behavior\BuildLiteBehavior [ RunTime:0.000091s ]
INFO: [ app_init ] --END-- [ RunTime:0.001802s ]
INFO: [ app_begin ] --START--
INFO: Run Behavior\ReadHtmlCacheBehavior [ RunTime:0.003604s ]
INFO: [ app_begin ] --END-- [ RunTime:0.004143s ]
SQL: SHOW COLUMNS FROM `news` [ RunTime:0.0155s ]
SQL: SELECT `id`,`thumb`,`content`,`title` FROM `news` WHERE ( `type` = 'explosion' ) ORDER BY id desc LIMIT 1   [ RunTime:0.0010s ]

[ 2015-07-29T23:55:46+08:00 ] ::1 /yao/thinkphp/index.php//Home/index/getDirectionCollections/number/3/length/100
INFO: [ app_init ] --START--
INFO: Run Behavior\BuildLiteBehavior [ RunTime:0.000142s ]
INFO: [ app_init ] --END-- [ RunTime:0.002485s ]
INFO: [ app_begin ] --START--
INFO: Run Behavior\ReadHtmlCacheBehavior [ RunTime:0.001702s ]
INFO: [ app_begin ] --END-- [ RunTime:0.002383s ]
SQL: select news.content, news.date, news.id, news.title, news.thumb, user.name, user.icon from news, user where news.type='direction' and news.author=user.username order by id desc limit 3 [ RunTime:0.0177s ]

[ 2015-07-29T23:55:46+08:00 ] ::1 /yao/thinkphp/index.php//Home/index/getBriefCollections/number/5
INFO: [ app_init ] --START--
INFO: Run Behavior\BuildLiteBehavior [ RunTime:0.000052s ]
INFO: [ app_init ] --END-- [ RunTime:0.000962s ]
INFO: [ app_begin ] --START--
INFO: Run Behavior\ReadHtmlCacheBehavior [ RunTime:0.001242s ]
INFO: [ app_begin ] --END-- [ RunTime:0.001496s ]
SQL: SHOW COLUMNS FROM `news` [ RunTime:0.0096s ]
SQL: SELECT `id`,`title` FROM `news` WHERE ( `type` = 'brief' ) ORDER BY id desc LIMIT 5   [ RunTime:0.0005s ]

