[ 2015-07-27T20:13:31+08:00 ] ::1 /yao/thinkphp/index.php/Home/index/getNewsCollection/number/3
INFO: [ app_init ] --START--
INFO: Run Behavior\BuildLiteBehavior [ RunTime:0.000043s ]
INFO: [ app_init ] --END-- [ RunTime:0.006816s ]
INFO: [ app_begin ] --START--
INFO: Run Behavior\ReadHtmlCacheBehavior [ RunTime:0.008252s ]
INFO: [ app_begin ] --END-- [ RunTime:0.008453s ]
SQL: select `user`.`name`, `user`.`icon`, `news`.`date`, `news`.`content` from `user`, `news` where `user`.`username` = `news`.`author`  and `news`.`type`= 'news' limit 3 [ RunTime:0.0008s ]

[ 2015-07-27T20:13:31+08:00 ] ::1 /yao/thinkphp/index.php/Home/index/getDirectionCollections/number/3
INFO: [ app_init ] --START--
INFO: Run Behavior\BuildLiteBehavior [ RunTime:0.000062s ]
INFO: [ app_init ] --END-- [ RunTime:0.000880s ]
INFO: [ app_begin ] --START--
INFO: Run Behavior\ReadHtmlCacheBehavior [ RunTime:0.001011s ]
INFO: [ app_begin ] --END-- [ RunTime:0.001360s ]
SQL: SHOW COLUMNS FROM `news` [ RunTime:0.0388s ]
SQL: SELECT `thumb`,`date`,`content`,`title` FROM `news` WHERE ( `type` = 'direction' ) LIMIT 3   [ RunTime:0.0006s ]

[ 2015-07-27T20:21:41+08:00 ] ::1 /yao/thinkphp/index.php/Home/index/getNewsCollection/number/3
INFO: [ app_init ] --START--
INFO: Run Behavior\BuildLiteBehavior [ RunTime:0.000085s ]
INFO: [ app_init ] --END-- [ RunTime:0.001419s ]
INFO: [ app_begin ] --START--
INFO: Run Behavior\ReadHtmlCacheBehavior [ RunTime:0.001657s ]
INFO: [ app_begin ] --END-- [ RunTime:0.002054s ]
SQL: select `user`.`name`, `user`.`icon`, `news`.`date`, `news`.`content` from `user`, `news` where `user`.`username` = `news`.`author`  and `news`.`type`= 'news' limit 3 [ RunTime:0.0019s ]

[ 2015-07-27T20:21:41+08:00 ] ::1 /yao/thinkphp/index.php/Home/index/getDirectionCollections/number/3
INFO: [ app_init ] --START--
INFO: Run Behavior\BuildLiteBehavior [ RunTime:0.000149s ]
INFO: [ app_init ] --END-- [ RunTime:0.002130s ]
INFO: [ app_begin ] --START--
INFO: Run Behavior\ReadHtmlCacheBehavior [ RunTime:0.002312s ]
INFO: [ app_begin ] --END-- [ RunTime:0.003091s ]
SQL: SHOW COLUMNS FROM `news` [ RunTime:0.0238s ]
SQL: SELECT `thumb`,`date`,`content`,`title` FROM `news` WHERE ( `type` = 'direction' ) LIMIT 3   [ RunTime:0.0009s ]

[ 2015-07-27T20:22:49+08:00 ] ::1 /yao/thinkphp/index.php/Home/index/getNewsCollection/number/3
INFO: [ app_init ] --START--
INFO: Run Behavior\BuildLiteBehavior [ RunTime:0.000082s ]
INFO: [ app_init ] --END-- [ RunTime:0.001639s ]
INFO: [ app_begin ] --START--
INFO: Run Behavior\ReadHtmlCacheBehavior [ RunTime:0.004517s ]
INFO: [ app_begin ] --END-- [ RunTime:0.005287s ]
SQL: select `user`.`name`, `user`.`icon`, `news`.`date`, `news`.`content` from `user`, `news` where `user`.`username` = `news`.`author`  and `news`.`type`= 'news' limit 3 [ RunTime:0.0015s ]

[ 2015-07-27T20:22:49+08:00 ] ::1 /yao/thinkphp/index.php/Home/index/getDirectionCollections/number/3
INFO: [ app_init ] --START--
INFO: Run Behavior\BuildLiteBehavior [ RunTime:0.000152s ]
INFO: [ app_init ] --END-- [ RunTime:0.003627s ]
INFO: [ app_begin ] --START--
INFO: Run Behavior\ReadHtmlCacheBehavior [ RunTime:0.002383s ]
INFO: [ app_begin ] --END-- [ RunTime:0.003241s ]
SQL: SHOW COLUMNS FROM `news` [ RunTime:0.0751s ]
SQL: SELECT `thumb`,`date`,`content`,`title` FROM `news` WHERE ( `type` = 'direction' ) LIMIT 3   [ RunTime:0.0006s ]

[ 2015-07-27T20:23:39+08:00 ] ::1 /yao/thinkphp/index.php/Home/index/getNewsCollection/number/3
INFO: [ app_init ] --START--
INFO: Run Behavior\BuildLiteBehavior [ RunTime:0.000053s ]
INFO: [ app_init ] --END-- [ RunTime:0.000859s ]
INFO: [ app_begin ] --START--
INFO: Run Behavior\ReadHtmlCacheBehavior [ RunTime:0.001212s ]
INFO: [ app_begin ] --END-- [ RunTime:0.001459s ]
SQL: select `user`.`name`, `user`.`icon`, `news`.`date`, `news`.`content` from `user`, `news` where `user`.`username` = `news`.`author`  and `news`.`type`= 'news' limit 3 [ RunTime:0.0010s ]

[ 2015-07-27T20:24:06+08:00 ] ::1 /yao/thinkphp/index.php/Home/index/getNewsCollection/number/3
INFO: [ app_init ] --START--
INFO: Run Behavior\BuildLiteBehavior [ RunTime:0.000084s ]
INFO: [ app_init ] --END-- [ RunTime:0.001464s ]
INFO: [ app_begin ] --START--
INFO: Run Behavior\ReadHtmlCacheBehavior [ RunTime:0.002721s ]
INFO: [ app_begin ] --END-- [ RunTime:0.003677s ]
SQL: select `user`.`name`, `user`.`icon`, `news`.`date`, `news`.`content` from `user`, `news` where `user`.`username` = `news`.`author`  and `news`.`type`= 'news' limit 3 [ RunTime:0.0015s ]

[ 2015-07-27T20:24:06+08:00 ] ::1 /yao/thinkphp/index.php/Home/index/getDirectionCollections/number/3
INFO: [ app_init ] --START--
INFO: Run Behavior\BuildLiteBehavior [ RunTime:0.000086s ]
INFO: [ app_init ] --END-- [ RunTime:0.001384s ]
INFO: [ app_begin ] --START--
INFO: Run Behavior\ReadHtmlCacheBehavior [ RunTime:0.001413s ]
INFO: [ app_begin ] --END-- [ RunTime:0.001820s ]
SQL: SHOW COLUMNS FROM `news` [ RunTime:0.0235s ]
SQL: SELECT `thumb`,`date`,`content`,`title` FROM `news` WHERE ( `type` = 'direction' ) LIMIT 3   [ RunTime:0.0009s ]

[ 2015-07-27T20:25:20+08:00 ] ::1 /yao/thinkphp/index.php/Home/index/getNewsCollection/number/3
INFO: [ app_init ] --START--
INFO: Run Behavior\BuildLiteBehavior [ RunTime:0.000141s ]
INFO: [ app_init ] --END-- [ RunTime:0.002044s ]
INFO: [ app_begin ] --START--
INFO: Run Behavior\ReadHtmlCacheBehavior [ RunTime:0.001428s ]
INFO: [ app_begin ] --END-- [ RunTime:0.001821s ]
SQL: select `user`.`name`, `user`.`icon`, `news`.`date`, `news`.`content` from `user`, `news` where `user`.`username` = `news`.`author`  and `news`.`type`= 'news' limit 3 [ RunTime:0.0016s ]

[ 2015-07-27T20:25:20+08:00 ] ::1 /yao/thinkphp/index.php/Home/index/getDirectionCollections/number/3
INFO: [ app_init ] --START--
INFO: Run Behavior\BuildLiteBehavior [ RunTime:0.000081s ]
INFO: [ app_init ] --END-- [ RunTime:0.001232s ]
INFO: [ app_begin ] --START--
INFO: Run Behavior\ReadHtmlCacheBehavior [ RunTime:0.001418s ]
INFO: [ app_begin ] --END-- [ RunTime:0.001829s ]
SQL: SHOW COLUMNS FROM `news` [ RunTime:0.0872s ]
SQL: SELECT `thumb`,`date`,`content`,`title` FROM `news` WHERE ( `type` = 'direction' ) LIMIT 3   [ RunTime:0.0011s ]

[ 2015-07-27T20:26:25+08:00 ] ::1 /yao/thinkphp/index.php/Home/index/getDirectionCollections/number/3
INFO: [ app_init ] --START--
INFO: Run Behavior\BuildLiteBehavior [ RunTime:0.000082s ]
INFO: [ app_init ] --END-- [ RunTime:0.001443s ]
INFO: [ app_begin ] --START--
INFO: Run Behavior\ReadHtmlCacheBehavior [ RunTime:0.002074s ]
INFO: [ app_begin ] --END-- [ RunTime:0.002530s ]
SQL: SHOW COLUMNS FROM `news` [ RunTime:0.0262s ]
SQL: SELECT `thumb`,`date`,`content`,`title` FROM `news` WHERE ( `type` = 'direction' ) LIMIT 3   [ RunTime:0.0010s ]

[ 2015-07-27T20:27:04+08:00 ] ::1 /yao/thinkphp/index.php/Home/index/getDirectionCollections/number/3
INFO: [ app_init ] --START--
INFO: Run Behavior\BuildLiteBehavior [ RunTime:0.000141s ]
INFO: [ app_init ] --END-- [ RunTime:0.002437s ]
INFO: [ app_begin ] --START--
INFO: Run Behavior\ReadHtmlCacheBehavior [ RunTime:0.002324s ]
INFO: [ app_begin ] --END-- [ RunTime:0.002735s ]
SQL: SHOW COLUMNS FROM `news` [ RunTime:0.0241s ]
SQL: SELECT `thumb`,`date`,`content`,`title` FROM `news` WHERE ( `type` = 'direction' ) LIMIT 3   [ RunTime:0.0011s ]

[ 2015-07-27T20:28:52+08:00 ] ::1 /yao/thinkphp/index.php/Home/index/getDirectionCollections/number/3
INFO: [ app_init ] --START--
INFO: Run Behavior\BuildLiteBehavior [ RunTime:0.000084s ]
INFO: [ app_init ] --END-- [ RunTime:0.001548s ]
INFO: [ app_begin ] --START--
INFO: Run Behavior\ReadHtmlCacheBehavior [ RunTime:0.002329s ]
INFO: [ app_begin ] --END-- [ RunTime:0.002783s ]
SQL: SHOW COLUMNS FROM `news` [ RunTime:0.0522s ]
SQL: SELECT `thumb`,`date`,`content`,`title` FROM `news` WHERE ( `type` = 'direction' ) LIMIT 3   [ RunTime:0.0010s ]

[ 2015-07-27T20:29:47+08:00 ] ::1 /yao/thinkphp/index.php/Home/index/getNewsCollection/number/3
INFO: [ app_init ] --START--
INFO: Run Behavior\BuildLiteBehavior [ RunTime:0.000082s ]
INFO: [ app_init ] --END-- [ RunTime:0.001422s ]
INFO: [ app_begin ] --START--
INFO: Run Behavior\ReadHtmlCacheBehavior [ RunTime:0.001713s ]
INFO: [ app_begin ] --END-- [ RunTime:0.002103s ]

[ 2015-07-27T20:29:47+08:00 ] ::1 /yao/thinkphp/index.php/Home/index/getDirectionCollections/number/3
INFO: [ app_init ] --START--
INFO: Run Behavior\BuildLiteBehavior [ RunTime:0.000052s ]
INFO: [ app_init ] --END-- [ RunTime:0.000853s ]
INFO: [ app_begin ] --START--
INFO: Run Behavior\ReadHtmlCacheBehavior [ RunTime:0.000950s ]
INFO: [ app_begin ] --END-- [ RunTime:0.001485s ]

[ 2015-07-27T20:30:10+08:00 ] ::1 /yao/thinkphp/index.php/Home/index/getNewsCollection/number/3
INFO: [ app_init ] --START--
INFO: Run Behavior\BuildLiteBehavior [ RunTime:0.000082s ]
INFO: [ app_init ] --END-- [ RunTime:0.001237s ]
INFO: [ app_begin ] --START--
INFO: Run Behavior\ReadHtmlCacheBehavior [ RunTime:0.001454s ]
INFO: [ app_begin ] --END-- [ RunTime:0.001896s ]

[ 2015-07-27T20:30:10+08:00 ] ::1 /yao/thinkphp/index.php/Home/index/getDirectionCollections/number/3
INFO: [ app_init ] --START--
INFO: Run Behavior\BuildLiteBehavior [ RunTime:0.000084s ]
INFO: [ app_init ] --END-- [ RunTime:0.001291s ]
INFO: [ app_begin ] --START--
INFO: Run Behavior\ReadHtmlCacheBehavior [ RunTime:0.002167s ]
INFO: [ app_begin ] --END-- [ RunTime:0.002954s ]

[ 2015-07-27T20:31:16+08:00 ] ::1 /yao/thinkphp/index.php/Home/index/getNewsCollection/number/3
INFO: [ app_init ] --START--
INFO: Run Behavior\BuildLiteBehavior [ RunTime:0.000348s ]
INFO: [ app_init ] --END-- [ RunTime:0.002277s ]
INFO: [ app_begin ] --START--
INFO: Run Behavior\ReadHtmlCacheBehavior [ RunTime:0.001305s ]
INFO: [ app_begin ] --END-- [ RunTime:0.001747s ]
SQL: select `user`.`name`, `user`.`icon`, `news`.`date`, `news`.`content` from `user`, `news` where `user`.`username` = `news`.`author`  and `news`.`type`= 'news' limit 3 [ RunTime:0.0011s ]

[ 2015-07-27T20:31:16+08:00 ] ::1 /yao/thinkphp/index.php/Home/index/getDirectionCollections/number/3
INFO: [ app_init ] --START--
INFO: Run Behavior\BuildLiteBehavior [ RunTime:0.000083s ]
INFO: [ app_init ] --END-- [ RunTime:0.001219s ]
INFO: [ app_begin ] --START--
INFO: Run Behavior\ReadHtmlCacheBehavior [ RunTime:0.001273s ]
INFO: [ app_begin ] --END-- [ RunTime:0.001647s ]
SQL: SHOW COLUMNS FROM `news` [ RunTime:0.0094s ]
SQL: SELECT `thumb`,`date`,`content`,`title` FROM `news` WHERE ( `type` = 'direction' ) LIMIT 3   [ RunTime:0.0004s ]

[ 2015-07-27T20:31:34+08:00 ] ::1 /yao/thinkphp/index.php/Home/index/getNewsCollection/number/3
INFO: [ app_init ] --START--
INFO: Run Behavior\BuildLiteBehavior [ RunTime:0.000143s ]
INFO: [ app_init ] --END-- [ RunTime:0.002193s ]
INFO: [ app_begin ] --START--
INFO: Run Behavior\ReadHtmlCacheBehavior [ RunTime:0.001879s ]
INFO: [ app_begin ] --END-- [ RunTime:0.002331s ]

[ 2015-07-27T20:31:34+08:00 ] ::1 /yao/thinkphp/index.php/Home/index/getDirectionCollections/number/3
INFO: [ app_init ] --START--
INFO: Run Behavior\BuildLiteBehavior [ RunTime:0.000085s ]
INFO: [ app_init ] --END-- [ RunTime:0.001364s ]
INFO: [ app_begin ] --START--
INFO: Run Behavior\ReadHtmlCacheBehavior [ RunTime:0.001798s ]
INFO: [ app_begin ] --END-- [ RunTime:0.002236s ]

[ 2015-07-27T20:31:56+08:00 ] ::1 /yao/thinkphp/index.php/Home/index/getNewsCollection/number/3
INFO: [ app_init ] --START--
INFO: Run Behavior\BuildLiteBehavior [ RunTime:0.000086s ]
INFO: [ app_init ] --END-- [ RunTime:0.001618s ]
INFO: [ app_begin ] --START--
INFO: Run Behavior\ReadHtmlCacheBehavior [ RunTime:0.002050s ]
INFO: [ app_begin ] --END-- [ RunTime:0.002509s ]

[ 2015-07-27T20:32:16+08:00 ] ::1 /yao/thinkphp/index.php/Home/index/getNewsCollection/number/3
INFO: [ app_init ] --START--
INFO: Run Behavior\BuildLiteBehavior [ RunTime:0.000085s ]
INFO: [ app_init ] --END-- [ RunTime:0.001454s ]
INFO: [ app_begin ] --START--
INFO: Run Behavior\ReadHtmlCacheBehavior [ RunTime:0.001992s ]
INFO: [ app_begin ] --END-- [ RunTime:0.002392s ]
SQL: select `user`.`name`, `user`.`icon`, `news`.`date`, `news`.`content` from `user`, `news` where `user`.`username` = `news`.`author`  and `news`.`type`= 'news' limit 3 [ RunTime:0.0016s ]
NOTIC: [8] Undefined offset: 2 C:\wamp\www\yao\thinkphp\Application\Home\Controller\IndexController.class.php 第 55 行.

[ 2015-07-27T20:32:20+08:00 ] ::1 /yao/thinkphp/index.php/Home/index/getNewsCollection/number/3
INFO: [ app_init ] --START--
INFO: Run Behavior\BuildLiteBehavior [ RunTime:0.000087s ]
INFO: [ app_init ] --END-- [ RunTime:0.002005s ]
INFO: [ app_begin ] --START--
INFO: Run Behavior\ReadHtmlCacheBehavior [ RunTime:0.001962s ]
INFO: [ app_begin ] --END-- [ RunTime:0.002417s ]
SQL: select `user`.`name`, `user`.`icon`, `news`.`date`, `news`.`content` from `user`, `news` where `user`.`username` = `news`.`author`  and `news`.`type`= 'news' limit 3 [ RunTime:0.0016s ]
NOTIC: [8] Undefined offset: 2 C:\wamp\www\yao\thinkphp\Application\Home\Controller\IndexController.class.php 第 55 行.

[ 2015-07-27T20:32:21+08:00 ] ::1 /yao/thinkphp/index.php/Home/index/getDirectionCollections/number/3
INFO: [ app_init ] --START--
INFO: Run Behavior\BuildLiteBehavior [ RunTime:0.000086s ]
INFO: [ app_init ] --END-- [ RunTime:0.001324s ]
INFO: [ app_begin ] --START--
INFO: Run Behavior\ReadHtmlCacheBehavior [ RunTime:0.001392s ]
INFO: [ app_begin ] --END-- [ RunTime:0.001783s ]
SQL: SHOW COLUMNS FROM `news` [ RunTime:0.0321s ]
SQL: SELECT `thumb`,`date`,`content`,`title` FROM `news` WHERE ( `type` = 'direction' ) LIMIT 3   [ RunTime:0.0010s ]

[ 2015-07-27T20:32:38+08:00 ] ::1 /yao/thinkphp/index.php/Home/index/getDirectionCollections/number/3
INFO: [ app_init ] --START--
INFO: Run Behavior\BuildLiteBehavior [ RunTime:0.000081s ]
INFO: [ app_init ] --END-- [ RunTime:0.001457s ]
INFO: [ app_begin ] --START--
INFO: Run Behavior\ReadHtmlCacheBehavior [ RunTime:0.003451s ]
INFO: [ app_begin ] --END-- [ RunTime:0.004155s ]
SQL: SHOW COLUMNS FROM `news` [ RunTime:0.0248s ]
SQL: SELECT `thumb`,`date`,`content`,`title` FROM `news` WHERE ( `type` = 'direction' ) LIMIT 3   [ RunTime:0.0010s ]

[ 2015-07-27T20:34:10+08:00 ] ::1 /yao/thinkphp/index.php/Home/index/getNewsCollection/number/3
INFO: [ app_init ] --START--
INFO: Run Behavior\BuildLiteBehavior [ RunTime:0.000085s ]
INFO: [ app_init ] --END-- [ RunTime:0.001913s ]
INFO: [ app_begin ] --START--
INFO: Run Behavior\ReadHtmlCacheBehavior [ RunTime:0.002146s ]
INFO: [ app_begin ] --END-- [ RunTime:0.002615s ]
SQL: select `user`.`name`, `user`.`icon`, `news`.`date`, `news`.`content` from `user`, `news` where `user`.`username` = `news`.`author`  and `news`.`type`= 'news' limit 3 [ RunTime:0.0016s ]
NOTIC: [8] Undefined offset: 2 C:\wamp\www\yao\thinkphp\Application\Home\Controller\IndexController.class.php 第 55 行.

[ 2015-07-27T20:35:28+08:00 ] ::1 /yao/thinkphp/index.php/Home/index/getNewsCollection/number/3
INFO: [ app_init ] --START--
INFO: Run Behavior\BuildLiteBehavior [ RunTime:0.000166s ]
INFO: [ app_init ] --END-- [ RunTime:0.002882s ]
INFO: [ app_begin ] --START--
INFO: Run Behavior\ReadHtmlCacheBehavior [ RunTime:0.002880s ]
INFO: [ app_begin ] --END-- [ RunTime:0.003651s ]
SQL: select `user`.`name`, `user`.`icon`, `news`.`date`, `news`.`content` from `user`, `news` where `user`.`username` = `news`.`author`  and `news`.`type`= 'news' limit 3 [ RunTime:0.0016s ]

[ 2015-07-27T20:35:28+08:00 ] ::1 /yao/thinkphp/index.php/Home/index/getDirectionCollections/number/3
INFO: [ app_init ] --START--
INFO: Run Behavior\BuildLiteBehavior [ RunTime:0.000082s ]
INFO: [ app_init ] --END-- [ RunTime:0.001247s ]
INFO: [ app_begin ] --START--
INFO: Run Behavior\ReadHtmlCacheBehavior [ RunTime:0.002112s ]
INFO: [ app_begin ] --END-- [ RunTime:0.002518s ]
SQL: SHOW COLUMNS FROM `news` [ RunTime:0.0513s ]
SQL: SELECT `thumb`,`date`,`content`,`title` FROM `news` WHERE ( `type` = 'direction' ) LIMIT 3   [ RunTime:0.0009s ]

[ 2015-07-27T20:36:36+08:00 ] ::1 /yao/thinkphp/index.php/Home/index/getNewsCollection/number/3
INFO: [ app_init ] --START--
INFO: Run Behavior\BuildLiteBehavior [ RunTime:0.000085s ]
INFO: [ app_init ] --END-- [ RunTime:0.001291s ]
INFO: [ app_begin ] --START--
INFO: Run Behavior\ReadHtmlCacheBehavior [ RunTime:0.001392s ]
INFO: [ app_begin ] --END-- [ RunTime:0.001785s ]
SQL: select `user`.`name`, `user`.`icon`, `news`.`date`, `news`.`content` from `user`, `news` where `user`.`username` = `news`.`author`  and `news`.`type`= 'news' limit 3 [ RunTime:0.0017s ]

[ 2015-07-27T20:36:36+08:00 ] ::1 /yao/thinkphp/index.php/Home/index/getDirectionCollections/number/3
INFO: [ app_init ] --START--
INFO: Run Behavior\BuildLiteBehavior [ RunTime:0.000082s ]
INFO: [ app_init ] --END-- [ RunTime:0.001319s ]
INFO: [ app_begin ] --START--
INFO: Run Behavior\ReadHtmlCacheBehavior [ RunTime:0.001424s ]
INFO: [ app_begin ] --END-- [ RunTime:0.001828s ]
SQL: SHOW COLUMNS FROM `news` [ RunTime:0.0283s ]
SQL: SELECT `thumb`,`date`,`content`,`title` FROM `news` WHERE ( `type` = 'direction' ) LIMIT 3   [ RunTime:0.0010s ]

[ 2015-07-27T20:36:42+08:00 ] ::1 /yao/thinkphp/index.php/Home/index/getDirectionCollections/number/3
INFO: [ app_init ] --START--
INFO: Run Behavior\BuildLiteBehavior [ RunTime:0.000086s ]
INFO: [ app_init ] --END-- [ RunTime:0.002012s ]
INFO: [ app_begin ] --START--
INFO: Run Behavior\ReadHtmlCacheBehavior [ RunTime:0.002633s ]
INFO: [ app_begin ] --END-- [ RunTime:0.003106s ]
SQL: SHOW COLUMNS FROM `news` [ RunTime:0.0203s ]
SQL: SELECT `thumb`,`date`,`content`,`title` FROM `news` WHERE ( `type` = 'direction' ) LIMIT 3   [ RunTime:0.0013s ]

[ 2015-07-27T20:36:45+08:00 ] ::1 /yao/thinkphp/index.php/Home/index/getDirectionCollections/number/3
INFO: [ app_init ] --START--
INFO: Run Behavior\BuildLiteBehavior [ RunTime:0.000084s ]
INFO: [ app_init ] --END-- [ RunTime:0.001479s ]
INFO: [ app_begin ] --START--
INFO: Run Behavior\ReadHtmlCacheBehavior [ RunTime:0.001961s ]
INFO: [ app_begin ] --END-- [ RunTime:0.002360s ]
SQL: SHOW COLUMNS FROM `news` [ RunTime:0.0231s ]
SQL: SELECT `thumb`,`date`,`content`,`title` FROM `news` WHERE ( `type` = 'direction' ) LIMIT 3   [ RunTime:0.0010s ]

[ 2015-07-27T20:38:14+08:00 ] ::1 /yao/thinkphp/index.php/Home/index/getNewsCollection/number/3
INFO: [ app_init ] --START--
INFO: Run Behavior\BuildLiteBehavior [ RunTime:0.000145s ]
INFO: [ app_init ] --END-- [ RunTime:0.002360s ]
INFO: [ app_begin ] --START--
INFO: Run Behavior\ReadHtmlCacheBehavior [ RunTime:0.002025s ]
INFO: [ app_begin ] --END-- [ RunTime:0.002465s ]
SQL: select `user`.`name`, `user`.`icon`, `news`.`date`, `news`.`content` from `user`, `news` where `user`.`username` = `news`.`author`  and `news`.`type`= 'news' limit 3 [ RunTime:0.0014s ]

[ 2015-07-27T20:38:14+08:00 ] ::1 /yao/thinkphp/index.php/Home/index/getDirectionCollections/number/3
INFO: [ app_init ] --START--
INFO: Run Behavior\BuildLiteBehavior [ RunTime:0.000144s ]
INFO: [ app_init ] --END-- [ RunTime:0.002405s ]
INFO: [ app_begin ] --START--
INFO: Run Behavior\ReadHtmlCacheBehavior [ RunTime:0.003084s ]
INFO: [ app_begin ] --END-- [ RunTime:0.003529s ]
SQL: SHOW COLUMNS FROM `news` [ RunTime:0.0242s ]
SQL: SELECT `thumb`,`date`,`content`,`title` FROM `news` WHERE ( `type` = 'direction' ) LIMIT 3   [ RunTime:0.0012s ]

[ 2015-07-27T20:59:48+08:00 ] ::1 /yao/thinkphp/index.php/Home/index/getNewsCollection/number/3
INFO: [ app_init ] --START--
INFO: Run Behavior\BuildLiteBehavior [ RunTime:0.000051s ]
INFO: [ app_init ] --END-- [ RunTime:0.000961s ]
INFO: [ app_begin ] --START--
INFO: Run Behavior\ReadHtmlCacheBehavior [ RunTime:0.002194s ]
INFO: [ app_begin ] --END-- [ RunTime:0.002527s ]
SQL: select `user`.`name`, `user`.`icon`, `news`.`date`, `news`.`content` from `user`, `news` where `user`.`username` = `news`.`author`  and `news`.`type`= 'news' limit 3 [ RunTime:0.0010s ]

[ 2015-07-27T20:59:57+08:00 ] ::1 /yao/thinkphp/index.php/Home/index/getDirectionCollections/number/3
INFO: [ app_init ] --START--
INFO: Run Behavior\BuildLiteBehavior [ RunTime:0.000091s ]
INFO: [ app_init ] --END-- [ RunTime:0.002015s ]
INFO: [ app_begin ] --START--
INFO: Run Behavior\ReadHtmlCacheBehavior [ RunTime:0.002141s ]
INFO: [ app_begin ] --END-- [ RunTime:0.002632s ]
SQL: SHOW COLUMNS FROM `news` [ RunTime:0.0292s ]
SQL: SELECT `thumb`,`date`,`content`,`title` FROM `news` WHERE ( `type` = 'direction' ) LIMIT 3   [ RunTime:0.0009s ]

[ 2015-07-27T21:00:36+08:00 ] ::1 /yao/thinkphp/index.php/Home/index/getBriefCollections/number/5
INFO: [ app_init ] --START--
INFO: Run Behavior\BuildLiteBehavior [ RunTime:0.000134s ]
INFO: [ app_init ] --END-- [ RunTime:0.001741s ]
INFO: [ app_begin ] --START--
INFO: Run Behavior\ReadHtmlCacheBehavior [ RunTime:0.002587s ]
INFO: [ app_begin ] --END-- [ RunTime:0.003049s ]
SQL: SHOW COLUMNS FROM `news` [ RunTime:0.0231s ]
SQL: SELECT `title` FROM `news` WHERE ( `type` = 'brief' ) LIMIT 5   [ RunTime:0.0009s ]

[ 2015-07-27T21:03:27+08:00 ] ::1 /yao/thinkphp/index.php/Home/index/getBriefCollections/number/5
INFO: [ app_init ] --START--
INFO: Run Behavior\BuildLiteBehavior [ RunTime:0.000083s ]
INFO: [ app_init ] --END-- [ RunTime:0.001421s ]
INFO: [ app_begin ] --START--
INFO: Run Behavior\ReadHtmlCacheBehavior [ RunTime:0.002816s ]
INFO: [ app_begin ] --END-- [ RunTime:0.003272s ]
SQL: SHOW COLUMNS FROM `news` [ RunTime:0.0277s ]
SQL: SELECT `id`,`title` FROM `news` WHERE ( `type` = 'brief' ) LIMIT 5   [ RunTime:0.0011s ]

[ 2015-07-27T21:04:38+08:00 ] ::1 /yao/thinkphp/index.php/Home/index/getNewsCollection/number/3
INFO: [ app_init ] --START--
INFO: Run Behavior\BuildLiteBehavior [ RunTime:0.000085s ]
INFO: [ app_init ] --END-- [ RunTime:0.001468s ]
INFO: [ app_begin ] --START--
INFO: Run Behavior\ReadHtmlCacheBehavior [ RunTime:0.002615s ]
INFO: [ app_begin ] --END-- [ RunTime:0.003085s ]
SQL: select `user`.`name`, `user`.`icon`, `news`.`date`, `news`.`content` from `user`, `news` where `user`.`username` = `news`.`author`  and `news`.`type`= 'news' limit 3 [ RunTime:0.0018s ]

[ 2015-07-27T21:04:38+08:00 ] ::1 /yao/thinkphp/index.php/Home/index/getDirectionCollections/number/3
INFO: [ app_init ] --START--
INFO: Run Behavior\BuildLiteBehavior [ RunTime:0.000101s ]
INFO: [ app_init ] --END-- [ RunTime:0.001591s ]
INFO: [ app_begin ] --START--
INFO: Run Behavior\ReadHtmlCacheBehavior [ RunTime:0.002015s ]
INFO: [ app_begin ] --END-- [ RunTime:0.002426s ]
SQL: SHOW COLUMNS FROM `news` [ RunTime:0.0241s ]
SQL: SELECT `thumb`,`date`,`content`,`title` FROM `news` WHERE ( `type` = 'direction' ) LIMIT 3   [ RunTime:0.0013s ]

[ 2015-07-27T21:04:38+08:00 ] ::1 /yao/thinkphp/index.php/Home/index/getBriefCollections/number/5
INFO: [ app_init ] --START--
INFO: Run Behavior\BuildLiteBehavior [ RunTime:0.000146s ]
INFO: [ app_init ] --END-- [ RunTime:0.002952s ]
INFO: [ app_begin ] --START--
INFO: Run Behavior\ReadHtmlCacheBehavior [ RunTime:0.002451s ]
INFO: [ app_begin ] --END-- [ RunTime:0.003052s ]
SQL: SHOW COLUMNS FROM `news` [ RunTime:0.0155s ]
SQL: SELECT `id`,`title` FROM `news` WHERE ( `type` = 'brief' ) LIMIT 5   [ RunTime:0.0009s ]

[ 2015-07-27T21:10:33+08:00 ] ::1 /yao/thinkphp/index.php/Home/index/getNewsCollection/number/3
INFO: [ app_init ] --START--
INFO: Run Behavior\BuildLiteBehavior [ RunTime:0.000089s ]
INFO: [ app_init ] --END-- [ RunTime:0.001834s ]
INFO: [ app_begin ] --START--
INFO: Run Behavior\ReadHtmlCacheBehavior [ RunTime:0.004753s ]
INFO: [ app_begin ] --END-- [ RunTime:0.005213s ]
SQL: select `user`.`name`, `user`.`icon`, `news`.`date`, `news`.`content` from `user`, `news` where `user`.`username` = `news`.`author`  and `news`.`type`= 'news' limit 3 [ RunTime:0.0015s ]

[ 2015-07-27T21:10:33+08:00 ] ::1 /yao/thinkphp/index.php/Home/index/getDirectionCollections/number/3
INFO: [ app_init ] --START--
INFO: Run Behavior\BuildLiteBehavior [ RunTime:0.000460s ]
INFO: [ app_init ] --END-- [ RunTime:0.003444s ]
INFO: [ app_begin ] --START--
INFO: Run Behavior\ReadHtmlCacheBehavior [ RunTime:0.000997s ]
INFO: [ app_begin ] --END-- [ RunTime:0.001612s ]
SQL: SHOW COLUMNS FROM `news` [ RunTime:0.0183s ]
SQL: SELECT `thumb`,`date`,`content`,`title` FROM `news` WHERE ( `type` = 'direction' ) LIMIT 3   [ RunTime:0.0009s ]

[ 2015-07-27T21:10:33+08:00 ] ::1 /yao/thinkphp/index.php/Home/index/getBriefCollections/number/5
INFO: [ app_init ] --START--
INFO: Run Behavior\BuildLiteBehavior [ RunTime:0.000050s ]
INFO: [ app_init ] --END-- [ RunTime:0.000735s ]
INFO: [ app_begin ] --START--
INFO: Run Behavior\ReadHtmlCacheBehavior [ RunTime:0.000808s ]
INFO: [ app_begin ] --END-- [ RunTime:0.001033s ]
SQL: SHOW COLUMNS FROM `news` [ RunTime:0.0069s ]
SQL: SELECT `id`,`title` FROM `news` WHERE ( `type` = 'brief' ) LIMIT 5   [ RunTime:0.0006s ]

[ 2015-07-27T21:11:00+08:00 ] ::1 /yao/thinkphp/index.php/Home/index/getNewsCollection/number/3
INFO: [ app_init ] --START--
INFO: Run Behavior\BuildLiteBehavior [ RunTime:0.000148s ]
INFO: [ app_init ] --END-- [ RunTime:0.002080s ]
INFO: [ app_begin ] --START--
INFO: Run Behavior\ReadHtmlCacheBehavior [ RunTime:0.002527s ]
INFO: [ app_begin ] --END-- [ RunTime:0.003289s ]
SQL: select `user`.`name`, `user`.`icon`, `news`.`date`, `news`.`content` from `user`, `news` where `user`.`username` = `news`.`author`  and `news`.`type`= 'news' limit 3 [ RunTime:0.0012s ]

[ 2015-07-27T21:11:00+08:00 ] ::1 /yao/thinkphp/index.php/Home/index/getDirectionCollections/number/3
INFO: [ app_init ] --START--
INFO: Run Behavior\BuildLiteBehavior [ RunTime:0.000093s ]
INFO: [ app_init ] --END-- [ RunTime:0.001591s ]
INFO: [ app_begin ] --START--
INFO: Run Behavior\ReadHtmlCacheBehavior [ RunTime:0.008832s ]
INFO: [ app_begin ] --END-- [ RunTime:0.030587s ]
SQL: SHOW COLUMNS FROM `news` [ RunTime:0.0455s ]
SQL: SELECT `thumb`,`date`,`content`,`title` FROM `news` WHERE ( `type` = 'direction' ) LIMIT 3   [ RunTime:0.0006s ]

[ 2015-07-27T21:11:00+08:00 ] ::1 /yao/thinkphp/index.php/Home/index/getBriefCollections/number/5
INFO: [ app_init ] --START--
INFO: Run Behavior\BuildLiteBehavior [ RunTime:0.000057s ]
INFO: [ app_init ] --END-- [ RunTime:0.000707s ]
INFO: [ app_begin ] --START--
INFO: Run Behavior\ReadHtmlCacheBehavior [ RunTime:0.001408s ]
INFO: [ app_begin ] --END-- [ RunTime:0.001750s ]
SQL: SHOW COLUMNS FROM `news` [ RunTime:0.0058s ]
SQL: SELECT `id`,`title` FROM `news` WHERE ( `type` = 'brief' ) LIMIT 5   [ RunTime:0.0004s ]

[ 2015-07-27T21:11:04+08:00 ] ::1 /yao/thinkphp/index.php/Home/index/getNewsCollection/number/3
INFO: [ app_init ] --START--
INFO: Run Behavior\BuildLiteBehavior [ RunTime:0.000058s ]
INFO: [ app_init ] --END-- [ RunTime:0.000893s ]
INFO: [ app_begin ] --START--
INFO: Run Behavior\ReadHtmlCacheBehavior [ RunTime:0.001414s ]
INFO: [ app_begin ] --END-- [ RunTime:0.001877s ]
SQL: select `user`.`name`, `user`.`icon`, `news`.`date`, `news`.`content` from `user`, `news` where `user`.`username` = `news`.`author`  and `news`.`type`= 'news' limit 3 [ RunTime:0.0009s ]

[ 2015-07-27T21:11:04+08:00 ] ::1 /yao/thinkphp/index.php/Home/index/getDirectionCollections/number/3
INFO: [ app_init ] --START--
INFO: Run Behavior\BuildLiteBehavior [ RunTime:0.000093s ]
INFO: [ app_init ] --END-- [ RunTime:0.001003s ]
INFO: [ app_begin ] --START--
INFO: Run Behavior\ReadHtmlCacheBehavior [ RunTime:0.001027s ]
INFO: [ app_begin ] --END-- [ RunTime:0.001313s ]
SQL: SHOW COLUMNS FROM `news` [ RunTime:0.0180s ]
SQL: SELECT `thumb`,`date`,`content`,`title` FROM `news` WHERE ( `type` = 'direction' ) LIMIT 3   [ RunTime:0.0006s ]

[ 2015-07-27T21:11:04+08:00 ] ::1 /yao/thinkphp/index.php/Home/index/getBriefCollections/number/5
INFO: [ app_init ] --START--
INFO: Run Behavior\BuildLiteBehavior [ RunTime:0.000100s ]
INFO: [ app_init ] --END-- [ RunTime:0.001333s ]
INFO: [ app_begin ] --START--
INFO: Run Behavior\ReadHtmlCacheBehavior [ RunTime:0.001019s ]
INFO: [ app_begin ] --END-- [ RunTime:0.001298s ]
SQL: SHOW COLUMNS FROM `news` [ RunTime:0.0106s ]
SQL: SELECT `id`,`title` FROM `news` WHERE ( `type` = 'brief' ) LIMIT 5   [ RunTime:0.0006s ]

[ 2015-07-27T21:11:58+08:00 ] ::1 /yao/thinkphp/index.php/Home/index/getNewsCollection/number/3
INFO: [ app_init ] --START--
INFO: Run Behavior\BuildLiteBehavior [ RunTime:0.000139s ]
INFO: [ app_init ] --END-- [ RunTime:0.001801s ]
INFO: [ app_begin ] --START--
INFO: Run Behavior\ReadHtmlCacheBehavior [ RunTime:0.001529s ]
INFO: [ app_begin ] --END-- [ RunTime:0.001995s ]
SQL: select `user`.`name`, `user`.`icon`, `news`.`date`, `news`.`content` from `user`, `news` where `user`.`username` = `news`.`author`  and `news`.`type`= 'news' limit 3 [ RunTime:0.0022s ]

[ 2015-07-27T21:11:58+08:00 ] ::1 /yao/thinkphp/index.php/Home/index/getDirectionCollections/number/3
INFO: [ app_init ] --START--
INFO: Run Behavior\BuildLiteBehavior [ RunTime:0.000086s ]
INFO: [ app_init ] --END-- [ RunTime:0.001326s ]
INFO: [ app_begin ] --START--
INFO: Run Behavior\ReadHtmlCacheBehavior [ RunTime:0.001753s ]
INFO: [ app_begin ] --END-- [ RunTime:0.002293s ]
SQL: SHOW COLUMNS FROM `news` [ RunTime:0.0487s ]
SQL: SELECT `thumb`,`date`,`content`,`title` FROM `news` WHERE ( `type` = 'direction' ) LIMIT 3   [ RunTime:0.0011s ]

[ 2015-07-27T21:11:58+08:00 ] ::1 /yao/thinkphp/index.php/Home/index/getBriefCollections/number/5
INFO: [ app_init ] --START--
INFO: Run Behavior\BuildLiteBehavior [ RunTime:0.000093s ]
INFO: [ app_init ] --END-- [ RunTime:0.001378s ]
INFO: [ app_begin ] --START--
INFO: Run Behavior\ReadHtmlCacheBehavior [ RunTime:0.001578s ]
INFO: [ app_begin ] --END-- [ RunTime:0.001959s ]
SQL: SHOW COLUMNS FROM `news` [ RunTime:0.0121s ]
SQL: SELECT `id`,`title` FROM `news` WHERE ( `type` = 'brief' ) LIMIT 5   [ RunTime:0.0006s ]

[ 2015-07-27T21:12:16+08:00 ] ::1 /yao/thinkphp/index.php/Home/index/getNewsCollection/number/3
INFO: [ app_init ] --START--
INFO: Run Behavior\BuildLiteBehavior [ RunTime:0.000036s ]
INFO: [ app_init ] --END-- [ RunTime:0.000546s ]
INFO: [ app_begin ] --START--
INFO: Run Behavior\ReadHtmlCacheBehavior [ RunTime:0.000595s ]
INFO: [ app_begin ] --END-- [ RunTime:0.000762s ]
SQL: select `user`.`name`, `user`.`icon`, `news`.`date`, `news`.`content` from `user`, `news` where `user`.`username` = `news`.`author`  and `news`.`type`= 'news' limit 3 [ RunTime:0.0007s ]

[ 2015-07-27T21:12:16+08:00 ] ::1 /yao/thinkphp/index.php/Home/index/getDirectionCollections/number/3
INFO: [ app_init ] --START--
INFO: Run Behavior\BuildLiteBehavior [ RunTime:0.000060s ]
INFO: [ app_init ] --END-- [ RunTime:0.000762s ]
INFO: [ app_begin ] --START--
INFO: Run Behavior\ReadHtmlCacheBehavior [ RunTime:0.000924s ]
INFO: [ app_begin ] --END-- [ RunTime:0.001382s ]
SQL: SHOW COLUMNS FROM `news` [ RunTime:0.0145s ]
SQL: SELECT `thumb`,`date`,`content`,`title` FROM `news` WHERE ( `type` = 'direction' ) LIMIT 3   [ RunTime:0.0005s ]

[ 2015-07-27T21:12:16+08:00 ] ::1 /yao/thinkphp/index.php/Home/index/getBriefCollections/number/5
INFO: [ app_init ] --START--
INFO: Run Behavior\BuildLiteBehavior [ RunTime:0.000035s ]
INFO: [ app_init ] --END-- [ RunTime:0.000532s ]
INFO: [ app_begin ] --START--
INFO: Run Behavior\ReadHtmlCacheBehavior [ RunTime:0.000794s ]
INFO: [ app_begin ] --END-- [ RunTime:0.001010s ]
SQL: SHOW COLUMNS FROM `news` [ RunTime:0.0083s ]
SQL: SELECT `id`,`title` FROM `news` WHERE ( `type` = 'brief' ) LIMIT 5   [ RunTime:0.0009s ]

[ 2015-07-27T21:18:49+08:00 ] ::1 /yao/thinkphp/index.php/Home/index/getNewsCollection/number/3
INFO: [ app_init ] --START--
INFO: Run Behavior\BuildLiteBehavior [ RunTime:0.000085s ]
INFO: [ app_init ] --END-- [ RunTime:0.002027s ]
INFO: [ app_begin ] --START--
INFO: Run Behavior\ReadHtmlCacheBehavior [ RunTime:0.002135s ]
INFO: [ app_begin ] --END-- [ RunTime:0.002610s ]
SQL: select `user`.`name`, `user`.`icon`, `news`.`date`, `news`.`content` from `user`, `news` where `user`.`username` = `news`.`author`  and `news`.`type`= 'news' limit 3 [ RunTime:0.0020s ]

[ 2015-07-27T21:18:49+08:00 ] ::1 /yao/thinkphp/index.php/Home/index/getDirectionCollections/number/3
INFO: [ app_init ] --START--
INFO: Run Behavior\BuildLiteBehavior [ RunTime:0.000100s ]
INFO: [ app_init ] --END-- [ RunTime:0.001726s ]
INFO: [ app_begin ] --START--
INFO: Run Behavior\ReadHtmlCacheBehavior [ RunTime:0.001488s ]
INFO: [ app_begin ] --END-- [ RunTime:0.001821s ]
SQL: SHOW COLUMNS FROM `news` [ RunTime:0.0184s ]
SQL: SELECT `thumb`,`date`,`content`,`title` FROM `news` WHERE ( `type` = 'direction' ) LIMIT 3   [ RunTime:0.0006s ]

[ 2015-07-27T21:18:49+08:00 ] ::1 /yao/thinkphp/index.php/Home/index/getBriefCollections/number/5
INFO: [ app_init ] --START--
INFO: Run Behavior\BuildLiteBehavior [ RunTime:0.000052s ]
INFO: [ app_init ] --END-- [ RunTime:0.000923s ]
INFO: [ app_begin ] --START--
INFO: Run Behavior\ReadHtmlCacheBehavior [ RunTime:0.001379s ]
INFO: [ app_begin ] --END-- [ RunTime:0.001645s ]
SQL: SHOW COLUMNS FROM `news` [ RunTime:0.0077s ]
SQL: SELECT `id`,`title` FROM `news` WHERE ( `type` = 'brief' ) LIMIT 5   [ RunTime:0.0005s ]

[ 2015-07-27T21:19:18+08:00 ] ::1 /yao/thinkphp/index.php/Home/index/getNewsCollection/number/3
INFO: [ app_init ] --START--
INFO: Run Behavior\BuildLiteBehavior [ RunTime:0.000083s ]
INFO: [ app_init ] --END-- [ RunTime:0.001357s ]
INFO: [ app_begin ] --START--
INFO: Run Behavior\ReadHtmlCacheBehavior [ RunTime:0.002093s ]
INFO: [ app_begin ] --END-- [ RunTime:0.002617s ]
SQL: select `user`.`name`, `user`.`icon`, `news`.`date`, `news`.`content` from `user`, `news` where `user`.`username` = `news`.`author`  and `news`.`type`= 'news' limit 3 [ RunTime:0.0016s ]

[ 2015-07-27T21:19:18+08:00 ] ::1 /yao/thinkphp/index.php/Home/index/getDirectionCollections/number/3
INFO: [ app_init ] --START--
INFO: Run Behavior\BuildLiteBehavior [ RunTime:0.000084s ]
INFO: [ app_init ] --END-- [ RunTime:0.001462s ]
INFO: [ app_begin ] --START--
INFO: Run Behavior\ReadHtmlCacheBehavior [ RunTime:0.001434s ]
INFO: [ app_begin ] --END-- [ RunTime:0.001855s ]
SQL: SHOW COLUMNS FROM `news` [ RunTime:0.0231s ]
SQL: SELECT `thumb`,`date`,`content`,`title` FROM `news` WHERE ( `type` = 'direction' ) LIMIT 3   [ RunTime:0.0010s ]

[ 2015-07-27T21:19:18+08:00 ] ::1 /yao/thinkphp/index.php/Home/index/getBriefCollections/number/5
INFO: [ app_init ] --START--
INFO: Run Behavior\BuildLiteBehavior [ RunTime:0.000090s ]
INFO: [ app_init ] --END-- [ RunTime:0.001436s ]
INFO: [ app_begin ] --START--
INFO: Run Behavior\ReadHtmlCacheBehavior [ RunTime:0.001400s ]
INFO: [ app_begin ] --END-- [ RunTime:0.001799s ]
SQL: SHOW COLUMNS FROM `news` [ RunTime:0.0119s ]
SQL: SELECT `id`,`title` FROM `news` WHERE ( `type` = 'brief' ) LIMIT 5   [ RunTime:0.0008s ]

[ 2015-07-27T21:19:33+08:00 ] ::1 /yao/thinkphp/index.php/Home/index/getNewsCollection/number/3
INFO: [ app_init ] --START--
INFO: Run Behavior\BuildLiteBehavior [ RunTime:0.000153s ]
INFO: [ app_init ] --END-- [ RunTime:0.002356s ]
INFO: [ app_begin ] --START--
INFO: Run Behavior\ReadHtmlCacheBehavior [ RunTime:0.002350s ]
INFO: [ app_begin ] --END-- [ RunTime:0.003169s ]
SQL: select `user`.`name`, `user`.`icon`, `news`.`date`, `news`.`content` from `user`, `news` where `user`.`username` = `news`.`author`  and `news`.`type`= 'news' limit 3 [ RunTime:0.0009s ]

[ 2015-07-27T21:19:33+08:00 ] ::1 /yao/thinkphp/index.php/Home/index/getDirectionCollections/number/3
INFO: [ app_init ] --START--
INFO: Run Behavior\BuildLiteBehavior [ RunTime:0.000124s ]
INFO: [ app_init ] --END-- [ RunTime:0.001508s ]
INFO: [ app_begin ] --START--
INFO: Run Behavior\ReadHtmlCacheBehavior [ RunTime:0.000858s ]
INFO: [ app_begin ] --END-- [ RunTime:0.001100s ]
SQL: SHOW COLUMNS FROM `news` [ RunTime:0.0138s ]
SQL: SELECT `thumb`,`date`,`content`,`title` FROM `news` WHERE ( `type` = 'direction' ) LIMIT 3   [ RunTime:0.0005s ]

[ 2015-07-27T21:19:33+08:00 ] ::1 /yao/thinkphp/index.php/Home/index/getBriefCollections/number/5
INFO: [ app_init ] --START--
INFO: Run Behavior\BuildLiteBehavior [ RunTime:0.000035s ]
INFO: [ app_init ] --END-- [ RunTime:0.000526s ]
INFO: [ app_begin ] --START--
INFO: Run Behavior\ReadHtmlCacheBehavior [ RunTime:0.000787s ]
INFO: [ app_begin ] --END-- [ RunTime:0.000963s ]
SQL: SHOW COLUMNS FROM `news` [ RunTime:0.0057s ]
SQL: SELECT `id`,`title` FROM `news` WHERE ( `type` = 'brief' ) LIMIT 5   [ RunTime:0.0004s ]

[ 2015-07-27T21:19:47+08:00 ] ::1 /yao/thinkphp/index.php/Home/index/getNewsCollection/number/3
INFO: [ app_init ] --START--
INFO: Run Behavior\BuildLiteBehavior [ RunTime:0.000080s ]
INFO: [ app_init ] --END-- [ RunTime:0.001228s ]
INFO: [ app_begin ] --START--
INFO: Run Behavior\ReadHtmlCacheBehavior [ RunTime:0.001488s ]
INFO: [ app_begin ] --END-- [ RunTime:0.001897s ]
SQL: select `user`.`name`, `user`.`icon`, `news`.`date`, `news`.`content` from `user`, `news` where `user`.`username` = `news`.`author`  and `news`.`type`= 'news' limit 3 [ RunTime:0.0013s ]

[ 2015-07-27T21:19:47+08:00 ] ::1 /yao/thinkphp/index.php/Home/index/getDirectionCollections/number/3
INFO: [ app_init ] --START--
INFO: Run Behavior\BuildLiteBehavior [ RunTime:0.000136s ]
INFO: [ app_init ] --END-- [ RunTime:0.002006s ]
INFO: [ app_begin ] --START--
INFO: Run Behavior\ReadHtmlCacheBehavior [ RunTime:0.001410s ]
INFO: [ app_begin ] --END-- [ RunTime:0.001811s ]
SQL: SHOW COLUMNS FROM `news` [ RunTime:0.0245s ]
SQL: SELECT `thumb`,`date`,`content`,`title` FROM `news` WHERE ( `type` = 'direction' ) LIMIT 3   [ RunTime:0.0016s ]

[ 2015-07-27T21:19:47+08:00 ] ::1 /yao/thinkphp/index.php/Home/index/getBriefCollections/number/5
INFO: [ app_init ] --START--
INFO: Run Behavior\BuildLiteBehavior [ RunTime:0.000088s ]
INFO: [ app_init ] --END-- [ RunTime:0.001336s ]
INFO: [ app_begin ] --START--
INFO: Run Behavior\ReadHtmlCacheBehavior [ RunTime:0.001393s ]
INFO: [ app_begin ] --END-- [ RunTime:0.001785s ]
SQL: SHOW COLUMNS FROM `news` [ RunTime:0.0642s ]
SQL: SELECT `id`,`title` FROM `news` WHERE ( `type` = 'brief' ) LIMIT 5   [ RunTime:0.0008s ]

[ 2015-07-27T21:24:49+08:00 ] ::1 /yao/thinkphp/index.php/Home/index/getNewsCollection/number/3
INFO: [ app_init ] --START--
INFO: Run Behavior\BuildLiteBehavior [ RunTime:0.000084s ]
INFO: [ app_init ] --END-- [ RunTime:0.001745s ]
INFO: [ app_begin ] --START--
INFO: Run Behavior\ReadHtmlCacheBehavior [ RunTime:0.002089s ]
INFO: [ app_begin ] --END-- [ RunTime:0.002623s ]
SQL: select `user`.`name`, `user`.`icon`, `news`.`date`, `news`.`content` from `user`, `news` where `user`.`username` = `news`.`author`  and `news`.`type`= 'news' limit 3 [ RunTime:0.0021s ]

[ 2015-07-27T21:24:49+08:00 ] ::1 /yao/thinkphp/index.php/Home/index/getDirectionCollections/number/3
INFO: [ app_init ] --START--
INFO: Run Behavior\BuildLiteBehavior [ RunTime:0.000131s ]
INFO: [ app_init ] --END-- [ RunTime:0.001818s ]
INFO: [ app_begin ] --START--
INFO: Run Behavior\ReadHtmlCacheBehavior [ RunTime:0.001553s ]
INFO: [ app_begin ] --END-- [ RunTime:0.001959s ]
SQL: SHOW COLUMNS FROM `news` [ RunTime:0.0242s ]
SQL: SELECT `thumb`,`date`,`content`,`title` FROM `news` WHERE ( `type` = 'direction' ) LIMIT 3   [ RunTime:0.0010s ]

[ 2015-07-27T21:24:49+08:00 ] ::1 /yao/thinkphp/index.php/Home/index/getBriefCollections/number/5
INFO: [ app_init ] --START--
INFO: Run Behavior\BuildLiteBehavior [ RunTime:0.000089s ]
INFO: [ app_init ] --END-- [ RunTime:0.001864s ]
INFO: [ app_begin ] --START--
INFO: Run Behavior\ReadHtmlCacheBehavior [ RunTime:0.001462s ]
INFO: [ app_begin ] --END-- [ RunTime:0.001902s ]
SQL: SHOW COLUMNS FROM `news` [ RunTime:0.0167s ]
SQL: SELECT `id`,`title` FROM `news` WHERE ( `type` = 'brief' ) LIMIT 5   [ RunTime:0.0009s ]

[ 2015-07-27T21:27:41+08:00 ] ::1 /yao/thinkphp/index.php/Home/index/getNewsCollection/number/3
INFO: [ app_init ] --START--
INFO: Run Behavior\BuildLiteBehavior [ RunTime:0.000082s ]
INFO: [ app_init ] --END-- [ RunTime:0.001472s ]
INFO: [ app_begin ] --START--
INFO: Run Behavior\ReadHtmlCacheBehavior [ RunTime:0.002231s ]
INFO: [ app_begin ] --END-- [ RunTime:0.002924s ]
SQL: select `user`.`name`, `user`.`icon`, `news`.`date`, `news`.`content` from `user`, `news` where `user`.`username` = `news`.`author`  and `news`.`type`= 'news' limit 3 [ RunTime:0.0022s ]

[ 2015-07-27T21:27:41+08:00 ] ::1 /yao/thinkphp/index.php/Home/index/getDirectionCollections/number/3
INFO: [ app_init ] --START--
INFO: Run Behavior\BuildLiteBehavior [ RunTime:0.000151s ]
INFO: [ app_init ] --END-- [ RunTime:0.009639s ]
INFO: [ app_begin ] --START--
INFO: Run Behavior\ReadHtmlCacheBehavior [ RunTime:0.003140s ]
INFO: [ app_begin ] --END-- [ RunTime:0.003867s ]
SQL: SHOW COLUMNS FROM `news` [ RunTime:0.0182s ]
SQL: SELECT `thumb`,`date`,`content`,`title` FROM `news` WHERE ( `type` = 'direction' ) LIMIT 3   [ RunTime:0.0016s ]

[ 2015-07-27T21:27:41+08:00 ] ::1 /yao/thinkphp/index.php/Home/index/getBriefCollections/number/5
INFO: [ app_init ] --START--
INFO: Run Behavior\BuildLiteBehavior [ RunTime:0.000085s ]
INFO: [ app_init ] --END-- [ RunTime:0.001252s ]
INFO: [ app_begin ] --START--
INFO: Run Behavior\ReadHtmlCacheBehavior [ RunTime:0.001321s ]
INFO: [ app_begin ] --END-- [ RunTime:0.001725s ]
SQL: SHOW COLUMNS FROM `news` [ RunTime:0.0285s ]
SQL: SELECT `id`,`title` FROM `news` WHERE ( `type` = 'brief' ) LIMIT 5   [ RunTime:0.0005s ]

[ 2015-07-27T21:28:28+08:00 ] ::1 /yao/thinkphp/index.php/Home/index/getNewsCollection/number/3
INFO: [ app_init ] --START--
INFO: Run Behavior\BuildLiteBehavior [ RunTime:0.000121s ]
INFO: [ app_init ] --END-- [ RunTime:0.001972s ]
INFO: [ app_begin ] --START--
INFO: Run Behavior\ReadHtmlCacheBehavior [ RunTime:0.002494s ]
INFO: [ app_begin ] --END-- [ RunTime:0.003103s ]
SQL: select `user`.`name`, `user`.`icon`, `news`.`date`, `news`.`content` from `user`, `news` where `user`.`username` = `news`.`author`  and `news`.`type`= 'news' limit 3 [ RunTime:0.0016s ]

[ 2015-07-27T21:28:28+08:00 ] ::1 /yao/thinkphp/index.php/Home/index/getDirectionCollections/number/3
INFO: [ app_init ] --START--
INFO: Run Behavior\BuildLiteBehavior [ RunTime:0.000195s ]
INFO: [ app_init ] --END-- [ RunTime:0.002837s ]
INFO: [ app_begin ] --START--
INFO: Run Behavior\ReadHtmlCacheBehavior [ RunTime:0.002218s ]
INFO: [ app_begin ] --END-- [ RunTime:0.002766s ]
SQL: SHOW COLUMNS FROM `news` [ RunTime:0.0169s ]
SQL: SELECT `thumb`,`date`,`content`,`title` FROM `news` WHERE ( `type` = 'direction' ) LIMIT 3   [ RunTime:0.0007s ]

[ 2015-07-27T21:28:28+08:00 ] ::1 /yao/thinkphp/index.php/Home/index/getBriefCollections/number/5
INFO: [ app_init ] --START--
INFO: Run Behavior\BuildLiteBehavior [ RunTime:0.000071s ]
INFO: [ app_init ] --END-- [ RunTime:0.000955s ]
INFO: [ app_begin ] --START--
INFO: Run Behavior\ReadHtmlCacheBehavior [ RunTime:0.001191s ]
INFO: [ app_begin ] --END-- [ RunTime:0.001436s ]
SQL: SHOW COLUMNS FROM `news` [ RunTime:0.0080s ]
SQL: SELECT `id`,`title` FROM `news` WHERE ( `type` = 'brief' ) LIMIT 5   [ RunTime:0.0006s ]

[ 2015-07-27T21:29:24+08:00 ] ::1 /yao/thinkphp/index.php/Home/index/getNewsCollection/number/3
INFO: [ app_init ] --START--
INFO: Run Behavior\BuildLiteBehavior [ RunTime:0.000114s ]
INFO: [ app_init ] --END-- [ RunTime:0.001828s ]
INFO: [ app_begin ] --START--
INFO: Run Behavior\ReadHtmlCacheBehavior [ RunTime:0.001530s ]
INFO: [ app_begin ] --END-- [ RunTime:0.001977s ]
SQL: select `user`.`name`, `user`.`icon`, `news`.`date`, `news`.`content` from `user`, `news` where `user`.`username` = `news`.`author`  and `news`.`type`= 'news' limit 3 [ RunTime:0.0016s ]

[ 2015-07-27T21:29:24+08:00 ] ::1 /yao/thinkphp/index.php/Home/index/getDirectionCollections/number/3
INFO: [ app_init ] --START--
INFO: Run Behavior\BuildLiteBehavior [ RunTime:0.000093s ]
INFO: [ app_init ] --END-- [ RunTime:0.001543s ]
INFO: [ app_begin ] --START--
INFO: Run Behavior\ReadHtmlCacheBehavior [ RunTime:0.001419s ]
INFO: [ app_begin ] --END-- [ RunTime:0.001822s ]
SQL: SHOW COLUMNS FROM `news` [ RunTime:0.0301s ]
SQL: SELECT `thumb`,`date`,`content`,`title` FROM `news` WHERE ( `type` = 'direction' ) LIMIT 3   [ RunTime:0.0009s ]

[ 2015-07-27T21:29:24+08:00 ] ::1 /yao/thinkphp/index.php/Home/index/getBriefCollections/number/5
INFO: [ app_init ] --START--
INFO: Run Behavior\BuildLiteBehavior [ RunTime:0.000083s ]
INFO: [ app_init ] --END-- [ RunTime:0.001279s ]
INFO: [ app_begin ] --START--
INFO: Run Behavior\ReadHtmlCacheBehavior [ RunTime:0.001508s ]
INFO: [ app_begin ] --END-- [ RunTime:0.001912s ]
SQL: SHOW COLUMNS FROM `news` [ RunTime:0.0128s ]
SQL: SELECT `id`,`title` FROM `news` WHERE ( `type` = 'brief' ) LIMIT 5   [ RunTime:0.0011s ]

[ 2015-07-27T21:30:22+08:00 ] ::1 /yao/thinkphp/index.php/Home/index/getNewsCollection/number/3
INFO: [ app_init ] --START--
INFO: Run Behavior\BuildLiteBehavior [ RunTime:0.000136s ]
INFO: [ app_init ] --END-- [ RunTime:0.002017s ]
INFO: [ app_begin ] --START--
INFO: Run Behavior\ReadHtmlCacheBehavior [ RunTime:0.002340s ]
INFO: [ app_begin ] --END-- [ RunTime:0.002804s ]
SQL: select `user`.`name`, `user`.`icon`, `news`.`date`, `news`.`content` from `user`, `news` where `user`.`username` = `news`.`author`  and `news`.`type`= 'news' limit 3 [ RunTime:0.0016s ]

[ 2015-07-27T21:30:22+08:00 ] ::1 /yao/thinkphp/index.php/Home/index/getDirectionCollections/number/3
INFO: [ app_init ] --START--
INFO: Run Behavior\BuildLiteBehavior [ RunTime:0.000085s ]
INFO: [ app_init ] --END-- [ RunTime:0.001616s ]
INFO: [ app_begin ] --START--
INFO: Run Behavior\ReadHtmlCacheBehavior [ RunTime:0.002132s ]
INFO: [ app_begin ] --END-- [ RunTime:0.002564s ]
SQL: SHOW COLUMNS FROM `news` [ RunTime:0.0364s ]
SQL: SELECT `thumb`,`date`,`content`,`title` FROM `news` WHERE ( `type` = 'direction' ) LIMIT 3   [ RunTime:0.0010s ]

[ 2015-07-27T21:30:22+08:00 ] ::1 /yao/thinkphp/index.php/Home/index/getBriefCollections/number/5
INFO: [ app_init ] --START--
INFO: Run Behavior\BuildLiteBehavior [ RunTime:0.000085s ]
INFO: [ app_init ] --END-- [ RunTime:0.001565s ]
INFO: [ app_begin ] --START--
INFO: Run Behavior\ReadHtmlCacheBehavior [ RunTime:0.002275s ]
INFO: [ app_begin ] --END-- [ RunTime:0.002710s ]
SQL: SHOW COLUMNS FROM `news` [ RunTime:0.0117s ]
SQL: SELECT `id`,`title` FROM `news` WHERE ( `type` = 'brief' ) LIMIT 5   [ RunTime:0.0008s ]

[ 2015-07-27T21:32:13+08:00 ] ::1 /yao/thinkphp/index.php/Home/index/getNewsCollection/number/3
INFO: [ app_init ] --START--
INFO: Run Behavior\BuildLiteBehavior [ RunTime:0.000082s ]
INFO: [ app_init ] --END-- [ RunTime:0.001518s ]
INFO: [ app_begin ] --START--
INFO: Run Behavior\ReadHtmlCacheBehavior [ RunTime:0.002286s ]
INFO: [ app_begin ] --END-- [ RunTime:0.002848s ]
SQL: select `user`.`name`, `user`.`icon`, `news`.`date`, `news`.`content` from `user`, `news` where `user`.`username` = `news`.`author`  and `news`.`type`= 'news' limit 3 [ RunTime:0.0018s ]

[ 2015-07-27T21:32:13+08:00 ] ::1 /yao/thinkphp/index.php/Home/index/getDirectionCollections/number/3
INFO: [ app_init ] --START--
INFO: Run Behavior\BuildLiteBehavior [ RunTime:0.000082s ]
INFO: [ app_init ] --END-- [ RunTime:0.001476s ]
INFO: [ app_begin ] --START--
INFO: Run Behavior\ReadHtmlCacheBehavior [ RunTime:0.004362s ]
INFO: [ app_begin ] --END-- [ RunTime:0.005113s ]
SQL: SHOW COLUMNS FROM `news` [ RunTime:0.0225s ]
SQL: SELECT `thumb`,`date`,`content`,`title` FROM `news` WHERE ( `type` = 'direction' ) LIMIT 3   [ RunTime:0.0011s ]

[ 2015-07-27T21:32:13+08:00 ] ::1 /yao/thinkphp/index.php/Home/index/getBriefCollections/number/5
INFO: [ app_init ] --START--
INFO: Run Behavior\BuildLiteBehavior [ RunTime:0.000085s ]
INFO: [ app_init ] --END-- [ RunTime:0.002049s ]
INFO: [ app_begin ] --START--
INFO: Run Behavior\ReadHtmlCacheBehavior [ RunTime:0.002229s ]
INFO: [ app_begin ] --END-- [ RunTime:0.002635s ]
SQL: SHOW COLUMNS FROM `news` [ RunTime:0.1047s ]
SQL: SELECT `id`,`title` FROM `news` WHERE ( `type` = 'brief' ) LIMIT 5   [ RunTime:0.0008s ]

[ 2015-07-27T21:33:53+08:00 ] ::1 /yao/thinkphp/index.php/Home/index/getNewsCollection/number/3
INFO: [ app_init ] --START--
INFO: Run Behavior\BuildLiteBehavior [ RunTime:0.000083s ]
INFO: [ app_init ] --END-- [ RunTime:0.001469s ]
INFO: [ app_begin ] --START--
INFO: Run Behavior\ReadHtmlCacheBehavior [ RunTime:0.001753s ]
INFO: [ app_begin ] --END-- [ RunTime:0.002189s ]
SQL: select `user`.`name`, `user`.`icon`, `news`.`date`, `news`.`content` from `user`, `news` where `user`.`username` = `news`.`author`  and `news`.`type`= 'news' limit 3 [ RunTime:0.0018s ]

[ 2015-07-27T21:33:53+08:00 ] ::1 /yao/thinkphp/index.php/Home/index/getDirectionCollections/number/3
INFO: [ app_init ] --START--
INFO: Run Behavior\BuildLiteBehavior [ RunTime:0.000081s ]
INFO: [ app_init ] --END-- [ RunTime:0.001240s ]
INFO: [ app_begin ] --START--
INFO: Run Behavior\ReadHtmlCacheBehavior [ RunTime:0.002744s ]
INFO: [ app_begin ] --END-- [ RunTime:0.003462s ]
SQL: SHOW COLUMNS FROM `news` [ RunTime:0.0355s ]
SQL: SELECT `thumb`,`date`,`content`,`title` FROM `news` WHERE ( `type` = 'direction' ) LIMIT 3   [ RunTime:0.0016s ]

[ 2015-07-27T21:33:53+08:00 ] ::1 /yao/thinkphp/index.php/Home/index/getBriefCollections/number/5
INFO: [ app_init ] --START--
INFO: Run Behavior\BuildLiteBehavior [ RunTime:0.000083s ]
INFO: [ app_init ] --END-- [ RunTime:0.001276s ]
INFO: [ app_begin ] --START--
INFO: Run Behavior\ReadHtmlCacheBehavior [ RunTime:0.001817s ]
INFO: [ app_begin ] --END-- [ RunTime:0.002413s ]
SQL: SHOW COLUMNS FROM `news` [ RunTime:0.0133s ]
SQL: SELECT `id`,`title` FROM `news` WHERE ( `type` = 'brief' ) LIMIT 5   [ RunTime:0.0008s ]

[ 2015-07-27T21:36:29+08:00 ] ::1 /yao/thinkphp/index.php/Home/index/getNewsCollection/number/3
INFO: [ app_init ] --START--
INFO: Run Behavior\BuildLiteBehavior [ RunTime:0.000114s ]
INFO: [ app_init ] --END-- [ RunTime:0.001517s ]
INFO: [ app_begin ] --START--
INFO: Run Behavior\ReadHtmlCacheBehavior [ RunTime:0.002074s ]
INFO: [ app_begin ] --END-- [ RunTime:0.002640s ]
SQL: select `user`.`name`, `user`.`icon`, `news`.`date`, `news`.`content` from `user`, `news` where `user`.`username` = `news`.`author`  and `news`.`type`= 'news' limit 3 [ RunTime:0.0017s ]

[ 2015-07-27T21:36:29+08:00 ] ::1 /yao/thinkphp/index.php/Home/index/getDirectionCollections/number/3
INFO: [ app_init ] --START--
INFO: Run Behavior\BuildLiteBehavior [ RunTime:0.000086s ]
INFO: [ app_init ] --END-- [ RunTime:0.001712s ]
INFO: [ app_begin ] --START--
INFO: Run Behavior\ReadHtmlCacheBehavior [ RunTime:0.001841s ]
INFO: [ app_begin ] --END-- [ RunTime:0.002417s ]
SQL: SHOW COLUMNS FROM `news` [ RunTime:0.0235s ]
SQL: SELECT `thumb`,`date`,`content`,`title` FROM `news` WHERE ( `type` = 'direction' ) LIMIT 3   [ RunTime:0.0008s ]

[ 2015-07-27T21:36:29+08:00 ] ::1 /yao/thinkphp/index.php/Home/index/getBriefCollections/number/5
INFO: [ app_init ] --START--
INFO: Run Behavior\BuildLiteBehavior [ RunTime:0.000038s ]
INFO: [ app_init ] --END-- [ RunTime:0.000634s ]
INFO: [ app_begin ] --START--
INFO: Run Behavior\ReadHtmlCacheBehavior [ RunTime:0.000624s ]
INFO: [ app_begin ] --END-- [ RunTime:0.000822s ]
SQL: SHOW COLUMNS FROM `news` [ RunTime:0.0055s ]
SQL: SELECT `id`,`title` FROM `news` WHERE ( `type` = 'brief' ) LIMIT 5   [ RunTime:0.0004s ]

[ 2015-07-27T21:36:54+08:00 ] ::1 /yao/thinkphp/index.php/Home/index/getNewsCollection/number/3
INFO: [ app_init ] --START--
INFO: Run Behavior\BuildLiteBehavior [ RunTime:0.000083s ]
INFO: [ app_init ] --END-- [ RunTime:0.001366s ]
INFO: [ app_begin ] --START--
INFO: Run Behavior\ReadHtmlCacheBehavior [ RunTime:0.001627s ]
INFO: [ app_begin ] --END-- [ RunTime:0.002033s ]
SQL: select `user`.`name`, `user`.`icon`, `news`.`date`, `news`.`content` from `user`, `news` where `user`.`username` = `news`.`author`  and `news`.`type`= 'news' limit 3 [ RunTime:0.0015s ]

[ 2015-07-27T21:36:54+08:00 ] ::1 /yao/thinkphp/index.php/Home/index/getDirectionCollections/number/3
INFO: [ app_init ] --START--
INFO: Run Behavior\BuildLiteBehavior [ RunTime:0.000147s ]
INFO: [ app_init ] --END-- [ RunTime:0.003181s ]
INFO: [ app_begin ] --START--
INFO: Run Behavior\ReadHtmlCacheBehavior [ RunTime:0.002749s ]
INFO: [ app_begin ] --END-- [ RunTime:0.003332s ]
SQL: SHOW COLUMNS FROM `news` [ RunTime:0.0163s ]
SQL: SELECT `thumb`,`date`,`content`,`title` FROM `news` WHERE ( `type` = 'direction' ) LIMIT 3   [ RunTime:0.0007s ]

[ 2015-07-27T21:36:54+08:00 ] ::1 /yao/thinkphp/index.php/Home/index/getBriefCollections/number/5
INFO: [ app_init ] --START--
INFO: Run Behavior\BuildLiteBehavior [ RunTime:0.000051s ]
INFO: [ app_init ] --END-- [ RunTime:0.000772s ]
INFO: [ app_begin ] --START--
INFO: Run Behavior\ReadHtmlCacheBehavior [ RunTime:0.001082s ]
INFO: [ app_begin ] --END-- [ RunTime:0.001501s ]
SQL: SHOW COLUMNS FROM `news` [ RunTime:0.0080s ]
SQL: SELECT `id`,`title` FROM `news` WHERE ( `type` = 'brief' ) LIMIT 5   [ RunTime:0.0005s ]

[ 2015-07-27T21:37:10+08:00 ] ::1 /yao/thinkphp/index.php/Home/index/getNewsCollection/number/3
INFO: [ app_init ] --START--
INFO: Run Behavior\BuildLiteBehavior [ RunTime:0.000082s ]
INFO: [ app_init ] --END-- [ RunTime:0.001265s ]
INFO: [ app_begin ] --START--
INFO: Run Behavior\ReadHtmlCacheBehavior [ RunTime:0.001406s ]
INFO: [ app_begin ] --END-- [ RunTime:0.001796s ]
SQL: select `user`.`name`, `user`.`icon`, `news`.`date`, `news`.`content` from `user`, `news` where `user`.`username` = `news`.`author`  and `news`.`type`= 'news' limit 3 [ RunTime:0.0014s ]

[ 2015-07-27T21:37:10+08:00 ] ::1 /yao/thinkphp/index.php/Home/index/getDirectionCollections/number/3
INFO: [ app_init ] --START--
INFO: Run Behavior\BuildLiteBehavior [ RunTime:0.000081s ]
INFO: [ app_init ] --END-- [ RunTime:0.001246s ]
INFO: [ app_begin ] --START--
INFO: Run Behavior\ReadHtmlCacheBehavior [ RunTime:0.001483s ]
INFO: [ app_begin ] --END-- [ RunTime:0.001890s ]
SQL: SHOW COLUMNS FROM `news` [ RunTime:0.0254s ]
SQL: SELECT `thumb`,`date`,`content`,`title` FROM `news` WHERE ( `type` = 'direction' ) LIMIT 3   [ RunTime:0.0009s ]

[ 2015-07-27T21:37:11+08:00 ] ::1 /yao/thinkphp/index.php/Home/index/getBriefCollections/number/5
INFO: [ app_init ] --START--
INFO: Run Behavior\BuildLiteBehavior [ RunTime:0.000082s ]
INFO: [ app_init ] --END-- [ RunTime:0.001255s ]
INFO: [ app_begin ] --START--
INFO: Run Behavior\ReadHtmlCacheBehavior [ RunTime:0.001400s ]
INFO: [ app_begin ] --END-- [ RunTime:0.001797s ]
SQL: SHOW COLUMNS FROM `news` [ RunTime:0.0105s ]
SQL: SELECT `id`,`title` FROM `news` WHERE ( `type` = 'brief' ) LIMIT 5   [ RunTime:0.0009s ]

[ 2015-07-27T21:40:06+08:00 ] ::1 /yao/thinkphp/index.php/Home/index/getDirectionCollections/number/3
INFO: [ app_init ] --START--
INFO: Run Behavior\BuildLiteBehavior [ RunTime:0.000085s ]
INFO: [ app_init ] --END-- [ RunTime:0.001652s ]
INFO: [ app_begin ] --START--
INFO: Run Behavior\ReadHtmlCacheBehavior [ RunTime:0.001705s ]
INFO: [ app_begin ] --END-- [ RunTime:0.002100s ]
SQL: SHOW COLUMNS FROM `news` [ RunTime:0.0242s ]
SQL: SELECT `thumb`,`date`,`content`,`title` FROM `news` WHERE ( `type` = 'direction' ) LIMIT 3   [ RunTime:0.0012s ]

[ 2015-07-27T21:40:06+08:00 ] ::1 /yao/thinkphp/index.php/Home/index/getBriefCollections/number/5
INFO: [ app_init ] --START--
INFO: Run Behavior\BuildLiteBehavior [ RunTime:0.000133s ]
INFO: [ app_init ] --END-- [ RunTime:0.001673s ]
INFO: [ app_begin ] --START--
INFO: Run Behavior\ReadHtmlCacheBehavior [ RunTime:0.001411s ]
INFO: [ app_begin ] --END-- [ RunTime:0.001814s ]
SQL: SHOW COLUMNS FROM `news` [ RunTime:0.0166s ]
SQL: SELECT `id`,`title` FROM `news` WHERE ( `type` = 'brief' ) LIMIT 5   [ RunTime:0.0008s ]

[ 2015-07-27T21:43:34+08:00 ] ::1 /yao/thinkphp/index.php/Home/index/getDirectionCollections/number/3
INFO: [ app_init ] --START--
INFO: Run Behavior\BuildLiteBehavior [ RunTime:0.000101s ]
INFO: [ app_init ] --END-- [ RunTime:0.001535s ]
INFO: [ app_begin ] --START--
INFO: Run Behavior\ReadHtmlCacheBehavior [ RunTime:0.002082s ]
INFO: [ app_begin ] --END-- [ RunTime:0.002483s ]
SQL: SHOW COLUMNS FROM `news` [ RunTime:0.0392s ]
SQL: SELECT `thumb`,`date`,`content`,`title` FROM `news` WHERE ( `type` = 'direction' ) LIMIT 3   [ RunTime:0.0014s ]

[ 2015-07-27T21:43:34+08:00 ] ::1 /yao/thinkphp/index.php/Home/index/getBriefCollections/number/5
INFO: [ app_init ] --START--
INFO: Run Behavior\BuildLiteBehavior [ RunTime:0.000083s ]
INFO: [ app_init ] --END-- [ RunTime:0.001298s ]
INFO: [ app_begin ] --START--
INFO: Run Behavior\ReadHtmlCacheBehavior [ RunTime:0.019537s ]
INFO: [ app_begin ] --END-- [ RunTime:0.020078s ]
SQL: SHOW COLUMNS FROM `news` [ RunTime:0.0102s ]
SQL: SELECT `id`,`title` FROM `news` WHERE ( `type` = 'brief' ) LIMIT 5   [ RunTime:0.0006s ]

[ 2015-07-27T21:52:33+08:00 ] ::1 /yao/thinkphp/index.php/Home/index/getDirectionCollections/number/3
INFO: [ app_init ] --START--
INFO: Run Behavior\BuildLiteBehavior [ RunTime:0.000084s ]
INFO: [ app_init ] --END-- [ RunTime:0.001450s ]
INFO: [ app_begin ] --START--
INFO: Run Behavior\ReadHtmlCacheBehavior [ RunTime:0.001660s ]
INFO: [ app_begin ] --END-- [ RunTime:0.002076s ]
SQL: SHOW COLUMNS FROM `news` [ RunTime:0.0239s ]
SQL: SELECT `thumb`,`date`,`content`,`title` FROM `news` WHERE ( `type` = 'direction' ) ORDER BY id desc LIMIT 3   [ RunTime:0.0012s ]

[ 2015-07-27T21:52:33+08:00 ] ::1 /yao/thinkphp/index.php/Home/index/getBriefCollections/number/5
INFO: [ app_init ] --START--
INFO: Run Behavior\BuildLiteBehavior [ RunTime:0.000086s ]
INFO: [ app_init ] --END-- [ RunTime:0.001398s ]
INFO: [ app_begin ] --START--
INFO: Run Behavior\ReadHtmlCacheBehavior [ RunTime:0.002594s ]
INFO: [ app_begin ] --END-- [ RunTime:0.003589s ]
SQL: SHOW COLUMNS FROM `news` [ RunTime:0.0130s ]
SQL: SELECT `id`,`title` FROM `news` WHERE ( `type` = 'brief' ) ORDER BY id desc LIMIT 5   [ RunTime:0.0006s ]

[ 2015-07-27T21:53:15+08:00 ] ::1 /yao/thinkphp/index.php/Home/index/getDirectionCollections/number/3
INFO: [ app_init ] --START--
INFO: Run Behavior\BuildLiteBehavior [ RunTime:0.000145s ]
INFO: [ app_init ] --END-- [ RunTime:0.002103s ]
INFO: [ app_begin ] --START--
INFO: Run Behavior\ReadHtmlCacheBehavior [ RunTime:0.002374s ]
INFO: [ app_begin ] --END-- [ RunTime:0.003112s ]
SQL: SHOW COLUMNS FROM `news` [ RunTime:0.0272s ]
SQL: SELECT `thumb`,`date`,`content`,`title` FROM `news` WHERE ( `type` = 'direction' ) ORDER BY id desc LIMIT 3   [ RunTime:0.0007s ]

[ 2015-07-27T21:53:15+08:00 ] ::1 /yao/thinkphp/index.php/Home/index/getBriefCollections/number/5
INFO: [ app_init ] --START--
INFO: Run Behavior\BuildLiteBehavior [ RunTime:0.000053s ]
INFO: [ app_init ] --END-- [ RunTime:0.000869s ]
INFO: [ app_begin ] --START--
INFO: Run Behavior\ReadHtmlCacheBehavior [ RunTime:0.000850s ]
INFO: [ app_begin ] --END-- [ RunTime:0.001091s ]
SQL: SHOW COLUMNS FROM `news` [ RunTime:0.0074s ]
SQL: SELECT `id`,`title` FROM `news` WHERE ( `type` = 'brief' ) ORDER BY id desc LIMIT 5   [ RunTime:0.0006s ]

[ 2015-07-27T22:04:14+08:00 ] ::1 /yao/thinkphp/index.php/Home/index/getNewsCollections/number/5
INFO: [ app_init ] --START--
INFO: Run Behavior\BuildLiteBehavior [ RunTime:0.000093s ]
INFO: [ app_init ] --END-- [ RunTime:0.019022s ]
INFO: [ app_begin ] --START--
INFO: Run Behavior\ReadHtmlCacheBehavior [ RunTime:0.002899s ]
INFO: [ app_begin ] --END-- [ RunTime:0.003366s ]
ERR: SQLSTATE[42000]: Syntax error or access violation: 1103 Incorrect table name ''

[ 2015-07-27T22:05:03+08:00 ] ::1 /yao/thinkphp/index.php/Home/index/getNewsCollections/number/5
INFO: [ app_init ] --START--
INFO: Run Behavior\BuildLiteBehavior [ RunTime:0.000083s ]
INFO: [ app_init ] --END-- [ RunTime:0.001682s ]
INFO: [ app_begin ] --START--
INFO: Run Behavior\ReadHtmlCacheBehavior [ RunTime:0.003326s ]
INFO: [ app_begin ] --END-- [ RunTime:0.003890s ]
SQL: SHOW COLUMNS FROM `news` [ RunTime:0.0224s ]
SQL: SELECT `thumb`,`content`,`title` FROM `news` WHERE ( `type` = 'news' ) ORDER BY id desc LIMIT 5   [ RunTime:0.0011s ]

[ 2015-07-27T22:06:40+08:00 ] ::1 /yao/thinkphp/index.php/Home/index/getNewsCollections/number/5
INFO: [ app_init ] --START--
INFO: Run Behavior\BuildLiteBehavior [ RunTime:0.000084s ]
INFO: [ app_init ] --END-- [ RunTime:0.001678s ]
INFO: [ app_begin ] --START--
INFO: Run Behavior\ReadHtmlCacheBehavior [ RunTime:0.002601s ]
INFO: [ app_begin ] --END-- [ RunTime:0.003236s ]
SQL: SHOW COLUMNS FROM `news` [ RunTime:0.0240s ]
SQL: SELECT `id`,`thumb`,`content`,`title` FROM `news` WHERE ( `type` = 'news' ) ORDER BY id desc LIMIT 5   [ RunTime:0.0015s ]

[ 2015-07-27T22:09:09+08:00 ] ::1 /yao/thinkphp/index.php/Home/index/getNewsCollections/number/1
INFO: [ app_init ] --START--
INFO: Run Behavior\BuildLiteBehavior [ RunTime:0.000084s ]
INFO: [ app_init ] --END-- [ RunTime:0.001576s ]
INFO: [ app_begin ] --START--
INFO: Run Behavior\ReadHtmlCacheBehavior [ RunTime:0.002041s ]
INFO: [ app_begin ] --END-- [ RunTime:0.002438s ]
SQL: SHOW COLUMNS FROM `news` [ RunTime:0.0220s ]
SQL: SELECT `id`,`thumb`,`content`,`title` FROM `news` WHERE ( `type` = 'news' ) ORDER BY id desc LIMIT 1   [ RunTime:0.0011s ]

[ 2015-07-27T22:09:09+08:00 ] ::1 /yao/thinkphp/index.php/Home/index/getDirectionCollections/number/3
INFO: [ app_init ] --START--
INFO: Run Behavior\BuildLiteBehavior [ RunTime:0.000086s ]
INFO: [ app_init ] --END-- [ RunTime:0.001497s ]
INFO: [ app_begin ] --START--
INFO: Run Behavior\ReadHtmlCacheBehavior [ RunTime:0.002044s ]
INFO: [ app_begin ] --END-- [ RunTime:0.002490s ]
SQL: SHOW COLUMNS FROM `news` [ RunTime:0.0157s ]
SQL: SELECT `thumb`,`date`,`content`,`title` FROM `news` WHERE ( `type` = 'direction' ) ORDER BY id desc LIMIT 3   [ RunTime:0.0011s ]

[ 2015-07-27T22:09:10+08:00 ] ::1 /yao/thinkphp/index.php/Home/index/getBriefCollections/number/5
INFO: [ app_init ] --START--
INFO: Run Behavior\BuildLiteBehavior [ RunTime:0.000135s ]
INFO: [ app_init ] --END-- [ RunTime:0.001725s ]
INFO: [ app_begin ] --START--
INFO: Run Behavior\ReadHtmlCacheBehavior [ RunTime:0.003065s ]
INFO: [ app_begin ] --END-- [ RunTime:0.003719s ]
SQL: SHOW COLUMNS FROM `news` [ RunTime:0.0209s ]
SQL: SELECT `id`,`title` FROM `news` WHERE ( `type` = 'brief' ) ORDER BY id desc LIMIT 5   [ RunTime:0.0008s ]

[ 2015-07-27T22:18:30+08:00 ] ::1 /yao/thinkphp/index.php/Home/index/getNewsCollections/number/1
INFO: [ app_init ] --START--
INFO: Run Behavior\BuildLiteBehavior [ RunTime:0.000131s ]
INFO: [ app_init ] --END-- [ RunTime:0.001782s ]
INFO: [ app_begin ] --START--
INFO: Run Behavior\ReadHtmlCacheBehavior [ RunTime:0.002053s ]
INFO: [ app_begin ] --END-- [ RunTime:0.002450s ]
SQL: SHOW COLUMNS FROM `news` [ RunTime:0.0473s ]
SQL: SELECT `id`,`thumb`,`content`,`title` FROM `news` WHERE ( `type` = 'news' ) ORDER BY id desc LIMIT 1   [ RunTime:0.0008s ]

[ 2015-07-27T22:18:30+08:00 ] ::1 /yao/thinkphp/index.php/Home/index/getDirectionCollections/number/3
INFO: [ app_init ] --START--
INFO: Run Behavior\BuildLiteBehavior [ RunTime:0.000151s ]
INFO: [ app_init ] --END-- [ RunTime:0.001657s ]
INFO: [ app_begin ] --START--
INFO: Run Behavior\ReadHtmlCacheBehavior [ RunTime:0.002045s ]
INFO: [ app_begin ] --END-- [ RunTime:0.002566s ]
SQL: SHOW COLUMNS FROM `news` [ RunTime:0.0071s ]
SQL: SELECT `thumb`,`date`,`content`,`title` FROM `news` WHERE ( `type` = 'direction' ) ORDER BY id desc LIMIT 3   [ RunTime:0.0005s ]

[ 2015-07-27T22:18:30+08:00 ] ::1 /yao/thinkphp/index.php/Home/index/getBriefCollections/number/5
INFO: [ app_init ] --START--
INFO: Run Behavior\BuildLiteBehavior [ RunTime:0.000038s ]
INFO: [ app_init ] --END-- [ RunTime:0.000668s ]
INFO: [ app_begin ] --START--
INFO: Run Behavior\ReadHtmlCacheBehavior [ RunTime:0.001266s ]
INFO: [ app_begin ] --END-- [ RunTime:0.001457s ]
SQL: SHOW COLUMNS FROM `news` [ RunTime:0.0053s ]
SQL: SELECT `id`,`title` FROM `news` WHERE ( `type` = 'brief' ) ORDER BY id desc LIMIT 5   [ RunTime:0.0010s ]

[ 2015-07-27T22:18:45+08:00 ] ::1 /yao/thinkphp/index.php/Home/index/getNewsCollections/number/1
INFO: [ app_init ] --START--
INFO: Run Behavior\BuildLiteBehavior [ RunTime:0.000116s ]
INFO: [ app_init ] --END-- [ RunTime:0.002543s ]
INFO: [ app_begin ] --START--
INFO: Run Behavior\ReadHtmlCacheBehavior [ RunTime:0.001299s ]
INFO: [ app_begin ] --END-- [ RunTime:0.001664s ]
SQL: SHOW COLUMNS FROM `news` [ RunTime:0.0171s ]
SQL: SELECT `id`,`thumb`,`content`,`title` FROM `news` WHERE ( `type` = 'news' ) ORDER BY id desc LIMIT 1   [ RunTime:0.0007s ]

[ 2015-07-27T22:18:45+08:00 ] ::1 /yao/thinkphp/index.php/Home/index/getDirectionCollections/number/3
INFO: [ app_init ] --START--
INFO: Run Behavior\BuildLiteBehavior [ RunTime:0.000746s ]
INFO: [ app_init ] --END-- [ RunTime:0.004882s ]
INFO: [ app_begin ] --START--
INFO: Run Behavior\ReadHtmlCacheBehavior [ RunTime:0.001106s ]
INFO: [ app_begin ] --END-- [ RunTime:0.001495s ]
SQL: SHOW COLUMNS FROM `news` [ RunTime:0.0079s ]
SQL: SELECT `thumb`,`date`,`content`,`title` FROM `news` WHERE ( `type` = 'direction' ) ORDER BY id desc LIMIT 3   [ RunTime:0.0012s ]

[ 2015-07-27T22:18:45+08:00 ] ::1 /yao/thinkphp/index.php/Home/index/getBriefCollections/number/5
INFO: [ app_init ] --START--
INFO: Run Behavior\BuildLiteBehavior [ RunTime:0.000039s ]
INFO: [ app_init ] --END-- [ RunTime:0.001173s ]
INFO: [ app_begin ] --START--
INFO: Run Behavior\ReadHtmlCacheBehavior [ RunTime:0.000968s ]
INFO: [ app_begin ] --END-- [ RunTime:0.001239s ]
SQL: SHOW COLUMNS FROM `news` [ RunTime:0.0071s ]
SQL: SELECT `id`,`title` FROM `news` WHERE ( `type` = 'brief' ) ORDER BY id desc LIMIT 5   [ RunTime:0.0008s ]

[ 2015-07-27T22:18:49+08:00 ] ::1 /yao/thinkphp/index.php/Home/index/getNewsCollections/number/1
INFO: [ app_init ] --START--
INFO: Run Behavior\BuildLiteBehavior [ RunTime:0.000075s ]
INFO: [ app_init ] --END-- [ RunTime:0.001158s ]
INFO: [ app_begin ] --START--
INFO: Run Behavior\ReadHtmlCacheBehavior [ RunTime:0.002940s ]
INFO: [ app_begin ] --END-- [ RunTime:0.003418s ]
SQL: SHOW COLUMNS FROM `news` [ RunTime:0.0380s ]
SQL: SELECT `id`,`thumb`,`content`,`title` FROM `news` WHERE ( `type` = 'news' ) ORDER BY id desc LIMIT 1   [ RunTime:0.0005s ]

[ 2015-07-27T22:18:50+08:00 ] ::1 /yao/thinkphp/index.php/Home/index/getDirectionCollections/number/3
INFO: [ app_init ] --START--
INFO: Run Behavior\BuildLiteBehavior [ RunTime:0.000036s ]
INFO: [ app_init ] --END-- [ RunTime:0.000587s ]
INFO: [ app_begin ] --START--
INFO: Run Behavior\ReadHtmlCacheBehavior [ RunTime:0.001274s ]
INFO: [ app_begin ] --END-- [ RunTime:0.001538s ]
SQL: SHOW COLUMNS FROM `news` [ RunTime:0.0106s ]
SQL: SELECT `thumb`,`date`,`content`,`title` FROM `news` WHERE ( `type` = 'direction' ) ORDER BY id desc LIMIT 3   [ RunTime:0.0005s ]

[ 2015-07-27T22:18:50+08:00 ] ::1 /yao/thinkphp/index.php/Home/index/getBriefCollections/number/5
INFO: [ app_init ] --START--
INFO: Run Behavior\BuildLiteBehavior [ RunTime:0.000037s ]
INFO: [ app_init ] --END-- [ RunTime:0.000585s ]
INFO: [ app_begin ] --START--
INFO: Run Behavior\ReadHtmlCacheBehavior [ RunTime:0.000896s ]
INFO: [ app_begin ] --END-- [ RunTime:0.001069s ]
SQL: SHOW COLUMNS FROM `news` [ RunTime:0.0073s ]
SQL: SELECT `id`,`title` FROM `news` WHERE ( `type` = 'brief' ) ORDER BY id desc LIMIT 5   [ RunTime:0.0004s ]

[ 2015-07-27T22:19:21+08:00 ] ::1 /yao/thinkphp/index.php/Home/index/getNewsCollections/number/1
INFO: [ app_init ] --START--
INFO: Run Behavior\BuildLiteBehavior [ RunTime:0.000040s ]
INFO: [ app_init ] --END-- [ RunTime:0.000813s ]
INFO: [ app_begin ] --START--
INFO: Run Behavior\ReadHtmlCacheBehavior [ RunTime:0.001519s ]
INFO: [ app_begin ] --END-- [ RunTime:0.001699s ]
SQL: SHOW COLUMNS FROM `news` [ RunTime:0.0110s ]
SQL: SELECT `id`,`thumb`,`content`,`title` FROM `news` WHERE ( `type` = 'news' ) ORDER BY id desc LIMIT 1   [ RunTime:0.0004s ]

[ 2015-07-27T22:19:21+08:00 ] ::1 /yao/thinkphp/index.php/Home/index/getDirectionCollections/number/3
INFO: [ app_init ] --START--
INFO: Run Behavior\BuildLiteBehavior [ RunTime:0.000060s ]
INFO: [ app_init ] --END-- [ RunTime:0.001169s ]
INFO: [ app_begin ] --START--
INFO: Run Behavior\ReadHtmlCacheBehavior [ RunTime:0.002480s ]
INFO: [ app_begin ] --END-- [ RunTime:0.002752s ]
SQL: SHOW COLUMNS FROM `news` [ RunTime:0.0098s ]
SQL: SELECT `thumb`,`date`,`content`,`title` FROM `news` WHERE ( `type` = 'direction' ) ORDER BY id desc LIMIT 3   [ RunTime:0.0007s ]

[ 2015-07-27T22:19:21+08:00 ] ::1 /yao/thinkphp/index.php/Home/index/getBriefCollections/number/5
INFO: [ app_init ] --START--
INFO: Run Behavior\BuildLiteBehavior [ RunTime:0.000038s ]
INFO: [ app_init ] --END-- [ RunTime:0.000808s ]
INFO: [ app_begin ] --START--
INFO: Run Behavior\ReadHtmlCacheBehavior [ RunTime:0.001369s ]
INFO: [ app_begin ] --END-- [ RunTime:0.001549s ]
SQL: SHOW COLUMNS FROM `news` [ RunTime:0.0091s ]
SQL: SELECT `id`,`title` FROM `news` WHERE ( `type` = 'brief' ) ORDER BY id desc LIMIT 5   [ RunTime:0.0007s ]

[ 2015-07-27T22:20:06+08:00 ] ::1 /yao/thinkphp/index.php/Home/index/getNewsCollections/number/1
INFO: [ app_init ] --START--
INFO: Run Behavior\BuildLiteBehavior [ RunTime:0.000150s ]
INFO: [ app_init ] --END-- [ RunTime:0.003167s ]
INFO: [ app_begin ] --START--
INFO: Run Behavior\ReadHtmlCacheBehavior [ RunTime:0.001137s ]
INFO: [ app_begin ] --END-- [ RunTime:0.001471s ]
SQL: SHOW COLUMNS FROM `news` [ RunTime:0.0130s ]
SQL: SELECT `id`,`thumb`,`content`,`title` FROM `news` WHERE ( `type` = 'news' ) ORDER BY id desc LIMIT 1   [ RunTime:0.0007s ]

[ 2015-07-27T22:20:07+08:00 ] ::1 /yao/thinkphp/index.php/Home/index/getDirectionCollections/number/3
INFO: [ app_init ] --START--
INFO: Run Behavior\BuildLiteBehavior [ RunTime:0.000071s ]
INFO: [ app_init ] --END-- [ RunTime:0.001559s ]
INFO: [ app_begin ] --START--
INFO: Run Behavior\ReadHtmlCacheBehavior [ RunTime:0.000678s ]
INFO: [ app_begin ] --END-- [ RunTime:0.000867s ]
SQL: SHOW COLUMNS FROM `news` [ RunTime:0.0122s ]
SQL: SELECT `thumb`,`date`,`content`,`title` FROM `news` WHERE ( `type` = 'direction' ) ORDER BY id desc LIMIT 3   [ RunTime:0.0005s ]

[ 2015-07-27T22:20:07+08:00 ] ::1 /yao/thinkphp/index.php/Home/index/getBriefCollections/number/5
INFO: [ app_init ] --START--
INFO: Run Behavior\BuildLiteBehavior [ RunTime:0.000053s ]
INFO: [ app_init ] --END-- [ RunTime:0.000817s ]
INFO: [ app_begin ] --START--
INFO: Run Behavior\ReadHtmlCacheBehavior [ RunTime:0.000661s ]
INFO: [ app_begin ] --END-- [ RunTime:0.000847s ]
SQL: SHOW COLUMNS FROM `news` [ RunTime:0.0055s ]
SQL: SELECT `id`,`title` FROM `news` WHERE ( `type` = 'brief' ) ORDER BY id desc LIMIT 5   [ RunTime:0.0004s ]

[ 2015-07-27T22:20:29+08:00 ] ::1 /yao/thinkphp/index.php/Home/index/getNewsCollections/number/1
INFO: [ app_init ] --START--
INFO: Run Behavior\BuildLiteBehavior [ RunTime:0.000051s ]
INFO: [ app_init ] --END-- [ RunTime:0.000885s ]
INFO: [ app_begin ] --START--
INFO: Run Behavior\ReadHtmlCacheBehavior [ RunTime:0.001091s ]
INFO: [ app_begin ] --END-- [ RunTime:0.001359s ]
SQL: SHOW COLUMNS FROM `news` [ RunTime:0.0214s ]
SQL: SELECT `id`,`thumb`,`content`,`title` FROM `news` WHERE ( `type` = 'news' ) ORDER BY id desc LIMIT 1   [ RunTime:0.0006s ]

[ 2015-07-27T22:20:29+08:00 ] ::1 /yao/thinkphp/index.php/Home/index/getDirectionCollections/number/3
INFO: [ app_init ] --START--
INFO: Run Behavior\BuildLiteBehavior [ RunTime:0.000035s ]
INFO: [ app_init ] --END-- [ RunTime:0.000576s ]
INFO: [ app_begin ] --START--
INFO: Run Behavior\ReadHtmlCacheBehavior [ RunTime:0.000696s ]
INFO: [ app_begin ] --END-- [ RunTime:0.000861s ]
SQL: SHOW COLUMNS FROM `news` [ RunTime:0.0346s ]
SQL: SELECT `thumb`,`date`,`content`,`title` FROM `news` WHERE ( `type` = 'direction' ) ORDER BY id desc LIMIT 3   [ RunTime:0.0004s ]

[ 2015-07-27T22:20:29+08:00 ] ::1 /yao/thinkphp/index.php/Home/index/getBriefCollections/number/5
INFO: [ app_init ] --START--
INFO: Run Behavior\BuildLiteBehavior [ RunTime:0.000061s ]
INFO: [ app_init ] --END-- [ RunTime:0.001240s ]
INFO: [ app_begin ] --START--
INFO: Run Behavior\ReadHtmlCacheBehavior [ RunTime:0.001099s ]
INFO: [ app_begin ] --END-- [ RunTime:0.001502s ]
SQL: SHOW COLUMNS FROM `news` [ RunTime:0.0060s ]
SQL: SELECT `id`,`title` FROM `news` WHERE ( `type` = 'brief' ) ORDER BY id desc LIMIT 5   [ RunTime:0.0007s ]

[ 2015-07-27T22:21:04+08:00 ] ::1 /yao/thinkphp/index.php/Home/index/getNewsCollections/number/1
INFO: [ app_init ] --START--
INFO: Run Behavior\BuildLiteBehavior [ RunTime:0.000081s ]
INFO: [ app_init ] --END-- [ RunTime:0.001354s ]
INFO: [ app_begin ] --START--
INFO: Run Behavior\ReadHtmlCacheBehavior [ RunTime:0.002654s ]
INFO: [ app_begin ] --END-- [ RunTime:0.003169s ]
SQL: SHOW COLUMNS FROM `news` [ RunTime:0.0137s ]
SQL: SELECT `id`,`thumb`,`content`,`title` FROM `news` WHERE ( `type` = 'news' ) ORDER BY id desc LIMIT 1   [ RunTime:0.0006s ]

[ 2015-07-27T22:21:04+08:00 ] ::1 /yao/thinkphp/index.php/Home/index/getDirectionCollections/number/3
INFO: [ app_init ] --START--
INFO: Run Behavior\BuildLiteBehavior [ RunTime:0.000042s ]
INFO: [ app_init ] --END-- [ RunTime:0.000667s ]
INFO: [ app_begin ] --START--
INFO: Run Behavior\ReadHtmlCacheBehavior [ RunTime:0.001025s ]
INFO: [ app_begin ] --END-- [ RunTime:0.001221s ]
SQL: SHOW COLUMNS FROM `news` [ RunTime:0.0055s ]
SQL: SELECT `thumb`,`date`,`content`,`title` FROM `news` WHERE ( `type` = 'direction' ) ORDER BY id desc LIMIT 3   [ RunTime:0.0011s ]

[ 2015-07-27T22:21:05+08:00 ] ::1 /yao/thinkphp/index.php/Home/index/getBriefCollections/number/5
INFO: [ app_init ] --START--
INFO: Run Behavior\BuildLiteBehavior [ RunTime:0.000093s ]
INFO: [ app_init ] --END-- [ RunTime:0.001713s ]
INFO: [ app_begin ] --START--
INFO: Run Behavior\ReadHtmlCacheBehavior [ RunTime:0.001553s ]
INFO: [ app_begin ] --END-- [ RunTime:0.001866s ]
SQL: SHOW COLUMNS FROM `news` [ RunTime:0.0113s ]
SQL: SELECT `id`,`title` FROM `news` WHERE ( `type` = 'brief' ) ORDER BY id desc LIMIT 5   [ RunTime:0.0004s ]

[ 2015-07-27T22:24:12+08:00 ] ::1 /yao/thinkphp/index.php/Home/index/getNewsCollections/number/1
INFO: [ app_init ] --START--
INFO: Run Behavior\BuildLiteBehavior [ RunTime:0.000054s ]
INFO: [ app_init ] --END-- [ RunTime:0.000733s ]
INFO: [ app_begin ] --START--
INFO: Run Behavior\ReadHtmlCacheBehavior [ RunTime:0.001264s ]
INFO: [ app_begin ] --END-- [ RunTime:0.001524s ]
SQL: SHOW COLUMNS FROM `news` [ RunTime:0.0118s ]
SQL: SELECT `id`,`thumb`,`content`,`title` FROM `news` WHERE ( `type` = 'news' ) ORDER BY id desc LIMIT 1   [ RunTime:0.0006s ]

[ 2015-07-27T22:24:12+08:00 ] ::1 /yao/thinkphp/index.php/Home/index/getNewsCollections/number/1
INFO: [ app_init ] --START--
INFO: Run Behavior\BuildLiteBehavior [ RunTime:0.000042s ]
INFO: [ app_init ] --END-- [ RunTime:0.000632s ]
INFO: [ app_begin ] --START--
INFO: Run Behavior\ReadHtmlCacheBehavior [ RunTime:0.001494s ]
INFO: [ app_begin ] --END-- [ RunTime:0.001817s ]
SQL: SHOW COLUMNS FROM `news` [ RunTime:0.0048s ]
SQL: SELECT `id`,`thumb`,`content`,`title` FROM `news` WHERE ( `type` = 'news' ) ORDER BY id desc LIMIT 1   [ RunTime:0.0004s ]

[ 2015-07-27T22:24:12+08:00 ] ::1 /yao/thinkphp/index.php/Home/index/getDirectionCollections/number/3
INFO: [ app_init ] --START--
INFO: Run Behavior\BuildLiteBehavior [ RunTime:0.000036s ]
INFO: [ app_init ] --END-- [ RunTime:0.000548s ]
INFO: [ app_begin ] --START--
INFO: Run Behavior\ReadHtmlCacheBehavior [ RunTime:0.000842s ]
INFO: [ app_begin ] --END-- [ RunTime:0.001007s ]
SQL: SHOW COLUMNS FROM `news` [ RunTime:0.0051s ]
SQL: SELECT `thumb`,`date`,`content`,`title` FROM `news` WHERE ( `type` = 'direction' ) ORDER BY id desc LIMIT 3   [ RunTime:0.0005s ]

[ 2015-07-27T22:24:12+08:00 ] ::1 /yao/thinkphp/index.php/Home/index/getBriefCollections/number/5
INFO: [ app_init ] --START--
INFO: Run Behavior\BuildLiteBehavior [ RunTime:0.000036s ]
INFO: [ app_init ] --END-- [ RunTime:0.000557s ]
INFO: [ app_begin ] --START--
INFO: Run Behavior\ReadHtmlCacheBehavior [ RunTime:0.000889s ]
INFO: [ app_begin ] --END-- [ RunTime:0.001054s ]
SQL: SHOW COLUMNS FROM `news` [ RunTime:0.0476s ]
SQL: SELECT `id`,`title` FROM `news` WHERE ( `type` = 'brief' ) ORDER BY id desc LIMIT 5   [ RunTime:0.0004s ]

[ 2015-07-27T22:25:44+08:00 ] ::1 /yao/thinkphp/index.php/Home/index/getNewsCollections/number/1
INFO: [ app_init ] --START--
INFO: Run Behavior\BuildLiteBehavior [ RunTime:0.000038s ]
INFO: [ app_init ] --END-- [ RunTime:0.000609s ]
INFO: [ app_begin ] --START--
INFO: Run Behavior\ReadHtmlCacheBehavior [ RunTime:0.001180s ]
INFO: [ app_begin ] --END-- [ RunTime:0.001413s ]
SQL: SHOW COLUMNS FROM `news` [ RunTime:0.0128s ]
SQL: SELECT `id`,`thumb`,`content`,`title` FROM `news` WHERE ( `type` = 'news' ) ORDER BY id desc LIMIT 1   [ RunTime:0.0006s ]

[ 2015-07-27T22:25:44+08:00 ] ::1 /yao/thinkphp/index.php/Home/index/getExplosionCollections/number/1
INFO: [ app_init ] --START--
INFO: Run Behavior\BuildLiteBehavior [ RunTime:0.000046s ]
INFO: [ app_init ] --END-- [ RunTime:0.000619s ]
INFO: [ app_begin ] --START--
INFO: Run Behavior\ReadHtmlCacheBehavior [ RunTime:0.000963s ]
INFO: [ app_begin ] --END-- [ RunTime:0.001158s ]
SQL: SHOW COLUMNS FROM `news` [ RunTime:0.0071s ]
SQL: SELECT `id`,`thumb`,`content`,`title` FROM `news` WHERE ( `type` = 'explosion' ) ORDER BY id desc LIMIT 1   [ RunTime:0.0005s ]

[ 2015-07-27T22:25:44+08:00 ] ::1 /yao/thinkphp/index.php/Home/index/getDirectionCollections/number/3
INFO: [ app_init ] --START--
INFO: Run Behavior\BuildLiteBehavior [ RunTime:0.000041s ]
INFO: [ app_init ] --END-- [ RunTime:0.000657s ]
INFO: [ app_begin ] --START--
INFO: Run Behavior\ReadHtmlCacheBehavior [ RunTime:0.000962s ]
INFO: [ app_begin ] --END-- [ RunTime:0.001151s ]
SQL: SHOW COLUMNS FROM `news` [ RunTime:0.0078s ]
SQL: SELECT `thumb`,`date`,`content`,`title` FROM `news` WHERE ( `type` = 'direction' ) ORDER BY id desc LIMIT 3   [ RunTime:0.0005s ]

[ 2015-07-27T22:25:44+08:00 ] ::1 /yao/thinkphp/index.php/Home/index/getBriefCollections/number/5
INFO: [ app_init ] --START--
INFO: Run Behavior\BuildLiteBehavior [ RunTime:0.000041s ]
INFO: [ app_init ] --END-- [ RunTime:0.000613s ]
INFO: [ app_begin ] --START--
INFO: Run Behavior\ReadHtmlCacheBehavior [ RunTime:0.000953s ]
INFO: [ app_begin ] --END-- [ RunTime:0.001149s ]
SQL: SHOW COLUMNS FROM `news` [ RunTime:0.0055s ]
SQL: SELECT `id`,`title` FROM `news` WHERE ( `type` = 'brief' ) ORDER BY id desc LIMIT 5   [ RunTime:0.0004s ]

