[ 2015-09-05T17:26:36+08:00 ] ::1 /yao/thinkphp/index.php//upload/1438375898IMG_5492.jpg
INFO: [ app_init ] --START--
INFO: Run Behavior\BuildLiteBehavior [ RunTime:0.000037s ]
INFO: [ app_init ] --END-- [ RunTime:0.000713s ]
ERR: 无法加载模块:Upload

[ 2015-09-05T17:26:38+08:00 ] ::1 /yao/thinkphp/index.php//upload/1438375898IMG_5492.jpg
INFO: [ app_init ] --START--
INFO: Run Behavior\BuildLiteBehavior [ RunTime:0.000062s ]
INFO: [ app_init ] --END-- [ RunTime:0.001020s ]
ERR: 无法加载模块:Upload

[ 2015-09-05T17:30:26+08:00 ] ::1 /yao/thinkphp/index.php//upload/1438375898IMG_5492.jpg
INFO: [ app_init ] --START--
INFO: Run Behavior\BuildLiteBehavior [ RunTime:0.000040s ]
INFO: [ app_init ] --END-- [ RunTime:0.000690s ]
ERR: 无法加载模块:Upload

[ 2015-09-05T17:30:27+08:00 ] ::1 /yao/thinkphp/index.php//upload/1438375898IMG_5492.jpg
INFO: [ app_init ] --START--
INFO: Run Behavior\BuildLiteBehavior [ RunTime:0.000064s ]
INFO: [ app_init ] --END-- [ RunTime:0.002283s ]
ERR: 无法加载模块:Upload

[ 2015-09-05T17:30:55+08:00 ] ::1 /yao/thinkphp/index.php//upload/1438375898IMG_5492.jpg
INFO: [ app_init ] --START--
INFO: Run Behavior\BuildLiteBehavior [ RunTime:0.000039s ]
INFO: [ app_init ] --END-- [ RunTime:0.000697s ]
ERR: 无法加载模块:Upload

[ 2015-09-05T17:30:55+08:00 ] ::1 /yao/thinkphp/index.php//upload/1438375898IMG_5492.jpg
INFO: [ app_init ] --START--
INFO: Run Behavior\BuildLiteBehavior [ RunTime:0.000279s ]
INFO: [ app_init ] --END-- [ RunTime:0.001960s ]
ERR: 无法加载模块:Upload

[ 2015-09-05T17:33:44+08:00 ] ::1 /yao/thinkphp/index.php//upload/1438375898IMG_5492.jpg
INFO: [ app_init ] --START--
INFO: Run Behavior\BuildLiteBehavior [ RunTime:0.000042s ]
INFO: [ app_init ] --END-- [ RunTime:0.000738s ]
ERR: 无法加载模块:Upload

[ 2015-09-05T17:33:45+08:00 ] ::1 /yao/thinkphp/index.php//upload/1438375898IMG_5492.jpg
INFO: [ app_init ] --START--
INFO: Run Behavior\BuildLiteBehavior [ RunTime:0.000079s ]
INFO: [ app_init ] --END-- [ RunTime:0.001386s ]
ERR: 无法加载模块:Upload

