[ 2015-08-01T04:51:39+08:00 ] ::1 /yao/thinkphp/index.php//upload/1438375898IMG_5492.jpg
INFO: [ app_init ] --START--
INFO: Run Behavior\BuildLiteBehavior [ RunTime:0.000092s ]
INFO: [ app_init ] --END-- [ RunTime:0.001737s ]
ERR: 无法加载模块:Upload

[ 2015-08-01T04:51:43+08:00 ] ::1 /yao/thinkphp/index.php//upload/1438375898IMG_5492.jpg
INFO: [ app_init ] --START--
INFO: Run Behavior\BuildLiteBehavior [ RunTime:0.000117s ]
INFO: [ app_init ] --END-- [ RunTime:0.001829s ]
ERR: 无法加载模块:Upload

[ 2015-08-01T05:01:09+08:00 ] ::1 /yao/thinkphp/index.php//upload/1438375099img10_b.jpg
INFO: [ app_init ] --START--
INFO: Run Behavior\BuildLiteBehavior [ RunTime:0.000084s ]
INFO: [ app_init ] --END-- [ RunTime:0.001481s ]
ERR: 无法加载模块:Upload

[ 2015-08-01T05:01:28+08:00 ] ::1 /yao/thinkphp/index.php//upload/1438375099img10_b.jpg
INFO: [ app_init ] --START--
INFO: Run Behavior\BuildLiteBehavior [ RunTime:0.000183s ]
INFO: [ app_init ] --END-- [ RunTime:0.002951s ]
ERR: 无法加载模块:Upload

[ 2015-08-01T05:01:44+08:00 ] ::1 /yao/thinkphp/index.php//upload/1438375099img10_b.jpg
INFO: [ app_init ] --START--
INFO: Run Behavior\BuildLiteBehavior [ RunTime:0.000053s ]
INFO: [ app_init ] --END-- [ RunTime:0.000932s ]
ERR: 无法加载模块:Upload

[ 2015-08-01T05:01:49+08:00 ] ::1 /yao/thinkphp/index.php//upload/1438375099img10_b.jpg
INFO: [ app_init ] --START--
INFO: Run Behavior\BuildLiteBehavior [ RunTime:0.000092s ]
INFO: [ app_init ] --END-- [ RunTime:0.001928s ]
ERR: 无法加载模块:Upload

[ 2015-08-01T05:02:35+08:00 ] ::1 /yao/thinkphp/index.php//upload/1438375099img10_b.jpg
INFO: [ app_init ] --START--
INFO: Run Behavior\BuildLiteBehavior [ RunTime:0.000137s ]
INFO: [ app_init ] --END-- [ RunTime:0.002936s ]
ERR: 无法加载模块:Upload

[ 2015-08-01T05:02:53+08:00 ] ::1 /yao/thinkphp/index.php//upload/1438375179zyw+hsy.jpg
INFO: [ app_init ] --START--
INFO: Run Behavior\BuildLiteBehavior [ RunTime:0.005474s ]
INFO: [ app_init ] --END-- [ RunTime:0.010071s ]
ERR: 无法加载模块:Upload

[ 2015-08-01T05:03:01+08:00 ] ::1 /yao/thinkphp/index.php//upload/1438375330zyw+hsy.jpg
INFO: [ app_init ] --START--
INFO: Run Behavior\BuildLiteBehavior [ RunTime:0.000439s ]
INFO: [ app_init ] --END-- [ RunTime:0.004161s ]
ERR: 无法加载模块:Upload

